persistent genetic effect (betaG): [0.38810702]
cell-level effect sizes due to GxC (betaGxC): [[ 9.43341218e-18]
 [ 9.12583344e-17]
 [ 2.72837090e-17]
 [-1.39009253e-16]
 [ 1.42263495e-16]
 [-1.18106788e-16]
 [ 2.80066288e-16]
 [-2.49981685e-17]
 [-6.12618473e-17]
 [-2.24636635e-16]
 [-8.35808944e-17]
 [-1.44276540e-17]
 [ 5.82321080e-17]
 [ 2.09711495e-16]
 [ 2.74995979e-16]
 [ 7.16077597e-17]
 [ 9.23210782e-18]
 [-3.30744402e-17]
 [ 8.86085621e-17]
 [ 2.87017588e-16]
 [ 3.78125380e-16]
 [-1.14294897e-16]
 [-1.46725162e-16]
 [ 4.33288085e-16]
 [ 1.85084565e-16]
 [-2.52359133e-16]
 [ 1.98355064e-16]
 [ 2.17385330e-16]
 [-1.55493185e-16]
 [-8.42444942e-17]]
