0.37019394
0.37019394
0.37019394
0.37019394
0.37019394
0.37019394
0.37019394
0.37019394
0.37019394
0.56126521
0.37019394
0.16995428
0.37019394
0.37019394
0.37019394
0.76894352
0.37019394
0.37019394
0.37019394
0.37019394
0.24574987
0.37019394
0.12125810
0.37019394
0.37019394
0.37019394
0.37019394
0.37019394
0.49211509
0.37019394
0.37019394
0.37019394
0.37019394
0.37019394
0.37019394
0.37019394
0.37019394
0.37019394
0.37019394
0.37019394
0.37811258
0.37019394
0.37019394
0.37019394
0.53966586
0.78838815
0.37019394
0.37019394
0.37019394
0.37019394
0.37019394
0.37019394
0.37019394
0.37019394
0.37019394
0.37019394
0.37019394
0.59245843
0.37019394
0.37019394
0.37019394
0.37019394
0.37019394
0.37019394
0.47353241
0.37019394
0.37019394
0.37019394
0.37019394
0.73280173
0.37019394
0.37019394
0.37019394
0.37019394
0.73521030
0.37019394
0.37019394
0.37019394
0.37019394
0.37019394
0.37019394
0.37019394
0.37019394
0.28046433
0.37019394
0.37019394
0.37019394
0.37019394
0.37019394
0.37019394
0.37019394
0.37019394
0.37019394
0.37019394
0.40058845
0.38796610
0.37019394
0.37019394
0.78264177
0.37019394
0.37019394
0.37019394
0.27276378
0.43925126
0.37019394
0.37019394
0.20001601
0.37019394
0.37019394
0.37019394
0.39726066
0.37019394
0.37019394
0.80817685
0.34800918
0.48803460
0.37019394
0.37019394
0.29611208
0.68653699
0.37019394
0.37019394
0.37019394
0.37019394
0.37019394
0.37019394
0.37019394
0.37019394
0.50976651
0.50435991
0.99050279
0.37019394
0.37019394
0.37019394
0.37019394
0.37019394
0.37019394
0.37019394
0.37019394
0.37019394
0.54069677
0.37019394
0.60125675
0.37019394
0.82614340
0.37019394
0.37019394
0.23779088
0.41333703
0.37019394
0.06963132
0.37019394
0.37019394
0.37019394
0.37019394
0.37019394
0.37019394
0.37019394
0.37019394
0.37019394
0.37019394
0.37019394
0.37019394
0.45844388
0.37019394
0.37019394
0.37019394
0.08236553
0.37019394
0.37019394
0.18278807
0.71623257
0.25122536
0.37019394
0.37019394
0.37019394
0.37019394
0.37019394
0.37019394
0.37019394
0.37019394
0.37019394
0.37019394
0.37019394
0.37019394
0.37019394
0.37019394
0.25809441
0.37019394
0.37019394
0.15743120
0.37019394
0.37019394
0.37019394
0.37019394
0.37019394
0.28189234
0.37019394
0.37019394
0.37019394
0.37019394
0.37019394
0.37019394
0.37019394
0.37019394
0.48568422
0.37019394
0.37019394
0.37019394
0.37019394
0.37019394
0.37019394
0.37019394
0.67447242
0.37019394
0.37019394
0.45884451
0.20460509
0.37019394
0.37019394
0.37019394
0.37019394
0.37019394
0.37019394
0.37019394
0.37019394
0.19515247
0.37019394
0.37019394
0.37019394
0.37019394
0.37019394
0.37019394
0.37019394
0.37019394
0.37019394
0.37019394
0.37019394
0.20326316
0.37019394
0.37019394
0.97876676
0.37019394
0.37019394
0.37019394
0.37019394
0.90348136
0.37019394
0.51226579
0.37019394
0.37019394
0.37019394
0.37019394
0.37019394
0.37019394
0.37019394
0.28346568
0.37019394
0.31583832
0.37019394
0.37019394
0.37019394
0.37019394
0.37019394
0.24721596
0.37019394
0.30683940
0.37019394
0.16968881
0.37019394
0.37019394
0.37019394
0.37019394
0.37019394
0.37019394
0.37019394
0.37019394
0.37019394
0.37019394
0.37019394
0.37019394
0.37019394
0.37019394
0.37019394
0.37019394
0.37019394
0.37019394
0.37019394
0.37019394
0.37019394
0.37019394
0.32344192
0.37019394
0.17974638
0.37019394
0.21248363
0.37019394
0.37019394
0.37019394
0.37019394
0.37019394
0.37019394
0.37019394
0.18383978
0.37019394
0.37019394
0.37019394
0.37019394
0.37019394
0.10724981
0.37019394
0.37019394
0.37019394
0.37019394
0.37019394
0.37019394
0.37019394
0.37019394
0.37019394
0.37019394
0.37019394
0.37019394
0.37019394
0.37019394
0.23130650
0.37019394
0.37019394
0.37019394
0.37019394
0.23583268
0.37019394
0.37019394
0.37019394
0.37019394
0.37019394
0.37019394
0.60992934
0.21707226
0.37019394
0.37019394
0.37019394
0.37019394
0.37019394
0.37019394
0.26733254
0.83936670
0.37019394
0.37019394
0.37019394
0.37019394
0.37019394
0.37019394
0.37019394
0.37019394
0.37019394
0.37019394
0.37019394
0.83629175
0.37019394
0.37019394
0.37019394
0.37019394
0.37019394
0.37019394
0.45148581
0.37019394
0.37019394
0.37019394
0.37019394
0.37019394
0.37019394
0.37019394
0.37019394
0.20447366
0.37019394
0.37019394
0.37019394
0.37019394
0.13108733
0.37019394
0.37019394
0.37019394
0.37019394
0.37019394
0.24777414
0.37019394
0.49568585
0.37019394
0.67483228
0.37019394
0.37019394
0.37019394
0.37019394
0.37019394
0.68090193
0.10972322
0.37019394
0.37019394
0.37019394
0.37019394
0.37019394
0.37019394
0.37019394
0.37019394
0.37019394
0.37019394
0.37019394
0.69264204
0.28178592
0.37019394
0.37019394
0.08870113
0.37019394
0.37019394
0.37019394
0.37019394
0.37019394
0.37019394
0.37019394
0.76500101
0.37019394
0.37019394
0.37019394
0.37019394
0.54812274
0.37019394
0.37019394
0.25678470
0.37019394
0.37019394
0.47784550
0.37019394
0.37019394
0.37019394
0.37019394
0.37019394
0.37815719
0.37019394
0.37019394
0.37019394
0.37019394
0.37019394
0.37019394
0.37019394
0.37019394
0.37019394
0.37019394
0.37019394
0.37019394
0.37019394
0.37019394
0.37019394
0.37019394
0.37019394
0.37019394
0.31556192
0.49622835
0.37019394
0.37019394
0.81228305
0.37019394
0.37019394
0.37019394
0.37019394
0.37019394
0.37019394
0.37019394
0.63610091
0.37019394
0.37019394
0.45670603
0.37019394
0.37019394
0.37019394
0.37019394
0.37019394
0.37019394
0.37019394
0.37019394
0.37019394
0.37019394
0.37019394
0.37019394
0.37019394
0.37019394
0.37019394
0.37019394
0.37019394
0.31860234
0.37019394
0.26876645
0.37019394
0.37019394
0.37019394
0.37019394
0.37019394
0.64870190
0.09749256
0.37019394
0.37019394
0.37019394
0.37019394
0.37019394
0.37019394
0.37019394
0.37019394
0.37019394
0.37019394
0.37019394
0.37019394
0.37019394
0.37019394
0.37019394
0.37019394
0.01112895
0.37019394
0.37019394
0.37019394
0.71342745
0.37019394
0.37019394
0.74096060
0.23762593
0.37019394
0.37019394
0.37019394
0.37019394
0.37019394
0.39463599
0.37019394
0.37019394
0.37019394
0.37019394
0.37019394
0.37019394
0.37019394
0.37019394
0.37019394
0.37019394
0.00508132
0.37019394
0.37019394
0.37019394
0.37019394
0.08289373
0.37019394
0.19173965
0.37019394
0.37019394
0.37019394
0.93481850
0.37019394
0.37019394
0.37019394
0.37019394
0.37019394
0.97632584
0.37019394
0.44363451
0.37019394
0.37019394
0.37019394
0.37019394
0.37019394
0.37019394
0.37019394
0.37019394
0.37019394
0.37019394
0.37019394
0.37019394
0.37019394
0.37019394
0.37019394
0.37019394
0.37019394
0.37019394
0.37019394
0.37019394
0.37019394
0.37019394
0.37019394
0.37019394
0.37293396
0.37019394
0.37019394
0.37019394
0.37019394
0.37019394
0.37019394
0.37019394
0.37019394
0.37019394
0.37019394
0.37019394
0.37019394
0.37019394
0.37019394
0.37019394
0.37019394
0.37019394
0.37019394
0.37019394
0.37019394
0.37019394
0.37019394
0.37019394
0.52612459
0.37019394
0.37019394
0.37019394
0.37019394
0.37019394
0.66574015
0.31227357
0.37019394
0.60578956
0.37019394
0.37019394
0.37019394
0.37019394
0.37019394
0.13391437
0.37019394
0.37019394
0.37019394
0.37555506
0.37019394
0.37019394
0.37019394
0.37019394
0.37019394
0.37019394
0.37019394
0.62834400
0.37019394
0.45683045
0.37019394
0.37019394
0.79048003
0.37019394
0.37019394
0.37019394
0.37019394
0.37019394
0.37019394
0.37019394
0.58166659
0.85842943
0.37019394
0.37019394
0.37019394
0.37019394
0.37019394
0.37019394
0.38172321
0.46500375
0.37019394
0.37019394
0.37019394
0.37019394
0.37019394
0.37019394
0.10947430
0.37019394
0.37019394
0.37019394
0.37019394
0.76612542
0.37019394
0.52665991
0.37019394
0.37019394
0.37019394
0.37019394
0.37019394
0.37019394
0.37019394
0.37019394
0.97197935
0.37019394
0.37019394
0.37019394
0.37019394
0.37019394
0.37019394
0.37019394
0.37019394
0.37019394
0.68420607
0.37019394
0.37019394
0.37019394
0.37019394
0.37019394
0.37019394
0.37019394
0.37019394
0.37019394
0.37019394
0.37019394
0.94511821
0.37019394
0.37019394
0.37019394
0.37019394
0.37019394
0.37019394
0.37019394
0.37019394
0.37019394
0.37019394
0.37019394
0.37019394
0.37019394
0.37019394
0.37019394
0.37019394
0.37019394
0.59750265
0.37019394
0.37019394
0.37019394
0.37019394
0.37019394
0.37019394
0.37019394
0.37019394
0.37019394
0.37019394
0.95946090
0.37019394
0.50437765
0.37019394
0.37019394
0.37019394
0.18457166
0.54992477
0.02868455
0.37019394
0.37019394
0.85697025
0.37019394
0.37019394
0.37019394
0.37019394
0.37019394
0.37019394
0.37019394
0.37019394
0.37019394
0.37019394
0.37019394
0.37019394
0.47762000
0.37019394
0.37019394
0.37019394
0.37019394
0.37019394
0.37019394
0.37019394
0.37019394
0.37019394
0.36365825
0.37019394
0.37019394
0.37019394
0.37019394
0.17216059
0.75318440
0.37019394
0.44765172
0.37019394
0.37019394
0.37019394
0.37019394
0.37019394
0.37019394
0.37019394
0.37019394
0.37019394
0.37019394
0.20645788
0.37019394
0.37019394
0.37019394
0.37019394
0.37019394
0.37019394
0.37019394
0.51535018
0.37019394
0.37019394
0.37019394
0.43786956
0.37019394
0.37019394
0.69811335
0.37019394
0.37019394
0.44901533
0.37019394
0.37019394
0.37019394
0.37019394
0.34468220
0.37019394
0.37019394
0.37019394
0.37019394
0.64925908
0.37019394
0.37019394
0.37019394
0.37019394
0.37019394
0.37019394
0.37019394
0.36281681
0.37019394
0.37019394
0.37019394
0.37019394
0.37019394
0.37019394
0.37019394
0.37019394
0.37019394
0.37019394
0.37019394
0.37019394
0.05537496
0.37019394
0.37019394
0.37019394
0.85815790
0.37019394
0.37019394
0.37019394
0.37019394
0.37019394
0.37019394
0.37019394
0.37019394
0.37019394
0.37019394
0.37019394
0.37019394
0.37265192
0.37019394
0.37019394
0.37019394
0.37019394
0.61645779
0.37019394
0.37019394
0.37019394
0.37019394
0.37019394
0.37019394
0.37019394
0.37019394
0.37019394
0.01273550
0.37019394
0.37019394
0.37019394
0.37019394
0.72223055
0.37019394
0.37019394
0.15209994
0.37019394
0.37019394
0.37019394
0.37019394
0.37019394
0.37019394
0.37019394
0.28488584
0.37019394
0.37019394
0.37019394
0.37019394
0.37019394
0.37019394
0.37019394
0.27148284
0.37019394
0.37019394
0.37019394
0.37019394
0.88120356
0.37019394
0.61781164
0.37019394
0.37019394
0.37019394
0.37019394
0.37019394
0.37019394
0.37400662
0.86528920
0.37019394
0.37019394
0.37019394
0.37019394
0.37019394
0.37019394
0.37019394
0.63330204
0.37019394
0.37019394
0.37019394
0.01460474
0.37019394
0.37019394
0.37019394
0.37019394
0.37019394
0.37019394
0.37019394
0.37019394
0.37019394
0.37019394
0.37019394
0.37019394
0.37019394
0.37019394
0.37019394
0.37019394
0.37019394
0.37019394
0.36521770
0.37019394
0.37019394
0.37019394
0.37019394
0.37019394
0.37019394
0.37019394
0.94850668
0.37019394
0.49783702
0.37019394
0.37019394
0.37019394
0.37019394
0.37019394
0.37019394
0.37019394
0.37019394
0.37019394
0.37019394
0.37019394
0.87689836
0.37019394
0.37019394
0.37019394
0.37019394
0.36410939
0.37019394
0.37019394
0.37019394
0.37019394
0.37019394
0.37019394
0.37019394
0.66209398
0.37019394
0.75219685
0.37019394
0.37019394
0.81343797
0.37019394
0.37019394
0.37019394
0.37019394
0.37019394
0.37019394
0.37019394
0.37019394
0.51177497
0.37019394
0.37019394
0.37019394
0.69610599
0.94546110
0.37019394
0.37019394
0.37019394
0.37019394
0.37019394
0.37019394
0.37019394
0.37019394
0.37019394
0.14500009
0.37019394
