0.50559148
0.50559148
0.50559148
0.50559148
0.50559148
0.50559148
0.50559148
0.50559148
0.50559148
0.67405789
0.50559148
0.54147541
0.50559148
0.50559148
0.50559148
0.80233284
0.50559148
0.50559148
0.50559148
0.50559148
0.01771525
0.50559148
0.18892602
0.50559148
0.50559148
0.50559148
0.50559148
0.50559148
0.62864958
0.50559148
0.50559148
0.50559148
0.50559148
0.50559148
0.50559148
0.50559148
0.50559148
0.50559148
0.50559148
0.50559148
0.32533906
0.50559148
0.50559148
0.50559148
0.14679453
0.53079774
0.50559148
0.50559148
0.50559148
0.50559148
0.50559148
0.50559148
0.50559148
0.50559148
0.50559148
0.50559148
0.50559148
0.20384745
0.50559148
0.50559148
0.50559148
0.50559148
0.50559148
0.50559148
0.76744799
0.50559148
0.50559148
0.50559148
0.50559148
0.93751428
0.50559148
0.50559148
0.50559148
0.50559148
0.81265118
0.50559148
0.50559148
0.50559148
0.50559148
0.50559148
0.50559148
0.50559148
0.50559148
0.17699322
0.50559148
0.50559148
0.50559148
0.50559148
0.50559148
0.50559148
0.50559148
0.50559148
0.50559148
0.50559148
0.92229767
0.97162521
0.50559148
0.50559148
0.93530822
0.50559148
