0.37019394
0.37019394
0.37019394
0.37019394
0.37019394
0.37019394
0.37019394
0.37019394
0.37019394
0.56126521
0.37019394
0.16995428
0.37019394
0.37019394
0.37019394
0.76894352
0.37019394
0.37019394
0.37019394
0.37019394
0.24574987
0.37019394
0.12125810
0.37019394
0.37019394
0.37019394
0.37019394
0.37019394
0.49211509
0.37019394
0.37019394
0.37019394
0.37019394
0.37019394
0.37019394
0.37019394
0.37019394
0.37019394
0.37019394
0.37019394
0.37811258
0.37019394
0.37019394
0.37019394
0.53966586
0.78838815
0.37019394
0.37019394
0.37019394
0.37019394
0.37019394
0.37019394
0.37019394
0.37019394
0.37019394
0.37019394
0.37019394
0.59245843
0.37019394
0.37019394
0.37019394
0.37019394
0.37019394
0.37019394
0.47353241
0.37019394
0.37019394
0.37019394
0.37019394
0.73280173
0.37019394
0.37019394
0.37019394
0.37019394
0.73521030
0.37019394
0.37019394
0.37019394
0.37019394
0.37019394
0.37019394
0.37019394
0.37019394
0.28046433
0.37019394
0.37019394
0.37019394
0.37019394
0.37019394
0.37019394
0.37019394
0.37019394
0.37019394
0.37019394
0.40058845
0.38796610
0.37019394
0.37019394
0.78264177
0.37019394
0.37019394
0.37019394
0.27276378
0.43925126
0.37019394
0.37019394
0.20001601
0.37019394
0.37019394
0.37019394
0.39726066
0.37019394
0.37019394
0.80817685
0.34800918
0.48803460
0.37019394
0.37019394
0.29611208
0.68653699
0.37019394
0.37019394
0.37019394
0.37019394
0.37019394
0.37019394
0.37019394
0.37019394
0.50976651
0.50435991
0.99050279
0.37019394
0.37019394
0.37019394
0.37019394
0.37019394
0.37019394
0.37019394
0.37019394
0.37019394
0.54069677
0.37019394
0.60125675
0.37019394
0.82614340
0.37019394
0.37019394
0.23779088
0.41333703
0.37019394
0.06963132
0.37019394
0.37019394
0.37019394
0.37019394
0.37019394
0.37019394
0.37019394
0.37019394
0.37019394
0.37019394
0.37019394
0.37019394
0.45844388
0.37019394
0.37019394
0.37019394
0.08236553
0.37019394
0.37019394
0.18278807
0.71623257
0.25122536
0.37019394
0.37019394
0.37019394
0.37019394
0.37019394
0.37019394
0.37019394
0.37019394
0.37019394
0.37019394
0.37019394
0.37019394
0.37019394
0.37019394
0.25809441
0.37019394
0.37019394
0.15743120
0.37019394
0.37019394
0.37019394
0.37019394
0.37019394
0.28189234
0.37019394
0.37019394
0.37019394
0.37019394
0.37019394
0.37019394
0.37019394
0.37019394
0.48568422
0.37019394
0.37019394
0.37019394
0.37019394
0.37019394
0.37019394
0.37019394
0.67447242
0.37019394
0.37019394
0.45884451
0.20460509
0.37019394
0.37019394
0.37019394
0.37019394
0.37019394
0.37019394
0.37019394
0.37019394
0.19515247
0.37019394
0.37019394
0.37019394
0.37019394
0.37019394
0.37019394
0.37019394
0.37019394
0.37019394
0.37019394
0.37019394
0.20326316
0.37019394
0.37019394
0.97876676
0.37019394
0.37019394
0.37019394
0.37019394
0.90348136
0.37019394
0.51226579
0.37019394
0.37019394
0.37019394
0.37019394
0.37019394
0.37019394
0.37019394
0.28346568
0.37019394
0.31583832
0.37019394
0.37019394
0.37019394
0.37019394
0.37019394
0.24721596
0.37019394
0.30683940
0.37019394
0.16968881
0.37019394
0.37019394
0.37019394
0.37019394
0.37019394
0.37019394
0.37019394
0.37019394
0.37019394
0.37019394
0.37019394
0.37019394
0.37019394
0.37019394
0.37019394
0.37019394
0.37019394
0.37019394
0.37019394
0.37019394
0.37019394
0.37019394
0.32344192
0.37019394
0.17974638
0.37019394
0.21248363
0.37019394
0.37019394
0.37019394
0.37019394
0.37019394
0.37019394
0.37019394
0.18383978
0.37019394
0.37019394
0.37019394
0.37019394
0.37019394
0.10724981
0.37019394
0.37019394
0.37019394
0.37019394
0.37019394
0.37019394
0.37019394
0.37019394
0.37019394
0.37019394
0.37019394
0.37019394
0.37019394
0.37019394
0.23130650
0.37019394
0.37019394
0.37019394
0.37019394
0.23583268
0.37019394
0.37019394
0.37019394
0.37019394
0.37019394
0.37019394
0.60992934
0.21707226
0.37019394
0.37019394
0.37019394
0.37019394
0.37019394
0.37019394
0.26733254
0.83936670
0.37019394
0.37019394
0.37019394
0.37019394
0.37019394
0.37019394
0.37019394
0.37019394
0.37019394
0.37019394
0.37019394
0.83629175
0.37019394
0.37019394
0.37019394
0.37019394
0.37019394
0.37019394
0.45148581
0.37019394
0.37019394
0.37019394
0.37019394
0.37019394
0.37019394
0.37019394
0.37019394
0.20447366
0.37019394
0.37019394
0.37019394
0.37019394
0.13108733
0.37019394
0.37019394
0.37019394
0.37019394
0.37019394
0.24777414
0.37019394
0.49568585
0.37019394
0.67483228
0.37019394
0.37019394
0.37019394
0.37019394
0.37019394
0.68090193
0.10972322
0.37019394
0.37019394
0.37019394
0.37019394
0.37019394
0.37019394
0.37019394
0.37019394
0.37019394
0.37019394
0.37019394
0.69264204
0.28178592
0.37019394
0.37019394
0.08870113
0.37019394
0.37019394
0.37019394
0.37019394
0.37019394
0.37019394
0.37019394
0.76500101
0.37019394
0.37019394
0.37019394
0.37019394
0.54812274
0.37019394
0.37019394
0.25678470
0.37019394
0.37019394
0.47784550
0.37019394
0.37019394
0.37019394
0.37019394
0.37019394
0.37815719
0.37019394
0.37019394
0.37019394
0.37019394
0.37019394
0.37019394
0.37019394
0.37019394
0.37019394
0.37019394
0.37019394
0.37019394
0.37019394
0.37019394
0.37019394
0.37019394
0.37019394
0.37019394
0.31556192
0.49622835
0.37019394
0.37019394
0.81228305
0.37019394
0.37019394
0.37019394
0.37019394
0.37019394
0.37019394
0.37019394
0.63610091
0.37019394
0.37019394
0.45670603
0.37019394
0.37019394
0.37019394
0.37019394
0.37019394
0.37019394
0.37019394
0.37019394
0.37019394
0.37019394
0.37019394
0.37019394
0.37019394
0.37019394
0.37019394
0.37019394
0.37019394
0.31860234
0.37019394
0.26876645
0.37019394
0.37019394
0.37019394
0.37019394
0.37019394
0.64870190
0.09749256
0.37019394
0.37019394
0.37019394
0.37019394
0.37019394
0.37019394
0.37019394
0.37019394
0.37019394
0.37019394
0.37019394
0.37019394
0.37019394
0.37019394
0.37019394
0.37019394
0.01112895
0.37019394
0.37019394
0.37019394
0.71342745
0.37019394
0.37019394
0.74096060
0.23762593
0.37019394
0.37019394
0.37019394
0.37019394
0.37019394
0.39463599
0.37019394
0.37019394
0.37019394
0.37019394
0.37019394
0.37019394
0.37019394
0.37019394
0.37019394
0.37019394
0.00508132
0.37019394
0.37019394
0.37019394
0.37019394
0.08289373
0.37019394
0.19173965
0.37019394
0.37019394
0.37019394
0.93481850
0.37019394
0.37019394
0.37019394
0.37019394
0.37019394
0.97632584
0.37019394
0.44363451
0.37019394
0.37019394
0.37019394
0.37019394
0.37019394
0.37019394
0.37019394
0.37019394
0.37019394
0.37019394
0.37019394
0.37019394
0.37019394
0.37019394
0.37019394
0.37019394
0.37019394
0.37019394
0.37019394
0.37019394
0.37019394
0.37019394
0.37019394
0.37019394
0.37293396
0.37019394
0.37019394
0.37019394
0.37019394
0.37019394
0.37019394
0.37019394
0.37019394
0.37019394
0.37019394
0.37019394
0.37019394
0.37019394
0.37019394
0.37019394
0.37019394
0.37019394
0.37019394
0.37019394
0.37019394
0.37019394
0.37019394
0.37019394
0.52612459
0.37019394
0.37019394
0.37019394
0.37019394
0.37019394
0.66574015
0.31227357
0.37019394
0.60578956
0.37019394
0.37019394
0.37019394
0.37019394
0.37019394
0.13391437
0.37019394
0.37019394
0.37019394
0.37555506
0.37019394
0.37019394
0.37019394
0.37019394
0.37019394
0.37019394
0.37019394
0.62834400
0.37019394
0.45683045
0.37019394
0.37019394
0.79048003
0.37019394
0.37019394
0.37019394
0.37019394
0.37019394
0.37019394
0.37019394
0.58166659
0.85842943
0.37019394
0.37019394
0.37019394
0.37019394
0.37019394
0.37019394
0.38172321
0.46500375
0.37019394
0.37019394
0.37019394
0.37019394
0.37019394
0.37019394
0.10947430
0.37019394
0.37019394
0.37019394
0.37019394
0.76612542
0.37019394
0.52665991
0.37019394
0.37019394
0.37019394
0.37019394
0.37019394
0.37019394
0.37019394
0.37019394
0.97197935
0.37019394
0.37019394
0.37019394
0.37019394
0.37019394
0.37019394
0.37019394
0.37019394
0.37019394
0.68420607
0.37019394
0.37019394
0.37019394
0.37019394
0.37019394
0.37019394
0.37019394
0.37019394
0.37019394
0.37019394
0.37019394
0.94511821
0.37019394
0.37019394
0.37019394
0.37019394
0.37019394
0.37019394
0.37019394
0.37019394
0.37019394
0.37019394
0.37019394
0.37019394
0.37019394
0.37019394
0.37019394
0.37019394
0.37019394
0.59750265
0.37019394
0.37019394
0.37019394
0.37019394
0.37019394
0.37019394
0.37019394
0.37019394
0.37019394
0.37019394
0.95946090
0.37019394
0.50437765
0.37019394
0.37019394
0.37019394
0.18457166
0.54992477
0.02868455
0.37019394
0.37019394
0.85697025
0.37019394
0.37019394
0.37019394
0.37019394
0.37019394
0.37019394
0.37019394
0.37019394
0.37019394
0.37019394
0.37019394
0.37019394
0.47762000
0.37019394
0.37019394
0.37019394
0.37019394
0.37019394
0.37019394
0.37019394
0.37019394
0.37019394
0.36365825
0.37019394
0.37019394
0.37019394
0.37019394
0.17216059
0.75318440
0.37019394
0.44765172
0.37019394
0.37019394
0.37019394
0.37019394
0.37019394
0.37019394
0.37019394
0.37019394
0.37019394
0.37019394
0.20645788
0.37019394
0.37019394
0.37019394
0.37019394
0.37019394
0.37019394
0.37019394
0.51535018
0.37019394
0.37019394
0.37019394
0.43786956
0.37019394
0.37019394
0.69811335
0.37019394
0.37019394
0.44901533
0.37019394
0.37019394
0.37019394
0.37019394
0.34468220
0.37019394
0.37019394
0.37019394
0.37019394
0.64925908
0.37019394
0.37019394
0.37019394
0.37019394
0.37019394
0.37019394
0.37019394
0.36281681
0.37019394
0.37019394
0.37019394
0.37019394
0.37019394
0.37019394
0.37019394
0.37019394
0.37019394
0.37019394
0.37019394
0.37019394
0.05537496
0.37019394
0.37019394
0.37019394
0.85815790
0.37019394
0.37019394
0.37019394
0.37019394
0.37019394
0.37019394
0.37019394
0.37019394
0.37019394
0.37019394
0.37019394
0.37019394
0.37265192
0.37019394
0.37019394
0.37019394
0.37019394
0.61645779
0.37019394
0.37019394
0.37019394
0.37019394
0.37019394
0.37019394
0.37019394
0.37019394
0.37019394
0.01273550
0.37019394
0.37019394
0.37019394
0.37019394
0.72223055
0.37019394
0.37019394
0.15209994
0.37019394
0.37019394
0.37019394
0.37019394
0.37019394
0.37019394
0.37019394
0.28488584
0.37019394
0.37019394
0.37019394
0.37019394
0.37019394
0.37019394
0.37019394
0.27148284
0.37019394
0.37019394
0.37019394
0.37019394
0.88120356
0.37019394
0.61781164
0.37019394
0.37019394
0.37019394
0.37019394
0.37019394
0.37019394
0.37400662
0.86528920
0.37019394
0.37019394
0.37019394
0.37019394
0.37019394
0.37019394
0.37019394
0.63330204
0.37019394
0.37019394
0.37019394
0.01460474
0.37019394
0.37019394
0.37019394
0.37019394
0.37019394
0.37019394
0.37019394
0.37019394
0.37019394
0.37019394
0.37019394
0.37019394
0.37019394
0.37019394
0.37019394
0.37019394
0.37019394
0.37019394
0.36521770
0.37019394
0.37019394
0.37019394
0.37019394
0.37019394
0.37019394
0.37019394
0.94850668
0.37019394
0.49783702
0.37019394
0.37019394
0.37019394
0.37019394
0.37019394
0.37019394
0.37019394
0.37019394
0.37019394
0.37019394
0.37019394
0.87689836
0.37019394
0.37019394
0.37019394
0.37019394
0.36410939
0.37019394
0.37019394
0.37019394
0.37019394
0.37019394
0.37019394
0.37019394
0.66209398
0.37019394
0.75219685
0.37019394
0.37019394
0.81343797
0.37019394
0.37019394
0.37019394
0.37019394
0.37019394
0.37019394
0.37019394
0.37019394
0.51177497
0.37019394
0.37019394
0.37019394
0.69610599
0.94546110
0.37019394
0.37019394
0.37019394
0.37019394
0.37019394
0.37019394
0.37019394
0.37019394
0.37019394
0.14500009
0.37019394
0.37019394
0.37019394
0.37019394
0.48700885
0.37019394
0.37019394
0.37019394
0.37019394
0.82776533
0.37019394
0.37019394
0.37019394
0.26796140
0.37019394
0.37019394
0.37019394
0.37019394
0.37019394
0.37019394
0.37019394
0.33229096
0.45082129
0.37019394
0.37019394
0.37019394
0.37019394
0.37019394
0.37019394
0.37019394
0.69615408
0.37019394
0.37019394
0.37019394
0.37019394
0.37019394
0.37019394
0.37019394
0.75185678
0.37019394
0.37019394
0.37019394
0.37019394
0.73790301
0.37019394
0.37019394
0.37019394
0.37019394
0.37019394
0.37019394
0.37019394
0.37019394
0.37019394
0.37019394
0.37019394
0.37019394
0.37019394
0.71406540
0.05020188
0.37019394
0.37019394
0.78999417
0.37019394
0.37019394
0.37019394
0.37019394
0.37019394
0.37019394
0.37019394
0.37019394
0.37019394
0.15689985
0.37019394
0.37019394
0.37019394
0.37019394
0.37019394
0.64832301
0.37019394
0.37019394
0.84312264
0.37019394
0.33679615
0.37019394
0.37019394
0.37019394
0.37019394
0.37019394
0.37019394
0.37019394
0.67666156
0.37019394
0.37019394
0.37019394
0.37019394
0.37019394
0.37019394
0.37019394
0.37019394
0.37019394
0.78564018
0.37019394
0.37019394
0.59515793
0.37019394
0.37019394
0.37019394
0.37019394
0.37019394
0.37019394
0.37019394
0.42291667
0.37019394
0.37019394
0.37019394
0.37019394
0.37019394
0.37019394
0.37019394
0.37019394
0.49142091
0.37019394
0.37019394
0.37019394
0.37019394
0.37019394
0.37019394
0.72016724
0.37019394
0.73233910
0.37019394
0.37019394
0.37019394
0.37019394
0.37019394
0.24288332
0.09885255
0.37019394
0.37019394
0.06303417
0.37019394
0.37019394
0.37019394
0.37019394
0.37019394
0.37019394
0.37019394
0.37019394
0.37019394
0.06827497
0.37019394
0.37019394
0.37019394
0.37019394
0.37019394
0.37019394
0.37019394
0.37019394
0.37019394
0.90816522
0.10969605
0.37019394
0.37019394
0.37019394
0.37019394
0.37019394
0.37019394
0.37019394
0.53259595
0.37019394
0.37019394
0.01521308
0.37019394
0.69119470
0.37019394
0.37019394
0.37019394
0.37019394
0.37019394
0.37019394
0.27043357
0.45730241
0.37019394
0.30949706
0.37019394
0.37019394
0.37019394
0.99801367
0.37019394
0.86243862
0.24119980
0.37019394
0.37019394
0.37019394
0.37019394
0.37019394
0.37019394
0.37019394
0.37019394
0.37019394
0.58071121
0.37019394
0.37019394
0.37019394
0.37019394
0.37019394
0.37019394
0.37019394
0.37019394
0.37019394
0.37019394
0.37019394
0.37019394
0.37019394
0.37019394
0.37019394
0.37019394
0.37019394
0.37019394
0.37019394
0.37019394
0.37019394
0.37019394
0.37019394
0.37019394
0.37019394
0.37019394
0.37019394
0.37019394
0.37019394
0.37019394
0.37019394
0.37019394
0.37019394
0.37019394
0.37019394
0.37019394
0.37019394
0.37019394
0.37019394
0.87897919
0.93489738
0.37019394
0.15920717
0.37019394
0.37019394
0.37019394
0.37019394
0.37019394
0.37019394
0.37019394
0.37019394
0.37019394
0.37019394
0.37019394
0.37019394
0.37685958
0.37019394
0.37019394
0.37019394
0.36399898
0.37019394
0.37019394
0.37019394
0.37019394
0.37019394
0.37019394
0.37019394
0.70365713
0.37019394
0.37019394
0.37019394
0.37019394
0.37019394
0.37019394
0.37019394
0.37019394
0.37019394
0.37019394
0.37019394
0.37019394
0.37019394
0.37019394
0.07806303
0.37019394
0.05616178
0.37019394
0.37019394
0.37019394
0.37019394
0.37019394
0.37019394
0.37019394
0.37019394
0.12392737
0.37019394
0.37019394
0.37019394
0.62140338
0.37019394
0.63069331
0.37019394
0.37019394
0.89990628
0.11669175
0.86619275
0.37019394
0.37019394
0.37019394
0.37019394
0.37019394
0.37019394
0.37019394
0.37019394
0.37019394
0.37019394
0.37019394
0.37019394
0.37019394
0.37019394
0.37019394
0.66795095
0.37019394
0.37019394
0.26704476
0.37019394
0.37019394
0.37019394
0.37019394
0.37019394
0.37019394
0.37019394
0.83631441
0.37019394
0.37019394
0.37019394
0.37019394
0.37019394
0.37019394
0.37019394
0.37019394
0.37019394
0.37019394
0.37019394
0.37019394
0.37019394
0.37019394
0.37019394
0.37019394
0.37019394
0.37019394
0.37019394
0.37019394
0.37019394
0.37019394
0.37019394
0.37019394
0.11673089
0.37019394
0.37019394
0.37019394
0.37019394
0.37019394
0.37019394
0.37019394
0.37019394
0.79743172
0.37019394
0.26334822
0.37019394
0.37019394
0.37019394
0.37019394
0.37019394
0.37019394
0.46258078
0.40681764
0.37019394
0.37019394
0.37019394
0.37019394
0.37019394
0.37019394
0.37019394
0.27458521
0.37019394
0.37019394
0.33151607
0.37019394
0.18474659
0.58173735
0.37019394
0.37019394
0.72252100
0.37019394
0.69464605
0.37019394
0.37019394
0.37019394
0.37019394
0.37019394
0.37019394
0.37019394
0.23871220
0.37019394
0.37019394
0.37019394
0.70019419
0.37019394
0.37019394
0.37019394
0.37019394
0.37019394
0.37019394
0.37019394
0.37019394
0.37019394
0.41929361
0.37019394
0.37019394
0.64192377
0.37019394
0.37019394
0.37019394
0.37019394
0.37019394
0.37019394
0.37019394
0.37019394
0.37019394
0.37019394
0.76960325
0.37019394
0.37019394
0.37019394
0.37019394
0.37019394
0.37019394
0.93549664
0.37019394
0.71998843
0.37019394
0.37019394
0.37019394
0.37019394
0.37019394
0.12932319
0.37019394
0.37019394
0.79061647
0.37019394
0.37019394
0.37019394
0.40944257
0.77541338
0.64125190
0.37019394
0.37019394
0.37019394
0.40550286
0.37019394
0.37019394
0.37019394
0.37019394
0.37019394
0.37019394
0.37019394
0.37019394
0.37019394
0.15283302
0.55885749
0.37019394
0.37019394
0.37019394
0.37019394
0.37019394
0.37019394
0.37019394
0.37019394
0.37019394
0.26875326
0.37019394
0.37019394
0.37019394
0.15651076
0.37019394
0.37019394
0.37019394
0.37019394
0.37019394
0.82312056
0.37019394
0.37019394
0.86327011
0.37019394
0.37019394
0.37019394
0.37019394
0.37019394
0.37019394
0.37019394
0.37019394
0.37019394
0.37019394
0.37019394
0.20365456
0.37019394
0.37019394
0.37019394
0.37019394
0.37019394
0.37019394
0.37019394
0.37019394
0.37019394
0.37019394
0.37019394
0.75531422
0.37019394
0.37019394
0.37019394
0.37019394
0.31000922
0.37019394
0.37019394
0.37019394
0.37019394
0.37019394
0.37019394
0.37019394
0.37019394
0.37019394
0.37019394
0.37019394
0.37019394
0.20514972
0.37019394
0.37019394
0.37019394
0.37019394
0.37019394
0.37019394
0.40618257
0.94072777
0.37019394
0.37019394
0.37019394
0.37019394
0.37019394
0.37019394
0.37019394
0.40155312
0.37019394
0.37019394
0.37019394
0.37019394
0.37019394
0.37019394
0.37019394
0.37019394
0.37019394
0.37019394
0.37019394
0.37019394
0.37019394
0.37019394
0.37019394
0.37019394
0.37019394
0.37019394
0.37019394
0.37019394
0.37019394
0.37019394
0.37019394
0.37019394
0.60122468
0.37019394
0.37019394
0.37019394
0.22607891
0.37019394
0.37019394
0.37019394
0.37019394
0.37019394
0.37019394
0.37019394
0.37019394
0.37019394
0.37019394
0.37019394
0.03331670
0.37019394
0.37019394
0.37019394
0.37019394
0.37019394
0.37019394
0.37019394
0.56310289
0.37019394
0.37019394
0.37019394
0.37019394
0.88208183
0.37019394
0.37019394
0.06563749
0.37019394
0.37019394
0.21128938
0.63229841
0.37019394
0.37019394
0.37019394
0.37019394
0.37019394
0.37019394
0.37019394
0.37019394
0.37019394
0.37019394
0.37019394
0.37019394
0.37019394
0.37019394
0.37019394
0.99673981
0.37019394
0.37019394
0.37019394
0.37019394
0.37019394
0.35667275
0.37019394
0.32493869
0.37019394
0.94868312
0.37019394
0.37019394
0.37019394
0.37019394
0.37019394
0.37019394
0.37019394
0.37019394
0.37019394
0.37019394
0.37019394
0.37019394
0.37019394
0.37019394
0.37019394
0.37019394
0.37019394
0.59928690
0.26719259
0.37019394
0.37019394
0.36575247
0.37019394
0.37019394
0.37019394
0.37019394
0.37019394
0.37019394
0.37019394
0.37019394
0.08360653
0.37019394
0.37019394
0.37019394
0.37019394
0.37019394
0.37019394
0.37019394
0.37019394
0.37019394
0.37019394
0.37019394
0.37019394
0.37019394
0.37019394
0.37019394
0.37019394
0.37019394
0.37019394
0.37019394
0.37019394
0.37019394
0.31110373
0.37019394
0.37019394
0.37019394
0.37019394
0.37019394
0.37019394
0.37019394
0.37019394
0.37019394
0.37019394
0.37019394
0.37019394
0.37019394
0.37019394
0.45522999
0.37019394
0.37019394
0.37019394
0.37019394
0.37019394
0.69263072
0.37019394
0.37019394
0.77098816
0.37019394
0.09218483
0.37019394
0.37019394
0.37019394
0.37019394
0.38152396
0.37019394
0.37019394
0.37019394
0.07947680
0.37019394
0.37019394
0.37019394
0.37019394
0.37019394
0.37019394
0.37019394
0.37019394
0.44759368
0.37019394
0.37019394
0.37019394
0.37019394
0.37019394
0.37019394
0.37019394
0.37019394
0.37019394
0.37019394
0.37019394
0.37019394
0.37019394
0.66812645
0.37019394
0.37019394
0.37019394
0.37019394
0.37019394
0.37019394
0.37019394
0.37019394
0.37019394
0.37019394
0.37019394
0.37019394
0.26452848
0.37019394
0.69776439
0.37019394
0.37019394
0.37019394
0.93765145
0.37019394
0.37019394
0.92638822
0.37019394
0.37019394
0.37019394
0.60625595
0.37019394
0.37019394
0.37019394
0.37019394
0.37019394
0.37019394
0.37019394
0.37019394
0.37019394
0.37019394
0.37019394
0.37019394
0.37019394
0.37019394
0.37019394
0.37019394
0.37019394
0.37019394
0.37019394
0.37019394
0.37019394
0.63225273
0.37019394
0.37019394
0.37019394
0.37019394
0.61274504
0.37019394
0.37019394
0.15632025
0.37019394
0.37019394
0.19028814
0.37019394
0.37019394
0.37019394
0.37019394
0.37019394
0.37019394
0.37019394
0.37019394
0.37019394
0.37019394
0.37019394
0.37019394
0.37019394
0.49301436
0.37019394
0.37019394
0.37019394
0.37019394
0.37019394
0.37019394
0.37019394
0.37019394
0.37019394
0.37019394
0.37019394
0.37019394
0.37019394
0.37019394
0.37019394
0.37019394
0.09211297
0.37019394
0.37019394
0.37019394
0.37019394
0.37019394
0.37019394
0.37019394
0.37019394
0.37019394
0.86586460
0.37019394
0.37019394
0.37019394
0.37019394
0.37019394
0.00696879
0.37019394
0.44655072
0.37019394
0.37019394
0.37019394
0.37019394
0.37019394
0.37019394
0.37019394
0.37019394
0.37019394
0.37019394
0.37019394
0.37019394
0.37019394
0.37019394
0.37019394
0.37019394
0.37019394
0.37019394
0.37019394
0.37019394
0.37019394
0.37019394
0.92484665
0.37019394
0.37019394
0.37019394
0.37019394
0.37019394
0.37019394
0.37019394
0.37019394
0.37019394
0.32656496
0.37019394
0.37019394
0.37019394
0.37019394
0.37019394
0.37019394
0.37019394
0.37019394
0.37019394
0.37019394
0.37019394
0.37019394
0.37019394
0.37019394
0.05519988
0.37019394
0.08157492
0.37019394
0.37019394
0.37019394
0.37019394
0.34092103
0.37019394
0.37019394
0.37019394
0.37019394
0.76903801
0.37019394
0.37019394
0.86410762
0.37019394
0.37019394
0.37019394
0.37019394
0.37019394
0.37019394
0.37019394
0.37019394
0.37019394
0.37019394
0.37019394
0.37019394
0.37019394
0.37019394
0.37019394
0.37019394
0.37019394
0.37019394
0.37019394
0.37019394
0.37019394
0.37019394
0.37019394
0.04354092
0.37019394
0.37019394
0.25624191
0.37019394
0.37019394
0.37019394
0.37019394
0.37019394
0.37019394
0.02570302
0.37019394
0.03012608
0.37019394
0.37019394
0.37019394
0.37019394
0.06537034
0.37019394
0.37019394
0.37019394
0.37019394
0.37019394
0.37019394
0.37019394
0.37019394
0.37019394
0.37019394
0.37019394
0.66901089
0.37019394
0.55456184
0.37019394
0.37019394
0.37019394
0.37019394
0.37019394
0.37019394
0.37019394
0.37019394
0.37019394
0.37019394
0.37019394
0.37019394
0.37019394
0.37019394
0.37019394
0.37019394
0.37019394
0.37019394
0.37019394
0.37019394
0.37019394
0.37019394
0.37019394
0.37019394
0.37019394
