0.50559148
0.50559148
0.50559148
0.50559148
0.50559148
0.50559148
0.50559148
0.50559148
0.50559148
0.67405789
0.50559148
0.54147541
0.50559148
0.50559148
0.50559148
0.80233284
0.50559148
0.50559148
0.50559148
0.50559148
0.01771525
0.50559148
0.18892602
0.50559148
0.50559148
0.50559148
0.50559148
0.50559148
0.62864958
0.50559148
0.50559148
0.50559148
0.50559148
0.50559148
0.50559148
0.50559148
0.50559148
0.50559148
0.50559148
0.50559148
0.32533906
0.50559148
0.50559148
0.50559148
0.14679453
0.53079774
0.50559148
0.50559148
0.50559148
0.50559148
0.50559148
0.50559148
0.50559148
0.50559148
0.50559148
0.50559148
0.50559148
0.20384745
0.50559148
0.50559148
0.50559148
0.50559148
0.50559148
0.50559148
0.76744799
0.50559148
0.50559148
0.50559148
0.50559148
0.93751428
0.50559148
0.50559148
0.50559148
0.50559148
0.81265118
0.50559148
0.50559148
0.50559148
0.50559148
0.50559148
0.50559148
0.50559148
0.50559148
0.17699322
0.50559148
0.50559148
0.50559148
0.50559148
0.50559148
0.50559148
0.50559148
0.50559148
0.50559148
0.50559148
0.92229767
0.97162521
0.50559148
0.50559148
0.93530822
0.50559148
0.50559148
0.50559148
0.32975492
0.35967678
0.50559148
0.50559148
0.33039113
0.50559148
0.50559148
0.50559148
0.64124716
0.50559148
0.50559148
0.37239153
0.57687047
0.55147973
0.50559148
0.50559148
0.41191407
0.68259079
0.50559148
0.50559148
0.50559148
0.50559148
0.50559148
0.50559148
0.50559148
0.50559148
0.60291745
0.16027899
0.50083549
0.50559148
0.50559148
0.50559148
0.50559148
0.50559148
0.50559148
0.50559148
0.50559148
0.50559148
0.48614850
0.50559148
0.30824640
0.50559148
0.63318387
0.50559148
0.50559148
0.41849024
0.86748389
0.50559148
0.17854730
0.50559148
0.50559148
0.50559148
0.50559148
0.50559148
0.50559148
0.50559148
0.50559148
0.50559148
0.50559148
0.50559148
0.50559148
0.65112798
0.50559148
0.50559148
0.50559148
0.35129353
0.50559148
0.50559148
0.75577042
0.76017928
0.24915808
0.50559148
0.50559148
0.50559148
0.50559148
0.50559148
0.50559148
0.50559148
0.50559148
0.50559148
0.50559148
0.50559148
0.50559148
0.50559148
0.50559148
0.38012867
0.50559148
0.50559148
0.40439915
0.50559148
0.50559148
0.50559148
0.50559148
0.50559148
0.56811439
0.50559148
0.50559148
0.50559148
0.50559148
0.50559148
0.50559148
0.50559148
0.50559148
0.51753040
0.50559148
0.50559148
0.50559148
0.50559148
0.50559148
0.50559148
0.50559148
0.48048897
0.50559148
0.50559148
0.60225834
0.11803485
0.50559148
0.50559148
0.50559148
0.50559148
0.50559148
0.50559148
0.50559148
0.50559148
0.33319682
0.50559148
0.50559148
0.50559148
0.50559148
0.50559148
0.50559148
0.50559148
0.50559148
0.50559148
0.50559148
0.50559148
0.44541952
0.50559148
0.50559148
0.82843667
0.50559148
0.50559148
0.50559148
0.50559148
0.95141866
0.50559148
0.50238463
0.50559148
0.50559148
0.50559148
0.50559148
0.50559148
0.50559148
0.50559148
0.38291041
0.50559148
0.41115756
0.50559148
0.50559148
0.50559148
0.50559148
0.50559148
0.48618810
0.50559148
0.49834347
0.50559148
0.85425505
0.50559148
0.50559148
0.50559148
0.50559148
0.50559148
0.50559148
0.50559148
0.50559148
0.50559148
0.50559148
0.50559148
0.50559148
0.50559148
0.50559148
0.50559148
0.50559148
0.50559148
0.50559148
0.50559148
0.50559148
0.50559148
0.50559148
0.40983134
0.50559148
0.51933825
0.50559148
0.40512199
0.50559148
0.50559148
0.50559148
0.50559148
0.50559148
0.50559148
0.50559148
0.74199578
0.50559148
0.50559148
0.50559148
0.50559148
0.50559148
0.13964981
0.50559148
0.50559148
0.50559148
0.50559148
0.50559148
0.50559148
0.50559148
0.50559148
0.50559148
0.50559148
0.50559148
0.50559148
0.50559148
0.50559148
0.09605803
0.50559148
0.50559148
0.50559148
0.50559148
0.17650393
0.50559148
0.50559148
0.50559148
0.50559148
0.50559148
0.50559148
0.42331193
0.11427281
0.50559148
0.50559148
0.50559148
0.50559148
0.50559148
0.50559148
0.11642464
0.31856620
0.50559148
0.50559148
0.50559148
0.50559148
0.50559148
0.50559148
0.50559148
0.50559148
0.50559148
0.50559148
0.50559148
0.95946195
0.50559148
0.50559148
0.50559148
0.50559148
0.50559148
0.50559148
0.42979155
0.50559148
0.50559148
0.50559148
0.50559148
0.50559148
0.50559148
0.50559148
0.50559148
0.09227739
0.50559148
0.50559148
0.50559148
0.50559148
0.26239361
0.50559148
0.50559148
0.50559148
0.50559148
0.50559148
0.20087795
0.50559148
0.99722392
0.50559148
0.94264246
0.50559148
0.50559148
0.50559148
0.50559148
0.50559148
0.38796142
0.42090926
0.50559148
0.50559148
0.50559148
0.50559148
0.50559148
0.50559148
0.50559148
0.50559148
0.50559148
0.50559148
0.50559148
0.84335164
0.34594813
0.50559148
0.50559148
0.76180803
0.50559148
0.50559148
0.50559148
0.50559148
0.50559148
0.50559148
0.50559148
0.94587773
0.50559148
0.50559148
0.50559148
0.50559148
0.34450978
0.50559148
0.50559148
0.97489500
0.50559148
0.50559148
0.24757436
0.50559148
0.50559148
0.50559148
0.50559148
0.50559148
0.34059670
0.50559148
0.50559148
0.50559148
0.50559148
0.50559148
0.50559148
0.50559148
0.50559148
0.50559148
0.50559148
0.50559148
0.50559148
0.50559148
0.50559148
0.50559148
0.50559148
0.50559148
0.50559148
0.56477377
0.75046945
0.50559148
0.50559148
0.75550428
0.50559148
0.50559148
0.50559148
0.50559148
0.50559148
0.50559148
0.50559148
0.68492539
0.50559148
0.50559148
0.61049887
0.50559148
0.50559148
0.50559148
0.50559148
0.50559148
0.50559148
0.50559148
0.50559148
0.50559148
0.50559148
0.50559148
0.50559148
0.50559148
0.50559148
0.50559148
0.50559148
0.50559148
0.06990212
0.50559148
0.37025249
0.50559148
0.50559148
0.50559148
0.50559148
0.50559148
0.85655466
0.06895196
0.50559148
0.50559148
