        Command being timed: "python3 100_variants_LDpruning.py"
        User time (seconds): 190.81
        System time (seconds): 24.48
        Percent of CPU this job got: 789%
        Elapsed (wall clock) time (h:mm:ss or m:ss): 0:27.27
        Average shared text size (kbytes): 0
        Average unshared data size (kbytes): 0
        Average stack size (kbytes): 0
        Average total size (kbytes): 0
        Maximum resident set size (kbytes): 2644428
        Average resident set size (kbytes): 0
        Major (requiring I/O) page faults: 9754
        Minor (reclaiming a frame) page faults: 2690728
        Voluntary context switches: 5710
        Involuntary context switches: 276344
        Swaps: 0
        File system inputs: 0
        File system outputs: 0
        Socket messages sent: 1
        Socket messages received: 0
        Signals delivered: 0
        Page size (bytes): 4096
        Exit status: 0