        Command being timed: "python3 100_variants_LDpruning_inter.py"
        User time (seconds): 11660.03
        System time (seconds): 339.89
        Percent of CPU this job got: 1276%
        Elapsed (wall clock) time (h:mm:ss or m:ss): 15:39.93
        Average shared text size (kbytes): 0
        Average unshared data size (kbytes): 0
        Average stack size (kbytes): 0
        Average total size (kbytes): 0
        Maximum resident set size (kbytes): 3145776
        Average resident set size (kbytes): 0
        Major (requiring I/O) page faults: 1
        Minor (reclaiming a frame) page faults: 6838229
        Voluntary context switches: 127308
        Involuntary context switches: 4179078
        Swaps: 0
        File system inputs: 0
        File system outputs: 0
        Socket messages sent: 1
        Socket messages received: 0
        Signals delivered: 0
        Page size (bytes): 4096
        Exit status: 0