         4875499 function calls (4874340 primitive calls) in 1082.333 seconds

   Ordered by: cumulative time

   ncalls  tottime  percall  cumtime  percall filename:lineno(function)
        1    0.001    0.001 1082.333 1082.333 /Users/yupeng/Desktop/Internship/Garvan/CellRegMap/cellregmap/_cellregmap.py:556(run_interaction)
        1    0.219    0.219 1080.047 1080.047 /Users/yupeng/Desktop/Internship/Garvan/CellRegMap/cellregmap/_cellregmap.py:320(scan_interaction)
     1100    0.011    0.000 1058.711    0.962 /Users/yupeng/Library/Python/3.9/lib/python/site-packages/glimix_core/lmm/_lmm.py:259(fit)
   141095 1039.028    0.007 1039.504    0.007 /Users/yupeng/Library/Python/3.9/lib/python/site-packages/glimix_core/lmm/_b.py:69(dot)
     1100    0.006    0.000 1021.942    0.929 /Users/yupeng/Library/Python/3.9/lib/python/site-packages/optimix/_function.py:66(_maximize_scalar)
     1100    0.340    0.000 1021.936    0.929 /Users/yupeng/Library/Python/3.9/lib/python/site-packages/optimix/_function.py:23(_minimize_scalar)
     1100    0.009    0.000 1019.164    0.927 /Users/yupeng/Library/Python/3.9/lib/python/site-packages/brent_search/_optimize.py:11(minimize)
    26999    0.095    0.000 1018.837    0.038 /Users/yupeng/Library/Python/3.9/lib/python/site-packages/brent_search/_optimize.py:50(func)
    26999    0.165    0.000 1018.742    0.038 /Users/yupeng/Library/Python/3.9/lib/python/site-packages/optimix/_function.py:45(func)
    26999    0.193    0.000 1017.302    0.038 /Users/yupeng/Library/Python/3.9/lib/python/site-packages/glimix_core/lmm/_lmm.py:292(value)
     1100    0.112    0.000  689.578    0.627 /Users/yupeng/Library/Python/3.9/lib/python/site-packages/brent_search/_bracket.py:8(bracket)
    56798    4.824    0.000  687.915    0.012 /Users/yupeng/Library/Python/3.9/lib/python/site-packages/glimix_core/lmm/_lmm.py:580(_tXTBtX)
    28099    0.414    0.000  685.801    0.024 /Users/yupeng/Library/Python/3.9/lib/python/site-packages/glimix_core/lmm/_lmm.py:540(_update_beta)
     1100    0.117    0.000  329.577    0.300 /Users/yupeng/Library/Python/3.9/lib/python/site-packages/brent_search/_brent.py:9(brent)
    56198    4.311    0.000  257.296    0.005 /Users/yupeng/Library/Python/3.9/lib/python/site-packages/glimix_core/lmm/_lmm.py:576(_yTBtX)
    28099    0.292    0.000  235.855    0.008 /Users/yupeng/Library/Python/3.9/lib/python/site-packages/glimix_core/lmm/_lmm.py:549(_update_scale)
    28099    0.684    0.000  235.496    0.008 /Users/yupeng/Library/Python/3.9/lib/python/site-packages/glimix_core/lmm/_lmm.py:533(_optimal_scale_using_optimal_beta)
    28699    0.198    0.000  140.575    0.005 /Users/yupeng/Library/Python/3.9/lib/python/site-packages/glimix_core/lmm/_lmm.py:324(lml)
    28699    0.518    0.000  137.319    0.005 /Users/yupeng/Library/Python/3.9/lib/python/site-packages/glimix_core/lmm/_lmm.py:478(_logdetH)
    28099    1.448    0.000  104.962    0.004 /Users/yupeng/Library/Python/3.9/lib/python/site-packages/glimix_core/lmm/_lmm.py:572(_yTBy)
     1100    0.313    0.000   10.310    0.009 /Users/yupeng/Library/Python/3.9/lib/python/site-packages/glimix_core/lmm/_lmm.py:98(__init__)
     1100    9.175    0.008    9.176    0.008 /Users/yupeng/Library/Python/3.9/lib/python/site-packages/glimix_core/lmm/_b.py:28(__init__)
    28099    0.299    0.000    4.637    0.000 /Users/yupeng/Library/Python/3.9/lib/python/site-packages/glimix_core/_util/solve.py:54(rsolve)
    28099    0.481    0.000    4.194    0.000 /Users/yupeng/Library/Python/3.9/lib/python/site-packages/numpy_sugar/linalg/solve.py:140(rsolve)
    28299    2.349    0.000    3.232    0.000 /Users/yupeng/Library/Python/3.9/lib/python/site-packages/numpy/linalg/linalg.py:2191(lstsq)
    28699    0.400    0.000    2.946    0.000 /Users/yupeng/Library/Python/3.9/lib/python/site-packages/glimix_core/lmm/_lmm.py:489(_lml_optimal_scale)
    28699    0.907    0.000    2.285    0.000 /Users/yupeng/Library/Python/3.9/lib/python/site-packages/glimix_core/lmm/_lmm.py:561(_logdetD)
        1    0.219    0.219    2.267    2.267 /Users/yupeng/Desktop/Internship/Garvan/CellRegMap/cellregmap/_cellregmap.py:69(__init__)
      300    2.015    0.007    2.031    0.007 /Users/yupeng/Desktop/Internship/Garvan/CellRegMap/cellregmap/_math.py:58(solve)
       11    0.006    0.001    1.922    0.175 /Users/yupeng/Library/Python/3.9/lib/python/site-packages/numpy_sugar/linalg/qs.py:39(economic_qs_linear)
       11    0.000    0.000    1.916    0.174 /Users/yupeng/Library/Python/3.9/lib/python/site-packages/numpy_sugar/linalg/qs.py:74(_economic_qs_linear_noq1)
       11    1.916    0.174    1.916    0.174 /Users/yupeng/Library/Python/3.9/lib/python/site-packages/numpy/linalg/linalg.py:1499(svd)
    29799    0.861    0.000    1.817    0.000 /Users/yupeng/Library/Python/3.9/lib/python/site-packages/numpy/linalg/linalg.py:2037(slogdet)
     1101    0.016    0.000    1.545    0.001 /Users/yupeng/Library/Python/3.9/lib/python/site-packages/tqdm/std.py:953(__init__)
     1101    1.409    0.001    1.474    0.001 /Users/yupeng/Library/Python/3.9/lib/python/site-packages/tqdm/utils.py:212(__init__)
36899/35799    0.259    0.000    1.379    0.000 /Users/yupeng/Library/Python/3.9/lib/python/site-packages/optimix/_types.py:108(__setattr__)
      200    0.050    0.000    1.253    0.006 /Users/yupeng/Desktop/Internship/Garvan/CellRegMap/cellregmap/_math.py:91(dot)
    58398    0.699    0.000    1.212    0.000 /Users/yupeng/Library/Python/3.9/lib/python/site-packages/glimix_core/lmm/_lmm.py:375(delta)
    29199    0.190    0.000    1.022    0.000 /Users/yupeng/Library/Python/3.9/lib/python/site-packages/ndarray_listener/_ndl.py:170(itemset)
   331701    0.674    0.000    0.996    0.000 <frozen importlib._bootstrap>:1033(_handle_fromlist)
      100    0.044    0.000    0.913    0.009 /Users/yupeng/Desktop/Internship/Garvan/CellRegMap/cellregmap/_math.py:119(matrix_for_dist_weights)
      100    0.001    0.000    0.857    0.009 /Users/yupeng/Desktop/Internship/Garvan/CellRegMap/cellregmap/_math.py:86(__init__)
    29199    0.141    0.000    0.800    0.000 /Users/yupeng/Library/Python/3.9/lib/python/site-packages/ndarray_listener/_ndl.py:155(__notify)
    58209    0.340    0.000    0.635    0.000 /Users/yupeng/Library/Python/3.9/lib/python/site-packages/numpy/linalg/linalg.py:159(_commonType)
    31299    0.533    0.000    0.533    0.000 {method 'reduce' of 'numpy.ufunc' objects}
    28699    0.070    0.000    0.522    0.000 {method 'sum' of 'numpy.ndarray' objects}
     1101    0.011    0.000    0.509    0.000 /Users/yupeng/Library/Python/3.9/lib/python/site-packages/tqdm/std.py:666(__new__)
    29199    0.104    0.000    0.509    0.000 /Users/yupeng/Library/Python/3.9/lib/python/site-packages/glimix_core/lmm/_lmm.py:459(_delta_update)
    85497    0.294    0.000    0.499    0.000 /Users/yupeng/Library/Python/3.9/lib/python/site-packages/glimix_core/lmm/_lmm.py:524(_df)
     2204    0.003    0.000    0.483    0.000 /Users/yupeng/Library/Python/3.9/lib/python/site-packages/tqdm/std.py:110(__enter__)
     2305    0.463    0.000    0.482    0.000 /Users/yupeng/Library/Python/3.9/lib/python/site-packages/tqdm/std.py:102(acquire)
    28805    0.434    0.000    0.459    0.000 {built-in method builtins.sum}
    28699    0.037    0.000    0.452    0.000 /Users/yupeng/Library/Python/3.9/lib/python/site-packages/numpy/core/_methods.py:47(_sum)
     1100    0.010    0.000    0.437    0.000 /Users/yupeng/Library/Python/3.9/lib/python/site-packages/glimix_core/_util/_svd.py:19(__init__)
      100    0.032    0.000    0.416    0.004 /Users/yupeng/Desktop/Internship/Garvan/CellRegMap/cellregmap/_math.py:114(statistic)
     1101    0.053    0.000    0.385    0.000 /Users/yupeng/Library/Python/3.9/lib/python/site-packages/numpy_sugar/linalg/svd.py:4(economic_svd)
     1101    0.278    0.000    0.330    0.000 /Users/yupeng/Library/Python/3.9/lib/python/site-packages/scipy/linalg/_decomp_svd.py:13(svd)
     1100    0.006    0.000    0.302    0.000 /Users/yupeng/Library/Python/3.9/lib/python/site-packages/optimix/_variables.py:22(select)
     2200    0.290    0.000    0.295    0.000 /Users/yupeng/Library/Python/3.9/lib/python/site-packages/optimix/_variables.py:29(names)
    59598    0.295    0.000    0.295    0.000 {method 'astype' of 'numpy.generic' objects}
   144717    0.146    0.000    0.206    0.000 /Users/yupeng/Library/Python/3.9/lib/python/site-packages/numpy/linalg/linalg.py:153(_realType)
   340873    0.169    0.000    0.169    0.000 {built-in method builtins.hasattr}
    58398    0.168    0.000    0.168    0.000 /Users/yupeng/Library/Python/3.9/lib/python/site-packages/optimix/_types.py:120(__getattr__)
   340979    0.159    0.000    0.159    0.000 {built-in method builtins.isinstance}
     2200    0.017    0.000    0.157    0.000 /Users/yupeng/Library/Python/3.9/lib/python/site-packages/numpy_sugar/_array.py:50(is_all_finite)
    29199    0.151    0.000    0.151    0.000 /Applications/Xcode.app/Contents/Developer/Library/Frameworks/Python3.framework/Versions/3.9/lib/python3.9/weakref.py:69(__call__)
    85497    0.097    0.000    0.149    0.000 /Users/yupeng/Library/Python/3.9/lib/python/site-packages/glimix_core/lmm/_lmm.py:310(nsamples)
      100    0.003    0.000    0.139    0.001 /Users/yupeng/Library/Python/3.9/lib/python/site-packages/chiscore/_davies.py:10(davies_pvalue)
     2200    0.009    0.000    0.138    0.000 /Users/yupeng/Library/Python/3.9/lib/python/site-packages/numpy/core/fromnumeric.py:2177(sum)
    56709    0.098    0.000    0.137    0.000 /Users/yupeng/Library/Python/3.9/lib/python/site-packages/numpy/linalg/linalg.py:135(_makearray)
    30103    0.133    0.000    0.133    0.000 {built-in method numpy.array}
     2400    0.012    0.000    0.131    0.000 /Users/yupeng/Library/Python/3.9/lib/python/site-packages/numpy/core/fromnumeric.py:71(_wrapreduction)
   157142    0.130    0.000    0.130    0.000 {built-in method numpy.asarray}
       11    0.126    0.011    0.126    0.011 /Users/yupeng/Desktop/Internship/Garvan/CellRegMap/cellregmap/_cellregmap.py:133(<listcomp>)
    85031    0.120    0.000    0.120    0.000 {method 'astype' of 'numpy.ndarray' objects}
      100    0.003    0.000    0.117    0.001 /Users/yupeng/Library/Python/3.9/lib/python/site-packages/chiscore/_davies.py:40(_pvalue_lambda)
     1504    0.071    0.000    0.113    0.000 /Users/yupeng/Library/Python/3.9/lib/python/site-packages/numpy_sugar/linalg/dot.py:29(ddot)
    57898    0.112    0.000    0.112    0.000 /Users/yupeng/Library/Python/3.9/lib/python/site-packages/glimix_core/lmm/_lmm.py:401(scale)
   144717    0.082    0.000    0.112    0.000 /Users/yupeng/Library/Python/3.9/lib/python/site-packages/numpy/linalg/linalg.py:140(isComplexType)
     1100    0.016    0.000    0.112    0.000 /Applications/Xcode.app/Contents/Developer/Library/Frameworks/Python3.framework/Versions/3.9/lib/python3.9/functools.py:949(__get__)
    78428    0.100    0.000    0.100    0.000 {built-in method builtins.max}
    29910    0.100    0.000    0.100    0.000 /Users/yupeng/Library/Python/3.9/lib/python/site-packages/numpy/linalg/linalg.py:203(_assert_stacked_2d)
     1100    0.032    0.000    0.094    0.000 /Users/yupeng/Library/Python/3.9/lib/python/site-packages/glimix_core/lmm/_lmm.py:465(_logdetXX)
    29899    0.087    0.000    0.087    0.000 /Users/yupeng/Library/Python/3.9/lib/python/site-packages/numpy/linalg/linalg.py:209(_assert_stacked_square)
   171994    0.087    0.000    0.087    0.000 /Users/yupeng/Library/Python/3.9/lib/python/site-packages/glimix_core/_util/_svd.py:44(US)
     1100    0.034    0.000    0.086    0.000 /Users/yupeng/Library/Python/3.9/lib/python/site-packages/optimix/_types.py:26(__init__)
    27099    0.026    0.000    0.085    0.000 /Users/yupeng/Library/Python/3.9/lib/python/site-packages/tqdm/std.py:1199(update)
   231425    0.085    0.000    0.085    0.000 {built-in method builtins.issubclass}
   128350    0.084    0.000    0.084    0.000 {built-in method builtins.len}
    29799    0.034    0.000    0.078    0.000 <string>:1(<lambda>)
     1100    0.019    0.000    0.069    0.000 /Users/yupeng/Library/Python/3.9/lib/python/site-packages/glimix_core/lmm/_lmm.py:392(delta)
    58398    0.068    0.000    0.068    0.000 {built-in method math.exp}
    28410    0.067    0.000    0.067    0.000 /Users/yupeng/Library/Python/3.9/lib/python/site-packages/numpy/linalg/linalg.py:130(get_linalg_error_extobj)
      100    0.002    0.000    0.065    0.001 /Users/yupeng/Library/Python/3.9/lib/python/site-packages/chiscore/_davies.py:108(_liu_pvalue_mod_lambda)
   148447    0.064    0.000    0.064    0.000 {method 'get' of 'dict' objects}
      101    0.001    0.000    0.062    0.001 /Users/yupeng/Library/Python/3.9/lib/python/site-packages/tqdm/std.py:1161(__iter__)
      101    0.001    0.000    0.058    0.001 /Users/yupeng/Library/Python/3.9/lib/python/site-packages/tqdm/std.py:1326(refresh)
      100    0.008    0.000    0.057    0.001 /Users/yupeng/Library/Python/3.9/lib/python/site-packages/scipy/stats/_distn_infrastructure.py:2123(sf)
     2202    0.056    0.000    0.057    0.000 /Users/yupeng/Library/Python/3.9/lib/python/site-packages/tqdm/utils.py:186(disable_on_exception)
    86597    0.056    0.000    0.056    0.000 /Users/yupeng/Library/Python/3.9/lib/python/site-packages/glimix_core/_util/_svd.py:58(rank)
      102    0.001    0.000    0.056    0.001 /Users/yupeng/Library/Python/3.9/lib/python/site-packages/tqdm/std.py:1465(display)
    80203    0.055    0.000    0.055    0.000 {built-in method builtins.min}
    28199    0.054    0.000    0.054    0.000 {method 'squeeze' of 'numpy.ndarray' objects}
    29199    0.053    0.000    0.053    0.000 /Users/yupeng/Library/Python/3.9/lib/python/site-packages/glimix_core/lmm/_b.py:59(set_variances)
    32011    0.046    0.000    0.046    0.000 {built-in method __new__ of type object at 0x10eb4ba38}
      100    0.004    0.000    0.043    0.000 /Users/yupeng/Library/Python/3.9/lib/python/site-packages/chi2comb/_chi2comb.py:44(chi2comb_cdf)
    16200    0.018    0.000    0.042    0.000 /Users/yupeng/Library/Python/3.9/lib/python/site-packages/brent_search/_bracket.py:134(_ensure_boundary)
      100    0.037    0.000    0.037    0.000 {built-in method chi2comb._ffi.chi2comb_cdf}
      100    0.032    0.000    0.036    0.000 /Users/yupeng/Library/Python/3.9/lib/python/site-packages/scipy/stats/_distn_infrastructure.py:980(_open_support_mask)
      306    0.001    0.000    0.035    0.000 /Users/yupeng/Library/Python/3.9/lib/python/site-packages/tqdm/utils.py:377(disp_len)
      102    0.001    0.000    0.035    0.000 /Users/yupeng/Library/Python/3.9/lib/python/site-packages/tqdm/std.py:1151(__str__)
     1504    0.002    0.000    0.035    0.000 /Users/yupeng/Library/Python/3.9/lib/python/site-packages/numpy/lib/function_base.py:873(copy)
      306    0.001    0.000    0.034    0.000 /Users/yupeng/Library/Python/3.9/lib/python/site-packages/tqdm/utils.py:373(_text_width)
      102    0.005    0.000    0.033    0.000 /Users/yupeng/Library/Python/3.9/lib/python/site-packages/tqdm/std.py:467(format_meter)
    29199    0.032    0.000    0.032    0.000 {function ndl.itemset at 0x15b0b3a60}
     1101    0.009    0.000    0.032    0.000 /Users/yupeng/Library/Python/3.9/lib/python/site-packages/tqdm/std.py:682(_get_free_pos)
    64198    0.031    0.000    0.031    0.000 {built-in method builtins.getattr}
      200    0.002    0.000    0.029    0.000 /Users/yupeng/Desktop/Internship/Garvan/CellRegMap/cellregmap/_math.py:33(rsolve)
     1100    0.010    0.000    0.028    0.000 /Users/yupeng/Library/Python/3.9/lib/python/site-packages/optimix/_function.py:170(__init__)
    28299    0.028    0.000    0.028    0.000 /Users/yupeng/Library/Python/3.9/lib/python/site-packages/numpy/linalg/linalg.py:197(_assert_2d)
    56620    0.027    0.000    0.027    0.000 {method '__array_prepare__' of 'numpy.ndarray' objects}
     1101    0.016    0.000    0.026    0.000 /Users/yupeng/Library/Python/3.9/lib/python/site-packages/scipy/linalg/lapack.py:979(_compute_lwork)
    47006    0.018    0.000    0.025    0.000 /Users/yupeng/Library/Python/3.9/lib/python/site-packages/tqdm/utils.py:374(<genexpr>)
     1100    0.004    0.000    0.024    0.000 /Users/yupeng/Library/Python/3.9/lib/python/site-packages/ndarray_listener/_ndl.py:112(__new__)
    29799    0.024    0.000    0.024    0.000 /Users/yupeng/Library/Python/3.9/lib/python/site-packages/numpy/linalg/linalg.py:488(_unary_dispatcher)
     1101    0.004    0.000    0.021    0.000 /Users/yupeng/Library/Python/3.9/lib/python/site-packages/tqdm/std.py:685(<setcomp>)
      102    0.000    0.000    0.020    0.000 /Users/yupeng/Library/Python/3.9/lib/python/site-packages/tqdm/std.py:460(print_status)
    67995    0.020    0.000    0.020    0.000 {built-in method builtins.abs}
     1100    0.002    0.000    0.018    0.000 /Users/yupeng/Library/Python/3.9/lib/python/site-packages/optimix/_types.py:97(listen)
    28299    0.018    0.000    0.018    0.000 /Users/yupeng/Library/Python/3.9/lib/python/site-packages/numpy/linalg/linalg.py:2187(_lstsq_dispatcher)
        1    0.000    0.000    0.018    0.018 /Users/yupeng/Desktop/Internship/Garvan/CellRegMap/cellregmap/_cellregmap.py:542(get_L_values)
        1    0.000    0.000    0.017    0.017 /Users/yupeng/Desktop/Internship/Garvan/CellRegMap/cellregmap/_cellregmap.py:553(<listcomp>)
     1101    0.013    0.000    0.017    0.000 /Users/yupeng/Library/Python/3.9/lib/python/site-packages/scipy/_lib/_util.py:194(_asarray_validated)
     1100    0.004    0.000    0.016    0.000 /Users/yupeng/Library/Python/3.9/lib/python/site-packages/ndarray_listener/_ndl.py:152(talk_to)
      102    0.000    0.000    0.016    0.000 /Users/yupeng/Library/Python/3.9/lib/python/site-packages/tqdm/utils.py:385(disp_trim)
     1100    0.003    0.000    0.016    0.000 {method 'view' of 'numpy.ndarray' objects}
     2305    0.015    0.000    0.015    0.000 {method 'acquire' of '_multiprocessing.SemLock' objects}
     2204    0.002    0.000    0.015    0.000 /Users/yupeng/Library/Python/3.9/lib/python/site-packages/tqdm/std.py:113(__exit__)
      100    0.004    0.000    0.015    0.000 /Users/yupeng/Library/Python/3.9/lib/python/site-packages/chiscore/_davies.py:95(_lambda)
     3303    0.006    0.000    0.015    0.000 /Applications/Xcode.app/Contents/Developer/Library/Frameworks/Python3.framework/Versions/3.9/lib/python3.9/_weakrefset.py:59(__iter__)
     2305    0.006    0.000    0.014    0.000 /Users/yupeng/Library/Python/3.9/lib/python/site-packages/tqdm/std.py:106(release)
     1100    0.008    0.000    0.014    0.000 /Users/yupeng/Library/Python/3.9/lib/python/site-packages/brent_search/_bracket.py:142(_initialize_interval)
     1100    0.003    0.000    0.013    0.000 /Users/yupeng/Library/Python/3.9/lib/python/site-packages/ndarray_listener/_ndl.py:122(__array_finalize__)
    15100    0.012    0.000    0.012    0.000 /Users/yupeng/Library/Python/3.9/lib/python/site-packages/brent_search/_bracket.py:130(_boundary_inside)
     1100    0.004    0.000    0.012    0.000 /Users/yupeng/Library/Python/3.9/lib/python/site-packages/ndarray_listener/_ndl.py:174(_create_callback)
     2200    0.011    0.000    0.012    0.000 /Users/yupeng/Library/Python/3.9/lib/python/site-packages/ndarray_listener/_ndl.py:131(__setattr__)
     1100    0.005    0.000    0.010    0.000 /Users/yupeng/Library/Python/3.9/lib/python/site-packages/optimix/_function.py:13(__init__)
     1101    0.002    0.000    0.010    0.000 /Applications/Xcode.app/Contents/Developer/Library/Frameworks/Python3.framework/Versions/3.9/lib/python3.9/_weakrefset.py:107(remove)
     2203    0.003    0.000    0.009    0.000 {method 'remove' of 'set' objects}
     1100    0.006    0.000    0.009    0.000 /Users/yupeng/Library/Python/3.9/lib/python/site-packages/optimix/_variables.py:60(merge_variables)
     1101    0.004    0.000    0.008    0.000 /Applications/Xcode.app/Contents/Developer/Library/Frameworks/Python3.framework/Versions/3.9/lib/python3.9/_weakrefset.py:82(add)
    46700    0.008    0.000    0.008    0.000 {built-in method unicodedata.east_asian_width}
     1100    0.006    0.000    0.008    0.000 /Applications/Xcode.app/Contents/Developer/Library/Frameworks/Python3.framework/Versions/3.9/lib/python3.9/weakref.py:47(__new__)
     1101    0.005    0.000    0.007    0.000 /Users/yupeng/Library/Python/3.9/lib/python/site-packages/scipy/linalg/blas.py:384(getter)
     1101    0.007    0.000    0.007    0.000 /Users/yupeng/Library/Python/3.9/lib/python/site-packages/scipy/linalg/lapack.py:1014(_check_work_float)
     2305    0.007    0.000    0.007    0.000 {method 'release' of '_multiprocessing.SemLock' objects}
      100    0.001    0.000    0.007    0.000 /Users/yupeng/Library/Python/3.9/lib/python/site-packages/scipy/stats/_distn_infrastructure.py:559(argsreduce)
     1101    0.006    0.000    0.006    0.000 /Applications/Xcode.app/Contents/Developer/Library/Frameworks/Python3.framework/Versions/3.9/lib/python3.9/functools.py:392(__get__)
      100    0.004    0.000    0.006    0.000 /Users/yupeng/Library/Python/3.9/lib/python/site-packages/chiscore/_davies.py:124(_liu_params_mod_lambda)
     1100    0.004    0.000    0.006    0.000 /Users/yupeng/Library/Python/3.9/lib/python/site-packages/numpy/core/shape_base.py:81(atleast_2d)
     2700    0.005    0.000    0.005    0.000 {built-in method numpy.zeros}
     1100    0.001    0.000    0.005    0.000 /Users/yupeng/Library/Python/3.9/lib/python/site-packages/optimix/_types.py:41(bounds)
     3300    0.005    0.000    0.005    0.000 {built-in method builtins.sorted}
     12/2    0.000    0.000    0.005    0.002 <frozen importlib._bootstrap>:1002(_find_and_load)
     12/2    0.000    0.000    0.005    0.002 <frozen importlib._bootstrap>:967(_find_and_load_unlocked)
      100    0.003    0.000    0.005    0.000 /Users/yupeng/Library/Python/3.9/lib/python/site-packages/numpy/linalg/linalg.py:1090(eigvalsh)
      100    0.001    0.000    0.005    0.000 /Users/yupeng/Library/Python/3.9/lib/python/site-packages/numpy/core/fromnumeric.py:3385(mean)
     12/2    0.000    0.000    0.005    0.002 <frozen importlib._bootstrap>:659(_load_unlocked)
     1101    0.002    0.000    0.005    0.000 /Users/yupeng/Library/Python/3.9/lib/python/site-packages/tqdm/utils.py:124(__eq__)
     1102    0.003    0.000    0.004    0.000 /Applications/Xcode.app/Contents/Developer/Library/Frameworks/Python3.framework/Versions/3.9/lib/python3.9/_weakrefset.py:27(__exit__)
     11/2    0.000    0.000    0.004    0.002 <frozen importlib._bootstrap_external>:844(exec_module)
     2203    0.003    0.000    0.004    0.000 {method 'add' of 'set' objects}
      102    0.000    0.000    0.004    0.000 /Users/yupeng/Library/Python/3.9/lib/python/site-packages/tqdm/std.py:454(fp_write)
     13/2    0.000    0.000    0.004    0.002 <frozen importlib._bootstrap>:220(_call_with_frames_removed)
     11/2    0.000    0.000    0.004    0.002 {built-in method builtins.exec}
     1100    0.003    0.000    0.004    0.000 /Users/yupeng/Library/Python/3.9/lib/python/site-packages/optimix/_function.py:225(_isfixed)
      206    0.000    0.000    0.004    0.000 /Users/yupeng/Library/Python/3.9/lib/python/site-packages/tqdm/utils.py:193(inner)
     1101    0.002    0.000    0.004    0.000 /Users/yupeng/Library/Python/3.9/lib/python/site-packages/tqdm/utils.py:155(__init__)
      100    0.001    0.000    0.004    0.000 /Users/yupeng/Library/Python/3.9/lib/python/site-packages/numpy/core/_methods.py:101(_mean)
      711    0.003    0.000    0.004    0.000 {method 'format' of 'str' objects}
        1    0.000    0.000    0.004    0.004 /Users/yupeng/Library/Python/3.9/lib/python/site-packages/chiscore/__init__.py:1(<module>)
      300    0.001    0.000    0.004    0.000 /Users/yupeng/Library/Python/3.9/lib/python/site-packages/glimix_core/lmm/_lmm.py:235(v0)
     3303    0.004    0.000    0.004    0.000 /Users/yupeng/Library/Python/3.9/lib/python/site-packages/tqdm/utils.py:151(wrapper_setattr)
      104    0.003    0.000    0.003    0.000 {method 'write' of '_io.TextIOWrapper' objects}
     2200    0.003    0.000    0.003    0.000 /Users/yupeng/Library/Python/3.9/lib/python/site-packages/brent_search/_bracket.py:138(_tol)
     1101    0.003    0.000    0.003    0.000 /Users/yupeng/Library/Python/3.9/lib/python/site-packages/tqdm/_monitor.py:94(report)
     2400    0.003    0.000    0.003    0.000 /Users/yupeng/Library/Python/3.9/lib/python/site-packages/numpy/core/fromnumeric.py:72(<dictcomp>)
     2202    0.002    0.000    0.003    0.000 /Users/yupeng/Library/Python/3.9/lib/python/site-packages/tqdm/std.py:1154(_comparable)
     1100    0.002    0.000    0.003    0.000 /Users/yupeng/Library/Python/3.9/lib/python/site-packages/optimix/_variables.py:26(<listcomp>)
     1102    0.002    0.000    0.003    0.000 /Applications/Xcode.app/Contents/Developer/Library/Frameworks/Python3.framework/Versions/3.9/lib/python3.9/_weakrefset.py:21(__enter__)
     2202    0.001    0.000    0.003    0.000 /Users/yupeng/Library/Python/3.9/lib/python/site-packages/tqdm/std.py:1158(__hash__)
        1    0.000    0.000    0.003    0.003 /Users/yupeng/Library/Python/3.9/lib/python/site-packages/chiscore/_davies.py:1(<module>)
      100    0.001    0.000    0.003    0.000 /Users/yupeng/Library/Python/3.9/lib/python/site-packages/numpy/lib/stride_tricks.py:480(broadcast_arrays)
     2305    0.002    0.000    0.002    0.000 {method 'acquire' of '_thread.RLock' objects}
      200    0.001    0.000    0.002    0.000 /Users/yupeng/Library/Python/3.9/lib/python/site-packages/numpy/core/_ufunc_config.py:33(seterr)
      100    0.000    0.000    0.002    0.000 /Users/yupeng/Library/Python/3.9/lib/python/site-packages/numpy/core/fromnumeric.py:2322(any)
     1400    0.002    0.000    0.002    0.000 {method 'ravel' of 'numpy.ndarray' objects}
      200    0.001    0.000    0.002    0.000 /Users/yupeng/Library/Python/3.9/lib/python/site-packages/numpy/core/shape_base.py:23(atleast_1d)
      605    0.002    0.000    0.002    0.000 {method 'reshape' of 'numpy.ndarray' objects}
        1    0.000    0.000    0.002    0.002 /Users/yupeng/Library/Python/3.9/lib/python/site-packages/chi2comb/__init__.py:1(<module>)
     2186    0.001    0.000    0.002    0.000 /Users/yupeng/Library/Python/3.9/lib/python/site-packages/tqdm/std.py:1266(close)
     1101    0.001    0.000    0.002    0.000 /Users/yupeng/Library/Python/3.9/lib/python/site-packages/scipy/sparse/_base.py:1461(issparse)
     1101    0.002    0.000    0.002    0.000 /Users/yupeng/Library/Python/3.9/lib/python/site-packages/numpy/ma/core.py:6485(isMaskedArray)
      100    0.000    0.000    0.002    0.000 /Users/yupeng/Library/Python/3.9/lib/python/site-packages/numpy/core/_ufunc_config.py:430(__enter__)
      100    0.000    0.000    0.002    0.000 {method 'max' of 'numpy.ndarray' objects}
       12    0.000    0.000    0.002    0.000 <frozen importlib._bootstrap>:558(module_from_spec)
     1101    0.001    0.000    0.002    0.000 /Users/yupeng/Library/Python/3.9/lib/python/site-packages/tqdm/std.py:763(get_lock)
      100    0.000    0.000    0.002    0.000 /Users/yupeng/Library/Python/3.9/lib/python/site-packages/numpy/core/fromnumeric.py:2100(clip)
      200    0.000    0.000    0.002    0.000 /Users/yupeng/Library/Python/3.9/lib/python/site-packages/glimix_core/lmm/_lmm.py:247(v1)
      100    0.001    0.000    0.002    0.000 /Users/yupeng/Library/Python/3.9/lib/python/site-packages/chiscore/_davies.py:51(<listcomp>)
     4601    0.002    0.000    0.002    0.000 {method 'items' of 'dict' objects}
      203    0.001    0.000    0.002    0.000 /Users/yupeng/Library/Python/3.9/lib/python/site-packages/tqdm/std.py:400(format_interval)
      100    0.000    0.000    0.002    0.000 /Users/yupeng/Library/Python/3.9/lib/python/site-packages/numpy/core/_methods.py:39(_amax)
        1    0.000    0.000    0.002    0.002 <frozen importlib._bootstrap_external>:1171(create_module)
        1    0.002    0.002    0.002    0.002 {built-in method _imp.create_dynamic}
     1102    0.001    0.000    0.001    0.000 /Applications/Xcode.app/Contents/Developer/Library/Frameworks/Python3.framework/Versions/3.9/lib/python3.9/_weakrefset.py:17(__init__)
      100    0.000    0.000    0.001    0.000 /Users/yupeng/Library/Python/3.9/lib/python/site-packages/numpy/core/fromnumeric.py:53(_wrapfunc)
      204    0.001    0.000    0.001    0.000 /Users/yupeng/Library/Python/3.9/lib/python/site-packages/tqdm/utils.py:272(_is_ascii)
     3002    0.001    0.000    0.001    0.000 {method 'append' of 'list' objects}
      100    0.000    0.000    0.001    0.000 /Users/yupeng/Library/Python/3.9/lib/python/site-packages/numpy/core/fromnumeric.py:2421(all)
       11    0.000    0.000    0.001    0.000 <frozen importlib._bootstrap_external>:916(get_code)
       12    0.000    0.000    0.001    0.000 <frozen importlib._bootstrap>:901(_find_spec)
      102    0.001    0.000    0.001    0.000 /Users/yupeng/Library/Python/3.9/lib/python/site-packages/tqdm/std.py:1447(format_dict)
     2202    0.001    0.000    0.001    0.000 {built-in method _weakref.proxy}
     2305    0.001    0.000    0.001    0.000 {method 'release' of '_thread.RLock' objects}
      100    0.001    0.000    0.001    0.000 /Users/yupeng/Library/Python/3.9/lib/python/site-packages/numpy/core/_methods.py:67(_count_reduce_items)
      100    0.001    0.000    0.001    0.000 /Users/yupeng/Library/Python/3.9/lib/python/site-packages/scipy/stats/_distn_infrastructure.py:941(_argcheck)
      100    0.000    0.000    0.001    0.000 /Users/yupeng/Library/Python/3.9/lib/python/site-packages/numpy/core/getlimits.py:612(tiny)
     2202    0.001    0.000    0.001    0.000 {built-in method builtins.id}
       12    0.000    0.000    0.001    0.000 <frozen importlib._bootstrap_external>:1406(find_spec)
      300    0.000    0.000    0.001    0.000 /Users/yupeng/Library/Python/3.9/lib/python/site-packages/numpy/lib/function_base.py:1917(place)
     2200    0.001    0.000    0.001    0.000 /Users/yupeng/Library/Python/3.9/lib/python/site-packages/optimix/_types.py:78(isfixed)
       12    0.000    0.000    0.001    0.000 <frozen importlib._bootstrap_external>:1374(_get_spec)
     2200    0.001    0.000    0.001    0.000 /Users/yupeng/Library/Python/3.9/lib/python/site-packages/optimix/_types.py:37(bounds)
      100    0.000    0.000    0.001    0.000 {method 'clip' of 'numpy.ndarray' objects}
      100    0.000    0.000    0.001    0.000 /Users/yupeng/Library/Python/3.9/lib/python/site-packages/numpy/core/fromnumeric.py:865(sort)
      573    0.001    0.000    0.001    0.000 /Users/yupeng/Library/Python/3.9/lib/python/site-packages/tqdm/std.py:231(__call__)
      100    0.001    0.000    0.001    0.000 /Users/yupeng/Library/Python/3.9/lib/python/site-packages/numpy/core/getlimits.py:589(smallest_normal)
     1100    0.001    0.000    0.001    0.000 /Users/yupeng/Library/Python/3.9/lib/python/site-packages/brent_search/_bracket.py:119(_sort)
      100    0.000    0.000    0.001    0.000 /Users/yupeng/Library/Python/3.9/lib/python/site-packages/numpy/core/_ufunc_config.py:435(__exit__)
     1085    0.001    0.000    0.001    0.000 /Users/yupeng/Library/Python/3.9/lib/python/site-packages/tqdm/std.py:1148(__del__)
      300    0.001    0.000    0.001    0.000 /Users/yupeng/Library/Python/3.9/lib/python/site-packages/numpy/core/getlimits.py:484(__new__)
       21    0.000    0.000    0.001    0.000 <frozen importlib._bootstrap_external>:1505(find_spec)
      100    0.001    0.000    0.001    0.000 /Users/yupeng/Library/Python/3.9/lib/python/site-packages/numpy/lib/stride_tricks.py:416(_broadcast_shape)
      100    0.001    0.000    0.001    0.000 /Users/yupeng/Library/Python/3.9/lib/python/site-packages/numpy/core/_methods.py:90(_clip)
     1100    0.001    0.000    0.001    0.000 {method '__exit__' of '_thread.RLock' objects}
      200    0.001    0.000    0.001    0.000 /Users/yupeng/Library/Python/3.9/lib/python/site-packages/numpy/core/_ufunc_config.py:132(geterr)
     1102    0.001    0.000    0.001    0.000 /Applications/Xcode.app/Contents/Developer/Library/Frameworks/Python3.framework/Versions/3.9/lib/python3.9/_weakrefset.py:53(_commit_removals)
     2200    0.001    0.000    0.001    0.000 /Users/yupeng/Library/Python/3.9/lib/python/site-packages/numpy/core/fromnumeric.py:2172(_sum_dispatcher)
     1100    0.001    0.000    0.001    0.000 /Users/yupeng/Library/Python/3.9/lib/python/site-packages/optimix/_variables.py:27(<dictcomp>)
      300    0.001    0.000    0.001    0.000 {built-in method numpy.core._multiarray_umath._place}
     1100    0.001    0.000    0.001    0.000 /Users/yupeng/Library/Python/3.9/lib/python/site-packages/brent_search/_bracket.py:126(_boundary_equal)
      102    0.001    0.000    0.001    0.000 /Users/yupeng/Library/Python/3.9/lib/python/site-packages/tqdm/std.py:186(__format__)
      101    0.001    0.000    0.001    0.000 {built-in method now}
     1101    0.001    0.000    0.001    0.000 {method 'difference' of 'set' objects}
     2200    0.001    0.000    0.001    0.000 {built-in method builtins.iter}
      100    0.001    0.000    0.001    0.000 /Users/yupeng/Library/Python/3.9/lib/python/site-packages/scipy/stats/_continuous_distns.py:1489(_sf)
     1504    0.001    0.000    0.001    0.000 /Users/yupeng/Library/Python/3.9/lib/python/site-packages/numpy/lib/function_base.py:869(_copy_dispatcher)
     2200    0.001    0.000    0.001    0.000 {staticmethod object at 0x13c23f520}
     1100    0.001    0.000    0.001    0.000 /Users/yupeng/Library/Python/3.9/lib/python/site-packages/brent_search/_bracket.py:143(<listcomp>)
     1602    0.001    0.000    0.001    0.000 {built-in method numpy.asanyarray}
      306    0.001    0.000    0.001    0.000 {method 'sub' of 're.Pattern' objects}
      400    0.001    0.000    0.001    0.000 /Users/yupeng/Library/Python/3.9/lib/python/site-packages/chi2comb/_chi2comb.py:12(__init__)
       11    0.000    0.000    0.001    0.000 <frozen importlib._bootstrap_external>:1036(get_data)
        1    0.000    0.000    0.001    0.001 /Users/yupeng/Library/Python/3.9/lib/python/site-packages/ndarray_listener/__init__.py:1(<module>)
     1084    0.001    0.000    0.001    0.000 /Applications/Xcode.app/Contents/Developer/Library/Frameworks/Python3.framework/Versions/3.9/lib/python3.9/weakref.py:54(_cb)
       11    0.001    0.000    0.001    0.000 {built-in method io.open_code}
     1101    0.001    0.000    0.001    0.000 /Users/yupeng/Library/Python/3.9/lib/python/site-packages/scipy/linalg/_misc.py:181(_datacopied)
      100    0.000    0.000    0.000    0.000 {built-in method builtins.all}
     1101    0.000    0.000    0.000    0.000 /Applications/Xcode.app/Contents/Developer/Library/Frameworks/Python3.framework/Versions/3.9/lib/python3.9/threading.py:529(is_set)
     1100    0.000    0.000    0.000    0.000 /Users/yupeng/Library/Python/3.9/lib/python/site-packages/numpy/core/shape_base.py:77(_atleast_2d_dispatcher)
      300    0.000    0.000    0.000    0.000 {method 'new' of '_cffi_backend.FFI' objects}
      100    0.000    0.000    0.000    0.000 {method 'sort' of 'numpy.ndarray' objects}
       59    0.000    0.000    0.000    0.000 <frozen importlib._bootstrap_external>:135(_path_stat)
     2142    0.000    0.000    0.000    0.000 {built-in method builtins.ord}
      102    0.000    0.000    0.000    0.000 /Users/yupeng/Library/Python/3.9/lib/python/site-packages/tqdm/std.py:153(__init__)
       59    0.000    0.000    0.000    0.000 {built-in method posix.stat}
      100    0.000    0.000    0.000    0.000 /Users/yupeng/Library/Python/3.9/lib/python/site-packages/numpy/lib/stride_tricks.py:538(<listcomp>)
      100    0.000    0.000    0.000    0.000 /Users/yupeng/Library/Python/3.9/lib/python/site-packages/scipy/stats/_distn_infrastructure.py:604(<listcomp>)
      200    0.000    0.000    0.000    0.000 {built-in method numpy.seterrobj}
      200    0.000    0.000    0.000    0.000 /Users/yupeng/Library/Python/3.9/lib/python/site-packages/scipy/stats/_distn_infrastructure.py:953(_get_support)
      100    0.000    0.000    0.000    0.000 /Users/yupeng/Library/Python/3.9/lib/python/site-packages/chi2comb/_chi2comb.py:27(__init__)
      100    0.000    0.000    0.000    0.000 /Users/yupeng/Desktop/Internship/Garvan/CellRegMap/cellregmap/_math.py:47(__init__)
      100    0.000    0.000    0.000    0.000 {method 'copy' of 'numpy.ndarray' objects}
       12    0.000    0.000    0.000    0.000 <frozen importlib._bootstrap>:486(_init_module_attrs)
      402    0.000    0.000    0.000    0.000 {built-in method time.time}
      100    0.000    0.000    0.000    0.000 /Users/yupeng/Desktop/Internship/Garvan/CellRegMap/cellregmap/_math.py:109(__init__)
       22    0.000    0.000    0.000    0.000 <frozen importlib._bootstrap_external>:361(cache_from_source)
      300    0.000    0.000    0.000    0.000 {method 'cast' of '_cffi_backend.FFI' objects}
       11    0.000    0.000    0.000    0.000 <frozen importlib._bootstrap_external>:645(_compile_bytecode)
      709    0.000    0.000    0.000    0.000 {built-in method builtins.setattr}
      400    0.000    0.000    0.000    0.000 /Users/yupeng/Library/Python/3.9/lib/python/site-packages/numpy/lib/stride_tricks.py:542(<genexpr>)
       11    0.000    0.000    0.000    0.000 {built-in method marshal.loads}
      508    0.000    0.000    0.000    0.000 {built-in method builtins.divmod}
      116    0.000    0.000    0.000    0.000 <frozen importlib._bootstrap_external>:121(_path_join)
      100    0.000    0.000    0.000    0.000 /Users/yupeng/Library/Python/3.9/lib/python/site-packages/chi2comb/_chi2comb.py:89(<listcomp>)
      100    0.000    0.000    0.000    0.000 /Users/yupeng/Library/Python/3.9/lib/python/site-packages/numpy/core/_ufunc_config.py:426(__init__)
      200    0.000    0.000    0.000    0.000 {method 'sizeof' of '_cffi_backend.FFI' objects}
        3    0.000    0.000    0.000    0.000 <frozen importlib._bootstrap_external>:1556(_fill_cache)
       23    0.000    0.000    0.000    0.000 <frozen importlib._bootstrap>:385(cached)
      400    0.000    0.000    0.000    0.000 {built-in method numpy.geterrobj}
       24    0.000    0.000    0.000    0.000 <frozen importlib._bootstrap_external>:145(_path_is_mode_type)
       12    0.000    0.000    0.000    0.000 <frozen importlib._bootstrap_external>:491(_get_cached)
       21    0.000    0.000    0.000    0.000 <frozen importlib._bootstrap_external>:154(_path_isfile)
        3    0.000    0.000    0.000    0.000 {built-in method posix.listdir}
      100    0.000    0.000    0.000    0.000 /Users/yupeng/Library/Python/3.9/lib/python/site-packages/chi2comb/_chi2comb.py:91(<listcomp>)
      300    0.000    0.000    0.000    0.000 {method 'buffer_info' of 'array.array' objects}
      100    0.000    0.000    0.000    0.000 {built-in method numpy.promote_types}
      100    0.000    0.000    0.000    0.000 /Users/yupeng/Library/Python/3.9/lib/python/site-packages/chi2comb/_chi2comb.py:90(<listcomp>)
      300    0.000    0.000    0.000    0.000 /Users/yupeng/Library/Python/3.9/lib/python/site-packages/numpy/lib/function_base.py:1913(_place_dispatcher)
      104    0.000    0.000    0.000    0.000 {method 'flush' of '_io.TextIOWrapper' objects}
       12    0.000    0.000    0.000    0.000 <frozen importlib._bootstrap>:156(__enter__)
       24    0.000    0.000    0.000    0.000 <frozen importlib._bootstrap_external>:1337(_path_importer_cache)
      102    0.000    0.000    0.000    0.000 {method 'update' of 'dict' objects}
      102    0.000    0.000    0.000    0.000 /Users/yupeng/Library/Python/3.9/lib/python/site-packages/tqdm/utils.py:107(__init__)
        3    0.000    0.000    0.000    0.000 <frozen importlib._bootstrap_external>:1324(_path_hooks)
      100    0.000    0.000    0.000    0.000 /Users/yupeng/Library/Python/3.9/lib/python/site-packages/numpy/core/fromnumeric.py:1980(shape)
      116    0.000    0.000    0.000    0.000 <frozen importlib._bootstrap_external>:123(<listcomp>)
      200    0.000    0.000    0.000    0.000 /Users/yupeng/Library/Python/3.9/lib/python/site-packages/numpy/core/multiarray.py:346(where)
       11    0.000    0.000    0.000    0.000 {method 'read' of '_io.BufferedReader' objects}
      102    0.000    0.000    0.000    0.000 /Users/yupeng/Library/Python/3.9/lib/python/site-packages/tqdm/std.py:167(colour)
      100    0.000    0.000    0.000    0.000 {method 'upper' of 'str' objects}
       11    0.000    0.000    0.000    0.000 <frozen importlib._bootstrap_external>:1077(path_stats)
        4    0.000    0.000    0.000    0.000 {built-in method builtins.__build_class__}
      102    0.000    0.000    0.000    0.000 /Users/yupeng/Library/Python/3.9/lib/python/site-packages/tqdm/utils.py:111(__format__)
       12    0.000    0.000    0.000    0.000 <frozen importlib._bootstrap>:166(_get_module_lock)
      100    0.000    0.000    0.000    0.000 {built-in method numpy.core._multiarray_umath.normalize_axis_index}
       22    0.000    0.000    0.000    0.000 <frozen importlib._bootstrap_external>:127(_path_split)
      200    0.000    0.000    0.000    0.000 /Users/yupeng/Library/Python/3.9/lib/python/site-packages/numpy/core/shape_base.py:19(_atleast_1d_dispatcher)
       12    0.000    0.000    0.000    0.000 <frozen importlib._bootstrap_external>:1500(_get_spec)
        1    0.000    0.000    0.000    0.000 /Users/yupeng/Library/Python/3.9/lib/python/site-packages/tqdm/std.py:689(_decr_instances)
      100    0.000    0.000    0.000    0.000 <string>:2(_parse_args)
      111    0.000    0.000    0.000    0.000 /Users/yupeng/Library/Python/3.9/lib/python/site-packages/numpy/core/multiarray.py:153(concatenate)
        1    0.000    0.000    0.000    0.000 /Users/yupeng/Library/Python/3.9/lib/python/site-packages/ndarray_listener/_ndl.py:1(<module>)
        3    0.000    0.000    0.000    0.000 <frozen importlib._bootstrap_external>:1597(path_hook_for_FileFinder)
        1    0.000    0.000    0.000    0.000 /Users/yupeng/Library/Python/3.9/lib/python/site-packages/chi2comb/_chi2comb.py:1(<module>)
        1    0.000    0.000    0.000    0.000 /Users/yupeng/Library/Python/3.9/lib/python/site-packages/numpy/core/function_base.py:24(linspace)
      100    0.000    0.000    0.000    0.000 /Users/yupeng/Library/Python/3.9/lib/python/site-packages/numpy/core/fromnumeric.py:1976(_shape_dispatcher)
      100    0.000    0.000    0.000    0.000 /Users/yupeng/Library/Python/3.9/lib/python/site-packages/numpy/core/fromnumeric.py:2096(_clip_dispatcher)
      100    0.000    0.000    0.000    0.000 /Users/yupeng/Library/Python/3.9/lib/python/site-packages/numpy/core/fromnumeric.py:861(_sort_dispatcher)
      100    0.000    0.000    0.000    0.000 /Users/yupeng/Library/Python/3.9/lib/python/site-packages/numpy/linalg/linalg.py:1086(_eigvalsh_dispatcher)
       11    0.000    0.000    0.000    0.000 {method '__exit__' of '_io._IOBase' objects}
      102    0.000    0.000    0.000    0.000 /Users/yupeng/Library/Python/3.9/lib/python/site-packages/tqdm/std.py:163(colour)
      100    0.000    0.000    0.000    0.000 /Users/yupeng/Library/Python/3.9/lib/python/site-packages/numpy/core/fromnumeric.py:2416(_all_dispatcher)
       12    0.000    0.000    0.000    0.000 <frozen importlib._bootstrap_external>:696(spec_from_file_location)
      100    0.000    0.000    0.000    0.000 /Users/yupeng/Library/Python/3.9/lib/python/site-packages/numpy/core/fromnumeric.py:2317(_any_dispatcher)
       11    0.000    0.000    0.000    0.000 <frozen importlib._bootstrap_external>:560(_classify_pyc)
        3    0.000    0.000    0.000    0.000 <frozen zipimport>:63(__init__)
      100    0.000    0.000    0.000    0.000 /Users/yupeng/Library/Python/3.9/lib/python/site-packages/numpy/lib/stride_tricks.py:476(_broadcast_arrays_dispatcher)
       12    0.000    0.000    0.000    0.000 <frozen importlib._bootstrap>:160(__exit__)
      100    0.000    0.000    0.000    0.000 /Users/yupeng/Library/Python/3.9/lib/python/site-packages/numpy/core/fromnumeric.py:3380(_mean_dispatcher)
       12    0.000    0.000    0.000    0.000 <frozen importlib._bootstrap>:87(acquire)
       43    0.000    0.000    0.000    0.000 {method 'startswith' of 'str' objects}
      138    0.000    0.000    0.000    0.000 {method 'join' of 'str' objects}
        1    0.000    0.000    0.000    0.000 /Users/yupeng/Desktop/Internship/Garvan/CellRegMap/cellregmap/_cellregmap.py:442(<dictcomp>)
       12    0.000    0.000    0.000    0.000 <frozen importlib._bootstrap>:112(release)
       33    0.000    0.000    0.000    0.000 <frozen importlib._bootstrap_external>:79(_unpack_uint32)
        3    0.000    0.000    0.000    0.000 <frozen importlib._bootstrap_external>:1466(__init__)
      254    0.000    0.000    0.000    0.000 {method 'rstrip' of 'str' objects}
       11    0.000    0.000    0.000    0.000 <frozen importlib._bootstrap_external>:593(_validate_timestamp_pyc)
      115    0.000    0.000    0.000    0.000 <frozen importlib._bootstrap>:231(_verbose_message)
       12    0.000    0.000    0.000    0.000 <frozen importlib._bootstrap>:58(__init__)
        1    0.000    0.000    0.000    0.000 /Users/yupeng/Library/Python/3.9/lib/python/site-packages/scipy/linalg/lapack.py:881(get_lapack_funcs)
        1    0.000    0.000    0.000    0.000 /Users/yupeng/Library/Python/3.9/lib/python/site-packages/tqdm/utils.py:332(_screen_shape_linux)
       44    0.000    0.000    0.000    0.000 <frozen importlib._bootstrap_external>:129(<genexpr>)
        1    0.000    0.000    0.000    0.000 /Users/yupeng/Library/Python/3.9/lib/python/site-packages/scipy/linalg/blas.py:326(_get_funcs)
       75    0.000    0.000    0.000    0.000 {method 'rpartition' of 'str' objects}
        3    0.000    0.000    0.000    0.000 <frozen importlib._bootstrap_external>:159(_path_isdir)
       12    0.000    0.000    0.000    0.000 <frozen importlib._bootstrap>:185(cb)
       26    0.000    0.000    0.000    0.000 <frozen importlib._bootstrap_external>:175(_path_isabs)
       36    0.000    0.000    0.000    0.000 <frozen importlib._bootstrap>:878(__exit__)
       36    0.000    0.000    0.000    0.000 <frozen importlib._bootstrap>:874(__enter__)
        2    0.000    0.000    0.000    0.000 /Users/yupeng/Library/Python/3.9/lib/python/site-packages/tqdm/std.py:1287(fp_write)
        1    0.000    0.000    0.000    0.000 /Users/yupeng/Library/Python/3.9/lib/python/site-packages/chiscore/_optimal.py:1(<module>)
       23    0.000    0.000    0.000    0.000 <frozen importlib._bootstrap>:398(parent)
       11    0.000    0.000    0.000    0.000 <frozen importlib._bootstrap_external>:523(_check_name_wrapper)
       21    0.000    0.000    0.000    0.000 <frozen importlib._bootstrap_external>:64(_relax_case)
        9    0.000    0.000    0.000    0.000 {method 'extend' of 'list' objects}
        1    0.000    0.000    0.000    0.000 {built-in method fcntl.ioctl}
       60    0.000    0.000    0.000    0.000 {built-in method _imp.acquire_lock}
       11    0.000    0.000    0.000    0.000 <frozen importlib._bootstrap>:35(_new_module)
       24    0.000    0.000    0.000    0.000 {built-in method _thread.allocate_lock}
        3    0.000    0.000    0.000    0.000 <frozen importlib._bootstrap_external>:1585(<setcomp>)
       60    0.000    0.000    0.000    0.000 {built-in method _imp.release_lock}
       13    0.000    0.000    0.000    0.000 {method 'endswith' of 'str' objects}
       12    0.000    0.000    0.000    0.000 <frozen importlib._bootstrap>:811(find_spec)
       12    0.000    0.000    0.000    0.000 <frozen importlib._bootstrap>:351(__init__)
        1    0.000    0.000    0.000    0.000 {method 'flatten' of 'numpy.ndarray' objects}
       22    0.000    0.000    0.000    0.000 {method 'rfind' of 'str' objects}
        1    0.000    0.000    0.000    0.000 /Users/yupeng/Library/Python/3.9/lib/python/site-packages/chiscore/_liu.py:1(<module>)
        1    0.000    0.000    0.000    0.000 /Users/yupeng/Library/Python/3.9/lib/python/site-packages/tqdm/std.py:441(status_printer)
       33    0.000    0.000    0.000    0.000 {built-in method from_bytes}
       12    0.000    0.000    0.000    0.000 <frozen importlib._bootstrap>:152(__init__)
       12    0.000    0.000    0.000    0.000 <frozen importlib._bootstrap>:736(find_spec)
       22    0.000    0.000    0.000    0.000 {method 'lstrip' of 'str' objects}
        1    0.000    0.000    0.000    0.000 /Users/yupeng/Library/Python/3.9/lib/python/site-packages/tqdm/utils.py:265(_supports_unicode)
        1    0.000    0.000    0.000    0.000 {built-in method utcfromtimestamp}
       24    0.000    0.000    0.000    0.000 {method '__exit__' of '_thread.lock' objects}
       11    0.000    0.000    0.000    0.000 <frozen importlib._bootstrap_external>:1006(__init__)
        1    0.000    0.000    0.000    0.000 /Users/yupeng/Library/Python/3.9/lib/python/site-packages/ndarray_listener/_ndl.py:33(ndl)
       24    0.000    0.000    0.000    0.000 {built-in method _thread.get_ident}
       34    0.000    0.000    0.000    0.000 {built-in method posix.fspath}
        1    0.000    0.000    0.000    0.000 /Users/yupeng/Library/Python/3.9/lib/python/site-packages/scipy/linalg/blas.py:259(find_best_blas_type)
       24    0.000    0.000    0.000    0.000 <frozen importlib._bootstrap_external>:1472(<genexpr>)
       11    0.000    0.000    0.000    0.000 /Users/yupeng/Library/Python/3.9/lib/python/site-packages/numpy/linalg/linalg.py:1495(_svd_dispatcher)
        1    0.000    0.000    0.000    0.000 <frozen importlib._bootstrap_external>:1179(exec_module)
        1    0.000    0.000    0.000    0.000 /Users/yupeng/Library/Python/3.9/lib/python/site-packages/xarray/core/dataarray.py:762(values)
       12    0.000    0.000    0.000    0.000 {built-in method _imp.is_frozen}
        1    0.000    0.000    0.000    0.000 /Users/yupeng/Library/Python/3.9/lib/python/site-packages/tqdm/utils.py:251(_is_utf)
       12    0.000    0.000    0.000    0.000 {method 'pop' of 'dict' objects}
        1    0.000    0.000    0.000    0.000 {built-in method numpy.arange}
        3    0.000    0.000    0.000    0.000 /Users/yupeng/Library/Python/3.9/lib/python/site-packages/tqdm/std.py:226(__init__)
       11    0.000    0.000    0.000    0.000 {built-in method _imp._fix_co_filename}
        1    0.000    0.000    0.000    0.000 /Users/yupeng/Library/Python/3.9/lib/python/site-packages/xarray/core/variable.py:553(values)
       18    0.000    0.000    0.000    0.000 {method 'lower' of 'str' objects}
        3    0.000    0.000    0.000    0.000 {built-in method _imp.is_builtin}
        1    0.000    0.000    0.000    0.000 /Users/yupeng/Library/Python/3.9/lib/python/site-packages/xarray/core/variable.py:292(_as_array_or_item)
        5    0.000    0.000    0.000    0.000 /Users/yupeng/Desktop/Internship/Garvan/CellRegMap/cellregmap/_cellregmap.py:85(<genexpr>)
       12    0.000    0.000    0.000    0.000 <frozen importlib._bootstrap>:406(has_location)
        1    0.000    0.000    0.000    0.000 <frozen importlib._bootstrap_external>:1155(__init__)
       11    0.000    0.000    0.000    0.000 <frozen importlib._bootstrap_external>:1031(get_filename)
        2    0.000    0.000    0.000    0.000 /Users/yupeng/Library/Python/3.9/lib/python/site-packages/tqdm/utils.py:221(__eq__)
        2    0.000    0.000    0.000    0.000 /Users/yupeng/Library/Python/3.9/lib/python/site-packages/tqdm/utils.py:138(__getattr__)
       11    0.000    0.000    0.000    0.000 <frozen importlib._bootstrap_external>:841(create_module)
        1    0.000    0.000    0.000    0.000 /Users/yupeng/Library/Python/3.9/lib/python/site-packages/numpy/core/numeric.py:1855(isscalar)
        1    0.000    0.000    0.000    0.000 /Users/yupeng/Library/Python/3.9/lib/python/site-packages/numpy/core/fromnumeric.py:3176(ndim)
        1    0.000    0.000    0.000    0.000 {method 'disable' of '_lsprof.Profiler' objects}
        1    0.000    0.000    0.000    0.000 /Users/yupeng/Library/Python/3.9/lib/python/site-packages/chi2comb/_chi2comb.py:7(ChiSquared)
        1    0.000    0.000    0.000    0.000 /Users/yupeng/Library/Python/3.9/lib/python/site-packages/ndarray_listener/_ndl.py:6(float64)
        1    0.000    0.000    0.000    0.000 {method 'encode' of 'str' objects}
        1    0.000    0.000    0.000    0.000 /Users/yupeng/Library/Python/3.9/lib/python/site-packages/tqdm/utils.py:281(_screen_shape_wrapper)
        1    0.000    0.000    0.000    0.000 {built-in method _imp.exec_dynamic}
        1    0.000    0.000    0.000    0.000 /Users/yupeng/Library/Python/3.9/lib/python/site-packages/chi2comb/_chi2comb.py:22(Info)
        1    0.000    0.000    0.000    0.000 /Users/yupeng/Library/Python/3.9/lib/python/site-packages/ndarray_listener/_testit.py:1(<module>)
        1    0.000    0.000    0.000    0.000 /Users/yupeng/Library/Python/3.9/lib/python/site-packages/chi2comb/_testit.py:1(<module>)
        1    0.000    0.000    0.000    0.000 /Users/yupeng/Library/Python/3.9/lib/python/site-packages/chiscore/_testit.py:1(<module>)
        1    0.000    0.000    0.000    0.000 /Users/yupeng/Library/Python/3.9/lib/python/site-packages/tqdm/std.py:1302(<lambda>)
        1    0.000    0.000    0.000    0.000 {built-in method _operator.index}
        1    0.000    0.000    0.000    0.000 /Users/yupeng/Library/Python/3.9/lib/python/site-packages/numpy/core/function_base.py:19(_linspace_dispatcher)
        1    0.000    0.000    0.000    0.000 /Users/yupeng/Library/Python/3.9/lib/python/site-packages/xarray/core/dataarray.py:679(variable)
        1    0.000    0.000    0.000    0.000 /Users/yupeng/Library/Python/3.9/lib/python/site-packages/numpy/core/fromnumeric.py:3172(_ndim_dispatcher)
        1    0.000    0.000    0.000    0.000 /Users/yupeng/Library/Python/3.9/lib/python/site-packages/numpy/core/multiarray.py:669(result_type)


