         369303 function calls (369211 primitive calls) in 931.608 seconds

   Ordered by: cumulative time

   ncalls  tottime  percall  cumtime  percall filename:lineno(function)
        1    0.001    0.001  931.608  931.608 /Users/yupeng/Desktop/Internship/Garvan/CellRegMap/cellregmap/_cellregmap.py:635(run_interaction)
        1    0.000    0.000  929.348  929.348 /Users/yupeng/Desktop/Internship/Garvan/CellRegMap/cellregmap/_cellregmap.py:322(scan_interaction)
        1    0.000    0.000  929.344  929.344 /Users/yupeng/Library/Python/3.9/lib/python/site-packages/joblib/parallel.py:1847(__call__)
       19    0.000    0.000  929.311   48.911 /Users/yupeng/Library/Python/3.9/lib/python/site-packages/joblib/parallel.py:1583(_get_outputs)
       17    6.081    0.358  929.064   54.651 /Users/yupeng/Library/Python/3.9/lib/python/site-packages/joblib/parallel.py:1691(_retrieve)
    85615  921.463    0.011  921.463    0.011 {built-in method time.sleep}
        1    0.208    0.208    2.244    2.244 /Users/yupeng/Desktop/Internship/Garvan/CellRegMap/cellregmap/_cellregmap.py:71(__init__)
       11    0.009    0.001    1.930    0.175 /Users/yupeng/Library/Python/3.9/lib/python/site-packages/numpy_sugar/linalg/qs.py:39(economic_qs_linear)
       11    0.000    0.000    1.921    0.175 /Users/yupeng/Library/Python/3.9/lib/python/site-packages/numpy_sugar/linalg/qs.py:74(_economic_qs_linear_noq1)
       11    1.921    0.175    1.921    0.175 /Users/yupeng/Library/Python/3.9/lib/python/site-packages/numpy/linalg/linalg.py:1499(svd)
    85631    0.700    0.000    0.700    0.000 /Users/yupeng/Library/Python/3.9/lib/python/site-packages/joblib/parallel.py:1664(_wait_retrieval)
    86218    0.516    0.000    0.516    0.000 {built-in method builtins.len}
    85630    0.405    0.000    0.405    0.000 /Users/yupeng/Library/Python/3.9/lib/python/site-packages/joblib/parallel.py:759(get_status)
   103/23    0.000    0.000    0.144    0.006 {built-in method builtins.next}
        1    0.000    0.000    0.144    0.144 /Users/yupeng/Library/Python/3.9/lib/python/site-packages/joblib/parallel.py:1562(_start)
       18    0.000    0.000    0.144    0.008 /Users/yupeng/Library/Python/3.9/lib/python/site-packages/joblib/parallel.py:1399(dispatch_one_batch)
       17    0.000    0.000    0.142    0.008 /Users/yupeng/Library/Python/3.9/lib/python/site-packages/joblib/parallel.py:1361(_dispatch)
       17    0.000    0.000    0.142    0.008 /Users/yupeng/Library/Python/3.9/lib/python/site-packages/joblib/_parallel_backends.py:598(apply_async)
       17    0.000    0.000    0.142    0.008 /Users/yupeng/Library/Python/3.9/lib/python/site-packages/joblib/externals/loky/reusable_executor.py:223(submit)
       17    0.000    0.000    0.141    0.008 /Users/yupeng/Library/Python/3.9/lib/python/site-packages/joblib/externals/loky/process_executor.py:1223(submit)
       17    0.000    0.000    0.140    0.008 /Users/yupeng/Library/Python/3.9/lib/python/site-packages/joblib/externals/loky/process_executor.py:1216(_ensure_executor_running)
        1    0.002    0.002    0.138    0.138 /Users/yupeng/Library/Python/3.9/lib/python/site-packages/joblib/externals/loky/process_executor.py:1186(_adjust_process_count)
       16    0.001    0.000    0.124    0.008 /Applications/Xcode.app/Contents/Developer/Library/Frameworks/Python3.framework/Versions/3.9/lib/python3.9/multiprocessing/process.py:110(start)
       16    0.001    0.000    0.122    0.008 /Users/yupeng/Library/Python/3.9/lib/python/site-packages/joblib/externals/loky/backend/process.py:39(_Popen)
       16    0.002    0.000    0.121    0.008 /Users/yupeng/Library/Python/3.9/lib/python/site-packages/joblib/externals/loky/backend/popen_loky_posix.py:43(__init__)
       16    0.007    0.000    0.119    0.007 /Users/yupeng/Library/Python/3.9/lib/python/site-packages/joblib/externals/loky/backend/popen_loky_posix.py:92(_launch)
       17    0.001    0.000    0.107    0.006 /Users/yupeng/Library/Python/3.9/lib/python/site-packages/joblib/externals/loky/backend/fork_exec.py:33(fork_exec)
       11    0.106    0.010    0.106    0.010 /Users/yupeng/Desktop/Internship/Garvan/CellRegMap/cellregmap/_cellregmap.py:135(<listcomp>)
        1    0.000    0.000    0.103    0.103 /Users/yupeng/Library/Python/3.9/lib/python/site-packages/joblib/parallel.py:1354(_terminate_and_reset)
        1    0.000    0.000    0.103    0.103 /Users/yupeng/Library/Python/3.9/lib/python/site-packages/joblib/_parallel_backends.py:617(terminate)
        1    0.000    0.000    0.103    0.103 /Users/yupeng/Library/Python/3.9/lib/python/site-packages/joblib/_memmapping_reducer.py:603(_clean_temporary_resources)
        1    0.000    0.000    0.103    0.103 /Users/yupeng/Library/Python/3.9/lib/python/site-packages/joblib/disk.py:105(delete_folder)
       17    0.101    0.006    0.101    0.006 {built-in method posix.fork}
        1    0.000    0.000    0.032    0.032 /Users/yupeng/Library/Python/3.9/lib/python/site-packages/joblib/parallel.py:1329(_initialize_backend)
        1    0.000    0.000    0.032    0.032 /Users/yupeng/Library/Python/3.9/lib/python/site-packages/joblib/_parallel_backends.py:542(configure)
        1    0.000    0.000    0.032    0.032 /Users/yupeng/Library/Python/3.9/lib/python/site-packages/joblib/executor.py:19(get_memmapping_executor)
        1    0.000    0.000    0.032    0.032 /Users/yupeng/Library/Python/3.9/lib/python/site-packages/joblib/executor.py:25(get_memmapping_executor)
       24    0.000    0.000    0.028    0.001 /Users/yupeng/Library/Python/3.9/lib/python/site-packages/joblib/externals/loky/backend/resource_tracker.py:176(register)
       69    0.001    0.000    0.028    0.000 /Users/yupeng/Library/Python/3.9/lib/python/site-packages/joblib/externals/loky/backend/resource_tracker.py:87(ensure_running)
        2    0.000    0.000    0.028    0.014 /Users/yupeng/Library/Python/3.9/lib/python/site-packages/joblib/_memmapping_reducer.py:541(register_new_context)
        1    0.000    0.000    0.028    0.028 /Users/yupeng/Library/Python/3.9/lib/python/site-packages/joblib/_memmapping_reducer.py:522(__init__)
        1    0.000    0.000    0.028    0.028 /Users/yupeng/Library/Python/3.9/lib/python/site-packages/joblib/_memmapping_reducer.py:537(set_current_context)
        2    0.000    0.000    0.027    0.013 /Users/yupeng/Library/Python/3.9/lib/python/site-packages/joblib/_memmapping_reducer.py:573(register_folder_finalizer)
        1    0.000    0.000    0.026    0.026 /Users/yupeng/Library/Python/3.9/lib/python/site-packages/joblib/externals/loky/backend/resource_tracker.py:356(spawnv_passfds)
       32    0.000    0.000    0.022    0.001 /Users/yupeng/Library/Python/3.9/lib/python/site-packages/joblib/externals/loky/backend/reduction.py:205(dump)
        1    0.000    0.000    0.015    0.015 /Users/yupeng/Desktop/Internship/Garvan/CellRegMap/cellregmap/_cellregmap.py:621(get_L_values)
        1    0.000    0.000    0.014    0.014 /Users/yupeng/Desktop/Internship/Garvan/CellRegMap/cellregmap/_cellregmap.py:632(<listcomp>)
        4    0.003    0.001    0.014    0.004 /Users/yupeng/Library/Python/3.9/lib/python/site-packages/numpy_sugar/linalg/dot.py:29(ddot)
       32    0.000    0.000    0.014    0.000 /Users/yupeng/Library/Python/3.9/lib/python/site-packages/joblib/externals/cloudpickle/cloudpickle_fast.py:630(dump)
       32    0.005    0.000    0.014    0.000 {function CloudPickler.dump at 0x136ba68b0}
        4    0.000    0.000    0.011    0.003 /Users/yupeng/Library/Python/3.9/lib/python/site-packages/numpy/lib/function_base.py:873(copy)
        4    0.011    0.003    0.011    0.003 {built-in method numpy.array}
       17    0.001    0.000    0.009    0.001 /Users/yupeng/Library/Python/3.9/lib/python/site-packages/joblib/externals/loky/backend/context.py:325(BoundedSemaphore)
       22    0.002    0.000    0.008    0.000 /Users/yupeng/Library/Python/3.9/lib/python/site-packages/joblib/externals/loky/backend/synchronize.py:65(__init__)
       32    0.002    0.000    0.007    0.000 /Users/yupeng/Library/Python/3.9/lib/python/site-packages/joblib/externals/loky/backend/reduction.py:157(__init__)
       17    0.000    0.000    0.007    0.000 /Users/yupeng/Library/Python/3.9/lib/python/site-packages/joblib/externals/loky/backend/synchronize.py:171(__init__)
      528    0.001    0.000    0.006    0.000 /Users/yupeng/Library/Python/3.9/lib/python/site-packages/joblib/externals/cloudpickle/cloudpickle_fast.py:691(reducer_override)
        1    0.000    0.000    0.004    0.004 /Users/yupeng/Library/Python/3.9/lib/python/site-packages/joblib/externals/loky/reusable_executor.py:131(get_reusable_executor)
     2104    0.001    0.000    0.004    0.000 /Applications/Xcode.app/Contents/Developer/Library/Frameworks/Python3.framework/Versions/3.9/lib/python3.9/_collections_abc.py:826(__iter__)
        1    0.000    0.000    0.004    0.004 /Users/yupeng/Library/Python/3.9/lib/python/site-packages/joblib/externals/loky/reusable_executor.py:105(__init__)
        1    0.000    0.000    0.004    0.004 /Users/yupeng/Library/Python/3.9/lib/python/site-packages/joblib/externals/loky/process_executor.py:1028(__init__)
      208    0.000    0.000    0.004    0.000 /Users/yupeng/Library/Python/3.9/lib/python/site-packages/joblib/externals/cloudpickle/cloudpickle.py:241(_should_pickle_by_reference)
       47    0.004    0.000    0.004    0.000 {built-in method numpy.asarray}
      160    0.000    0.000    0.004    0.000 /Users/yupeng/Library/Python/3.9/lib/python/site-packages/joblib/externals/cloudpickle/cloudpickle_fast.py:434(_class_reduce)
       16    0.002    0.000    0.003    0.000 /Users/yupeng/Library/Python/3.9/lib/python/site-packages/joblib/externals/loky/backend/spawn.py:59(get_preparation_data)
      951    0.001    0.000    0.003    0.000 /Applications/Xcode.app/Contents/Developer/Library/Frameworks/Python3.framework/Versions/3.9/lib/python3.9/os.py:674(__getitem__)
        4    0.000    0.000    0.003    0.001 <frozen importlib._bootstrap>:1002(_find_and_load)
      208    0.001    0.000    0.003    0.000 /Users/yupeng/Library/Python/3.9/lib/python/site-packages/joblib/externals/cloudpickle/cloudpickle.py:278(_lookup_module_and_qualname)
        4    0.000    0.000    0.003    0.001 <frozen importlib._bootstrap>:967(_find_and_load_unlocked)
       22    0.000    0.000    0.003    0.000 /Users/yupeng/Library/Python/3.9/lib/python/site-packages/joblib/externals/loky/backend/synchronize.py:137(_make_name)
       16    0.000    0.000    0.002    0.000 /Users/yupeng/Library/Python/3.9/lib/python/site-packages/joblib/externals/loky/backend/process.py:16(__init__)
       17    0.000    0.000    0.002    0.000 /Users/yupeng/Library/Python/3.9/lib/python/site-packages/joblib/externals/loky/process_executor.py:1156(_start_executor_manager_thread)
       16    0.001    0.000    0.002    0.000 /Applications/Xcode.app/Contents/Developer/Library/Frameworks/Python3.framework/Versions/3.9/lib/python3.9/os.py:1019(fdopen)
       23    0.001    0.000    0.002    0.000 /Applications/Xcode.app/Contents/Developer/Library/Frameworks/Python3.framework/Versions/3.9/lib/python3.9/tempfile.py:145(__next__)
        5    0.000    0.000    0.002    0.000 /Users/yupeng/Library/Python/3.9/lib/python/site-packages/joblib/externals/loky/backend/context.py:331(Lock)
       64    0.001    0.000    0.002    0.000 /Users/yupeng/Library/Python/3.9/lib/python/site-packages/joblib/externals/loky/backend/_posix_reduction.py:60(reduce_connection)
       16    0.001    0.000    0.002    0.000 /Applications/Xcode.app/Contents/Developer/Library/Frameworks/Python3.framework/Versions/3.9/lib/python3.9/multiprocessing/process.py:80(__init__)
        3    0.000    0.000    0.002    0.001 <frozen importlib._bootstrap>:659(_load_unlocked)
       32    0.000    0.000    0.002    0.000 /Applications/Xcode.app/Contents/Developer/Library/Frameworks/Python3.framework/Versions/3.9/lib/python3.9/collections/__init__.py:949(__iter__)
        3    0.000    0.000    0.001    0.000 <frozen importlib._bootstrap_external>:844(exec_module)
        1    0.000    0.000    0.001    0.001 /Applications/Xcode.app/Contents/Developer/Library/Frameworks/Python3.framework/Versions/3.9/lib/python3.9/threading.py:873(start)
       23    0.000    0.000    0.001    0.000 /Applications/Xcode.app/Contents/Developer/Library/Frameworks/Python3.framework/Versions/3.9/lib/python3.9/multiprocessing/util.py:171(register_after_fork)
      952    0.001    0.000    0.001    0.000 /Applications/Xcode.app/Contents/Developer/Library/Frameworks/Python3.framework/Versions/3.9/lib/python3.9/os.py:697(__iter__)
       17    0.001    0.000    0.001    0.000 {built-in method io.open}
     1871    0.001    0.000    0.001    0.000 /Applications/Xcode.app/Contents/Developer/Library/Frameworks/Python3.framework/Versions/3.9/lib/python3.9/os.py:758(decode)
       38    0.001    0.000    0.001    0.000 /Applications/Xcode.app/Contents/Developer/Library/Frameworks/Python3.framework/Versions/3.9/lib/python3.9/multiprocessing/util.py:186(__init__)
        1    0.000    0.000    0.001    0.001 /Applications/Xcode.app/Contents/Developer/Library/Frameworks/Python3.framework/Versions/3.9/lib/python3.9/threading.py:556(wait)
        1    0.000    0.000    0.001    0.001 /Applications/Xcode.app/Contents/Developer/Library/Frameworks/Python3.framework/Versions/3.9/lib/python3.9/threading.py:280(wait)
       56    0.001    0.000    0.001    0.000 {method 'acquire' of '_thread.lock' objects}
       64    0.001    0.000    0.001    0.000 {built-in method fromkeys}
     1168    0.001    0.000    0.001    0.000 {built-in method builtins.getattr}
       64    0.000    0.000    0.001    0.000 /Users/yupeng/Library/Python/3.9/lib/python/site-packages/joblib/externals/loky/backend/_posix_reduction.py:29(DupFd)
       23    0.000    0.000    0.001    0.000 /Applications/Xcode.app/Contents/Developer/Library/Frameworks/Python3.framework/Versions/3.9/lib/python3.9/tempfile.py:148(<listcomp>)
        3    0.000    0.000    0.001    0.000 <frozen importlib._bootstrap_external>:916(get_code)
       23    0.001    0.000    0.001    0.000 /Applications/Xcode.app/Contents/Developer/Library/Frameworks/Python3.framework/Versions/3.9/lib/python3.9/weakref.py:162(__setitem__)
        2    0.000    0.000    0.001    0.000 /Users/yupeng/Library/Python/3.9/lib/python/site-packages/joblib/_memmapping_reducer.py:172(_get_temp_dir)
        1    0.000    0.000    0.001    0.001 /Users/yupeng/Library/Python/3.9/lib/python/site-packages/joblib/externals/loky/reusable_executor.py:279(_setup_queues)
     1120    0.001    0.000    0.001    0.000 /Applications/Xcode.app/Contents/Developer/Library/Frameworks/Python3.framework/Versions/3.9/lib/python3.9/collections/__init__.py:935(__getitem__)
        4    0.000    0.000    0.001    0.000 <frozen importlib._bootstrap>:901(_find_spec)
      184    0.000    0.000    0.001    0.000 /Applications/Xcode.app/Contents/Developer/Library/Frameworks/Python3.framework/Versions/3.9/lib/python3.9/random.py:343(choice)
       32    0.001    0.000    0.001    0.000 /Users/yupeng/Library/Python/3.9/lib/python/site-packages/joblib/externals/cloudpickle/cloudpickle_fast.py:644(__init__)
       17    0.001    0.000    0.001    0.000 {built-in method posix.getcwd}
        1    0.000    0.000    0.001    0.001 /Users/yupeng/Library/Python/3.9/lib/python/site-packages/joblib/externals/loky/initializers.py:67(_prepare_initializer)
        1    0.000    0.000    0.001    0.001 /Users/yupeng/Library/Python/3.9/lib/python/site-packages/joblib/externals/loky/initializers.py:13(_make_viztracer_initializer_and_initargs)
      208    0.000    0.000    0.001    0.000 /Applications/Xcode.app/Contents/Developer/Library/Frameworks/Python3.framework/Versions/3.9/lib/python3.9/pickle.py:322(_getattribute)
      951    0.000    0.000    0.001    0.000 /Applications/Xcode.app/Contents/Developer/Library/Frameworks/Python3.framework/Versions/3.9/lib/python3.9/os.py:754(encode)
      105    0.000    0.000    0.001    0.000 /Users/yupeng/Library/Python/3.9/lib/python/site-packages/joblib/externals/loky/backend/resource_tracker.py:191(_send)
       68    0.000    0.000    0.001    0.000 /Users/yupeng/Library/Python/3.9/lib/python/site-packages/joblib/externals/loky/backend/resource_tracker.py:167(_check_alive)
        2    0.000    0.000    0.001    0.000 /Applications/Xcode.app/Contents/Developer/Library/Frameworks/Python3.framework/Versions/3.9/lib/python3.9/tempfile.py:280(gettempdir)
       25    0.001    0.000    0.001    0.000 {built-in method posix.stat}
        1    0.000    0.000    0.001    0.001 /Applications/Xcode.app/Contents/Developer/Library/Frameworks/Python3.framework/Versions/3.9/lib/python3.9/tempfile.py:178(_get_default_tempdir)
        1    0.000    0.000    0.001    0.001 /Users/yupeng/Library/Python/3.9/lib/python/site-packages/numpy_sugar/linalg/svd.py:4(economic_svd)
       16    0.000    0.000    0.001    0.000 /Applications/Xcode.app/Contents/Developer/Library/Frameworks/Python3.framework/Versions/3.9/lib/python3.9/multiprocessing/process.py:61(_cleanup)
        5    0.000    0.000    0.001    0.000 /Users/yupeng/Library/Python/3.9/lib/python/site-packages/joblib/externals/loky/backend/synchronize.py:191(__init__)
      208    0.000    0.000    0.001    0.000 /Users/yupeng/Library/Python/3.9/lib/python/site-packages/joblib/externals/cloudpickle/cloudpickle.py:181(_is_registered_pickle_by_value)
       80    0.000    0.000    0.001    0.000 /Users/yupeng/Library/Python/3.9/lib/python/site-packages/joblib/externals/loky/backend/popen_loky_posix.py:50(duplicate_for_child)
       20    0.001    0.000    0.001    0.000 {method '__exit__' of '_io._IOBase' objects}
       48    0.000    0.000    0.001    0.000 /Users/yupeng/Library/Python/3.9/lib/python/site-packages/joblib/externals/cloudpickle/cloudpickle_fast.py:580(_function_reduce)
        1    0.001    0.001    0.001    0.001 /Users/yupeng/Library/Python/3.9/lib/python/site-packages/scipy/linalg/_decomp_svd.py:13(svd)
        4    0.000    0.000    0.001    0.000 <frozen importlib._bootstrap_external>:1406(find_spec)
        1    0.000    0.000    0.001    0.001 /Users/yupeng/Library/Python/3.9/lib/python/site-packages/joblib/externals/loky/process_executor.py:1133(_setup_queues)
        4    0.000    0.000    0.001    0.000 <frozen importlib._bootstrap_external>:1374(_get_spec)
        1    0.000    0.000    0.001    0.001 /Users/yupeng/Library/Python/3.9/lib/python/site-packages/joblib/externals/loky/process_executor.py:526(__init__)
        3    0.000    0.000    0.001    0.000 /Users/yupeng/Library/Python/3.9/lib/python/site-packages/joblib/externals/loky/backend/context.py:83(cpu_count)
       17    0.000    0.000    0.001    0.000 /Applications/Xcode.app/Contents/Developer/Library/Frameworks/Python3.framework/Versions/3.9/lib/python3.9/logging/__init__.py:227(_releaseLock)
      194    0.000    0.000    0.001    0.000 /Users/yupeng/Library/Python/3.9/lib/python/site-packages/joblib/externals/loky/backend/_posix_reduction.py:24(_mk_inheritable)
       32    0.000    0.000    0.001    0.000 /Users/yupeng/Library/Python/3.9/lib/python/site-packages/joblib/externals/loky/backend/reduction.py:136(_set_dispatch_table)
        3    0.000    0.000    0.001    0.000 /Users/yupeng/Library/Python/3.9/lib/python/site-packages/joblib/externals/loky/backend/context.py:220(_cpu_count_user)
        1    0.000    0.000    0.001    0.001 /Applications/Xcode.app/Contents/Developer/Library/Frameworks/Python3.framework/Versions/3.9/lib/python3.9/shutil.py:682(rmtree)
        3    0.000    0.000    0.001    0.000 <frozen importlib._bootstrap_external>:645(_compile_bytecode)
        1    0.000    0.000    0.001    0.001 /Applications/Xcode.app/Contents/Developer/Library/Frameworks/Python3.framework/Versions/3.9/lib/python3.9/genericpath.py:39(isdir)
        3    0.001    0.000    0.001    0.000 {built-in method marshal.loads}
     1871    0.001    0.000    0.001    0.000 {method 'decode' of 'bytes' objects}
       94    0.000    0.000    0.001    0.000 <frozen importlib._bootstrap>:398(parent)
        9    0.000    0.000    0.001    0.000 <frozen importlib._bootstrap_external>:1505(find_spec)
      112    0.000    0.000    0.001    0.000 /Users/yupeng/Library/Python/3.9/lib/python/site-packages/joblib/externals/loky/backend/synchronize.py:124(__getstate__)
      115    0.000    0.000    0.000    0.000 {method 'update' of 'dict' objects}
       49    0.000    0.000    0.000    0.000 /Applications/Xcode.app/Contents/Developer/Library/Frameworks/Python3.framework/Versions/3.9/lib/python3.9/_collections_abc.py:776(keys)
      138    0.000    0.000    0.000    0.000 {built-in method posix.write}
      184    0.000    0.000    0.000    0.000 /Applications/Xcode.app/Contents/Developer/Library/Frameworks/Python3.framework/Versions/3.9/lib/python3.9/random.py:237(_randbelow_with_getrandbits)
1726/1719    0.000    0.000    0.000    0.000 {built-in method builtins.isinstance}
        3    0.000    0.000    0.000    0.000 /Users/yupeng/Library/Python/3.9/lib/python/site-packages/joblib/externals/loky/backend/context.py:184(_cpu_count_affinity)
      208    0.000    0.000    0.000    0.000 /Users/yupeng/Library/Python/3.9/lib/python/site-packages/joblib/externals/cloudpickle/cloudpickle.py:195(_whichmodule)
        3    0.000    0.000    0.000    0.000 {built-in method posix.listdir}
        1    0.000    0.000    0.000    0.000 /Users/yupeng/Library/Python/3.9/lib/python/site-packages/joblib/externals/loky/process_executor.py:302(__init__)
        3    0.000    0.000    0.000    0.000 <frozen importlib._bootstrap>:220(_call_with_frames_removed)
        3    0.000    0.000    0.000    0.000 {built-in method builtins.exec}
       34    0.000    0.000    0.000    0.000 /Applications/Xcode.app/Contents/Developer/Library/Frameworks/Python3.framework/Versions/3.9/lib/python3.9/queue.py:122(put)
        1    0.000    0.000    0.000    0.000 /Applications/Xcode.app/Contents/Developer/Library/Frameworks/Python3.framework/Versions/3.9/lib/python3.9/threading.py:795(__init__)
        1    0.000    0.000    0.000    0.000 /Users/yupeng/Library/Python/3.9/lib/python/site-packages/joblib/externals/loky/backend/queues.py:31(__init__)
       17    0.000    0.000    0.000    0.000 /Users/yupeng/Library/Python/3.9/lib/python/site-packages/joblib/externals/loky/process_executor.py:130(wakeup)
      194    0.000    0.000    0.000    0.000 {built-in method posix.set_inheritable}
        1    0.000    0.000    0.000    0.000 /Applications/Xcode.app/Contents/Developer/Library/Frameworks/Python3.framework/Versions/3.9/lib/python3.9/multiprocessing/queues.py:37(__init__)
        3    0.000    0.000    0.000    0.000 /Users/yupeng/Library/Python/3.9/lib/python/site-packages/psutil/__init__.py:312(__init__)
       16    0.000    0.000    0.000    0.000 /Users/yupeng/Library/Python/3.9/lib/python/site-packages/joblib/externals/loky/backend/queues.py:36(__getstate__)
       16    0.000    0.000    0.000    0.000 /Applications/Xcode.app/Contents/Developer/Library/Frameworks/Python3.framework/Versions/3.9/lib/python3.9/multiprocessing/process.py:344(__reduce__)
      264    0.000    0.000    0.000    0.000 {method 'get' of 'dict' objects}
        3    0.000    0.000    0.000    0.000 /Users/yupeng/Library/Python/3.9/lib/python/site-packages/psutil/__init__.py:315(_init)
       18    0.000    0.000    0.000    0.000 /Users/yupeng/Desktop/Internship/Garvan/CellRegMap/cellregmap/_cellregmap.py:470(<genexpr>)
        1    0.000    0.000    0.000    0.000 {built-in method posix.unlink}
       17    0.000    0.000    0.000    0.000 /Applications/Xcode.app/Contents/Developer/Library/Frameworks/Python3.framework/Versions/3.9/lib/python3.9/multiprocessing/connection.py:186(send_bytes)
        3    0.000    0.000    0.000    0.000 <frozen importlib._bootstrap_external>:1036(get_data)
      120    0.000    0.000    0.000    0.000 /Users/yupeng/Library/Python/3.9/lib/python/site-packages/joblib/externals/loky/backend/popen_loky_posix.py:54(poll)
        1    0.000    0.000    0.000    0.000 /Users/yupeng/Library/Python/3.9/lib/python/site-packages/joblib/externals/loky/backend/synchronize.py:15(<module>)
       17    0.000    0.000    0.000    0.000 /Applications/Xcode.app/Contents/Developer/Library/Frameworks/Python3.framework/Versions/3.9/lib/python3.9/concurrent/futures/_base.py:317(__init__)
     1056    0.000    0.000    0.000    0.000 {method 'encode' of 'str' objects}
       16    0.000    0.000    0.000    0.000 /Applications/Xcode.app/Contents/Developer/Library/Frameworks/Python3.framework/Versions/3.9/lib/python3.9/multiprocessing/resource_tracker.py:70(ensure_running)
       17    0.000    0.000    0.000    0.000 /Users/yupeng/Library/Python/3.9/lib/python/site-packages/joblib/parallel.py:654(delayed)
       23    0.000    0.000    0.000    0.000 /Applications/Xcode.app/Contents/Developer/Library/Frameworks/Python3.framework/Versions/3.9/lib/python3.9/tempfile.py:134(rng)
       20    0.000    0.000    0.000    0.000 /Applications/Xcode.app/Contents/Developer/Library/Frameworks/Python3.framework/Versions/3.9/lib/python3.9/queue.py:154(get)
       23    0.000    0.000    0.000    0.000 /Applications/Xcode.app/Contents/Developer/Library/Frameworks/Python3.framework/Versions/3.9/lib/python3.9/weakref.py:345(__new__)
       32    0.000    0.000    0.000    0.000 {method 'flush' of '_io.TextIOWrapper' objects}
        3    0.000    0.000    0.000    0.000 /Users/yupeng/Library/Python/3.9/lib/python/site-packages/psutil/__init__.py:729(create_time)
        1    0.000    0.000    0.000    0.000 /Users/yupeng/Library/Python/3.9/lib/python/site-packages/joblib/_utils.py:20(eval_expr)
        3    0.000    0.000    0.000    0.000 {built-in method io.open_code}
        1    0.000    0.000    0.000    0.000 {built-in method posix.rmdir}
        9    0.000    0.000    0.000    0.000 {built-in method builtins.__build_class__}
       96    0.000    0.000    0.000    0.000 {method 'join' of 'str' objects}
       17    0.000    0.000    0.000    0.000 /Applications/Xcode.app/Contents/Developer/Library/Frameworks/Python3.framework/Versions/3.9/lib/python3.9/multiprocessing/connection.py:395(_send_bytes)
      736    0.000    0.000    0.000    0.000 {method 'rsplit' of 'str' objects}
      6/3    0.000    0.000    0.000    0.000 /Users/yupeng/Library/Python/3.9/lib/python/site-packages/psutil/_psosx.py:343(wrapper)
       37    0.000    0.000    0.000    0.000 {built-in method posix.pipe}
        3    0.000    0.000    0.000    0.000 /Users/yupeng/Library/Python/3.9/lib/python/site-packages/psutil/_psosx.py:467(create_time)
       16    0.000    0.000    0.000    0.000 /Applications/Xcode.app/Contents/Developer/Library/Frameworks/Python3.framework/Versions/3.9/lib/python3.9/multiprocessing/process.py:234(ident)
       16    0.000    0.000    0.000    0.000 /Users/yupeng/Library/Python/3.9/lib/python/site-packages/joblib/externals/loky/backend/resource_tracker.py:83(getfd)
       25    0.000    0.000    0.000    0.000 /Applications/Xcode.app/Contents/Developer/Library/Frameworks/Python3.framework/Versions/3.9/lib/python3.9/threading.py:228(__init__)
       64    0.000    0.000    0.000    0.000 /Users/yupeng/Library/Python/3.9/lib/python/site-packages/joblib/externals/loky/backend/popen_loky_posix.py:27(__init__)
        1    0.000    0.000    0.000    0.000 /Users/yupeng/Library/Python/3.9/lib/python/site-packages/joblib/parallel.py:615(cpu_count)
       32    0.000    0.000    0.000    0.000 /Applications/Xcode.app/Contents/Developer/Library/Frameworks/Python3.framework/Versions/3.9/lib/python3.9/multiprocessing/context.py:354(set_spawning_popen)
       17    0.000    0.000    0.000    0.000 {method 'release' of '_thread.RLock' objects}
      120    0.000    0.000    0.000    0.000 {built-in method posix.waitpid}
        2    0.000    0.000    0.000    0.000 {built-in method posix.open}
        3    0.000    0.000    0.000    0.000 /Users/yupeng/Library/Python/3.9/lib/python/site-packages/psutil/_common.py:476(wrapper)
       51    0.000    0.000    0.000    0.000 /Applications/Xcode.app/Contents/Developer/Library/Frameworks/Python3.framework/Versions/3.9/lib/python3.9/threading.py:351(notify)
       16    0.000    0.000    0.000    0.000 /Users/yupeng/Library/Python/3.9/lib/python/site-packages/joblib/externals/loky/backend/queues.py:208(__getstate__)
        3    0.000    0.000    0.000    0.000 /Users/yupeng/Library/Python/3.9/lib/python/site-packages/psutil/_psosx.py:367(_get_kinfo_proc)
        1    0.000    0.000    0.000    0.000 /Users/yupeng/Library/Python/3.9/lib/python/site-packages/joblib/externals/loky/backend/queues.py:197(__init__)
       15    0.000    0.000    0.000    0.000 <frozen importlib._bootstrap_external>:135(_path_stat)
       16    0.000    0.000    0.000    0.000 /Users/yupeng/Library/Python/3.9/lib/python/site-packages/joblib/externals/loky/backend/spawn.py:37(_check_not_importing_main)
      224    0.000    0.000    0.000    0.000 /Applications/Xcode.app/Contents/Developer/Library/Frameworks/Python3.framework/Versions/3.9/lib/python3.9/multiprocessing/context.py:351(get_spawning_popen)
        1    0.000    0.000    0.000    0.000 /Applications/Xcode.app/Contents/Developer/Library/Frameworks/Python3.framework/Versions/3.9/lib/python3.9/multiprocessing/queues.py:340(__init__)
      144    0.000    0.000    0.000    0.000 /Applications/Xcode.app/Contents/Developer/Library/Frameworks/Python3.framework/Versions/3.9/lib/python3.9/multiprocessing/context.py:357(assert_spawning)
        3    0.000    0.000    0.000    0.000 {built-in method psutil._psutil_osx.proc_kinfo_oneshot}
       84    0.000    0.000    0.000    0.000 {built-in method builtins.hasattr}
        9    0.000    0.000    0.000    0.000 /Applications/Xcode.app/Contents/Developer/Library/Frameworks/Python3.framework/Versions/3.9/lib/python3.9/genericpath.py:16(exists)
        2    0.000    0.000    0.000    0.000 /Applications/Xcode.app/Contents/Developer/Library/Frameworks/Python3.framework/Versions/3.9/lib/python3.9/signal.py:58(pthread_sigmask)
       12    0.000    0.000    0.000    0.000 /Users/yupeng/Library/Python/3.9/lib/python/site-packages/joblib/externals/loky/backend/resource_tracker.py:186(maybe_unlink)
       22    0.000    0.000    0.000    0.000 /Users/yupeng/Library/Python/3.9/lib/python/site-packages/joblib/externals/loky/backend/synchronize.py:114(_make_methods)
       49    0.000    0.000    0.000    0.000 /Applications/Xcode.app/Contents/Developer/Library/Frameworks/Python3.framework/Versions/3.9/lib/python3.9/_collections_abc.py:803(__init__)
        1    0.000    0.000    0.000    0.000 /Users/yupeng/Library/Python/3.9/lib/python/site-packages/joblib/parallel.py:1176(__init__)
        3    0.000    0.000    0.000    0.000 <frozen importlib._bootstrap>:558(module_from_spec)
       17    0.000    0.000    0.000    0.000 /Applications/Xcode.app/Contents/Developer/Library/Frameworks/Python3.framework/Versions/3.9/lib/python3.9/_weakrefset.py:82(add)
       37    0.000    0.000    0.000    0.000 {built-in method posix.close}
       17    0.000    0.000    0.000    0.000 {method 'write' of '_io.BufferedWriter' objects}
        4    0.000    0.000    0.000    0.000 <frozen importlib._bootstrap>:156(__enter__)
      721    0.000    0.000    0.000    0.000 {built-in method builtins.issubclass}
       16    0.000    0.000    0.000    0.000 /Users/yupeng/Library/Python/3.9/lib/python/site-packages/joblib/_memmapping_reducer.py:363(__reduce__)
       33    0.000    0.000    0.000    0.000 {method 'add' of 'set' objects}
        1    0.000    0.000    0.000    0.000 /Users/yupeng/Library/Python/3.9/lib/python/site-packages/joblib/_memmapping_reducer.py:477(get_memmapping_reducers)
       17    0.000    0.000    0.000    0.000 /Applications/Xcode.app/Contents/Developer/Library/Frameworks/Python3.framework/Versions/3.9/lib/python3.9/functools.py:35(update_wrapper)
        1    0.000    0.000    0.000    0.000 /Applications/Xcode.app/Contents/Developer/Library/Frameworks/Python3.framework/Versions/3.9/lib/python3.9/ast.py:33(parse)
        3    0.000    0.000    0.000    0.000 <frozen importlib._bootstrap>:486(_init_module_attrs)
       33    0.000    0.000    0.000    0.000 {method 'acquire' of '_multiprocessing.SemLock' objects}
       16    0.000    0.000    0.000    0.000 {method 'getbuffer' of '_io.BytesIO' objects}
        1    0.000    0.000    0.000    0.000 {built-in method builtins.compile}
        1    0.000    0.000    0.000    0.000 /Users/yupeng/Library/Python/3.9/lib/python/site-packages/joblib/_parallel_backends.py:171(_prepare_worker_env)
       17    0.000    0.000    0.000    0.000 /Users/yupeng/Library/Python/3.9/lib/python/site-packages/joblib/_parallel_backends.py:141(get_nested_backend)
       48    0.000    0.000    0.000    0.000 <frozen importlib._bootstrap_external>:121(_path_join)
       23    0.000    0.000    0.000    0.000 /Applications/Xcode.app/Contents/Developer/Library/Frameworks/Python3.framework/Versions/3.9/lib/python3.9/weakref.py:350(__init__)
       17    0.000    0.000    0.000    0.000 /Applications/Xcode.app/Contents/Developer/Library/Frameworks/Python3.framework/Versions/3.9/lib/python3.9/concurrent/futures/_base.py:397(add_done_callback)
       16    0.000    0.000    0.000    0.000 /Applications/Xcode.app/Contents/Developer/Library/Frameworks/Python3.framework/Versions/3.9/lib/python3.9/multiprocessing/process.py:217(authkey)
       32    0.000    0.000    0.000    0.000 /Applications/Xcode.app/Contents/Developer/Library/Frameworks/Python3.framework/Versions/3.9/lib/python3.9/multiprocessing/process.py:99(_check_closed)
       72    0.000    0.000    0.000    0.000 /Applications/Xcode.app/Contents/Developer/Library/Frameworks/Python3.framework/Versions/3.9/lib/python3.9/threading.py:256(__enter__)
        6    0.000    0.000    0.000    0.000 <frozen importlib._bootstrap_external>:361(cache_from_source)
        4    0.000    0.000    0.000    0.000 <frozen importlib._bootstrap>:166(_get_module_lock)
        4    0.000    0.000    0.000    0.000 /Applications/Xcode.app/Contents/Developer/Library/Frameworks/Python3.framework/Versions/3.9/lib/python3.9/uuid.py:713(uuid4)
       34    0.000    0.000    0.000    0.000 {built-in method __new__ of type object at 0x10814ba38}
        4    0.000    0.000    0.000    0.000 /Applications/Xcode.app/Contents/Developer/Library/Frameworks/Python3.framework/Versions/3.9/lib/python3.9/signal.py:61(<genexpr>)
        2    0.000    0.000    0.000    0.000 /Applications/Xcode.app/Contents/Developer/Library/Frameworks/Python3.framework/Versions/3.9/lib/python3.9/queue.py:34(__init__)
       17    0.000    0.000    0.000    0.000 /Applications/Xcode.app/Contents/Developer/Library/Frameworks/Python3.framework/Versions/3.9/lib/python3.9/multiprocessing/connection.py:370(_send)
       15    0.000    0.000    0.000    0.000 /Applications/Xcode.app/Contents/Developer/Library/Frameworks/Python3.framework/Versions/3.9/lib/python3.9/posixpath.py:71(join)
       64    0.000    0.000    0.000    0.000 /Applications/Xcode.app/Contents/Developer/Library/Frameworks/Python3.framework/Versions/3.9/lib/python3.9/multiprocessing/connection.py:163(readable)
      211    0.000    0.000    0.000    0.000 {method 'split' of 'str' objects}
       16    0.000    0.000    0.000    0.000 /Applications/Xcode.app/Contents/Developer/Library/Frameworks/Python3.framework/Versions/3.9/lib/python3.9/multiprocessing/resource_tracker.py:134(_check_alive)
       32    0.000    0.000    0.000    0.000 /Applications/Xcode.app/Contents/Developer/Library/Frameworks/Python3.framework/Versions/3.9/lib/python3.9/multiprocessing/process.py:94(<genexpr>)
       48    0.000    0.000    0.000    0.000 /Applications/Xcode.app/Contents/Developer/Library/Frameworks/Python3.framework/Versions/3.9/lib/python3.9/multiprocessing/process.py:189(name)
        6    0.000    0.000    0.000    0.000 <frozen importlib._bootstrap>:385(cached)
        1    0.000    0.000    0.000    0.000 /Users/yupeng/Library/Python/3.9/lib/python/site-packages/joblib/externals/loky/backend/popen_loky_posix.py:6(<module>)
        1    0.000    0.000    0.000    0.000 /Applications/Xcode.app/Contents/Developer/Library/Frameworks/Python3.framework/Versions/3.9/lib/python3.9/shutil.py:625(_rmtree_safe_fd)
        2    0.000    0.000    0.000    0.000 /Applications/Xcode.app/Contents/Developer/Library/Frameworks/Python3.framework/Versions/3.9/lib/python3.9/signal.py:25(_int_to_enum)
        2    0.000    0.000    0.000    0.000 /Applications/Xcode.app/Contents/Developer/Library/Frameworks/Python3.framework/Versions/3.9/lib/python3.9/random.py:117(__init__)
        3    0.000    0.000    0.000    0.000 /Users/yupeng/Library/Python/3.9/lib/python/site-packages/joblib/externals/loky/backend/context.py:148(_cpu_count_cgroup)
        1    0.000    0.000    0.000    0.000 /Users/yupeng/Library/Python/3.9/lib/python/site-packages/joblib/externals/loky/process_executor.py:120(__init__)
        1    0.000    0.000    0.000    0.000 /Users/yupeng/Library/Python/3.9/lib/python/site-packages/joblib/externals/loky/process_executor.py:1213(<listcomp>)
        3    0.000    0.000    0.000    0.000 <frozen importlib._bootstrap_external>:491(_get_cached)
       18    0.000    0.000    0.000    0.000 /Users/yupeng/Library/Python/3.9/lib/python/site-packages/joblib/parallel.py:1465(_get_batch_size)
       17    0.000    0.000    0.000    0.000 /Users/yupeng/Library/Python/3.9/lib/python/site-packages/joblib/externals/loky/backend/synchronize.py:121(__exit__)
      116    0.000    0.000    0.000    0.000 {method 'rpartition' of 'str' objects}
       17    0.000    0.000    0.000    0.000 /Users/yupeng/Library/Python/3.9/lib/python/site-packages/joblib/externals/loky/backend/synchronize.py:118(__enter__)
       64    0.000    0.000    0.000    0.000 /Applications/Xcode.app/Contents/Developer/Library/Frameworks/Python3.framework/Versions/3.9/lib/python3.9/multiprocessing/connection.py:173(fileno)
        3    0.000    0.000    0.000    0.000 /Applications/Xcode.app/Contents/Developer/Library/Frameworks/Python3.framework/Versions/3.9/lib/python3.9/multiprocessing/connection.py:521(Pipe)
        1    0.000    0.000    0.000    0.000 /Users/yupeng/Library/Python/3.9/lib/python/site-packages/joblib/_memmapping_reducer.py:342(__init__)
       17    0.000    0.000    0.000    0.000 {method 'copy' of 'dict' objects}
      165    0.000    0.000    0.000    0.000 {method '__exit__' of '_thread.lock' objects}
        1    0.000    0.000    0.000    0.000 /Applications/Xcode.app/Contents/Developer/Library/Frameworks/Python3.framework/Versions/3.9/lib/python3.9/tempfile.py:151(_candidate_tempdir_list)
        2    0.000    0.000    0.000    0.000 /Applications/Xcode.app/Contents/Developer/Library/Frameworks/Python3.framework/Versions/3.9/lib/python3.9/random.py:126(seed)
       17    0.000    0.000    0.000    0.000 /Users/yupeng/Library/Python/3.9/lib/python/site-packages/joblib/parallel.py:712(get_result)
       21    0.000    0.000    0.000    0.000 /Applications/Xcode.app/Contents/Developer/Library/Frameworks/Python3.framework/Versions/3.9/lib/python3.9/threading.py:82(RLock)
        1    0.000    0.000    0.000    0.000 /Users/yupeng/Library/Python/3.9/lib/python/site-packages/joblib/externals/loky/backend/context.py:47(get_context)
       34    0.000    0.000    0.000    0.000 /Applications/Xcode.app/Contents/Developer/Library/Frameworks/Python3.framework/Versions/3.9/lib/python3.9/queue.py:213(_put)
      3/1    0.000    0.000    0.000    0.000 /Users/yupeng/Library/Python/3.9/lib/python/site-packages/joblib/_utils.py:37(eval_)
        1    0.000    0.000    0.000    0.000 /Applications/Xcode.app/Contents/Developer/Library/Frameworks/Python3.framework/Versions/3.9/lib/python3.9/threading.py:521(__init__)
       11    0.000    0.000    0.000    0.000 /Users/yupeng/Library/Python/3.9/lib/python/site-packages/numpy/linalg/linalg.py:159(_commonType)
       15    0.000    0.000    0.000    0.000 /Applications/Xcode.app/Contents/Developer/Library/Frameworks/Python3.framework/Versions/3.9/lib/python3.9/_collections_abc.py:761(get)
       44    0.000    0.000    0.000    0.000 /Applications/Xcode.app/Contents/Developer/Library/Frameworks/Python3.framework/Versions/3.9/lib/python3.9/multiprocessing/util.py:48(debug)
       52    0.000    0.000    0.000    0.000 /Applications/Xcode.app/Contents/Developer/Library/Frameworks/Python3.framework/Versions/3.9/lib/python3.9/threading.py:271(_is_owned)
        1    0.000    0.000    0.000    0.000 {built-in method _thread.start_new_thread}
       72    0.000    0.000    0.000    0.000 /Applications/Xcode.app/Contents/Developer/Library/Frameworks/Python3.framework/Versions/3.9/lib/python3.9/threading.py:259(__exit__)
        1    0.000    0.000    0.000    0.000 /Applications/Xcode.app/Contents/Developer/Library/Frameworks/Python3.framework/Versions/3.9/lib/python3.9/multiprocessing/context.py:60(Pipe)
        1    0.000    0.000    0.000    0.000 /Applications/Xcode.app/Contents/Developer/Library/Frameworks/Python3.framework/Versions/3.9/lib/python3.9/contextlib.py:242(helper)
       17    0.000    0.000    0.000    0.000 {method 'release' of '_multiprocessing.SemLock' objects}
       17    0.000    0.000    0.000    0.000 /Users/yupeng/Library/Python/3.9/lib/python/site-packages/joblib/parallel.py:685(__init__)
        1    0.000    0.000    0.000    0.000 /Users/yupeng/Library/Python/3.9/lib/python/site-packages/numpy/core/function_base.py:24(linspace)
       17    0.000    0.000    0.000    0.000 /Users/yupeng/Library/Python/3.9/lib/python/site-packages/joblib/parallel.py:572(__init__)
       18    0.000    0.000    0.000    0.000 /Users/yupeng/Library/Python/3.9/lib/python/site-packages/joblib/_parallel_backends.py:43(__init__)
        1    0.000    0.000    0.000    0.000 /Users/yupeng/Library/Python/3.9/lib/python/site-packages/joblib/externals/loky/backend/resource_tracker.py:181(unregister)
       48    0.000    0.000    0.000    0.000 <frozen importlib._bootstrap_external>:123(<listcomp>)
        3    0.000    0.000    0.000    0.000 /Applications/Xcode.app/Contents/Developer/Library/Frameworks/Python3.framework/Versions/3.9/lib/python3.9/posixpath.py:372(abspath)
      325    0.000    0.000    0.000    0.000 {method 'getrandbits' of '_random.Random' objects}
        2    0.000    0.000    0.000    0.000 /Applications/Xcode.app/Contents/Developer/Library/Frameworks/Python3.framework/Versions/3.9/lib/python3.9/enum.py:358(__call__)
      121    0.000    0.000    0.000    0.000 {built-in method posix.getpid}
        3    0.000    0.000    0.000    0.000 <frozen importlib._bootstrap_external>:1500(_get_spec)
        2    0.000    0.000    0.000    0.000 /Applications/Xcode.app/Contents/Developer/Library/Frameworks/Python3.framework/Versions/3.9/lib/python3.9/multiprocessing/context.py:233(get_context)
        1    0.000    0.000    0.000    0.000 {built-in method posix.scandir}
        1    0.000    0.000    0.000    0.000 {built-in method posix.lstat}
        1    0.000    0.000    0.000    0.000 /Applications/Xcode.app/Contents/Developer/Library/Frameworks/Python3.framework/Versions/3.9/lib/python3.9/multiprocessing/queues.py:71(_reset)
       17    0.000    0.000    0.000    0.000 {built-in method _struct.pack}
        1    0.000    0.000    0.000    0.000 /Users/yupeng/Library/Python/3.9/lib/python/site-packages/scipy/linalg/lapack.py:979(_compute_lwork)
        3    0.000    0.000    0.000    0.000 {method 'read' of '_io.BufferedReader' objects}
       73    0.000    0.000    0.000    0.000 {method '__exit__' of '_thread.RLock' objects}
       52    0.000    0.000    0.000    0.000 {method 'append' of 'collections.deque' objects}
        4    0.000    0.000    0.000    0.000 <frozen importlib._bootstrap>:58(__init__)
       17    0.000    0.000    0.000    0.000 /Applications/Xcode.app/Contents/Developer/Library/Frameworks/Python3.framework/Versions/3.9/lib/python3.9/logging/__init__.py:218(_acquireLock)
       22    0.000    0.000    0.000    0.000 /Users/yupeng/Library/Python/3.9/lib/python/site-packages/numpy/linalg/linalg.py:153(_realType)
        2    0.000    0.000    0.000    0.000 {function Random.seed at 0x107e85c10}
        3    0.000    0.000    0.000    0.000 <frozen importlib._bootstrap_external>:154(_path_isfile)
        4    0.000    0.000    0.000    0.000 {built-in method posix.urandom}
       34    0.000    0.000    0.000    0.000 {method 'astype' of 'numpy.ndarray' objects}
        1    0.000    0.000    0.000    0.000 /Users/yupeng/Library/Python/3.9/lib/python/site-packages/joblib/externals/loky/process_executor.py:936(_check_system_limits)
        1    0.000    0.000    0.000    0.000 /Users/yupeng/Desktop/Internship/Garvan/CellRegMap/cellregmap/_cellregmap.py:480(<listcomp>)
       17    0.000    0.000    0.000    0.000 /Users/yupeng/Library/Python/3.9/lib/python/site-packages/joblib/parallel.py:751(_return_or_raise)
       17    0.000    0.000    0.000    0.000 /Applications/Xcode.app/Contents/Developer/Library/Frameworks/Python3.framework/Versions/3.9/lib/python3.9/functools.py:65(wraps)
       43    0.000    0.000    0.000    0.000 {method 'startswith' of 'str' objects}
       81    0.000    0.000    0.000    0.000 /Applications/Xcode.app/Contents/Developer/Library/Frameworks/Python3.framework/Versions/3.9/lib/python3.9/multiprocessing/connection.py:139(_check_closed)
        1    0.000    0.000    0.000    0.000 /Applications/Xcode.app/Contents/Developer/Library/Frameworks/Python3.framework/Versions/3.9/lib/python3.9/threading.py:1383(_register_atexit)
        1    0.000    0.000    0.000    0.000 /Users/yupeng/Desktop/Internship/Garvan/CellRegMap/cellregmap/_cellregmap.py:481(<listcomp>)
       55    0.000    0.000    0.000    0.000 {method '__enter__' of '_thread.lock' objects}
        1    0.000    0.000    0.000    0.000 /Users/yupeng/Library/Python/3.9/lib/python/site-packages/scipy/linalg/blas.py:384(getter)
        3    0.000    0.000    0.000    0.000 /Applications/Xcode.app/Contents/Developer/Library/Frameworks/Python3.framework/Versions/3.9/lib/python3.9/posixpath.py:334(normpath)
        4    0.000    0.000    0.000    0.000 /Applications/Xcode.app/Contents/Developer/Library/Frameworks/Python3.framework/Versions/3.9/lib/python3.9/uuid.py:138(__init__)
        1    0.000    0.000    0.000    0.000 /Applications/Xcode.app/Contents/Developer/Library/Frameworks/Python3.framework/Versions/3.9/lib/python3.9/contextlib.py:86(__init__)
        3    0.000    0.000    0.000    0.000 <frozen importlib._bootstrap_external>:1077(path_stats)
      119    0.000    0.000    0.000    0.000 {method 'append' of 'list' objects}
       88    0.000    0.000    0.000    0.000 {built-in method builtins.setattr}
        1    0.000    0.000    0.000    0.000 /Applications/Xcode.app/Contents/Developer/Library/Frameworks/Python3.framework/Versions/3.9/lib/python3.9/multiprocessing/context.py:187(get_context)
      184    0.000    0.000    0.000    0.000 {method 'bit_length' of 'int' objects}
        2    0.000    0.000    0.000    0.000 /Applications/Xcode.app/Contents/Developer/Library/Frameworks/Python3.framework/Versions/3.9/lib/python3.9/threading.py:1338(current_thread)
        3    0.000    0.000    0.000    0.000 <frozen importlib._bootstrap_external>:145(_path_is_mode_type)
        1    0.000    0.000    0.000    0.000 <frozen importlib._bootstrap>:892(_find_spec_legacy)
       18    0.000    0.000    0.000    0.000 /Users/yupeng/Library/Python/3.9/lib/python/site-packages/joblib/_parallel_backends.py:326(compute_batch_size)
        4    0.000    0.000    0.000    0.000 <frozen importlib._bootstrap>:160(__exit__)
        6    0.000    0.000    0.000    0.000 <frozen importlib._bootstrap_external>:127(_path_split)
       11    0.000    0.000    0.000    0.000 /Users/yupeng/Library/Python/3.9/lib/python/site-packages/numpy/linalg/linalg.py:135(_makearray)
        1    0.000    0.000    0.000    0.000 /Users/yupeng/Library/Python/3.9/lib/python/site-packages/scipy/linalg/lapack.py:881(get_lapack_funcs)
        1    0.000    0.000    0.000    0.000 /Users/yupeng/Library/Python/3.9/lib/python/site-packages/joblib/parallel.py:142(_get_active_backend)
       14    0.000    0.000    0.000    0.000 {built-in method _thread.allocate_lock}
       20    0.000    0.000    0.000    0.000 /Applications/Xcode.app/Contents/Developer/Library/Frameworks/Python3.framework/Versions/3.9/lib/python3.9/queue.py:209(_qsize)
        4    0.000    0.000    0.000    0.000 <frozen importlib._bootstrap>:112(release)
       16    0.000    0.000    0.000    0.000 /Users/yupeng/Library/Python/3.9/lib/python/site-packages/joblib/externals/loky/backend/spawn.py:72(<listcomp>)
        1    0.000    0.000    0.000    0.000 /Users/yupeng/Library/Python/3.9/lib/python/site-packages/scipy/linalg/blas.py:326(_get_funcs)
       11    0.000    0.000    0.000    0.000 <string>:1(<lambda>)
        1    0.000    0.000    0.000    0.000 /Applications/Xcode.app/Contents/Developer/Library/Frameworks/Python3.framework/Versions/3.9/lib/python3.9/site-packages/pkg_resources/extern/__init__.py:57(find_spec)
        2    0.000    0.000    0.000    0.000 /Applications/Xcode.app/Contents/Developer/Library/Frameworks/Python3.framework/Versions/3.9/lib/python3.9/copyreg.py:103(_slotnames)
        6    0.000    0.000    0.000    0.000 /Applications/Xcode.app/Contents/Developer/Library/Frameworks/Python3.framework/Versions/3.9/lib/python3.9/multiprocessing/connection.py:122(__init__)
       17    0.000    0.000    0.000    0.000 /Applications/Xcode.app/Contents/Developer/Library/Frameworks/Python3.framework/Versions/3.9/lib/python3.9/queue.py:217(_get)
       17    0.000    0.000    0.000    0.000 /Users/yupeng/Library/Python/3.9/lib/python/site-packages/joblib/externals/loky/process_executor.py:265(__init__)
       10    0.000    0.000    0.000    0.000 <frozen importlib._bootstrap_external>:1337(_path_importer_cache)
        3    0.000    0.000    0.000    0.000 <frozen importlib._bootstrap_external>:696(spec_from_file_location)
        5    0.000    0.000    0.000    0.000 <frozen importlib._bootstrap>:1033(_handle_fromlist)
       18    0.000    0.000    0.000    0.000 {built-in method builtins.max}
        3    0.000    0.000    0.000    0.000 <frozen importlib._bootstrap_external>:560(_classify_pyc)
        4    0.000    0.000    0.000    0.000 <frozen importlib._bootstrap>:87(acquire)
        2    0.000    0.000    0.000    0.000 /Applications/Xcode.app/Contents/Developer/Library/Frameworks/Python3.framework/Versions/3.9/lib/python3.9/enum.py:670(__new__)
       11    0.000    0.000    0.000    0.000 /Users/yupeng/Library/Python/3.9/lib/python/site-packages/numpy/linalg/linalg.py:130(get_linalg_error_extobj)
       32    0.000    0.000    0.000    0.000 /Applications/Xcode.app/Contents/Developer/Library/Frameworks/Python3.framework/Versions/3.9/lib/python3.9/multiprocessing/process.py:213(authkey)
       32    0.000    0.000    0.000    0.000 {method 'mro' of 'type' objects}
        3    0.000    0.000    0.000    0.000 {built-in method posix.cpu_count}
        9    0.000    0.000    0.000    0.000 <frozen importlib._bootstrap_external>:64(_relax_case)
        1    0.000    0.000    0.000    0.000 /Applications/Xcode.app/Contents/Developer/Library/Frameworks/Python3.framework/Versions/3.9/lib/python3.9/threading.py:1209(_make_invoke_excepthook)
       17    0.000    0.000    0.000    0.000 {method 'acquire' of '_thread.RLock' objects}
        3    0.000    0.000    0.000    0.000 /Applications/Xcode.app/Contents/Developer/Library/Frameworks/Python3.framework/Versions/3.9/lib/python3.9/ast.py:520(__instancecheck__)
        1    0.000    0.000    0.000    0.000 /Users/yupeng/Desktop/Internship/Garvan/CellRegMap/cellregmap/_cellregmap.py:473(<listcomp>)
       34    0.000    0.000    0.000    0.000 /Users/yupeng/Library/Python/3.9/lib/python/site-packages/joblib/parallel.py:602(__len__)
        9    0.000    0.000    0.000    0.000 <frozen importlib._bootstrap_external>:79(_unpack_uint32)
        5    0.000    0.000    0.000    0.000 {method 'format' of 'str' objects}
        1    0.000    0.000    0.000    0.000 /Users/yupeng/Library/Python/3.9/lib/python/site-packages/joblib/_parallel_backends.py:557(effective_n_jobs)
        1    0.000    0.000    0.000    0.000 /Users/yupeng/Desktop/Internship/Garvan/CellRegMap/cellregmap/_cellregmap.py:474(<listcomp>)
        1    0.000    0.000    0.000    0.000 /Users/yupeng/Library/Python/3.9/lib/python/site-packages/joblib/parallel.py:1808(_reset_run_tracking)
       18    0.000    0.000    0.000    0.000 /Applications/Xcode.app/Contents/Developer/Library/Frameworks/Python3.framework/Versions/3.9/lib/python3.9/posixpath.py:41(_get_sep)
        2    0.000    0.000    0.000    0.000 {built-in method _signal.pthread_sigmask}
        1    0.000    0.000    0.000    0.000 /Users/yupeng/Library/Python/3.9/lib/python/site-packages/tlz/_build_tlz.py:46(find_spec)
       64    0.000    0.000    0.000    0.000 /Applications/Xcode.app/Contents/Developer/Library/Frameworks/Python3.framework/Versions/3.9/lib/python3.9/multiprocessing/connection.py:168(writable)
        1    0.000    0.000    0.000    0.000 /Users/yupeng/Desktop/Internship/Garvan/CellRegMap/cellregmap/_cellregmap.py:467(<listcomp>)
       51    0.000    0.000    0.000    0.000 <frozen importlib._bootstrap>:231(_verbose_message)
        1    0.000    0.000    0.000    0.000 /Applications/Xcode.app/Contents/Developer/Library/Frameworks/Python3.framework/Versions/3.9/lib/python3.9/site-packages/pkg_resources/extern/__init__.py:24(_module_matches_namespace)
        1    0.000    0.000    0.000    0.000 /Users/yupeng/Desktop/Internship/Garvan/CellRegMap/cellregmap/_cellregmap.py:482(<listcomp>)
        1    0.000    0.000    0.000    0.000 /Applications/Xcode.app/Contents/Developer/Library/Frameworks/Python3.framework/Versions/3.9/lib/python3.9/subprocess.py:282(_args_from_interpreter_flags)
      102    0.000    0.000    0.000    0.000 {method 'rstrip' of 'str' objects}
       11    0.000    0.000    0.000    0.000 /Users/yupeng/Library/Python/3.9/lib/python/site-packages/numpy/linalg/linalg.py:203(_assert_stacked_2d)
        2    0.000    0.000    0.000    0.000 {built-in method atexit.register}
        1    0.000    0.000    0.000    0.000 /Users/yupeng/Library/Python/3.9/lib/python/site-packages/joblib/externals/loky/backend/synchronize.py:61(SemLock)
        4    0.000    0.000    0.000    0.000 <frozen importlib._bootstrap>:351(__init__)
       18    0.000    0.000    0.000    0.000 {built-in method time.time}
        1    0.000    0.000    0.000    0.000 /Users/yupeng/Library/Python/3.9/lib/python/site-packages/joblib/_memmapping_reducer.py:119(__init__)
       12    0.000    0.000    0.000    0.000 /Users/yupeng/Library/Python/3.9/lib/python/site-packages/joblib/_memmapping_reducer.py:142(on_destroy)
        1    0.000    0.000    0.000    0.000 /Users/yupeng/Library/Python/3.9/lib/python/site-packages/scipy/_lib/_util.py:194(_asarray_validated)
       22    0.000    0.000    0.000    0.000 /Users/yupeng/Library/Python/3.9/lib/python/site-packages/numpy/linalg/linalg.py:140(isComplexType)
        4    0.000    0.000    0.000    0.000 <frozen importlib._bootstrap>:736(find_spec)
        1    0.000    0.000    0.000    0.000 /Applications/Xcode.app/Contents/Developer/Library/Frameworks/Python3.framework/Versions/3.9/lib/python3.9/weakref.py:417(__setitem__)
        4    0.000    0.000    0.000    0.000 <frozen importlib._bootstrap>:152(__init__)
       16    0.000    0.000    0.000    0.000 <frozen importlib._bootstrap>:878(__exit__)
        3    0.000    0.000    0.000    0.000 /Applications/Xcode.app/Contents/Developer/Library/Frameworks/Python3.framework/Versions/3.9/lib/python3.9/os.py:771(getenv)
        1    0.000    0.000    0.000    0.000 /Users/yupeng/Desktop/Internship/Garvan/CellRegMap/cellregmap/_cellregmap.py:479(<listcomp>)
        1    0.000    0.000    0.000    0.000 /Applications/Xcode.app/Contents/Developer/Library/Frameworks/Python3.framework/Versions/3.9/lib/python3.9/threading.py:1127(daemon)
        1    0.000    0.000    0.000    0.000 {built-in method posix.sysconf}
       27    0.000    0.000    0.000    0.000 {built-in method builtins.min}
        1    0.000    0.000    0.000    0.000 {built-in method posix.fstat}
        5    0.000    0.000    0.000    0.000 {method 'reshape' of 'numpy.ndarray' objects}
        1    0.000    0.000    0.000    0.000 /Users/yupeng/Library/Python/3.9/lib/python/site-packages/joblib/externals/loky/reusable_executor.py:24(_get_next_executor_id)
       24    0.000    0.000    0.000    0.000 {built-in method _imp.acquire_lock}
       17    0.000    0.000    0.000    0.000 {method '__enter__' of '_thread.RLock' objects}
       34    0.000    0.000    0.000    0.000 {method 'popleft' of 'collections.deque' objects}
       16    0.000    0.000    0.000    0.000 <frozen importlib._bootstrap>:874(__enter__)
        4    0.000    0.000    0.000    0.000 /Applications/Xcode.app/Contents/Developer/Library/Frameworks/Python3.framework/Versions/3.9/lib/python3.9/uuid.py:333(hex)
        3    0.000    0.000    0.000    0.000 <frozen importlib._bootstrap_external>:593(_validate_timestamp_pyc)
        3    0.000    0.000    0.000    0.000 /Users/yupeng/Library/Python/3.9/lib/python/site-packages/psutil/_psosx.py:362(__init__)
        5    0.000    0.000    0.000    0.000 {method 'pop' of 'dict' objects}
        4    0.000    0.000    0.000    0.000 <frozen importlib._bootstrap>:185(cb)
        3    0.000    0.000    0.000    0.000 /Applications/Xcode.app/Contents/Developer/Library/Frameworks/Python3.framework/Versions/3.9/lib/python3.9/posixpath.py:60(isabs)
       12    0.000    0.000    0.000    0.000 <frozen importlib._bootstrap_external>:129(<genexpr>)
        2    0.000    0.000    0.000    0.000 /Applications/Xcode.app/Contents/Developer/Library/Frameworks/Python3.framework/Versions/3.9/lib/python3.9/pickle.py:335(whichmodule)
        2    0.000    0.000    0.000    0.000 /Applications/Xcode.app/Contents/Developer/Library/Frameworks/Python3.framework/Versions/3.9/lib/python3.9/queue.py:206(_init)
        1    0.000    0.000    0.000    0.000 {method 'flatten' of 'numpy.ndarray' objects}
        4    0.000    0.000    0.000    0.000 <frozen importlib._bootstrap>:811(find_spec)
        1    0.000    0.000    0.000    0.000 /Applications/Xcode.app/Contents/Developer/Library/Frameworks/Python3.framework/Versions/3.9/lib/python3.9/abc.py:117(__instancecheck__)
       33    0.000    0.000    0.000    0.000 /Applications/Xcode.app/Contents/Developer/Library/Frameworks/Python3.framework/Versions/3.9/lib/python3.9/multiprocessing/process.py:37(current_process)
        1    0.000    0.000    0.000    0.000 /Users/yupeng/Library/Python/3.9/lib/python/site-packages/joblib/externals/loky/process_executor.py:148(__init__)
        1    0.000    0.000    0.000    0.000 /Users/yupeng/Library/Python/3.9/lib/python/site-packages/joblib/_parallel_backends.py:321(__init__)
        3    0.000    0.000    0.000    0.000 <frozen importlib._bootstrap_external>:523(_check_name_wrapper)
       23    0.000    0.000    0.000    0.000 {built-in method builtins.id}
        1    0.000    0.000    0.000    0.000 /Users/yupeng/Library/Python/3.9/lib/python/site-packages/joblib/externals/loky/backend/resource_tracker.py:364(<listcomp>)
       33    0.000    0.000    0.000    0.000 {built-in method builtins.iter}
       17    0.000    0.000    0.000    0.000 /Users/yupeng/Library/Python/3.9/lib/python/site-packages/joblib/parallel.py:708(register_job)
       34    0.000    0.000    0.000    0.000 {method 'items' of 'dict' objects}
        1    0.000    0.000    0.000    0.000 {built-in method atexit.unregister}
       18    0.000    0.000    0.000    0.000 {method 'endswith' of 'str' objects}
        1    0.000    0.000    0.000    0.000 /Applications/Xcode.app/Contents/Developer/Library/Frameworks/Python3.framework/Versions/3.9/lib/python3.9/contextlib.py:121(__exit__)
        2    0.000    0.000    0.000    0.000 /Applications/Xcode.app/Contents/Developer/Library/Frameworks/Python3.framework/Versions/3.9/lib/python3.9/posixpath.py:228(expanduser)
        1    0.000    0.000    0.000    0.000 /Users/yupeng/Library/Python/3.9/lib/python/site-packages/joblib/disk.py:42(memstr_to_bytes)
        1    0.000    0.000    0.000    0.000 /Users/yupeng/Library/Python/3.9/lib/python/site-packages/joblib/externals/loky/process_executor.py:973(_check_max_depth)
        1    0.000    0.000    0.000    0.000 {built-in method _abc._abc_instancecheck}
       22    0.000    0.000    0.000    0.000 {method '__array_prepare__' of 'numpy.ndarray' objects}
       35    0.000    0.000    0.000    0.000 {built-in method posix.fspath}
        1    0.000    0.000    0.000    0.000 /Users/yupeng/Library/Python/3.9/lib/python/site-packages/joblib/externals/loky/backend/synchronize.py:243(Condition)
        1    0.000    0.000    0.000    0.000 /Users/yupeng/Library/Python/3.9/lib/python/site-packages/joblib/_parallel_backends.py:202(in_main_thread)
        3    0.000    0.000    0.000    0.000 <frozen importlib._bootstrap_external>:1006(__init__)
       11    0.000    0.000    0.000    0.000 /Users/yupeng/Library/Python/3.9/lib/python/site-packages/numpy/core/multiarray.py:153(concatenate)
       24    0.000    0.000    0.000    0.000 {built-in method _imp.release_lock}
        6    0.000    0.000    0.000    0.000 <frozen importlib._bootstrap_external>:175(_path_isabs)
        1    0.000    0.000    0.000    0.000 /Users/yupeng/Library/Python/3.9/lib/python/site-packages/scipy/linalg/blas.py:259(find_best_blas_type)
        1    0.000    0.000    0.000    0.000 /Users/yupeng/Library/Python/3.9/lib/python/site-packages/scipy/linalg/lapack.py:1014(_check_work_float)
        1    0.000    0.000    0.000    0.000 /Users/yupeng/Library/Python/3.9/lib/python/site-packages/joblib/externals/loky/backend/popen_loky_posix.py:26(_DupFd)
       13    0.000    0.000    0.000    0.000 {built-in method from_bytes}
       17    0.000    0.000    0.000    0.000 /Applications/Xcode.app/Contents/Developer/Library/Frameworks/Python3.framework/Versions/3.9/lib/python3.9/multiprocessing/connection.py:147(_check_writable)
        1    0.000    0.000    0.000    0.000 /Applications/Xcode.app/Contents/Developer/Library/Frameworks/Python3.framework/Versions/3.9/lib/python3.9/abc.py:121(__subclasscheck__)
       11    0.000    0.000    0.000    0.000 /Users/yupeng/Library/Python/3.9/lib/python/site-packages/numpy/linalg/linalg.py:1495(_svd_dispatcher)
       12    0.000    0.000    0.000    0.000 /Users/yupeng/Library/Python/3.9/lib/python/site-packages/joblib/parallel.py:110(_get_config_param)
        1    0.000    0.000    0.000    0.000 /Applications/Xcode.app/Contents/Developer/Library/Frameworks/Python3.framework/Versions/3.9/lib/python3.9/contextlib.py:112(__enter__)
       11    0.000    0.000    0.000    0.000 {built-in method _thread.get_ident}
        3    0.000    0.000    0.000    0.000 <frozen importlib._bootstrap>:35(_new_module)
        1    0.000    0.000    0.000    0.000 /Users/yupeng/Library/Python/3.9/lib/python/site-packages/xarray/core/dataarray.py:762(values)
        6    0.000    0.000    0.000    0.000 {method 'rfind' of 'str' objects}
        1    0.000    0.000    0.000    0.000 /Applications/Xcode.app/Contents/Developer/Library/Frameworks/Python3.framework/Versions/3.9/lib/python3.9/contextlib.py:669(__init__)
        1    0.000    0.000    0.000    0.000 /Applications/Xcode.app/Contents/Developer/Library/Frameworks/Python3.framework/Versions/3.9/lib/python3.9/site-packages/six.py:184(find_module)
       17    0.000    0.000    0.000    0.000 /Users/yupeng/Library/Python/3.9/lib/python/site-packages/joblib/parallel.py:657(delayed_function)
        1    0.000    0.000    0.000    0.000 /Users/yupeng/Library/Python/3.9/lib/python/site-packages/joblib/parallel.py:1219(<dictcomp>)
        1    0.000    0.000    0.000    0.000 {built-in method _abc._abc_subclasscheck}
        1    0.000    0.000    0.000    0.000 {built-in method numpy.arange}
        1    0.000    0.000    0.000    0.000 /Users/yupeng/Library/Python/3.9/lib/python/site-packages/joblib/externals/loky/backend/fork_exec.py:7(<module>)
        1    0.000    0.000    0.000    0.000 /Users/yupeng/Library/Python/3.9/lib/python/site-packages/joblib/logger.py:67(__init__)
        1    0.000    0.000    0.000    0.000 /Applications/Xcode.app/Contents/Developer/Library/Frameworks/Python3.framework/Versions/3.9/lib/python3.9/genericpath.py:87(samestat)
        1    0.000    0.000    0.000    0.000 /Users/yupeng/Library/Python/3.9/lib/python/site-packages/xarray/core/variable.py:553(values)
        1    0.000    0.000    0.000    0.000 /Users/yupeng/Library/Python/3.9/lib/python/site-packages/joblib/externals/loky/backend/popen_loky_posix.py:39(Popen)
        2    0.000    0.000    0.000    0.000 {built-in method numpy.asanyarray}
        1    0.000    0.000    0.000    0.000 /Applications/Xcode.app/Contents/Developer/Library/Frameworks/Python3.framework/Versions/3.9/lib/python3.9/_collections_abc.py:768(__contains__)
        1    0.000    0.000    0.000    0.000 /Users/yupeng/Library/Python/3.9/lib/python/site-packages/xarray/core/variable.py:292(_as_array_or_item)
        6    0.000    0.000    0.000    0.000 {method 'lstrip' of 'str' objects}
        5    0.000    0.000    0.000    0.000 /Users/yupeng/Desktop/Internship/Garvan/CellRegMap/cellregmap/_cellregmap.py:87(<genexpr>)
        4    0.000    0.000    0.000    0.000 {method 'count' of 'list' objects}
        1    0.000    0.000    0.000    0.000 /Users/yupeng/Library/Python/3.9/lib/python/site-packages/joblib/_parallel_backends.py:404(reset_batch_stats)
        4    0.000    0.000    0.000    0.000 {built-in method _imp.is_frozen}
        1    0.000    0.000    0.000    0.000 /Users/yupeng/Library/Python/3.9/lib/python/site-packages/numpy/core/fromnumeric.py:3176(ndim)
        1    0.000    0.000    0.000    0.000 /Applications/Xcode.app/Contents/Developer/Library/Frameworks/Python3.framework/Versions/3.9/lib/python3.9/threading.py:265(_release_save)
        1    0.000    0.000    0.000    0.000 /Applications/Xcode.app/Contents/Developer/Library/Frameworks/Python3.framework/Versions/3.9/lib/python3.9/threading.py:268(_acquire_restore)
        3    0.000    0.000    0.000    0.000 {built-in method _imp._fix_co_filename}
        1    0.000    0.000    0.000    0.000 {method '__exit__' of 'posix.ScandirIterator' objects}
        1    0.000    0.000    0.000    0.000 /Applications/Xcode.app/Contents/Developer/Library/Frameworks/Python3.framework/Versions/3.9/lib/python3.9/multiprocessing/process.py:198(daemon)
        1    0.000    0.000    0.000    0.000 /Applications/Xcode.app/Contents/Developer/Library/Frameworks/Python3.framework/Versions/3.9/lib/python3.9/subprocess.py:272(_optim_args_from_interpreter_flags)
        1    0.000    0.000    0.000    0.000 {built-in method builtins.sorted}
        1    0.000    0.000    0.000    0.000 {built-in method _imp.is_builtin}
        1    0.000    0.000    0.000    0.000 {built-in method sys.audit}
        2    0.000    0.000    0.000    0.000 {method 'partition' of 'str' objects}
        4    0.000    0.000    0.000    0.000 /Users/yupeng/Library/Python/3.9/lib/python/site-packages/numpy/lib/function_base.py:869(_copy_dispatcher)
        2    0.000    0.000    0.000    0.000 {method 'get' of 'mappingproxy' objects}
        1    0.000    0.000    0.000    0.000 /Users/yupeng/Library/Python/3.9/lib/python/site-packages/numpy/core/numeric.py:1855(isscalar)
        1    0.000    0.000    0.000    0.000 {method 'replace' of 'str' objects}
        1    0.000    0.000    0.000    0.000 {method 'fileno' of '_io.TextIOWrapper' objects}
        1    0.000    0.000    0.000    0.000 /Users/yupeng/Library/Python/3.9/lib/python/site-packages/scipy/sparse/_base.py:1461(issparse)
        2    0.000    0.000    0.000    0.000 {method 'release' of '_thread.lock' objects}
        1    0.000    0.000    0.000    0.000 <string>:2(__eq__)
        1    0.000    0.000    0.000    0.000 /Users/yupeng/Library/Python/3.9/lib/python/site-packages/joblib/externals/loky/backend/synchronize.py:377(Event)
        1    0.000    0.000    0.000    0.000 {built-in method _stat.S_ISDIR}
        1    0.000    0.000    0.000    0.000 /Users/yupeng/Library/Python/3.9/lib/python/site-packages/joblib/externals/loky/backend/synchronize.py:148(Semaphore)
        2    0.000    0.000    0.000    0.000 /Users/yupeng/Library/Python/3.9/lib/python/site-packages/joblib/_parallel_backends.py:154(retrieval_context)
        3    0.000    0.000    0.000    0.000 /Users/yupeng/Library/Python/3.9/lib/python/site-packages/psutil/__init__.py:438(pid)
        3    0.000    0.000    0.000    0.000 <frozen importlib._bootstrap>:406(has_location)
        1    0.000    0.000    0.000    0.000 /Users/yupeng/Library/Python/3.9/lib/python/site-packages/joblib/externals/loky/initializers.py:47(_chain_initializers)
        3    0.000    0.000    0.000    0.000 <frozen importlib._bootstrap_external>:1031(get_filename)
        1    0.000    0.000    0.000    0.000 /Users/yupeng/Library/Python/3.9/lib/python/site-packages/joblib/externals/loky/backend/synchronize.py:190(Lock)
        1    0.000    0.000    0.000    0.000 /Users/yupeng/Library/Python/3.9/lib/python/site-packages/numpy/ma/core.py:6485(isMaskedArray)
        1    0.000    0.000    0.000    0.000 /Users/yupeng/Library/Python/3.9/lib/python/site-packages/joblib/parallel.py:1473(_print)
        1    0.000    0.000    0.000    0.000 /Users/yupeng/Library/Python/3.9/lib/python/site-packages/joblib/externals/loky/backend/synchronize.py:216(RLock)
        1    0.000    0.000    0.000    0.000 /Users/yupeng/Library/Python/3.9/lib/python/site-packages/joblib/externals/loky/backend/synchronize.py:170(BoundedSemaphore)
        3    0.000    0.000    0.000    0.000 <frozen importlib._bootstrap_external>:841(create_module)
        1    0.000    0.000    0.000    0.000 /Applications/Xcode.app/Contents/Developer/Library/Frameworks/Python3.framework/Versions/3.9/lib/python3.9/threading.py:529(is_set)
        1    0.000    0.000    0.000    0.000 {method 'disable' of '_lsprof.Profiler' objects}
        1    0.000    0.000    0.000    0.000 /Applications/Xcode.app/Contents/Developer/Library/Frameworks/Python3.framework/Versions/3.9/lib/python3.9/multiprocessing/context.py:197(get_start_method)
        1    0.000    0.000    0.000    0.000 {built-in method _operator.mul}
        2    0.000    0.000    0.000    0.000 /Applications/Xcode.app/Contents/Developer/Library/Frameworks/Python3.framework/Versions/3.9/lib/python3.9/ast.py:505(_getter)
        1    0.000    0.000    0.000    0.000 /Users/yupeng/Library/Python/3.9/lib/python/site-packages/joblib/_parallel_backends.py:100(stop_call)
        1    0.000    0.000    0.000    0.000 /Users/yupeng/Library/Python/3.9/lib/python/site-packages/joblib/externals/loky/backend/spawn.py:33(get_executable)
        1    0.000    0.000    0.000    0.000 /Users/yupeng/Library/Python/3.9/lib/python/site-packages/numpy/core/fromnumeric.py:3172(_ndim_dispatcher)
        1    0.000    0.000    0.000    0.000 /Users/yupeng/Library/Python/3.9/lib/python/site-packages/numpy/core/function_base.py:19(_linspace_dispatcher)
        1    0.000    0.000    0.000    0.000 {built-in method _operator.index}
        1    0.000    0.000    0.000    0.000 /Users/yupeng/Library/Python/3.9/lib/python/site-packages/importlib_metadata/_compat.py:48(find_spec)
        1    0.000    0.000    0.000    0.000 /Users/yupeng/Library/Python/3.9/lib/python/site-packages/scipy/linalg/_misc.py:181(_datacopied)
        1    0.000    0.000    0.000    0.000 /Users/yupeng/Library/Python/3.9/lib/python/site-packages/numpy/core/multiarray.py:669(result_type)
        1    0.000    0.000    0.000    0.000 /Users/yupeng/Library/Python/3.9/lib/python/site-packages/joblib/_parallel_backends.py:97(start_call)
        1    0.000    0.000    0.000    0.000 /Users/yupeng/Library/Python/3.9/lib/python/site-packages/xarray/core/dataarray.py:679(variable)
        1    0.000    0.000    0.000    0.000 /Applications/Xcode.app/Contents/Developer/Library/Frameworks/Python3.framework/Versions/3.9/lib/python3.9/multiprocessing/context.py:213(_check_available)
        1    0.000    0.000    0.000    0.000 {method 'extend' of 'list' objects}


