0.37019394
0.37019394
0.37019394
0.37019394
0.37019394
0.37019394
0.37019394
0.37019394
0.37019394
0.56126521
0.37019394
0.16995428
0.37019394
0.37019394
0.37019394
0.76894352
0.37019394
0.37019394
0.37019394
0.37019394
0.24574987
0.37019394
0.12125810
0.37019394
0.37019394
0.37019394
0.37019394
0.37019394
0.49211509
0.37019394
0.37019394
0.37019394
0.37019394
0.37019394
0.37019394
0.37019394
0.37019394
0.37019394
0.37019394
0.37019394
0.37811258
0.37019394
0.37019394
0.37019394
0.53966586
0.78838815
0.37019394
0.37019394
0.37019394
0.37019394
0.37019394
0.37019394
0.37019394
0.37019394
0.37019394
0.37019394
0.37019394
0.59245843
0.37019394
0.37019394
0.37019394
0.37019394
0.37019394
0.37019394
0.47353241
0.37019394
0.37019394
0.37019394
0.37019394
0.73280173
0.37019394
0.37019394
0.37019394
0.37019394
0.73521030
0.37019394
0.37019394
0.37019394
0.37019394
0.37019394
0.37019394
0.37019394
0.37019394
0.28046433
0.37019394
0.37019394
0.37019394
0.37019394
0.37019394
0.37019394
0.37019394
0.37019394
0.37019394
0.37019394
0.40058845
0.38796610
0.37019394
0.37019394
0.78264177
0.37019394
