0.37019394
0.37019394
0.37019394
0.37019394
0.37019394
0.37019394
0.37019394
0.37019394
0.37019394
0.56126521
0.37019394
0.16995428
0.37019394
0.37019394
0.37019394
0.76894352
0.37019394
0.37019394
0.37019394
0.37019394
0.24574987
0.37019394
0.12125810
0.37019394
0.37019394
0.37019394
0.37019394
0.37019394
0.49211509
0.37019394
0.37019394
0.37019394
0.37019394
0.37019394
0.37019394
0.37019394
0.37019394
0.37019394
0.37019394
0.37019394
0.37811258
0.37019394
0.37019394
0.37019394
0.53966586
0.78838815
0.37019394
0.37019394
0.37019394
0.37019394
0.37019394
0.37019394
0.37019394
0.37019394
0.37019394
0.37019394
0.37019394
0.59245843
0.37019394
0.37019394
0.37019394
0.37019394
0.37019394
0.37019394
0.47353241
0.37019394
0.37019394
0.37019394
0.37019394
0.73280173
0.37019394
0.37019394
0.37019394
0.37019394
0.73521030
0.37019394
0.37019394
0.37019394
0.37019394
0.37019394
0.37019394
0.37019394
0.37019394
0.28046433
0.37019394
0.37019394
0.37019394
0.37019394
0.37019394
0.37019394
0.37019394
0.37019394
0.37019394
0.37019394
0.40058845
0.38796610
0.37019394
0.37019394
0.78264177
0.37019394
0.37019394
0.37019394
0.27276378
0.43925126
0.37019394
0.37019394
0.20001601
0.37019394
0.37019394
0.37019394
0.39726066
0.37019394
0.37019394
0.80817685
0.34800918
0.48803460
0.37019394
0.37019394
0.29611208
0.68653699
0.37019394
0.37019394
0.37019394
0.37019394
0.37019394
0.37019394
0.37019394
0.37019394
0.50976651
0.50435991
0.99050279
0.37019394
0.37019394
0.37019394
0.37019394
0.37019394
0.37019394
0.37019394
0.37019394
0.37019394
0.54069677
0.37019394
0.60125675
0.37019394
0.82614340
0.37019394
0.37019394
0.23779088
0.41333703
0.37019394
0.06963132
0.37019394
0.37019394
0.37019394
0.37019394
0.37019394
0.37019394
0.37019394
0.37019394
0.37019394
0.37019394
0.37019394
0.37019394
0.45844388
0.37019394
0.37019394
0.37019394
0.08236553
0.37019394
0.37019394
0.18278807
0.71623257
0.25122536
0.37019394
0.37019394
0.37019394
0.37019394
0.37019394
0.37019394
0.37019394
0.37019394
0.37019394
0.37019394
0.37019394
0.37019394
0.37019394
0.37019394
0.25809441
0.37019394
0.37019394
0.15743120
0.37019394
0.37019394
0.37019394
0.37019394
0.37019394
0.28189234
0.37019394
0.37019394
0.37019394
0.37019394
0.37019394
0.37019394
0.37019394
0.37019394
0.48568422
0.37019394
0.37019394
0.37019394
0.37019394
0.37019394
0.37019394
0.37019394
0.67447242
0.37019394
0.37019394
0.45884451
0.20460509
0.37019394
0.37019394
0.37019394
0.37019394
0.37019394
0.37019394
0.37019394
0.37019394
0.19515247
0.37019394
0.37019394
0.37019394
0.37019394
0.37019394
0.37019394
0.37019394
0.37019394
0.37019394
0.37019394
0.37019394
0.20326316
0.37019394
0.37019394
0.97876676
0.37019394
0.37019394
0.37019394
0.37019394
0.90348136
0.37019394
0.51226579
0.37019394
0.37019394
0.37019394
0.37019394
0.37019394
0.37019394
0.37019394
0.28346568
0.37019394
0.31583832
0.37019394
0.37019394
0.37019394
0.37019394
0.37019394
0.24721596
0.37019394
0.30683940
0.37019394
0.16968881
0.37019394
0.37019394
0.37019394
0.37019394
0.37019394
0.37019394
0.37019394
0.37019394
0.37019394
0.37019394
0.37019394
0.37019394
0.37019394
0.37019394
0.37019394
0.37019394
0.37019394
0.37019394
0.37019394
0.37019394
0.37019394
0.37019394
0.32344192
0.37019394
0.17974638
0.37019394
0.21248363
0.37019394
0.37019394
0.37019394
0.37019394
0.37019394
0.37019394
0.37019394
0.18383978
0.37019394
0.37019394
0.37019394
0.37019394
0.37019394
0.10724981
0.37019394
0.37019394
0.37019394
0.37019394
0.37019394
0.37019394
0.37019394
0.37019394
0.37019394
0.37019394
0.37019394
0.37019394
0.37019394
0.37019394
0.23130650
0.37019394
0.37019394
0.37019394
0.37019394
0.23583268
0.37019394
0.37019394
0.37019394
0.37019394
0.37019394
0.37019394
0.60992934
0.21707226
0.37019394
0.37019394
0.37019394
0.37019394
0.37019394
0.37019394
0.26733254
0.83936670
0.37019394
0.37019394
0.37019394
0.37019394
0.37019394
0.37019394
0.37019394
0.37019394
0.37019394
0.37019394
0.37019394
0.83629175
0.37019394
0.37019394
0.37019394
0.37019394
0.37019394
0.37019394
0.45148581
0.37019394
0.37019394
0.37019394
0.37019394
0.37019394
0.37019394
0.37019394
0.37019394
0.20447366
0.37019394
0.37019394
0.37019394
0.37019394
0.13108733
0.37019394
0.37019394
0.37019394
0.37019394
0.37019394
0.24777414
0.37019394
0.49568585
0.37019394
0.67483228
0.37019394
0.37019394
0.37019394
0.37019394
0.37019394
0.68090193
0.10972322
0.37019394
0.37019394
0.37019394
0.37019394
0.37019394
0.37019394
0.37019394
0.37019394
0.37019394
0.37019394
0.37019394
0.69264204
0.28178592
0.37019394
0.37019394
0.08870113
0.37019394
0.37019394
0.37019394
0.37019394
0.37019394
0.37019394
0.37019394
0.76500101
0.37019394
0.37019394
0.37019394
0.37019394
0.54812274
0.37019394
0.37019394
0.25678470
0.37019394
0.37019394
0.47784550
0.37019394
0.37019394
0.37019394
0.37019394
0.37019394
0.37815719
0.37019394
0.37019394
0.37019394
0.37019394
0.37019394
0.37019394
0.37019394
0.37019394
0.37019394
0.37019394
0.37019394
0.37019394
0.37019394
0.37019394
0.37019394
0.37019394
0.37019394
0.37019394
0.31556192
0.49622835
0.37019394
0.37019394
0.81228305
0.37019394
0.37019394
0.37019394
0.37019394
0.37019394
0.37019394
0.37019394
0.63610091
0.37019394
0.37019394
0.45670603
0.37019394
0.37019394
0.37019394
0.37019394
0.37019394
0.37019394
0.37019394
0.37019394
0.37019394
0.37019394
0.37019394
0.37019394
0.37019394
0.37019394
0.37019394
0.37019394
0.37019394
0.31860234
0.37019394
0.26876645
0.37019394
0.37019394
0.37019394
0.37019394
0.37019394
0.64870190
0.09749256
0.37019394
0.37019394
0.37019394
0.37019394
0.37019394
0.37019394
0.37019394
0.37019394
0.37019394
0.37019394
0.37019394
0.37019394
0.37019394
0.37019394
0.37019394
0.37019394
0.01112895
0.37019394
0.37019394
0.37019394
0.71342745
0.37019394
0.37019394
0.74096060
0.23762593
0.37019394
0.37019394
0.37019394
0.37019394
0.37019394
0.39463599
0.37019394
0.37019394
0.37019394
0.37019394
0.37019394
0.37019394
0.37019394
0.37019394
0.37019394
0.37019394
0.00508132
0.37019394
0.37019394
0.37019394
0.37019394
0.08289373
0.37019394
0.19173965
0.37019394
0.37019394
0.37019394
0.93481850
0.37019394
0.37019394
0.37019394
0.37019394
0.37019394
0.97632584
0.37019394
0.44363451
0.37019394
0.37019394
0.37019394
0.37019394
0.37019394
0.37019394
0.37019394
0.37019394
0.37019394
0.37019394
0.37019394
0.37019394
0.37019394
0.37019394
0.37019394
0.37019394
0.37019394
0.37019394
0.37019394
0.37019394
0.37019394
0.37019394
0.37019394
0.37019394
0.37293396
0.37019394
0.37019394
0.37019394
0.37019394
0.37019394
0.37019394
0.37019394
0.37019394
0.37019394
0.37019394
0.37019394
0.37019394
0.37019394
0.37019394
0.37019394
0.37019394
0.37019394
0.37019394
0.37019394
0.37019394
0.37019394
0.37019394
0.37019394
0.52612459
0.37019394
0.37019394
0.37019394
0.37019394
0.37019394
0.66574015
0.31227357
0.37019394
0.60578956
0.37019394
0.37019394
0.37019394
0.37019394
0.37019394
0.13391437
0.37019394
0.37019394
0.37019394
0.37555506
0.37019394
0.37019394
0.37019394
0.37019394
0.37019394
0.37019394
0.37019394
0.62834400
0.37019394
0.45683045
0.37019394
0.37019394
0.79048003
0.37019394
0.37019394
0.37019394
0.37019394
0.37019394
0.37019394
0.37019394
0.58166659
0.85842943
0.37019394
0.37019394
0.37019394
0.37019394
0.37019394
0.37019394
0.38172321
0.46500375
0.37019394
0.37019394
0.37019394
0.37019394
0.37019394
0.37019394
0.10947430
0.37019394
0.37019394
0.37019394
0.37019394
0.76612542
0.37019394
0.52665991
0.37019394
0.37019394
0.37019394
0.37019394
0.37019394
0.37019394
0.37019394
0.37019394
0.97197935
0.37019394
0.37019394
0.37019394
0.37019394
0.37019394
0.37019394
0.37019394
0.37019394
0.37019394
0.68420607
0.37019394
0.37019394
0.37019394
0.37019394
0.37019394
0.37019394
0.37019394
0.37019394
0.37019394
0.37019394
0.37019394
0.94511821
0.37019394
0.37019394
0.37019394
0.37019394
0.37019394
0.37019394
0.37019394
0.37019394
0.37019394
0.37019394
0.37019394
0.37019394
0.37019394
0.37019394
0.37019394
0.37019394
0.37019394
0.59750265
0.37019394
0.37019394
0.37019394
0.37019394
0.37019394
0.37019394
0.37019394
0.37019394
0.37019394
0.37019394
0.95946090
0.37019394
0.50437765
0.37019394
0.37019394
0.37019394
0.18457166
0.54992477
0.02868455
0.37019394
0.37019394
0.85697025
0.37019394
0.37019394
0.37019394
0.37019394
0.37019394
0.37019394
0.37019394
0.37019394
0.37019394
0.37019394
0.37019394
0.37019394
0.47762000
0.37019394
0.37019394
0.37019394
0.37019394
0.37019394
0.37019394
0.37019394
0.37019394
0.37019394
0.36365825
0.37019394
0.37019394
0.37019394
0.37019394
0.17216059
0.75318440
0.37019394
0.44765172
0.37019394
0.37019394
0.37019394
0.37019394
0.37019394
0.37019394
0.37019394
0.37019394
0.37019394
0.37019394
0.20645788
0.37019394
0.37019394
0.37019394
0.37019394
0.37019394
0.37019394
0.37019394
0.51535018
0.37019394
0.37019394
0.37019394
0.43786956
0.37019394
0.37019394
0.69811335
0.37019394
0.37019394
0.44901533
0.37019394
0.37019394
0.37019394
0.37019394
0.34468220
0.37019394
0.37019394
0.37019394
0.37019394
0.64925908
0.37019394
0.37019394
0.37019394
0.37019394
0.37019394
0.37019394
0.37019394
0.36281681
0.37019394
0.37019394
0.37019394
0.37019394
0.37019394
0.37019394
0.37019394
0.37019394
0.37019394
0.37019394
0.37019394
0.37019394
0.05537496
0.37019394
0.37019394
0.37019394
0.85815790
0.37019394
0.37019394
0.37019394
0.37019394
0.37019394
0.37019394
0.37019394
0.37019394
0.37019394
0.37019394
0.37019394
0.37019394
0.37265192
0.37019394
0.37019394
0.37019394
0.37019394
0.61645779
0.37019394
0.37019394
0.37019394
0.37019394
0.37019394
0.37019394
0.37019394
0.37019394
0.37019394
0.01273550
0.37019394
0.37019394
0.37019394
0.37019394
0.72223055
0.37019394
0.37019394
0.15209994
0.37019394
0.37019394
0.37019394
0.37019394
0.37019394
0.37019394
0.37019394
0.28488584
0.37019394
0.37019394
0.37019394
0.37019394
0.37019394
0.37019394
0.37019394
0.27148284
0.37019394
0.37019394
0.37019394
0.37019394
0.88120356
0.37019394
0.61781164
0.37019394
0.37019394
0.37019394
0.37019394
0.37019394
0.37019394
0.37400662
0.86528920
0.37019394
0.37019394
0.37019394
0.37019394
0.37019394
0.37019394
0.37019394
0.63330204
0.37019394
0.37019394
0.37019394
0.01460474
0.37019394
0.37019394
0.37019394
0.37019394
0.37019394
0.37019394
0.37019394
0.37019394
0.37019394
0.37019394
0.37019394
0.37019394
0.37019394
0.37019394
0.37019394
0.37019394
0.37019394
0.37019394
0.36521770
0.37019394
0.37019394
0.37019394
0.37019394
0.37019394
0.37019394
0.37019394
0.94850668
0.37019394
0.49783702
0.37019394
0.37019394
0.37019394
0.37019394
0.37019394
0.37019394
0.37019394
0.37019394
0.37019394
0.37019394
0.37019394
0.87689836
0.37019394
0.37019394
0.37019394
0.37019394
0.36410939
0.37019394
0.37019394
0.37019394
0.37019394
0.37019394
0.37019394
0.37019394
0.66209398
0.37019394
0.75219685
0.37019394
0.37019394
0.81343797
0.37019394
0.37019394
0.37019394
0.37019394
0.37019394
0.37019394
0.37019394
0.37019394
0.51177497
0.37019394
0.37019394
0.37019394
0.69610599
0.94546110
0.37019394
0.37019394
0.37019394
0.37019394
0.37019394
0.37019394
0.37019394
0.37019394
0.37019394
0.14500009
0.37019394
0.37019394
0.37019394
0.37019394
0.48700885
0.37019394
0.37019394
0.37019394
0.37019394
0.82776533
0.37019394
0.37019394
0.37019394
0.26796140
0.37019394
0.37019394
0.37019394
0.37019394
0.37019394
0.37019394
0.37019394
0.33229096
0.45082129
0.37019394
0.37019394
0.37019394
0.37019394
0.37019394
0.37019394
0.37019394
0.69615408
0.37019394
0.37019394
0.37019394
0.37019394
0.37019394
0.37019394
0.37019394
0.75185678
0.37019394
0.37019394
0.37019394
0.37019394
0.73790301
0.37019394
0.37019394
0.37019394
0.37019394
0.37019394
0.37019394
0.37019394
0.37019394
0.37019394
0.37019394
0.37019394
0.37019394
0.37019394
0.71406540
0.05020188
0.37019394
0.37019394
0.78999417
0.37019394
0.37019394
0.37019394
0.37019394
0.37019394
0.37019394
0.37019394
0.37019394
0.37019394
0.15689985
0.37019394
0.37019394
0.37019394
0.37019394
0.37019394
0.64832301
0.37019394
0.37019394
0.84312264
0.37019394
0.33679615
0.37019394
0.37019394
0.37019394
0.37019394
0.37019394
0.37019394
0.37019394
0.67666156
0.37019394
0.37019394
0.37019394
0.37019394
0.37019394
0.37019394
0.37019394
0.37019394
0.37019394
0.78564018
0.37019394
0.37019394
0.59515793
0.37019394
0.37019394
0.37019394
0.37019394
0.37019394
0.37019394
0.37019394
0.42291667
0.37019394
0.37019394
0.37019394
0.37019394
0.37019394
0.37019394
0.37019394
0.37019394
0.49142091
0.37019394
0.37019394
0.37019394
0.37019394
0.37019394
0.37019394
0.72016724
0.37019394
0.73233910
0.37019394
0.37019394
0.37019394
0.37019394
0.37019394
0.24288332
0.09885255
0.37019394
0.37019394
0.06303417
0.37019394
0.37019394
0.37019394
0.37019394
0.37019394
0.37019394
0.37019394
0.37019394
0.37019394
0.06827497
0.37019394
0.37019394
0.37019394
0.37019394
0.37019394
0.37019394
0.37019394
0.37019394
0.37019394
0.90816522
0.10969605
0.37019394
0.37019394
0.37019394
0.37019394
0.37019394
0.37019394
0.37019394
0.53259595
0.37019394
0.37019394
0.01521308
0.37019394
0.69119470
0.37019394
0.37019394
0.37019394
0.37019394
0.37019394
0.37019394
0.27043357
0.45730241
0.37019394
0.30949706
0.37019394
0.37019394
0.37019394
0.99801366
0.37019394
0.86243862
0.24119980
0.37019394
0.37019394
0.37019394
0.37019394
0.37019394
0.37019394
0.37019394
0.37019394
0.37019394
0.58071121
0.37019394
0.37019394
0.37019394
0.37019394
0.37019394
0.37019394
0.37019394
0.37019394
0.37019394
0.37019394
0.37019394
0.37019394
0.37019394
0.37019394
0.37019394
0.37019394
0.37019394
0.37019394
0.37019394
0.37019394
0.37019394
0.37019394
0.37019394
0.37019394
0.37019394
0.37019394
0.37019394
0.37019394
0.37019394
0.37019394
0.37019394
0.37019394
0.37019394
0.37019394
0.37019394
0.37019394
0.37019394
0.37019394
0.37019394
0.87897919
0.93489738
0.37019394
0.15920717
0.37019394
0.37019394
0.37019394
0.37019394
0.37019394
0.37019394
0.37019394
0.37019394
0.37019394
0.37019394
0.37019394
0.37019394
0.37685958
0.37019394
0.37019394
0.37019394
0.36399898
0.37019394
0.37019394
0.37019394
0.37019394
0.37019394
0.37019394
0.37019394
0.70365713
0.37019394
0.37019394
0.37019394
0.37019394
0.37019394
0.37019394
0.37019394
0.37019394
0.37019394
0.37019394
0.37019394
0.37019394
0.37019394
0.37019394
0.07806303
0.37019394
0.05616178
0.37019394
0.37019394
0.37019394
0.37019394
0.37019394
0.37019394
0.37019394
0.37019394
0.12392737
0.37019394
0.37019394
0.37019394
0.62140338
0.37019394
0.63069331
0.37019394
0.37019394
0.89990628
0.11669175
0.86619275
0.37019394
0.37019394
0.37019394
0.37019394
0.37019394
0.37019394
0.37019394
0.37019394
0.37019394
0.37019394
0.37019394
0.37019394
0.37019394
0.37019394
0.37019394
0.66795095
0.37019394
0.37019394
0.26704476
0.37019394
0.37019394
0.37019394
0.37019394
0.37019394
0.37019394
0.37019394
0.83631441
0.37019394
0.37019394
0.37019394
0.37019394
0.37019394
0.37019394
0.37019394
0.37019394
0.37019394
0.37019394
0.37019394
0.37019394
0.37019394
0.37019394
0.37019394
0.37019394
0.37019394
0.37019394
0.37019394
0.37019394
0.37019394
0.37019394
0.37019394
0.37019394
0.11673089
0.37019394
0.37019394
0.37019394
0.37019394
0.37019394
0.37019394
0.37019394
0.37019394
0.79743172
0.37019394
0.26334822
0.37019394
0.37019394
0.37019394
0.37019394
0.37019394
0.37019394
0.46258078
0.40681764
0.37019394
0.37019394
0.37019394
0.37019394
0.37019394
0.37019394
0.37019394
0.27458521
0.37019394
0.37019394
0.33151607
0.37019394
0.18474659
0.58173735
0.37019394
0.37019394
0.72252100
0.37019394
0.69464605
0.37019394
0.37019394
0.37019394
0.37019394
0.37019394
0.37019394
0.37019394
0.23871220
0.37019394
0.37019394
0.37019394
0.70019419
0.37019394
0.37019394
0.37019394
0.37019394
0.37019394
0.37019394
0.37019394
0.37019394
0.37019394
0.41929361
0.37019394
0.37019394
0.64192377
0.37019394
0.37019394
0.37019394
0.37019394
0.37019394
0.37019394
0.37019394
0.37019394
0.37019394
0.37019394
0.76960325
0.37019394
0.37019394
0.37019394
0.37019394
0.37019394
0.37019394
0.93549664
0.37019394
0.71998843
0.37019394
0.37019394
0.37019394
0.37019394
0.37019394
0.12932319
0.37019394
0.37019394
0.79061647
0.37019394
0.37019394
0.37019394
0.40944257
0.77541338
0.64125190
0.37019394
0.37019394
0.37019394
0.40550286
0.37019394
0.37019394
0.37019394
0.37019394
0.37019394
0.37019394
0.37019394
0.37019394
0.37019394
0.15283302
0.55885749
0.37019394
0.37019394
0.37019394
0.37019394
0.37019394
0.37019394
0.37019394
0.37019394
0.37019394
0.26875326
0.37019394
0.37019394
0.37019394
0.15651076
0.37019394
0.37019394
0.37019394
0.37019394
0.37019394
0.82312056
0.37019394
0.37019394
0.86327011
0.37019394
0.37019394
0.37019394
0.37019394
0.37019394
0.37019394
0.37019394
0.37019394
0.37019394
0.37019394
0.37019394
0.20365456
0.37019394
0.37019394
0.37019394
0.37019394
0.37019394
0.37019394
0.37019394
0.37019394
0.37019394
0.37019394
0.37019394
0.75531421
0.37019394
0.37019394
0.37019394
0.37019394
0.31000922
0.37019394
0.37019394
0.37019394
0.37019394
0.37019394
0.37019394
0.37019394
0.37019394
0.37019394
0.37019394
0.37019394
0.37019394
0.20514972
0.37019394
0.37019394
0.37019394
0.37019394
0.37019394
0.37019394
0.40618257
0.94072777
0.37019394
0.37019394
0.37019394
0.37019394
0.37019394
0.37019394
0.37019394
0.40155312
0.37019394
0.37019394
0.37019394
0.37019394
0.37019394
0.37019394
0.37019394
0.37019394
0.37019394
0.37019394
0.37019394
0.37019394
0.37019394
0.37019394
0.37019394
0.37019394
0.37019394
0.37019394
0.37019394
0.37019394
0.37019394
0.37019394
0.37019394
0.37019394
0.60122468
0.37019394
0.37019394
0.37019394
0.22607891
0.37019394
0.37019394
0.37019394
0.37019394
0.37019394
0.37019394
0.37019394
0.37019394
0.37019394
0.37019394
0.37019394
0.03331670
0.37019394
0.37019394
0.37019394
0.37019394
0.37019394
0.37019394
0.37019394
0.56310289
0.37019394
0.37019394
0.37019394
0.37019394
0.88208183
0.37019394
0.37019394
0.06563749
0.37019394
0.37019394
0.21128938
0.63229841
0.37019394
0.37019394
0.37019394
0.37019394
0.37019394
0.37019394
0.37019394
0.37019394
0.37019394
0.37019394
0.37019394
0.37019394
0.37019394
0.37019394
0.37019394
0.99673980
0.37019394
0.37019394
0.37019394
0.37019394
0.37019394
0.35667275
0.37019394
0.32493869
0.37019394
0.94868312
0.37019394
0.37019394
0.37019394
0.37019394
0.37019394
0.37019394
0.37019394
0.37019394
0.37019394
0.37019394
0.37019394
0.37019394
0.37019394
0.37019394
0.37019394
0.37019394
0.37019394
0.59928690
0.26719259
0.37019394
0.37019394
0.36575247
0.37019394
0.37019394
0.37019394
0.37019394
0.37019394
0.37019394
0.37019394
0.37019394
0.08360653
0.37019394
0.37019394
0.37019394
0.37019394
0.37019394
0.37019394
0.37019394
0.37019394
0.37019394
0.37019394
0.37019394
0.37019394
0.37019394
0.37019394
0.37019394
0.37019394
0.37019394
0.37019394
0.37019394
0.37019394
0.37019394
0.31110373
0.37019394
0.37019394
0.37019394
0.37019394
0.37019394
0.37019394
0.37019394
0.37019394
0.37019394
0.37019394
0.37019394
0.37019394
0.37019394
0.37019394
0.45522999
0.37019394
0.37019394
0.37019394
0.37019394
0.37019394
0.69263072
0.37019394
0.37019394
0.77098816
0.37019394
0.09218483
0.37019394
0.37019394
0.37019394
0.37019394
0.38152396
0.37019394
0.37019394
0.37019394
0.07947680
0.37019394
0.37019394
0.37019394
0.37019394
0.37019394
0.37019394
0.37019394
0.37019394
0.44759368
0.37019394
0.37019394
0.37019394
0.37019394
0.37019394
0.37019394
0.37019394
0.37019394
0.37019394
0.37019394
0.37019394
0.37019394
0.37019394
0.66812645
0.37019394
0.37019394
0.37019394
0.37019394
0.37019394
0.37019394
0.37019394
0.37019394
0.37019394
0.37019394
0.37019394
0.37019394
0.26452848
0.37019394
0.69776439
0.37019394
0.37019394
0.37019394
0.93765145
0.37019394
0.37019394
0.92638822
0.37019394
0.37019394
0.37019394
0.60625595
0.37019394
0.37019394
0.37019394
0.37019394
0.37019394
0.37019394
0.37019394
0.37019394
0.37019394
0.37019394
0.37019394
0.37019394
0.37019394
0.37019394
0.37019394
0.37019394
0.37019394
0.37019394
0.37019394
0.37019394
0.37019394
0.63225273
0.37019394
0.37019394
0.37019394
0.37019394
0.61274504
0.37019394
0.37019394
0.15632025
0.37019394
0.37019394
0.19028814
0.37019394
0.37019394
0.37019394
0.37019394
0.37019394
0.37019394
0.37019394
0.37019394
0.37019394
0.37019394
0.37019394
0.37019394
0.37019394
0.49301436
0.37019394
0.37019394
0.37019394
0.37019394
0.37019394
0.37019394
0.37019394
0.37019394
0.37019394
0.37019394
0.37019394
0.37019394
0.37019394
0.37019394
0.37019394
0.37019394
0.09211297
0.37019394
0.37019394
0.37019394
0.37019394
0.37019394
0.37019394
0.37019394
0.37019394
0.37019394
0.86586460
0.37019394
0.37019394
0.37019394
0.37019394
0.37019394
0.00696879
0.37019394
0.44655072
0.37019394
0.37019394
0.37019394
0.37019394
0.37019394
0.37019394
0.37019394
0.37019394
0.37019394
0.37019394
0.37019394
0.37019394
0.37019394
0.37019394
0.37019394
0.37019394
0.37019394
0.37019394
0.37019394
0.37019394
0.37019394
0.37019394
0.92484665
0.37019394
0.37019394
0.37019394
0.37019394
0.37019394
0.37019394
0.37019394
0.37019394
0.37019394
0.32656496
0.37019394
0.37019394
0.37019394
0.37019394
0.37019394
0.37019394
0.37019394
0.37019394
0.37019394
0.37019394
0.37019394
0.37019394
0.37019394
0.37019394
0.05519988
0.37019394
0.08157492
0.37019394
0.37019394
0.37019394
0.37019394
0.34092103
0.37019394
0.37019394
0.37019394
0.37019394
0.76903801
0.37019394
0.37019394
0.86410762
0.37019394
0.37019394
0.37019394
0.37019394
0.37019394
0.37019394
0.37019394
0.37019394
0.37019394
0.37019394
0.37019394
0.37019394
0.37019394
0.37019394
0.37019394
0.37019394
0.37019394
0.37019394
0.37019394
0.37019394
0.37019394
0.37019394
0.37019394
0.04354092
0.37019394
0.37019394
0.25624191
0.37019394
0.37019394
0.37019394
0.37019394
0.37019394
0.37019394
0.02570302
0.37019394
0.03012608
0.37019394
0.37019394
0.37019394
0.37019394
0.06537034
0.37019394
0.37019394
0.37019394
0.37019394
0.37019394
0.37019394
0.37019394
0.37019394
0.37019394
0.37019394
0.37019394
0.66901089
0.37019394
0.55456184
0.37019394
0.37019394
0.37019394
0.37019394
0.37019394
0.37019394
0.37019394
0.37019394
0.37019394
0.37019394
0.37019394
0.37019394
0.37019394
0.37019394
0.37019394
0.37019394
0.37019394
0.37019394
0.37019394
0.37019394
0.37019394
0.37019394
0.37019394
0.37019394
0.37019394
0.37019394
0.37019394
0.37019394
0.71833624
0.04316660
0.37019394
0.37019394
0.37019394
0.72904876
0.37019394
0.37019394
0.37019394
0.37019394
0.37019394
0.37019394
0.37019394
0.37019394
0.37019394
0.37019394
0.37019394
0.37019394
0.37019394
0.37019394
0.37019394
0.37019394
0.37019394
0.37019394
0.37019394
0.83079826
0.37019394
0.37019394
0.37019394
0.37019394
0.37019394
0.37019394
0.37019394
0.37019394
0.37019394
0.37019394
0.37019394
0.37019394
0.37019394
0.37019394
0.37019394
0.37019394
0.37019394
0.37019394
0.37019394
0.39810687
0.37019394
0.37019394
0.37019394
0.78766144
0.37019394
0.37019394
0.37019394
0.37019394
0.37019394
0.37019394
0.37019394
0.37019394
0.37019394
0.37019394
0.37019394
0.37019394
0.37019394
0.37019394
0.37019394
0.37019394
0.37019394
0.37019394
0.37019394
0.37019394
0.37019394
0.37019394
0.37019394
0.61727761
0.37019394
0.13852966
0.37019394
0.37019394
0.37019394
0.37019394
0.37019394
0.37019394
0.37019394
0.37019394
0.51441909
0.37019394
0.37019394
0.37019394
0.29587187
0.37019394
0.37019394
0.37019394
0.37019394
0.37019394
0.37019394
0.37019394
0.51365398
0.37019394
0.37019394
0.37019394
0.37019394
0.48954360
0.88905927
0.58637252
0.37019394
0.37019394
0.76313788
0.37019394
0.37019394
0.37019394
0.37019394
0.37019394
0.37019394
0.37019394
0.37019394
0.37019394
0.37019394
0.37019394
0.37019394
0.37019394
0.37019394
0.37019394
0.37019394
0.37019394
0.37019394
0.37019394
0.37019394
0.37019394
0.37019394
0.37019394
0.37019394
0.37019394
0.37019394
0.37019394
0.19378867
0.37019394
0.37019394
0.37019394
0.27336587
0.37019394
0.37019394
0.37019394
0.37019394
0.37019394
0.37019394
0.37019394
0.37019394
0.37019394
0.37019394
0.37019394
0.37019394
0.13162561
0.37019394
0.37019394
0.37019394
0.08678243
0.37019394
0.37019394
0.37019394
0.37019394
0.37019394
0.37019394
0.37019394
0.37019394
0.37019394
0.37019394
0.37019394
0.37019394
0.37019394
0.37019394
0.37019394
0.43474604
0.37019394
0.37019394
0.37019394
0.37019394
0.37019394
0.37019394
0.37019394
0.37019394
0.62089706
0.37019394
0.37019394
0.37019394
0.37019394
0.37019394
0.37019394
0.37019394
0.37019394
0.84998672
0.37019394
0.37019394
0.37019394
0.37019394
0.37019394
0.62149337
0.37019394
0.37019394
0.37019394
0.37019394
0.37893040
0.37019394
0.37019394
0.37019394
0.37019394
0.37019394
0.37019394
0.37019394
0.37019394
0.37019394
0.37019394
0.13352961
0.37019394
0.37019394
0.37019394
0.37019394
0.37019394
0.37019394
0.37019394
0.37019394
0.37019394
0.37019394
0.37019394
0.37019394
0.37019394
0.37019394
0.37019394
0.37019394
0.37019394
0.80038596
0.37019394
0.37019394
0.37019394
0.37019394
0.37019394
0.37019394
0.37019394
0.11632534
0.37019394
0.37019394
0.37019394
0.37019394
0.15658604
0.37019394
0.37019394
0.37019394
0.37019394
0.37019394
0.37019394
0.37019394
0.37019394
0.37019394
0.37019394
0.37019394
0.37019394
0.37019394
0.37019394
0.15900171
0.69977719
0.37019394
0.37019394
0.37019394
0.52244223
0.37019394
0.37019394
0.37019394
0.37019394
0.14075555
0.37019394
0.37019394
0.37019394
0.61539566
0.37019394
0.37019394
0.37019394
0.37019394
0.37019394
0.37019394
0.37019394
0.46316371
0.37019394
0.37019394
0.37019394
0.96551687
0.37019394
0.37019394
0.37019394
0.37019394
0.00044529
0.37019394
0.37019394
0.37019394
0.37019394
0.37019394
0.37019394
0.37019394
0.37019394
0.37019394
0.37019394
0.37019394
0.37019394
0.37019394
0.37019394
0.37019394
0.37019394
0.37019394
0.37019394
0.37019394
0.37019394
0.37019394
0.37019394
0.37019394
0.99417016
0.37019394
0.37019394
0.37019394
0.37019394
0.37019394
0.37019394
0.37019394
0.37019394
0.37019394
0.37019394
0.37019394
0.37019394
0.37019394
0.37019394
0.37019394
0.37019394
0.37019394
0.37019394
0.37019394
0.37019394
0.37019394
0.37019394
0.37019394
0.37019394
0.37019394
0.37019394
0.37019394
0.37019394
0.37019394
0.22866860
0.37019394
0.37019394
0.37019394
0.37019394
0.37019394
0.37019394
0.37019394
0.37019394
0.37019394
0.37019394
0.37019394
0.37019394
0.37019394
0.37019394
0.37019394
0.37019394
0.37019394
0.37019394
0.37419846
0.37019394
0.37019394
0.37019394
0.37019394
0.37019394
0.37019394
0.37019394
0.37019394
0.37019394
0.37019394
0.37019394
0.60774137
0.37019394
0.37019394
0.37019394
0.37019394
0.37019394
0.37019394
0.38533349
0.37019394
0.70923904
0.37019394
0.37019394
0.37019394
0.37019394
0.37019394
0.37019394
0.37019394
0.37019394
0.37019394
0.40118142
0.41797018
0.37019394
0.37019394
0.37019394
0.84600515
0.37019394
0.37019394
0.37019394
0.72173472
0.37019394
0.37019394
0.37019394
0.37019394
0.37019394
0.37019394
0.37019394
0.37019394
0.90881782
0.37019394
0.37019394
0.37019394
0.37019394
0.37019394
0.37019394
0.37019394
0.37019394
0.37019394
0.37019394
0.25111942
0.37019394
0.37019394
0.37019394
0.37019394
0.37019394
0.37019394
0.37019394
0.37019394
0.37019394
0.57557375
0.87713212
0.37019394
0.37019394
0.37019394
0.37019394
0.37019394
0.17375396
0.37019394
0.37019394
0.37019394
0.37019394
0.37019394
0.37019394
0.37019394
0.37019394
0.37019394
0.37019394
0.37019394
0.37019394
0.37019394
0.37019394
0.37019394
0.37019394
0.95140540
0.37019394
0.37019394
0.37019394
0.37019394
0.37019394
0.37019394
0.37019394
0.37019394
0.03051006
0.37019394
0.37019394
0.37019394
0.37019394
0.37019394
0.37019394
0.37019394
0.37019394
0.37019394
0.37019394
0.37019394
0.37019394
0.37019394
0.37019394
0.37019394
0.37019394
0.37019394
0.37019394
0.37019394
0.37019394
0.37019394
0.37019394
0.15598702
0.37019394
0.33085137
0.37019394
0.37019394
0.37019394
0.37019394
0.35191953
0.22345754
0.37019394
0.37019394
0.37019394
0.37019394
0.37019394
0.37019394
0.37019394
0.37019394
0.86286024
0.37019394
0.37019394
0.37019394
0.92097250
0.37019394
0.37019394
0.37019394
0.37019394
0.37019394
0.37019394
0.37019394
0.37019394
0.37019394
0.37019394
0.76291266
0.37019394
0.69122594
0.28670560
0.37019394
0.37019394
0.37019394
0.37019394
0.37019394
0.37019394
0.37019394
0.37019394
0.12744366
0.63222803
0.37019394
0.37019394
0.37019394
0.37019394
0.37019394
0.37019394
0.37019394
0.37019394
0.37019394
0.37019394
0.37019394
0.37019394
0.95174582
0.37019394
0.37019394
0.37019394
0.51558181
0.37019394
0.29708289
0.37019394
0.37019394
0.37019394
0.37019394
0.37019394
0.37019394
0.37019394
0.37019394
0.37019394
0.37019394
0.03790621
0.37019394
0.37019394
0.10036156
0.37019394
0.37019394
0.28528929
0.12945445
0.37019394
0.37019394
0.33016362
0.37019394
0.37019394
0.37019394
0.37019394
0.06121141
0.37019394
0.37019394
0.37019394
0.14144590
0.37019394
0.37019394
0.37019394
0.37019394
0.65167955
0.37019394
0.37019394
0.37019394
0.37019394
0.37019394
0.37019394
0.37019394
0.37019394
0.37019394
0.37019394
0.37019394
0.37019394
0.37019394
0.44779888
0.37019394
0.37019394
0.37019394
0.93696813
0.37019394
0.37019394
0.37019394
0.37019394
0.37019394
0.37019394
0.37019394
0.37019394
0.37019394
0.37019394
0.37019394
0.37019394
0.37019394
0.37019394
0.37019394
0.37019394
0.37019394
0.37019394
0.37019394
0.37019394
0.37019394
0.62227125
0.30935713
0.37019394
0.37019394
0.37019394
0.37019394
0.37019394
0.37019394
0.97265083
0.37019394
0.64014050
0.37019394
0.37019394
0.37019394
0.37019394
0.37019394
0.37019394
0.37019394
0.37019394
0.37019394
0.37019394
0.37019394
0.37019394
0.37019394
0.37019394
0.37019394
0.37019394
0.37019394
0.37019394
0.37019394
0.37019394
0.37019394
0.37019394
0.37019394
0.92620153
0.37019394
0.43213516
0.37019394
0.37019394
0.37019394
0.37019394
0.37019394
0.37019394
0.37019394
0.37019394
0.37019394
0.37019394
0.60653235
0.37019394
0.37019394
0.37019394
0.37019394
0.37019394
0.37019394
0.37019394
0.37019394
0.37019394
0.37019394
0.75806577
0.37019394
0.37019394
0.37019394
0.37019394
0.37019394
0.37019394
0.37019394
0.37019394
0.37019394
0.37019394
0.37019394
0.37019394
0.37019394
0.37019394
0.37019394
0.37019394
0.37019394
0.37019394
0.37019394
0.37019394
0.37019394
0.37019394
0.15192510
0.37019394
0.37019394
0.37019394
0.37019394
0.37019394
0.37019394
0.37019394
0.37019394
0.37019394
0.37019394
0.37019394
0.37019394
0.37019394
0.21396902
0.70179061
0.37019394
0.37019394
0.31049251
0.37019394
0.37019394
0.37019394
0.37019394
0.37019394
0.37019394
0.37019394
0.37019394
0.37019394
0.37019394
0.37019394
0.37019394
0.37019394
0.37019394
0.37019394
0.37019394
0.37019394
0.37019394
0.37019394
0.37019394
0.37019394
0.37019394
0.37019394
0.37019394
0.37019394
0.37019394
0.37019394
0.37019394
0.37019394
0.82271391
0.37019394
0.37019394
0.37019394
0.55663627
0.37019394
0.37019394
0.37019394
0.30894450
0.37019394
0.37019394
0.37019394
0.37019394
0.37019394
0.89154251
0.37019394
0.37019394
0.37019394
0.37019394
0.37019394
0.37019394
0.84885361
0.37019394
0.71165663
0.37019394
0.37019394
0.37019394
0.37019394
0.37019394
0.37019394
0.49840114
0.54096780
0.37019394
0.37019394
0.37019394
0.37019394
0.37019394
0.37019394
0.37019394
0.66165977
0.37019394
0.37019394
0.37019394
0.37019394
0.37019394
0.37019394
0.37019394
0.37019394
0.37019394
0.37019394
0.37019394
0.37019394
0.29333186
0.37019394
0.37019394
0.37019394
0.37019394
0.37019394
0.37019394
0.37019394
0.37019394
0.37019394
0.37019394
0.37019394
0.37019394
0.37019394
0.37019394
0.37019394
0.37019394
0.37019394
0.84333857
0.53882612
0.37019394
0.37019394
0.37019394
0.37019394
0.37019394
0.37019394
0.37019394
0.24107547
0.37019394
0.37019394
0.37019394
0.37019394
0.37019394
0.37019394
0.37019394
0.37019394
0.37019394
0.37019394
0.37019394
0.37019394
0.37019394
0.37019394
0.37019394
0.37019394
0.37019394
0.37019394
0.37019394
0.37019394
0.37019394
0.37019394
0.37019394
0.37019394
0.37019394
0.37019394
0.37019394
0.37019394
0.37019394
0.37019394
0.37019394
0.37019394
0.37019394
0.37019394
0.37019394
0.29608979
0.37019394
0.37019394
0.37019394
0.37019394
0.37019394
0.37019394
0.37019394
0.37019394
0.37019394
0.85588941
0.37019394
0.37019394
0.37019394
0.37019394
0.37019394
0.37019394
0.37019394
0.37019394
0.37019394
0.37019394
0.37019394
0.37019394
0.37019394
0.16909383
0.37019394
0.37019394
0.37019394
0.37019394
0.22865365
0.37019394
0.37019394
0.37019394
0.37019394
0.37019394
0.37019394
0.37019394
0.37019394
0.37019394
0.37019394
0.10100094
0.37019394
0.37019394
0.37019394
0.37019394
0.37019394
0.37019394
0.37019394
0.27034863
0.05914673
0.24342635
0.37019394
0.37019394
0.37019394
0.59731720
0.37019394
0.37019394
0.37019394
0.37019394
0.37019394
0.37019394
0.37019394
0.15434117
0.37019394
0.37019394
0.37019394
0.37019394
0.37019394
0.37019394
0.37019394
0.37019394
0.37019394
0.37019394
0.37019394
0.37019394
0.37019394
0.37019394
0.99791806
0.37019394
0.37019394
0.37019394
0.37019394
0.37019394
0.62010983
0.37019394
0.64061915
0.37019394
0.37019394
0.37019394
0.91905290
0.37019394
0.37019394
0.83401067
0.37019394
0.37019394
0.37019394
0.37019394
0.37019394
0.37019394
0.37019394
0.37019394
0.37019394
0.37019394
0.37019394
0.37019394
0.37019394
0.37019394
0.37019394
0.37019394
0.92642395
0.37019394
0.37019394
0.37019394
0.37019394
0.37019394
0.37019394
0.37019394
0.37019394
0.37019394
0.37019394
0.37019394
0.37019394
0.85319765
0.37019394
0.37019394
0.37019394
0.37019394
0.37019394
0.37019394
0.37019394
0.37019394
0.37019394
0.37019394
0.37019394
0.37019394
0.37019394
0.37019394
0.37019394
0.37019394
0.37019394
0.37019394
0.47468383
0.37019394
0.37019394
0.36282344
0.37019394
0.37019394
0.37019394
0.37019394
0.37019394
0.37019394
0.37019394
0.37019394
0.37019394
0.37019394
0.37019394
0.37019394
0.37019394
0.24852284
0.37019394
0.37019394
0.37019394
0.37019394
0.37019394
0.37019394
0.37019394
0.77727323
0.37019394
0.37019394
0.31808934
0.37019394
0.37019394
0.37019394
0.37019394
0.08455065
0.37019394
0.37019394
0.09763143
0.37019394
0.79133360
0.37019394
0.37019394
0.37019394
0.37019394
0.37019394
0.37019394
0.37019394
0.37019394
0.37019394
0.98777628
0.37019394
0.37019394
0.37019394
0.37019394
0.28699077
0.37019394
0.37019394
0.37019394
0.55500114
0.37019394
0.37019394
0.37019394
0.37019394
0.34629643
0.61264172
0.37019394
0.37019394
0.37019394
0.37019394
0.37019394
0.37019394
0.37019394
0.37019394
0.20712867
0.37019394
0.37019394
0.37019394
0.37019394
0.37019394
0.85178963
0.37019394
0.37019394
0.37019394
0.37019394
0.37019394
0.37019394
0.37019394
0.83125811
0.37019394
0.37019394
0.37019394
0.37019394
0.43383922
0.37019394
0.37019394
0.37019394
0.37019394
0.37019394
0.37019394
0.37019394
0.37019394
0.37019394
0.37019394
0.37019394
0.37019394
0.37019394
0.37019394
0.37019394
0.37019394
0.37019394
0.37019394
0.37019394
0.37019394
0.37019394
0.37019394
0.37019394
0.37019394
0.37019394
0.37019394
0.37019394
0.37019394
0.37019394
0.01464608
0.37019394
0.37019394
0.37019394
0.37019394
0.24706891
0.37019394
0.37019394
0.37019394
0.37019394
0.37019394
0.37019394
0.52490950
0.37019394
0.37019394
0.37019394
0.37019394
0.37019394
0.37019394
0.37019394
0.37019394
0.37019394
0.37019394
0.37019394
0.37019394
0.37019394
0.37019394
0.37019394
0.37019394
0.37019394
0.37019394
0.37019394
0.37019394
0.37019394
0.37019394
0.37019394
0.37019394
0.37019394
0.37019394
0.54817419
0.37019394
0.37019394
0.37019394
0.37019394
0.43304723
0.37019394
0.37019394
0.37019394
0.37019394
0.37019394
0.37019394
0.37019394
0.37019394
0.37019394
0.37019394
0.37019394
0.37019394
0.37019394
0.47616904
0.37019394
0.37019394
0.37019394
0.37019394
0.37019394
0.37019394
0.37019394
0.37019394
0.37019394
0.37019394
0.37019394
0.37019394
0.45071814
0.37019394
0.37019394
0.37019394
0.99493060
0.37019394
0.37019394
0.37019394
0.60902410
0.67408850
0.37019394
0.37019394
0.37019394
0.37019394
0.37019394
0.37019394
0.37019394
0.37019394
0.37019394
0.37019394
0.37019394
0.37019394
0.37019394
0.37019394
0.37019394
0.37019394
0.37019394
0.89360346
0.55451382
0.37019394
0.37019394
0.37019394
0.37019394
0.37019394
0.37019394
0.37019394
0.37019394
0.37019394
0.37019394
0.37019394
0.37019394
0.37019394
0.37019394
0.37019394
0.37019394
0.37019394
0.37019394
0.37019394
0.37019394
0.37019394
0.37019394
0.37019394
0.37019394
0.37019394
0.37019394
0.37019394
0.37019394
0.37019394
0.37019394
0.37019394
0.37019394
0.93855648
0.37019394
0.37019394
0.57387872
0.37019394
0.37019394
0.37019394
0.37019394
0.43451148
0.37019394
0.37019394
0.37019394
0.37019394
0.37019394
0.37019394
0.84007427
0.37019394
0.37019394
0.37019394
0.37019394
0.73305705
0.37019394
0.37019394
0.66800098
0.37019394
0.37019394
0.37019394
0.37019394
0.37019394
0.37019394
0.83947200
0.37019394
0.37019394
0.37019394
0.37019394
0.37019394
0.37019394
0.53026457
0.37019394
0.37019394
0.37019394
0.39216225
0.37019394
0.37019394
0.37019394
0.37019394
0.37019394
0.37019394
0.66300618
0.37019394
0.37019394
0.37019394
0.37019394
0.37019394
0.37019394
0.37019394
0.37019394
0.37019394
0.37019394
0.37019394
0.37019394
0.74135834
0.81340488
0.37019394
0.37019394
0.37019394
0.37019394
0.37019394
0.37019394
0.37019394
0.37019394
0.45201898
0.37019394
0.37019394
0.56481239
0.37019394
0.69355413
0.37019394
0.37019394
0.37019394
0.37019394
0.37019394
0.37019394
0.37019394
0.37019394
0.37019394
0.37019394
0.37019394
0.37019394
0.37019394
0.37019394
0.37019394
0.37019394
0.37019394
0.37019394
0.37019394
0.08551045
0.51388494
0.37019394
0.37019394
0.37019394
0.37019394
0.52221099
0.50949980
0.37019394
0.37019394
0.37019394
0.31703639
0.37019394
0.17682504
0.48987276
0.37019394
0.37019394
0.37019394
0.37019394
0.37019394
0.16915928
0.37019394
0.37019394
0.37019394
0.37019394
0.37019394
0.37019394
0.37019394
0.37019394
0.37019394
0.37019394
0.37019394
0.37019394
0.68606809
0.37019394
0.37019394
0.37019394
0.37019394
0.37019394
0.63175188
0.37019394
0.37019394
0.37019394
0.37019394
0.37019394
0.37019394
0.37019394
0.37019394
0.37019394
0.37019394
0.37019394
0.37019394
0.37019394
0.37019394
0.37019394
0.37019394
0.37019394
0.48115170
0.37019394
0.37019394
0.37019394
0.37019394
0.37019394
0.37019394
0.37019394
0.37019394
0.37019394
0.08147503
0.37019394
0.42759913
0.37019394
0.37019394
0.37019394
0.21327458
0.37019394
0.37019394
0.59909420
0.37019394
0.37019394
0.37019394
0.37019394
0.37019394
0.37019394
0.37019394
0.37019394
0.37019394
0.00208856
0.37019394
0.37019394
0.37019394
0.37019394
0.68843761
0.47265450
0.37019394
0.37019394
0.37019394
0.37019394
0.37019394
0.37019394
0.37019394
0.37019394
0.37019394
0.37019394
0.37019394
0.37019394
0.81082744
0.37019394
0.37019394
0.37019394
0.37019394
0.37019394
0.37019394
0.37019394
0.37019394
0.37019394
0.37019394
0.37019394
0.37019394
0.37019394
0.37019394
0.37019394
0.88471555
0.37019394
0.37019394
0.37019394
0.37019394
0.37019394
0.83085020
0.37019394
0.37019394
0.37019394
0.37019394
0.67730317
0.37019394
0.37019394
0.37019394
0.33819197
0.37019394
0.37019394
0.62085365
0.37019394
0.37019394
0.89336137
0.37019394
0.37019394
0.37019394
0.37019394
0.37019394
0.37019394
0.37019394
0.37019394
0.37019394
0.37019394
0.37019394
0.37019394
0.37019394
0.37019394
0.37019394
0.37019394
0.37019394
0.37019394
0.37019394
0.35703328
0.37019394
0.37019394
0.37019394
0.37019394
0.37019394
0.37019394
0.37019394
0.37019394
0.37019394
0.37019394
0.37019394
0.37019394
0.37019394
0.37019394
0.37019394
0.37019394
0.01930562
0.37019394
0.37019394
0.37019394
0.37019394
0.37019394
0.37019394
0.37019394
0.37019394
0.37019394
0.37019394
0.37019394
0.37019394
0.44956566
0.37019394
0.37019394
0.37019394
0.37019394
0.37019394
0.37019394
0.37019394
0.83244778
0.37019394
0.37019394
0.37019394
0.81862288
0.37019394
0.37019394
0.37019394
0.37019394
0.37019394
0.37019394
0.37019394
0.37019394
0.37019394
0.37019394
0.37019394
0.37019394
0.37019394
0.37019394
0.37019394
0.37019394
0.37019394
0.37019394
0.37019394
0.37019394
0.37019394
0.76006972
0.37019394
0.37019394
0.39842370
0.37019394
0.37019394
0.37019394
0.37019394
0.37019394
0.37019394
0.37019394
0.37019394
0.37019394
0.37019394
0.87820142
0.37019394
0.37019394
0.37019394
0.17972810
0.86179152
0.37019394
0.37019394
0.60030550
0.37019394
0.37019394
0.37019394
0.37019394
0.37019394
0.37019394
0.37019394
0.37019394
0.37019394
0.37019394
0.37019394
0.37019394
0.96191683
0.37019394
0.37019394
0.37019394
0.52096969
0.37019394
0.37019394
0.53120526
0.37019394
0.37019394
0.11339270
0.71654846
0.08842075
0.37019394
0.26565271
0.37019394
0.71710044
0.37019394
0.37019394
0.37019394
0.37019394
0.37019394
0.37019394
0.37019394
0.37019394
0.37019394
0.37019394
0.37019394
0.37019394
0.37019394
0.37019394
0.37019394
0.37019394
0.30157908
0.37019394
0.37019394
0.37019394
0.37019394
0.37019394
0.37019394
0.37019394
0.37019394
0.37019394
0.37019394
0.37019394
0.37019394
0.37019394
0.37019394
0.22015934
0.37019394
0.37019394
0.37019394
0.37019394
0.45856091
0.37019394
0.37019394
0.37019394
0.37019394
0.37019394
0.37019394
0.37019394
0.37019394
0.37019394
0.37019394
0.37019394
0.37019394
0.37019394
0.37019394
0.37019394
0.37019394
0.37019394
0.37019394
0.37019394
0.37019394
0.37019394
0.37019394
0.37019394
0.70064763
0.37019394
0.37019394
0.37019394
0.37019394
0.37019394
0.37019394
0.37019394
0.37019394
0.37019394
0.02353893
0.37019394
0.37019394
0.37019394
0.99948664
0.37019394
0.37019394
0.37019394
0.37019394
0.37019394
0.37019394
0.37019394
0.37019394
0.37019394
0.37019394
0.37019394
0.83913752
0.37019394
0.53710479
0.37019394
0.78992349
0.37019394
0.37019394
0.37019394
0.37019394
0.37019394
0.37019394
0.37019394
0.37019394
0.37019394
0.25007397
0.37019394
0.37019394
0.37019394
0.78719428
0.37019394
0.37019394
0.37019394
0.37019394
0.37019394
0.37019394
0.37019394
0.37019394
0.37019394
0.37019394
0.37019394
0.37019394
0.37019394
0.11974613
0.37019394
0.37019394
0.37019394
0.37019394
0.37019394
0.37019394
0.37019394
0.37019394
0.37019394
0.37019394
0.37019394
0.37019394
0.37019394
0.37019394
0.37019394
0.37019394
0.37019394
0.37019394
0.37019394
0.37019394
0.37019394
0.37019394
0.37019394
0.37019394
0.37019394
0.37019394
0.37019394
0.37019394
0.37019394
0.37019394
0.37019394
0.37019394
0.37019394
0.37019394
0.37019394
0.37019394
0.37019394
0.37019394
0.37019394
0.37019394
0.37019394
0.37019394
0.37019394
0.37019394
0.37019394
0.37019394
0.37019394
0.37019394
0.37019394
0.37019394
0.37019394
0.37019394
0.37019394
0.37019394
0.67576853
0.37019394
0.37019394
0.37019394
0.37019394
0.37019394
0.37019394
0.37019394
0.37019394
0.37019394
0.37019394
0.37019394
0.37019394
0.37019394
0.37019394
0.37019394
0.37019394
0.37019394
0.37019394
0.82875531
0.37019394
0.37019394
0.37019394
0.37019394
0.37019394
0.37019394
0.37019394
0.37019394
0.37019394
0.82266796
0.37019394
0.37019394
0.65153725
0.37019394
0.37019394
0.37019394
0.37019394
0.37019394
0.67984916
0.37019394
0.37019394
0.37019394
0.37019394
0.37019394
0.37019394
0.37019394
0.37019394
0.37019394
0.37019394
0.37019394
0.73155576
0.37019394
0.00848907
0.37019394
0.37019394
0.37019394
0.34236927
0.03781616
0.37019394
0.37019394
0.37019394
0.37019394
0.37019394
0.37019394
0.37019394
0.37019394
0.37019394
0.37019394
0.37019394
0.37019394
0.37019394
0.37019394
0.37019394
0.37019394
0.00777966
0.37019394
0.37019394
0.37019394
0.37019394
0.37019394
0.37019394
0.37019394
0.37019394
0.41598193
0.37019394
0.37019394
0.35669397
0.37019394
0.37019394
0.37019394
0.37019394
0.37019394
0.37019394
0.37019394
0.37019394
0.37019394
0.37019394
0.37019394
0.37019394
0.37019394
0.37019394
0.37019394
0.37019394
0.37019394
0.37019394
0.37019394
0.37019394
0.89452139
0.37019394
0.37019394
0.37019394
0.80609320
0.37019394
0.37019394
0.35432597
0.37019394
0.37019394
0.37019394
0.37019394
0.84897012
0.37019394
0.37019394
0.37019394
0.37019394
0.37019394
0.37019394
0.37019394
0.37019394
0.37019394
0.37019394
0.37019394
0.37019394
0.37019394
0.44819669
0.37019394
0.37019394
0.37019394
0.37019394
0.37019394
0.37019394
0.99967947
0.37019394
0.08763397
0.37019394
0.37019394
0.88137571
0.97856316
0.37019394
0.37019394
0.37019394
0.37019394
0.37019394
0.37019394
0.37019394
0.77529715
0.37019394
0.37019394
0.37019394
0.37019394
0.37019394
0.37019394
0.37019394
0.37019394
0.37019394
0.32274984
0.37019394
0.35681830
0.37019394
0.37019394
0.37019394
0.37019394
0.03570252
0.37019394
0.37019394
0.37019394
0.37019394
0.37019394
0.85247407
0.37019394
0.37019394
0.37019394
0.62508177
0.37019394
0.37019394
0.37019394
0.37019394
0.37019394
0.80025471
0.37019394
0.37019394
0.37019394
0.37019394
0.37019394
0.37019394
0.55160261
0.37019394
0.37019394
0.37019394
0.37019394
0.37019394
0.37019394
0.37019394
0.37019394
0.37019394
0.37019394
0.37019394
0.37019394
0.37019394
0.37019394
0.09568753
0.37019394
0.37019394
0.37019394
0.37019394
0.37019394
0.37019394
0.37019394
0.37019394
0.37019394
0.37019394
0.37019394
0.37019394
0.37019394
0.37019394
0.37019394
0.37019394
0.37019394
0.17454335
0.37019394
0.95776460
0.37019394
0.37019394
0.37019394
0.37019394
0.37019394
0.37019394
0.37019394
0.37019394
0.37019394
0.37019394
0.37019394
0.37019394
0.37019394
0.37019394
0.37019394
0.69515191
0.37019394
0.37019394
0.37019394
0.37019394
0.37019394
0.37019394
0.37019394
0.37019394
0.37019394
0.37019394
0.37019394
0.37019394
0.37019394
0.37019394
0.37019394
0.37019394
0.37019394
0.37019394
0.37019394
0.37019394
0.37019394
0.37019394
0.37019394
0.37019394
0.37019394
0.37019394
0.37019394
0.37019394
0.37019394
0.37019394
0.37019394
0.37019394
0.37019394
0.32328246
0.37019394
0.37019394
0.37019394
0.37019394
0.37019394
0.37019394
0.37019394
0.37019394
0.39058289
0.83472746
0.37019394
0.37019394
0.37019394
0.37019394
0.58808408
0.37019394
0.37019394
0.37019394
0.37019394
0.60523342
0.37019394
0.37019394
0.37019394
0.37019394
0.37019394
0.37019394
0.37019394
0.37019394
0.37019394
0.37019394
0.37019394
0.37019394
0.37019394
0.37019394
0.37019394
0.37019394
0.37019394
0.37019394
0.37019394
0.37019394
0.37019394
0.37019394
0.35881207
0.54926246
0.37019394
0.37019394
0.37019394
0.37019394
0.37019394
0.37019394
0.04960803
0.37019394
0.37019394
0.37019394
0.37019394
0.37019394
0.37019394
0.37019394
0.37019394
0.37019394
0.37019394
0.95484605
0.37019394
0.37019394
0.79731752
0.37019394
0.37019394
0.37019394
0.37019394
0.37019394
0.37019394
0.37019394
0.37019394
0.37019394
0.37019394
0.37019394
0.37019394
0.37019394
0.37019394
0.47323043
0.37019394
0.37019394
0.66647794
0.37019394
0.38943281
0.96408124
0.37019394
0.37019394
0.37019394
0.37019394
0.60197068
0.68410425
0.37019394
0.37019394
0.40197146
0.28125455
0.52853514
0.37019394
0.37019394
0.37019394
0.03188314
0.37019394
0.37019394
0.37019394
0.37019394
0.37019394
0.37019394
0.37019394
0.37019394
0.37019394
0.37019394
0.37019394
0.37019394
0.37019394
0.37019394
0.37019394
0.37019394
0.37019394
0.37019394
0.37019394
0.37019394
0.37019394
0.37019394
0.37019394
0.37019394
0.37019394
0.37019394
0.37019394
0.37019394
0.37019394
0.37019394
0.37019394
0.37019394
0.37019394
0.37019394
0.37019394
0.37019394
0.37019394
0.37019394
0.37019394
0.37019394
0.37019394
0.37019394
0.37019394
0.37019394
0.37019394
0.37019394
0.37019394
0.37019394
0.37019394
0.37019394
0.37019394
0.37019394
0.37019394
0.37019394
0.37019394
0.37019394
0.37019394
0.34890327
0.37019394
0.37019394
0.37019394
0.37019394
0.37019394
0.37019394
0.37019394
0.37019394
0.37019394
0.63691294
0.37019394
0.37019394
0.37019394
0.37019394
0.37019394
0.37019394
0.37019394
0.37019394
0.37019394
0.37019394
0.37019394
0.37019394
0.37019394
0.37019394
0.37019394
0.34334571
0.90619113
0.37019394
0.37019394
0.37019394
0.37019394
0.37019394
0.37019394
0.37019394
0.37019394
0.65330462
0.37019394
0.37019394
0.63801254
0.37019394
0.37019394
0.37019394
0.37019394
0.37019394
0.37019394
0.37019394
0.55012008
0.37019394
0.37019394
0.37019394
0.37019394
0.37019394
0.37019394
0.37019394
0.37019394
0.37019394
0.37019394
0.37019394
0.99892911
0.37019394
0.37019394
0.37019394
0.37019394
0.37019394
0.37019394
0.37019394
0.37019394
0.37019394
0.37019394
0.37019394
0.37019394
0.37019394
0.37019394
0.37019394
0.22289307
0.37019394
0.37019394
0.37019394
0.37019394
0.37019394
0.37019394
0.37019394
0.89852591
0.37019394
0.37019394
0.37019394
0.37019394
0.69369964
0.37019394
0.37019394
0.37019394
0.37019394
0.94822728
0.37019394
0.37019394
0.37019394
0.37019394
0.37019394
0.37019394
0.37019394
0.37019394
0.37019394
0.37019394
0.37019394
0.37019394
0.37019394
0.37019394
0.37019394
0.37019394
0.37019394
0.37019394
0.37019394
0.37019394
0.37019394
0.37019394
0.37019394
0.37019394
0.37019394
0.37019394
0.37019394
0.37019394
0.37019394
0.37019394
0.37019394
0.37019394
0.37019394
0.37019394
0.37019394
0.37019394
0.37019394
0.86040698
0.37019394
0.37019394
0.37019394
0.37019394
0.37019394
0.37019394
0.37019394
0.37019394
0.37019394
0.37019394
0.37019394
0.37019394
0.37019394
0.37019394
0.37019394
0.92754371
0.37019394
0.70437319
0.37019394
0.37019394
0.37019394
0.15829543
0.37019394
0.37019394
0.37019394
0.37019394
0.37019394
0.37019394
0.37019394
0.37019394
0.37019394
0.79462303
0.37019394
0.37019394
0.37019394
0.37019394
0.37019394
0.37019394
0.37019394
0.37019394
0.37019394
0.37019394
0.53674609
0.37019394
0.37019394
0.37019394
0.37019394
0.37019394
0.37019394
0.37019394
0.37019394
0.37019394
0.37019394
0.37019394
0.37019394
0.37019394
0.37019394
0.37019394
0.37019394
0.37019394
0.37019394
0.37019394
0.37019394
0.37019394
0.37019394
0.29613029
0.37019394
0.37019394
0.37019394
0.37019394
0.37019394
0.37019394
0.16915876
0.37019394
0.37019394
0.37019394
0.37019394
0.37019394
0.37019394
0.37019394
0.37019394
0.37019394
0.37019394
0.19073240
0.37019394
0.37019394
0.37019394
0.37019394
0.86365323
0.37019394
0.43443854
0.37019394
0.47462263
0.37019394
0.37019394
0.37019394
0.37019394
0.86573516
0.37019394
0.37019394
0.37019394
0.37019394
0.37019394
0.37019394
0.37019394
0.37019394
0.37019394
0.37019394
0.37019394
0.37019394
0.31847696
0.37019394
0.37019394
0.37019394
0.37019394
0.37019394
0.37019394
0.37019394
0.37019394
0.37019394
0.37019394
0.37019394
0.37019394
0.37019394
0.37019394
0.37019394
0.37019394
0.37019394
0.37019394
0.37019394
0.37019394
0.37019394
0.37019394
0.37019394
0.37019394
0.37019394
0.37019394
0.37019394
0.58874311
0.15067224
0.37019394
0.37019394
0.37019394
0.37019394
0.37019394
0.37019394
0.37019394
0.37019394
0.37019394
0.37019394
0.37019394
0.37019394
0.37019394
0.37019394
0.37019394
0.37019394
0.37019394
0.37019394
0.37019394
0.37019394
0.37019394
0.37019394
0.37019394
0.37019394
0.37019394
0.37019394
0.37019394
0.37019394
0.37019394
0.37019394
0.37019394
0.37019394
0.37019394
0.37019394
0.37019394
0.21748000
0.37019394
0.37019394
0.37019394
0.37019394
0.37019394
0.37087935
0.37019394
0.77494147
0.37019394
0.37019394
0.37019394
0.37019394
0.37019394
0.37019394
0.80943113
0.37019394
0.37019394
0.37019394
0.37019394
0.37019394
0.37019394
0.37019394
0.37019394
0.37019394
0.73957958
0.37019394
0.37019394
0.37019394
0.37019394
0.37019394
0.37019394
0.37019394
0.37019394
0.37019394
0.37019394
0.37019394
0.37019394
0.37019394
0.37019394
0.37019394
0.08072548
0.37019394
0.37019394
0.37019394
0.37019394
0.37019394
0.53467121
0.37019394
0.37019394
0.37019394
0.37019394
0.37019394
0.37019394
0.37019394
0.37019394
0.37019394
0.37019394
0.37019394
0.37019394
0.37019394
0.37019394
0.45719200
0.37019394
0.37019394
0.37019394
0.37019394
0.37019394
0.37019394
0.65949060
0.37019394
0.37019394
0.37019394
0.37019394
0.37019394
0.37019394
0.37019394
0.37019394
0.37019394
0.37019394
0.37019394
0.37019394
0.37019394
0.68361207
0.37019394
0.46381468
0.37019394
0.58215191
0.37019394
0.37019394
0.37019394
0.37019394
0.37019394
0.37019394
0.37019394
0.37019394
0.37019394
0.37019394
0.37019394
0.37019394
0.03994627
0.37019394
0.37019394
0.37019394
0.37019394
0.37019394
0.43221065
0.37019394
0.37019394
0.37019394
0.37019394
0.37019394
0.37019394
0.37019394
0.37019394
0.37019394
0.37019394
0.37019394
0.37019394
0.37019394
0.37019394
0.37019394
0.37019394
0.37019394
0.37019394
0.37019394
0.37019394
0.37019394
0.37019394
0.37019394
0.49185034
0.37019394
0.37019394
0.37019394
0.37019394
0.37019394
0.37019394
0.37019394
0.37019394
0.37019394
0.37019394
0.62454277
0.37019394
0.37019394
0.37019394
0.37019394
0.37019394
0.37019394
0.37019394
0.37019394
0.37019394
0.37019394
0.37019394
0.37019394
0.37019394
0.37019394
0.16518702
0.37019394
0.37019394
0.37019394
0.37019394
0.28694766
0.41943144
0.37019394
0.37019394
0.37019394
0.37019394
0.37019394
0.37019394
0.37019394
0.37019394
0.37019394
0.37019394
0.37019394
0.37019394
0.37019394
0.37019394
0.37019394
0.37019394
0.37019394
0.37019394
0.37019394
0.37019394
0.68425900
0.37019394
0.82934393
0.37019394
0.37019394
0.37019394
0.15984793
0.37019394
0.37019394
0.84436158
0.37019394
0.37019394
0.37019394
0.37019394
0.37019394
0.37019394
0.37019394
0.37019394
0.37019394
0.37019394
0.37019394
0.37019394
0.37019394
0.37019394
0.37019394
0.37019394
0.37019394
0.37019394
0.37019394
0.37019394
0.37019394
0.37019394
0.37019394
0.37019394
0.37019394
0.37019394
0.37019394
0.37019394
0.64764208
0.06014869
0.37019394
0.47668719
0.37019394
0.69059202
0.37019394
0.37019394
0.37019394
0.37019394
0.37019394
0.37019394
0.37019394
0.37019394
0.37019394
0.37019394
0.37019394
0.37019394
0.37019394
0.37019394
0.37019394
0.37019394
0.37019394
0.37019394
0.37019394
0.37019394
0.37019394
0.37019394
0.37019394
0.37019394
0.37019394
0.37019394
0.37019394
0.37019394
0.37019394
0.20961281
0.37019394
0.20396874
0.37019394
0.37019394
0.33693065
0.37019394
0.37019394
0.37019394
0.37019394
0.37019394
0.37019394
0.37019394
0.37019394
0.37019394
0.37019394
0.37019394
0.37019394
0.37019394
0.37019394
0.41918975
0.37019394
0.37019394
0.37019394
0.37019394
0.37019394
0.37019394
0.37019394
0.37019394
0.76282583
0.37019394
0.47641979
0.37019394
0.37019394
0.37019394
0.37019394
0.37019394
0.37019394
0.37019394
0.37019394
0.37019394
0.37019394
0.63959923
0.37019394
0.37019394
0.37019394
0.37019394
0.37019394
0.37019394
0.37019394
0.37019394
0.37019394
0.37019394
0.37019394
0.37019394
0.37019394
0.37019394
0.37019394
0.23650878
0.37019394
0.37019394
0.37019394
0.37019394
0.37019394
0.37019394
0.37019394
0.37019394
0.37019394
0.37019394
0.37019394
0.37019394
0.37019394
0.37019394
0.37019394
0.37019394
0.43026474
0.37019394
0.37019394
0.37019394
0.37019394
0.37019394
0.37019394
0.37019394
0.37019394
0.37019394
0.37019394
0.37019394
0.37019394
0.37019394
0.37019394
0.37019394
0.37019394
0.37019394
0.37019394
0.37019394
0.37019394
0.24944822
0.37019394
0.37019394
0.37019394
0.37019394
0.37019394
0.37019394
0.25768307
0.37019394
0.37019394
0.37019394
0.37019394
0.37019394
0.37019394
0.37019394
0.66529336
0.37019394
0.37019394
0.37019394
0.37019394
0.37019394
0.00386574
0.37019394
0.25907144
0.37019394
0.80706096
0.33489848
0.37019394
0.37019394
0.37019394
0.70322715
0.31894023
0.37019394
0.38227349
0.37019394
0.37019394
0.37019394
0.37019394
0.37019394
0.37019394
0.37019394
0.37019394
0.37019394
0.37019394
0.37019394
0.37019394
0.37019394
0.37019394
0.37019394
0.37019394
0.37019394
0.37019394
0.37019394
0.37019394
0.37019394
0.37019394
0.37019394
0.37019394
0.37019394
0.37019394
0.37019394
0.36090963
0.37019394
0.37019394
0.37019394
0.37019394
0.37019394
0.66671323
0.37019394
0.37019394
0.37019394
0.37019394
0.37019394
0.37019394
0.37019394
0.37019394
0.38317095
0.37019394
0.37019394
0.37019394
0.37019394
0.37019394
0.37019394
0.37019394
0.95883263
0.37019394
0.37019394
0.37019394
0.37019394
