0.37019394
0.37019394
0.37019394
0.37019394
0.37019394
0.37019394
0.37019394
0.37019394
0.37019394
0.56126521
0.37019394
0.16995428
0.37019394
0.37019394
0.37019394
0.76894352
0.37019394
0.37019394
0.37019394
0.37019394
0.24574987
0.37019394
0.12125810
0.37019394
0.37019394
0.37019394
0.37019394
0.37019394
0.49211509
0.37019394
0.37019394
0.37019394
0.37019394
0.37019394
0.37019394
0.37019394
0.37019394
0.37019394
0.37019394
0.37019394
0.37811258
0.37019394
0.37019394
0.37019394
0.53966586
0.78838815
0.37019394
0.37019394
0.37019394
0.37019394
0.37019394
0.37019394
0.37019394
0.37019394
0.37019394
0.37019394
0.37019394
0.59245843
0.37019394
0.37019394
0.37019394
0.37019394
0.37019394
0.37019394
0.47353241
0.37019394
0.37019394
0.37019394
0.37019394
0.73280173
0.37019394
0.37019394
0.37019394
0.37019394
0.73521030
0.37019394
0.37019394
0.37019394
0.37019394
0.37019394
0.37019394
0.37019394
0.37019394
0.28046433
0.37019394
0.37019394
0.37019394
0.37019394
0.37019394
0.37019394
0.37019394
0.37019394
0.37019394
0.37019394
0.40058845
0.38796610
0.37019394
0.37019394
0.78264177
0.37019394
0.37019394
0.37019394
0.27276378
0.43925126
0.37019394
0.37019394
0.20001601
0.37019394
0.37019394
0.37019394
0.39726066
0.37019394
0.37019394
0.80817685
0.34800918
0.48803460
0.37019394
0.37019394
0.29611208
0.68653699
0.37019394
0.37019394
0.37019394
0.37019394
0.37019394
0.37019394
0.37019394
0.37019394
0.50976651
0.50435991
0.99050279
0.37019394
0.37019394
0.37019394
0.37019394
0.37019394
0.37019394
0.37019394
0.37019394
0.37019394
0.54069677
0.37019394
0.60125675
0.37019394
0.82614340
0.37019394
0.37019394
0.23779088
0.41333703
0.37019394
0.06963132
0.37019394
0.37019394
0.37019394
0.37019394
0.37019394
0.37019394
0.37019394
0.37019394
0.37019394
0.37019394
0.37019394
0.37019394
0.45844388
0.37019394
0.37019394
0.37019394
0.08236553
0.37019394
0.37019394
0.18278807
0.71623257
0.25122536
0.37019394
0.37019394
0.37019394
0.37019394
0.37019394
0.37019394
0.37019394
0.37019394
0.37019394
0.37019394
0.37019394
0.37019394
0.37019394
0.37019394
0.25809441
0.37019394
0.37019394
0.15743120
0.37019394
0.37019394
0.37019394
0.37019394
0.37019394
0.28189234
0.37019394
0.37019394
0.37019394
0.37019394
0.37019394
0.37019394
0.37019394
0.37019394
0.48568422
0.37019394
0.37019394
0.37019394
0.37019394
0.37019394
0.37019394
0.37019394
0.67447242
0.37019394
0.37019394
0.45884451
0.20460509
0.37019394
0.37019394
0.37019394
0.37019394
0.37019394
0.37019394
0.37019394
0.37019394
0.19515247
0.37019394
0.37019394
0.37019394
0.37019394
0.37019394
0.37019394
0.37019394
0.37019394
0.37019394
0.37019394
0.37019394
0.20326316
0.37019394
0.37019394
0.97876676
0.37019394
0.37019394
0.37019394
0.37019394
0.90348136
0.37019394
0.51226579
0.37019394
0.37019394
0.37019394
0.37019394
0.37019394
0.37019394
0.37019394
0.28346568
0.37019394
0.31583832
0.37019394
0.37019394
0.37019394
0.37019394
0.37019394
0.24721596
0.37019394
0.30683940
0.37019394
0.16968881
0.37019394
0.37019394
0.37019394
0.37019394
0.37019394
0.37019394
0.37019394
0.37019394
0.37019394
0.37019394
0.37019394
0.37019394
0.37019394
0.37019394
0.37019394
0.37019394
0.37019394
0.37019394
0.37019394
0.37019394
0.37019394
0.37019394
0.32344192
0.37019394
0.17974638
0.37019394
0.21248363
0.37019394
0.37019394
0.37019394
0.37019394
0.37019394
0.37019394
0.37019394
0.18383978
0.37019394
0.37019394
0.37019394
0.37019394
0.37019394
0.10724981
0.37019394
0.37019394
0.37019394
0.37019394
0.37019394
0.37019394
0.37019394
0.37019394
0.37019394
0.37019394
0.37019394
0.37019394
0.37019394
0.37019394
0.23130650
0.37019394
0.37019394
0.37019394
0.37019394
0.23583268
0.37019394
0.37019394
0.37019394
0.37019394
0.37019394
0.37019394
0.60992934
0.21707226
0.37019394
0.37019394
0.37019394
0.37019394
0.37019394
0.37019394
0.26733254
0.83936670
0.37019394
0.37019394
0.37019394
0.37019394
0.37019394
0.37019394
0.37019394
0.37019394
0.37019394
0.37019394
0.37019394
0.83629175
0.37019394
0.37019394
0.37019394
0.37019394
0.37019394
0.37019394
0.45148581
0.37019394
0.37019394
0.37019394
0.37019394
0.37019394
0.37019394
0.37019394
0.37019394
0.20447366
0.37019394
0.37019394
0.37019394
0.37019394
0.13108733
0.37019394
0.37019394
0.37019394
0.37019394
0.37019394
0.24777414
0.37019394
0.49568585
0.37019394
0.67483228
0.37019394
0.37019394
0.37019394
0.37019394
0.37019394
0.68090193
0.10972322
0.37019394
0.37019394
0.37019394
0.37019394
0.37019394
0.37019394
0.37019394
0.37019394
0.37019394
0.37019394
0.37019394
0.69264204
0.28178592
0.37019394
0.37019394
0.08870113
0.37019394
0.37019394
0.37019394
0.37019394
0.37019394
0.37019394
0.37019394
0.76500101
0.37019394
0.37019394
0.37019394
0.37019394
0.54812274
0.37019394
0.37019394
0.25678470
0.37019394
0.37019394
0.47784550
0.37019394
0.37019394
0.37019394
0.37019394
0.37019394
0.37815719
0.37019394
0.37019394
0.37019394
0.37019394
0.37019394
0.37019394
0.37019394
0.37019394
0.37019394
0.37019394
0.37019394
0.37019394
0.37019394
0.37019394
0.37019394
0.37019394
0.37019394
0.37019394
0.31556192
0.49622835
0.37019394
0.37019394
0.81228305
0.37019394
0.37019394
0.37019394
0.37019394
0.37019394
0.37019394
0.37019394
0.63610091
0.37019394
0.37019394
0.45670603
0.37019394
0.37019394
0.37019394
0.37019394
0.37019394
0.37019394
0.37019394
0.37019394
0.37019394
0.37019394
0.37019394
0.37019394
0.37019394
0.37019394
0.37019394
0.37019394
0.37019394
0.31860234
0.37019394
0.26876645
0.37019394
0.37019394
0.37019394
0.37019394
0.37019394
0.64870190
0.09749256
0.37019394
0.37019394
