Command being timed: "python3 100_variants_LDpruning_inter.py"
        User time (seconds): 77453.01
        System time (seconds): 1671.43
        Percent of CPU this job got: 1475%
        Elapsed (wall clock) time (h:mm:ss or m:ss): 1:29:21
        Average shared text size (kbytes): 0
        Average unshared data size (kbytes): 0
        Average stack size (kbytes): 0
        Average total size (kbytes): 0
        Maximum resident set size (kbytes): 3221588
        Average resident set size (kbytes): 0
        Major (requiring I/O) page faults: 7
        Minor (reclaiming a frame) page faults: 7140569
        Voluntary context switches: 543860
        Involuntary context switches: 12680877
        Swaps: 0
        File system inputs: 0
        File system outputs: 0
        Socket messages sent: 0
        Socket messages received: 0
        Signals delivered: 0
        Page size (bytes): 4096
        Exit status: 0