Command being timed: "python3 100_variants_LDpruning.py"
        User time (seconds): 1398.95
        System time (seconds): 194.20
        Percent of CPU this job got: 1069%
        Elapsed (wall clock) time (h:mm:ss or m:ss): 2:28.93
        Average shared text size (kbytes): 0
        Average unshared data size (kbytes): 0
        Average stack size (kbytes): 0
        Average total size (kbytes): 0
        Maximum resident set size (kbytes): 2587416
        Average resident set size (kbytes): 0
        Major (requiring I/O) page faults: 1
        Minor (reclaiming a frame) page faults: 15399080
        Voluntary context switches: 23133
        Involuntary context switches: 858628
        Swaps: 0
        File system inputs: 0
        File system outputs: 0
        Socket messages sent: 1
        Socket messages received: 0
        Signals delivered: 0
        Page size (bytes): 4096
        Exit status: 0