        Command being timed: "python3 100_variants_LDpruning.py"
        User time (seconds): 1908.09
        System time (seconds): 566.71
        Percent of CPU this job got: 708%
        Elapsed (wall clock) time (h:mm:ss or m:ss): 5:49.28
        Average shared text size (kbytes): 0
        Average unshared data size (kbytes): 0
        Average stack size (kbytes): 0
        Average total size (kbytes): 0
        Maximum resident set size (kbytes): 3027052
        Average resident set size (kbytes): 0
        Major (requiring I/O) page faults: 7
        Minor (reclaiming a frame) page faults: 971898
        Voluntary context switches: 509
        Involuntary context switches: 8522846
        Swaps: 0
        File system inputs: 0
        File system outputs: 0
        Socket messages sent: 1
        Socket messages received: 0
        Signals delivered: 0
        Page size (bytes): 4096
        Exit status: 0