 Command being timed: "python3 100_variants_LDpruning_inter.py"
        User time (seconds): 6796.14
        System time (seconds): 1702.14
        Percent of CPU this job got: 779%
        Elapsed (wall clock) time (h:mm:ss or m:ss): 18:09.74
        Average shared text size (kbytes): 0
        Average unshared data size (kbytes): 0
        Average stack size (kbytes): 0
        Average total size (kbytes): 0
        Maximum resident set size (kbytes): 3982332
        Average resident set size (kbytes): 0
        Major (requiring I/O) page faults: 1
        Minor (reclaiming a frame) page faults: 1159636
        Voluntary context switches: 8
        Involuntary context switches: 28134459
        Swaps: 0
        File system inputs: 0
        File system outputs: 0
        Socket messages sent: 1
        Socket messages received: 0
        Signals delivered: 0
        Page size (bytes): 4096
        Exit status: 0