         4510506 function calls (4509478 primitive calls) in 308.797 seconds

   Ordered by: cumulative time

   ncalls  tottime  percall  cumtime  percall filename:lineno(function)
        1    0.003    0.003  308.797  308.797 /Users/yupeng/Desktop/Internship/Garvan/CellRegMap/cellregmap/_cellregmap.py:471(run_association)
        1    0.363    0.363  308.438  308.438 /Users/yupeng/Desktop/Internship/Garvan/CellRegMap/cellregmap/_cellregmap.py:246(scan_association)
     1011    0.008    0.000  304.991    0.302 /Users/yupeng/Library/Python/3.9/lib/python/site-packages/glimix_core/lmm/_lmm.py:259(fit)
     1011    0.004    0.000  292.864    0.290 /Users/yupeng/Library/Python/3.9/lib/python/site-packages/optimix/_function.py:66(_maximize_scalar)
     1011    0.028    0.000  292.859    0.290 /Users/yupeng/Library/Python/3.9/lib/python/site-packages/optimix/_function.py:23(_minimize_scalar)
     1011    0.008    0.000  291.550    0.288 /Users/yupeng/Library/Python/3.9/lib/python/site-packages/brent_search/_optimize.py:11(minimize)
    24256    0.062    0.000  291.320    0.012 /Users/yupeng/Library/Python/3.9/lib/python/site-packages/brent_search/_optimize.py:50(func)
    24256    0.118    0.000  291.258    0.012 /Users/yupeng/Library/Python/3.9/lib/python/site-packages/optimix/_function.py:45(func)
    24256    0.129    0.000  290.277    0.012 /Users/yupeng/Library/Python/3.9/lib/python/site-packages/glimix_core/lmm/_lmm.py:292(value)
   101068  261.717    0.003  261.941    0.003 /Users/yupeng/Library/Python/3.9/lib/python/site-packages/glimix_core/lmm/_b.py:69(dot)
    25267    0.308    0.000  215.032    0.009 /Users/yupeng/Library/Python/3.9/lib/python/site-packages/glimix_core/lmm/_lmm.py:540(_update_beta)
     1011    0.081    0.000  193.767    0.192 /Users/yupeng/Library/Python/3.9/lib/python/site-packages/brent_search/_bracket.py:8(bracket)
    25267    4.888    0.000  150.667    0.006 /Users/yupeng/Library/Python/3.9/lib/python/site-packages/glimix_core/lmm/_lmm.py:580(_tXTBtX)
    50534   27.813    0.001  119.307    0.002 /Users/yupeng/Library/Python/3.9/lib/python/site-packages/glimix_core/lmm/_lmm.py:576(_yTBtX)
     1011    0.084    0.000   97.775    0.097 /Users/yupeng/Library/Python/3.9/lib/python/site-packages/brent_search/_brent.py:9(brent)
    25267    0.165    0.000   85.452    0.003 /Users/yupeng/Library/Python/3.9/lib/python/site-packages/glimix_core/lmm/_lmm.py:549(_update_scale)
    25267    0.499    0.000   85.245    0.003 /Users/yupeng/Library/Python/3.9/lib/python/site-packages/glimix_core/lmm/_lmm.py:533(_optimal_scale_using_optimal_beta)
    25267    0.845    0.000   25.568    0.001 /Users/yupeng/Library/Python/3.9/lib/python/site-packages/glimix_core/lmm/_lmm.py:572(_yTBy)
    25267    0.209    0.000    3.788    0.000 /Users/yupeng/Library/Python/3.9/lib/python/site-packages/glimix_core/_util/solve.py:54(rsolve)
    25267    0.349    0.000    3.475    0.000 /Users/yupeng/Library/Python/3.9/lib/python/site-packages/numpy_sugar/linalg/solve.py:140(rsolve)
    25267    2.078    0.000    2.733    0.000 /Users/yupeng/Library/Python/3.9/lib/python/site-packages/numpy/linalg/linalg.py:2191(lstsq)
     1011    0.036    0.000    2.532    0.003 /Users/yupeng/Library/Python/3.9/lib/python/site-packages/glimix_core/lmm/_lmm.py:98(__init__)
    25276    0.099    0.000    1.852    0.000 /Users/yupeng/Library/Python/3.9/lib/python/site-packages/glimix_core/lmm/_lmm.py:324(lml)
    25276    0.233    0.000    1.730    0.000 /Users/yupeng/Library/Python/3.9/lib/python/site-packages/glimix_core/lmm/_lmm.py:489(_lml_optimal_scale)
     1011    1.555    0.002    1.555    0.002 /Users/yupeng/Library/Python/3.9/lib/python/site-packages/glimix_core/lmm/_b.py:28(__init__)
    25276    0.487    0.000    1.438    0.000 /Users/yupeng/Library/Python/3.9/lib/python/site-packages/glimix_core/lmm/_lmm.py:561(_logdetD)
     1012    0.011    0.000    1.183    0.001 /Users/yupeng/Library/Python/3.9/lib/python/site-packages/tqdm/std.py:953(__init__)
     1012    1.084    0.001    1.117    0.001 /Users/yupeng/Library/Python/3.9/lib/python/site-packages/tqdm/utils.py:212(__init__)
33355/32344    0.173    0.000    0.932    0.000 /Users/yupeng/Library/Python/3.9/lib/python/site-packages/optimix/_types.py:108(__setattr__)
    51557    0.481    0.000    0.853    0.000 /Users/yupeng/Library/Python/3.9/lib/python/site-packages/glimix_core/lmm/_lmm.py:375(delta)
     1011    0.008    0.000    0.717    0.001 /Users/yupeng/Library/Python/3.9/lib/python/site-packages/glimix_core/_util/_svd.py:19(__init__)
    26278    0.155    0.000    0.706    0.000 /Users/yupeng/Library/Python/3.9/lib/python/site-packages/ndarray_listener/_ndl.py:170(itemset)
     1011    0.047    0.000    0.647    0.001 /Users/yupeng/Library/Python/3.9/lib/python/site-packages/numpy_sugar/linalg/svd.py:4(economic_svd)
     1011    0.559    0.001    0.598    0.001 /Users/yupeng/Library/Python/3.9/lib/python/site-packages/scipy/linalg/_decomp_svd.py:13(svd)
   271894    0.401    0.000    0.581    0.000 <frozen importlib._bootstrap>:1033(_handle_fromlist)
    28273    0.393    0.000    0.578    0.000 {built-in method builtins.sum}
    26278    0.102    0.000    0.530    0.000 /Users/yupeng/Library/Python/3.9/lib/python/site-packages/ndarray_listener/_ndl.py:155(__notify)
    25256    0.029    0.000    0.484    0.000 /Users/yupeng/Library/Python/3.9/lib/python/site-packages/tqdm/std.py:1199(update)
     1001    0.006    0.000    0.475    0.000 /Users/yupeng/Library/Python/3.9/lib/python/site-packages/tqdm/std.py:1161(__iter__)
     1001    0.005    0.000    0.447    0.000 /Users/yupeng/Library/Python/3.9/lib/python/site-packages/tqdm/std.py:1326(refresh)
     1002    0.005    0.000    0.419    0.000 /Users/yupeng/Library/Python/3.9/lib/python/site-packages/tqdm/std.py:1465(display)
        1    0.077    0.077    0.356    0.356 /Users/yupeng/Desktop/Internship/Garvan/CellRegMap/cellregmap/_cellregmap.py:63(__init__)
    26278    0.067    0.000    0.322    0.000 /Users/yupeng/Library/Python/3.9/lib/python/site-packages/glimix_core/lmm/_lmm.py:459(_delta_update)
    25276    0.052    0.000    0.318    0.000 {method 'sum' of 'numpy.ndarray' objects}
    27300    0.287    0.000    0.287    0.000 {method 'reduce' of 'numpy.ufunc' objects}
       11    0.000    0.000    0.279    0.025 /Users/yupeng/Library/Python/3.9/lib/python/site-packages/numpy_sugar/linalg/qs.py:39(economic_qs_linear)
       11    0.000    0.000    0.279    0.025 /Users/yupeng/Library/Python/3.9/lib/python/site-packages/numpy_sugar/linalg/qs.py:74(_economic_qs_linear_noq1)
       11    0.278    0.025    0.279    0.025 /Users/yupeng/Library/Python/3.9/lib/python/site-packages/numpy/linalg/linalg.py:1499(svd)
    25276    0.025    0.000    0.266    0.000 /Users/yupeng/Library/Python/3.9/lib/python/site-packages/numpy/core/_methods.py:47(_sum)
     1002    0.008    0.000    0.266    0.000 /Users/yupeng/Library/Python/3.9/lib/python/site-packages/tqdm/std.py:1151(__str__)
     3006    0.004    0.000    0.261    0.000 /Users/yupeng/Library/Python/3.9/lib/python/site-packages/tqdm/utils.py:377(disp_len)
     3006    0.005    0.000    0.251    0.000 /Users/yupeng/Library/Python/3.9/lib/python/site-packages/tqdm/utils.py:373(_text_width)
     1002    0.038    0.000    0.248    0.000 /Users/yupeng/Library/Python/3.9/lib/python/site-packages/tqdm/std.py:467(format_meter)
    25278    0.126    0.000    0.230    0.000 /Users/yupeng/Library/Python/3.9/lib/python/site-packages/numpy/linalg/linalg.py:159(_commonType)
   477838    0.128    0.000    0.185    0.000 /Users/yupeng/Library/Python/3.9/lib/python/site-packages/tqdm/utils.py:374(<genexpr>)
    75819    0.069    0.000    0.162    0.000 /Users/yupeng/Library/Python/3.9/lib/python/site-packages/glimix_core/lmm/_lmm.py:524(_df)
     1002    0.003    0.000    0.148    0.000 /Users/yupeng/Library/Python/3.9/lib/python/site-packages/tqdm/std.py:460(print_status)
    51557    0.125    0.000    0.125    0.000 /Users/yupeng/Library/Python/3.9/lib/python/site-packages/optimix/_types.py:120(__getattr__)
    50545    0.073    0.000    0.124    0.000 /Users/yupeng/Library/Python/3.9/lib/python/site-packages/numpy/linalg/linalg.py:135(_makearray)
     1002    0.002    0.000    0.115    0.000 /Users/yupeng/Library/Python/3.9/lib/python/site-packages/tqdm/utils.py:385(disp_trim)
    26278    0.106    0.000    0.106    0.000 /Applications/Xcode.app/Contents/Developer/Library/Frameworks/Python3.framework/Versions/3.9/lib/python3.9/weakref.py:69(__call__)
   282035    0.094    0.000    0.094    0.000 {built-in method builtins.isinstance}
    26284    0.094    0.000    0.094    0.000 {built-in method numpy.array}
    75819    0.058    0.000    0.093    0.000 /Users/yupeng/Library/Python/3.9/lib/python/site-packages/glimix_core/lmm/_lmm.py:310(nsamples)
   282001    0.091    0.000    0.091    0.000 {built-in method builtins.hasattr}
    75835    0.082    0.000    0.082    0.000 {method 'astype' of 'numpy.ndarray' objects}
     2022    0.012    0.000    0.075    0.000 /Users/yupeng/Library/Python/3.9/lib/python/site-packages/numpy_sugar/_array.py:50(is_all_finite)
    70755    0.075    0.000    0.075    0.000 {built-in method builtins.max}
   113235    0.071    0.000    0.071    0.000 {built-in method numpy.asarray}
    75823    0.047    0.000    0.069    0.000 /Users/yupeng/Library/Python/3.9/lib/python/site-packages/numpy/linalg/linalg.py:153(_realType)
     2022    0.006    0.000    0.061    0.000 /Users/yupeng/Library/Python/3.9/lib/python/site-packages/numpy/core/fromnumeric.py:2177(sum)
     1011    0.035    0.000    0.059    0.000 /Users/yupeng/Library/Python/3.9/lib/python/site-packages/numpy_sugar/linalg/dot.py:29(ddot)
     1011    0.022    0.000    0.058    0.000 /Users/yupeng/Library/Python/3.9/lib/python/site-packages/optimix/_types.py:26(__init__)
   474832    0.058    0.000    0.058    0.000 {built-in method unicodedata.east_asian_width}
   101068    0.055    0.000    0.055    0.000 /Users/yupeng/Library/Python/3.9/lib/python/site-packages/glimix_core/_util/_svd.py:44(US)
     2024    0.007    0.000    0.055    0.000 /Users/yupeng/Library/Python/3.9/lib/python/site-packages/numpy/core/fromnumeric.py:71(_wrapreduction)
    25278    0.047    0.000    0.047    0.000 /Users/yupeng/Library/Python/3.9/lib/python/site-packages/numpy/linalg/linalg.py:130(get_linalg_error_extobj)
    56647    0.045    0.000    0.045    0.000 {built-in method builtins.getattr}
115522/115520    0.044    0.000    0.044    0.000 {built-in method builtins.len}
    75823    0.031    0.000    0.043    0.000 /Users/yupeng/Library/Python/3.9/lib/python/site-packages/numpy/linalg/linalg.py:140(isComplexType)
     1011    0.010    0.000    0.042    0.000 /Users/yupeng/Library/Python/3.9/lib/python/site-packages/glimix_core/lmm/_lmm.py:392(delta)
    51557    0.042    0.000    0.042    0.000 {built-in method math.exp}
    25267    0.039    0.000    0.039    0.000 {method 'squeeze' of 'numpy.ndarray' objects}
     1012    0.006    0.000    0.036    0.000 /Users/yupeng/Library/Python/3.9/lib/python/site-packages/tqdm/std.py:682(_get_free_pos)
    26278    0.035    0.000    0.035    0.000 /Users/yupeng/Library/Python/3.9/lib/python/site-packages/glimix_core/lmm/_b.py:59(set_variances)
     1012    0.009    0.000    0.034    0.000 /Users/yupeng/Library/Python/3.9/lib/python/site-packages/tqdm/std.py:666(__new__)
    70891    0.034    0.000    0.034    0.000 {built-in method builtins.min}
     1002    0.003    0.000    0.033    0.000 /Users/yupeng/Library/Python/3.9/lib/python/site-packages/tqdm/std.py:454(fp_write)
     2006    0.002    0.000    0.030    0.000 /Users/yupeng/Library/Python/3.9/lib/python/site-packages/tqdm/utils.py:193(inner)
     3027    0.008    0.000    0.030    0.000 /Users/yupeng/Library/Python/3.9/lib/python/site-packages/tqdm/std.py:102(acquire)
     7011    0.021    0.000    0.029    0.000 {method 'format' of 'str' objects}
     1012    0.017    0.000    0.029    0.000 /Users/yupeng/Library/Python/3.9/lib/python/site-packages/tqdm/std.py:685(<setcomp>)
   126368    0.028    0.000    0.028    0.000 {built-in method builtins.issubclass}
     1004    0.028    0.000    0.028    0.000 {method 'write' of '_io.TextIOWrapper' objects}
     2024    0.026    0.000    0.027    0.000 /Users/yupeng/Library/Python/3.9/lib/python/site-packages/tqdm/utils.py:186(disable_on_exception)
    14155    0.011    0.000    0.025    0.000 /Users/yupeng/Library/Python/3.9/lib/python/site-packages/brent_search/_bracket.py:134(_ensure_boundary)
    78873    0.024    0.000    0.024    0.000 {method 'get' of 'dict' objects}
     1011    0.001    0.000    0.022    0.000 /Users/yupeng/Library/Python/3.9/lib/python/site-packages/numpy/lib/function_base.py:873(copy)
    26278    0.021    0.000    0.021    0.000 {function ndl.itemset at 0x1526ded30}
     1011    0.013    0.000    0.020    0.000 /Users/yupeng/Library/Python/3.9/lib/python/site-packages/scipy/linalg/lapack.py:979(_compute_lwork)
     3027    0.019    0.000    0.019    0.000 {method 'acquire' of '_multiprocessing.SemLock' objects}
     1011    0.007    0.000    0.019    0.000 /Users/yupeng/Library/Python/3.9/lib/python/site-packages/optimix/_function.py:170(__init__)
    50556    0.018    0.000    0.018    0.000 {method '__array_prepare__' of 'numpy.ndarray' objects}
    25267    0.017    0.000    0.017    0.000 /Users/yupeng/Library/Python/3.9/lib/python/site-packages/numpy/linalg/linalg.py:197(_assert_2d)
     1011    0.003    0.000    0.017    0.000 /Users/yupeng/Library/Python/3.9/lib/python/site-packages/ndarray_listener/_ndl.py:112(__new__)
     3027    0.007    0.000    0.016    0.000 /Users/yupeng/Library/Python/3.9/lib/python/site-packages/tqdm/std.py:106(release)
     2026    0.002    0.000    0.016    0.000 /Users/yupeng/Library/Python/3.9/lib/python/site-packages/tqdm/std.py:110(__enter__)
    64623    0.014    0.000    0.014    0.000 {built-in method builtins.abs}
     2003    0.005    0.000    0.013    0.000 /Users/yupeng/Library/Python/3.9/lib/python/site-packages/tqdm/std.py:400(format_interval)
     1011    0.010    0.000    0.012    0.000 /Users/yupeng/Library/Python/3.9/lib/python/site-packages/scipy/_lib/_util.py:194(_asarray_validated)
     1011    0.001    0.000    0.012    0.000 /Users/yupeng/Library/Python/3.9/lib/python/site-packages/optimix/_types.py:97(listen)
     1011    0.004    0.000    0.012    0.000 /Users/yupeng/Library/Python/3.9/lib/python/site-packages/optimix/_variables.py:22(select)
    25276    0.012    0.000    0.012    0.000 /Users/yupeng/Library/Python/3.9/lib/python/site-packages/glimix_core/lmm/_lmm.py:478(_logdetH)
     1011    0.010    0.000    0.012    0.000 /Applications/Xcode.app/Contents/Developer/Library/Frameworks/Python3.framework/Versions/3.9/lib/python3.9/functools.py:949(__get__)
     3025    0.005    0.000    0.011    0.000 /Applications/Xcode.app/Contents/Developer/Library/Frameworks/Python3.framework/Versions/3.9/lib/python3.9/_weakrefset.py:59(__iter__)
     1011    0.002    0.000    0.011    0.000 /Users/yupeng/Library/Python/3.9/lib/python/site-packages/ndarray_listener/_ndl.py:152(talk_to)
    25267    0.010    0.000    0.010    0.000 /Users/yupeng/Library/Python/3.9/lib/python/site-packages/numpy/linalg/linalg.py:2187(_lstsq_dispatcher)
     1011    0.006    0.000    0.010    0.000 /Users/yupeng/Library/Python/3.9/lib/python/site-packages/brent_search/_bracket.py:142(_initialize_interval)
     2026    0.001    0.000    0.010    0.000 /Users/yupeng/Library/Python/3.9/lib/python/site-packages/tqdm/std.py:113(__exit__)
     1011    0.002    0.000    0.010    0.000 {method 'view' of 'numpy.ndarray' objects}
     2004    0.007    0.000    0.010    0.000 /Users/yupeng/Library/Python/3.9/lib/python/site-packages/tqdm/utils.py:272(_is_ascii)
     1002    0.007    0.000    0.010    0.000 /Users/yupeng/Library/Python/3.9/lib/python/site-packages/tqdm/std.py:1447(format_dict)
     6001    0.010    0.000    0.010    0.000 /Users/yupeng/Library/Python/3.9/lib/python/site-packages/tqdm/std.py:231(__call__)
    25279    0.008    0.000    0.008    0.000 /Users/yupeng/Library/Python/3.9/lib/python/site-packages/glimix_core/lmm/_lmm.py:401(scale)
     1011    0.003    0.000    0.008    0.000 /Users/yupeng/Library/Python/3.9/lib/python/site-packages/ndarray_listener/_ndl.py:174(_create_callback)
     3027    0.008    0.000    0.008    0.000 {method 'release' of '_multiprocessing.SemLock' objects}
     1011    0.002    0.000    0.008    0.000 /Users/yupeng/Library/Python/3.9/lib/python/site-packages/ndarray_listener/_ndl.py:122(__array_finalize__)
     2022    0.004    0.000    0.008    0.000 /Users/yupeng/Library/Python/3.9/lib/python/site-packages/optimix/_variables.py:29(names)
     1012    0.001    0.000    0.007    0.000 /Applications/Xcode.app/Contents/Developer/Library/Frameworks/Python3.framework/Versions/3.9/lib/python3.9/_weakrefset.py:107(remove)
    13144    0.007    0.000    0.007    0.000 /Users/yupeng/Library/Python/3.9/lib/python/site-packages/brent_search/_bracket.py:130(_boundary_inside)
     2022    0.007    0.000    0.007    0.000 /Users/yupeng/Library/Python/3.9/lib/python/site-packages/ndarray_listener/_ndl.py:131(__setattr__)
     1011    0.003    0.000    0.007    0.000 /Users/yupeng/Library/Python/3.9/lib/python/site-packages/optimix/_function.py:13(__init__)
     1002    0.006    0.000    0.007    0.000 /Users/yupeng/Library/Python/3.9/lib/python/site-packages/tqdm/std.py:186(__format__)
     1001    0.007    0.000    0.007    0.000 {built-in method now}
     2025    0.003    0.000    0.007    0.000 {method 'remove' of 'set' objects}
     1012    0.002    0.000    0.006    0.000 /Applications/Xcode.app/Contents/Developer/Library/Frameworks/Python3.framework/Versions/3.9/lib/python3.9/_weakrefset.py:82(add)
     3006    0.006    0.000    0.006    0.000 {method 'sub' of 're.Pattern' objects}
     1011    0.004    0.000    0.005    0.000 /Users/yupeng/Library/Python/3.9/lib/python/site-packages/optimix/_variables.py:60(merge_variables)
     1011    0.004    0.000    0.005    0.000 /Users/yupeng/Library/Python/3.9/lib/python/site-packages/scipy/linalg/blas.py:384(getter)
     1011    0.005    0.000    0.005    0.000 /Users/yupeng/Library/Python/3.9/lib/python/site-packages/scipy/linalg/lapack.py:1014(_check_work_float)
     1012    0.004    0.000    0.005    0.000 /Applications/Xcode.app/Contents/Developer/Library/Frameworks/Python3.framework/Versions/3.9/lib/python3.9/functools.py:392(__get__)
     1011    0.004    0.000    0.005    0.000 /Applications/Xcode.app/Contents/Developer/Library/Frameworks/Python3.framework/Versions/3.9/lib/python3.9/weakref.py:47(__new__)
     3033    0.004    0.000    0.004    0.000 {built-in method builtins.sorted}
     2025    0.002    0.000    0.004    0.000 {method 'add' of 'set' objects}
     1011    0.003    0.000    0.004    0.000 /Users/yupeng/Library/Python/3.9/lib/python/site-packages/numpy/core/shape_base.py:81(atleast_2d)
     1012    0.001    0.000    0.003    0.000 /Users/yupeng/Library/Python/3.9/lib/python/site-packages/tqdm/utils.py:124(__eq__)
     1002    0.003    0.000    0.003    0.000 /Users/yupeng/Library/Python/3.9/lib/python/site-packages/tqdm/std.py:153(__init__)
     1011    0.001    0.000    0.003    0.000 /Users/yupeng/Library/Python/3.9/lib/python/site-packages/optimix/_types.py:41(bounds)
    21054    0.003    0.000    0.003    0.000 {built-in method builtins.ord}
     1013    0.002    0.000    0.003    0.000 /Applications/Xcode.app/Contents/Developer/Library/Frameworks/Python3.framework/Versions/3.9/lib/python3.9/_weakrefset.py:27(__exit__)
     1011    0.002    0.000    0.003    0.000 /Users/yupeng/Library/Python/3.9/lib/python/site-packages/optimix/_function.py:225(_isfixed)
     1012    0.001    0.000    0.003    0.000 /Users/yupeng/Library/Python/3.9/lib/python/site-packages/tqdm/utils.py:155(__init__)
     2023    0.003    0.000    0.003    0.000 {built-in method numpy.zeros}
     3036    0.003    0.000    0.003    0.000 /Users/yupeng/Library/Python/3.9/lib/python/site-packages/tqdm/utils.py:151(wrapper_setattr)
     3027    0.003    0.000    0.003    0.000 {method 'acquire' of '_thread.RLock' objects}
     1012    0.002    0.000    0.002    0.000 /Users/yupeng/Library/Python/3.9/lib/python/site-packages/tqdm/_monitor.py:94(report)
        1    0.000    0.000    0.002    0.002 /Users/yupeng/Desktop/Internship/Garvan/CellRegMap/cellregmap/_cellregmap.py:443(lrt_pvalues)
     2022    0.002    0.000    0.002    0.000 /Users/yupeng/Library/Python/3.9/lib/python/site-packages/brent_search/_bracket.py:138(_tol)
     1013    0.002    0.000    0.002    0.000 /Applications/Xcode.app/Contents/Developer/Library/Frameworks/Python3.framework/Versions/3.9/lib/python3.9/_weakrefset.py:21(__enter__)
     4002    0.002    0.000    0.002    0.000 {built-in method time.time}
     2024    0.001    0.000    0.002    0.000 /Users/yupeng/Library/Python/3.9/lib/python/site-packages/tqdm/std.py:1158(__hash__)
     2024    0.001    0.000    0.002    0.000 /Users/yupeng/Library/Python/3.9/lib/python/site-packages/tqdm/std.py:1154(_comparable)
     1011    0.002    0.000    0.002    0.000 /Users/yupeng/Library/Python/3.9/lib/python/site-packages/optimix/_variables.py:26(<listcomp>)
     2024    0.002    0.000    0.002    0.000 /Users/yupeng/Library/Python/3.9/lib/python/site-packages/numpy/core/fromnumeric.py:72(<dictcomp>)
     5008    0.002    0.000    0.002    0.000 {built-in method builtins.divmod}
     2035    0.001    0.000    0.001    0.000 {built-in method __new__ of type object at 0x10624ba38}
        1    0.000    0.000    0.001    0.001 /Users/yupeng/Library/Python/3.9/lib/python/site-packages/scipy/stats/_distn_infrastructure.py:848(__call__)
        1    0.000    0.000    0.001    0.001 /Users/yupeng/Library/Python/3.9/lib/python/site-packages/scipy/stats/_distn_infrastructure.py:828(freeze)
        1    0.000    0.000    0.001    0.001 /Users/yupeng/Library/Python/3.9/lib/python/site-packages/scipy/stats/_distn_infrastructure.py:458(__init__)
        1    0.000    0.000    0.001    0.001 /Users/yupeng/Library/Python/3.9/lib/python/site-packages/scipy/stats/_distn_infrastructure.py:1797(__init__)
     2011    0.001    0.000    0.001    0.000 /Users/yupeng/Library/Python/3.9/lib/python/site-packages/tqdm/std.py:1266(close)
     1011    0.001    0.000    0.001    0.000 /Users/yupeng/Library/Python/3.9/lib/python/site-packages/scipy/sparse/_base.py:1461(issparse)
     1011    0.001    0.000    0.001    0.000 /Users/yupeng/Library/Python/3.9/lib/python/site-packages/numpy/ma/core.py:6485(isMaskedArray)
     3027    0.001    0.000    0.001    0.000 {method 'release' of '_thread.RLock' objects}
      3/1    0.000    0.000    0.001    0.001 <frozen importlib._bootstrap>:1002(_find_and_load)
     3587    0.001    0.000    0.001    0.000 {method 'append' of 'list' objects}
      3/1    0.000    0.000    0.001    0.001 <frozen importlib._bootstrap>:967(_find_and_load_unlocked)
     1012    0.001    0.000    0.001    0.000 /Users/yupeng/Library/Python/3.9/lib/python/site-packages/tqdm/std.py:763(get_lock)
     1013    0.001    0.000    0.001    0.000 /Applications/Xcode.app/Contents/Developer/Library/Frameworks/Python3.framework/Versions/3.9/lib/python3.9/_weakrefset.py:17(__init__)
     1013    0.001    0.000    0.001    0.000 {method 'ravel' of 'numpy.ndarray' objects}
     2022    0.001    0.000    0.001    0.000 /Users/yupeng/Library/Python/3.9/lib/python/site-packages/optimix/_types.py:78(isfixed)
     1002    0.001    0.000    0.001    0.000 {method 'update' of 'dict' objects}
     2024    0.001    0.000    0.001    0.000 {built-in method _weakref.proxy}
     1004    0.001    0.000    0.001    0.000 {method 'flush' of '_io.TextIOWrapper' objects}
     4050    0.001    0.000    0.001    0.000 {method 'items' of 'dict' objects}
     1002    0.001    0.000    0.001    0.000 /Users/yupeng/Library/Python/3.9/lib/python/site-packages/tqdm/utils.py:107(__init__)
     2025    0.001    0.000    0.001    0.000 {built-in method builtins.id}
      3/1    0.000    0.000    0.001    0.001 <frozen importlib._bootstrap>:659(_load_unlocked)
     1011    0.001    0.000    0.001    0.000 /Users/yupeng/Library/Python/3.9/lib/python/site-packages/brent_search/_bracket.py:119(_sort)
      4/2    0.000    0.000    0.001    0.000 {built-in method builtins.exec}
      3/1    0.000    0.000    0.001    0.001 <frozen importlib._bootstrap_external>:844(exec_module)
     2022    0.001    0.000    0.001    0.000 /Users/yupeng/Library/Python/3.9/lib/python/site-packages/optimix/_types.py:37(bounds)
        1    0.000    0.000    0.001    0.001 /Users/yupeng/Library/Python/3.9/lib/python/site-packages/scipy/stats/_distn_infrastructure.py:779(_construct_doc)
        1    0.000    0.000    0.001    0.001 /Users/yupeng/Library/Python/3.9/lib/python/site-packages/scipy/stats/_distn_infrastructure.py:493(sf)
        1    0.000    0.000    0.001    0.001 /Users/yupeng/Library/Python/3.9/lib/python/site-packages/scipy/stats/_distn_infrastructure.py:2123(sf)
      999    0.000    0.000    0.001    0.000 /Users/yupeng/Library/Python/3.9/lib/python/site-packages/tqdm/std.py:1148(__del__)
     1011    0.001    0.000    0.001    0.000 /Users/yupeng/Library/Python/3.9/lib/python/site-packages/glimix_core/lmm/_lmm.py:465(_logdetXX)
        2    0.000    0.000    0.001    0.000 /Users/yupeng/Library/Python/3.9/lib/python/site-packages/scipy/_lib/doccer.py:13(docformat)
     1013    0.001    0.000    0.001    0.000 /Applications/Xcode.app/Contents/Developer/Library/Frameworks/Python3.framework/Versions/3.9/lib/python3.9/_weakrefset.py:53(_commit_removals)
      3/1    0.000    0.000    0.001    0.001 <frozen importlib._bootstrap>:220(_call_with_frames_removed)
        1    0.000    0.000    0.001    0.001 /Users/yupeng/Library/Python/3.9/lib/python/site-packages/ndarray_listener/__init__.py:1(<module>)
     1002    0.001    0.000    0.001    0.000 /Users/yupeng/Library/Python/3.9/lib/python/site-packages/tqdm/utils.py:111(__format__)
     1012    0.001    0.000    0.001    0.000 {method 'difference' of 'set' objects}
     2022    0.001    0.000    0.001    0.000 /Users/yupeng/Library/Python/3.9/lib/python/site-packages/numpy/core/fromnumeric.py:2172(_sum_dispatcher)
     1011    0.001    0.000    0.001    0.000 /Users/yupeng/Library/Python/3.9/lib/python/site-packages/brent_search/_bracket.py:126(_boundary_equal)
     2025    0.001    0.000    0.001    0.000 {built-in method builtins.iter}
     1011    0.001    0.000    0.001    0.000 /Users/yupeng/Library/Python/3.9/lib/python/site-packages/brent_search/_bracket.py:143(<listcomp>)
     1002    0.001    0.000    0.001    0.000 /Users/yupeng/Library/Python/3.9/lib/python/site-packages/tqdm/std.py:167(colour)
     1011    0.001    0.000    0.001    0.000 /Users/yupeng/Library/Python/3.9/lib/python/site-packages/optimix/_variables.py:27(<dictcomp>)
     2022    0.001    0.000    0.001    0.000 {staticmethod object at 0x133a264f0}
     1011    0.001    0.000    0.001    0.000 {method '__exit__' of '_thread.RLock' objects}
     1012    0.000    0.000    0.000    0.000 /Applications/Xcode.app/Contents/Developer/Library/Frameworks/Python3.framework/Versions/3.9/lib/python3.9/threading.py:529(is_set)
        3    0.000    0.000    0.000    0.000 <frozen importlib._bootstrap>:901(_find_spec)
     1011    0.000    0.000    0.000    0.000 /Users/yupeng/Library/Python/3.9/lib/python/site-packages/numpy/core/multiarray.py:153(concatenate)
        1    0.000    0.000    0.000    0.000 /Users/yupeng/Library/Python/3.9/lib/python/site-packages/scipy/stats/_continuous_distns.py:1489(_sf)
        3    0.000    0.000    0.000    0.000 <frozen importlib._bootstrap_external>:1406(find_spec)
        3    0.000    0.000    0.000    0.000 <frozen importlib._bootstrap_external>:1374(_get_spec)
        3    0.000    0.000    0.000    0.000 <frozen importlib._bootstrap_external>:916(get_code)
     1011    0.000    0.000    0.000    0.000 /Users/yupeng/Library/Python/3.9/lib/python/site-packages/scipy/linalg/_misc.py:181(_datacopied)
     1011    0.000    0.000    0.000    0.000 /Users/yupeng/Library/Python/3.9/lib/python/site-packages/glimix_core/_util/_svd.py:58(rank)
        6    0.000    0.000    0.000    0.000 <frozen importlib._bootstrap_external>:1505(find_spec)
     1011    0.000    0.000    0.000    0.000 /Users/yupeng/Library/Python/3.9/lib/python/site-packages/numpy/lib/function_base.py:869(_copy_dispatcher)
     1011    0.000    0.000    0.000    0.000 /Users/yupeng/Library/Python/3.9/lib/python/site-packages/numpy/core/shape_base.py:77(_atleast_2d_dispatcher)
     1002    0.000    0.000    0.000    0.000 /Users/yupeng/Library/Python/3.9/lib/python/site-packages/tqdm/std.py:163(colour)
      998    0.000    0.000    0.000    0.000 /Applications/Xcode.app/Contents/Developer/Library/Frameworks/Python3.framework/Versions/3.9/lib/python3.9/weakref.py:54(_cb)
        1    0.000    0.000    0.000    0.000 /Users/yupeng/Library/Python/3.9/lib/python/site-packages/scipy/stats/_distn_infrastructure.py:698(_construct_argparser)
        1    0.000    0.000    0.000    0.000 /Applications/Xcode.app/Contents/Developer/Library/Frameworks/Python3.framework/Versions/3.9/lib/python3.9/re.py:188(match)
        1    0.000    0.000    0.000    0.000 /Applications/Xcode.app/Contents/Developer/Library/Frameworks/Python3.framework/Versions/3.9/lib/python3.9/re.py:289(_compile)
     1015    0.000    0.000    0.000    0.000 {built-in method numpy.asanyarray}
        1    0.000    0.000    0.000    0.000 /Users/yupeng/Library/Python/3.9/lib/python/site-packages/scipy/stats/_distn_infrastructure.py:1857(_attach_methods)
        1    0.000    0.000    0.000    0.000 /Applications/Xcode.app/Contents/Developer/Library/Frameworks/Python3.framework/Versions/3.9/lib/python3.9/sre_compile.py:759(compile)
        3    0.000    0.000    0.000    0.000 <frozen importlib._bootstrap_external>:1036(get_data)
        1    0.000    0.000    0.000    0.000 /Users/yupeng/Library/Python/3.9/lib/python/site-packages/scipy/stats/_distn_infrastructure.py:684(_attach_argparser_methods)
        2    0.000    0.000    0.000    0.000 /Users/yupeng/Library/Python/3.9/lib/python/site-packages/scipy/_lib/doccer.py:180(indentcount_lines)
       17    0.000    0.000    0.000    0.000 <frozen importlib._bootstrap_external>:135(_path_stat)
       17    0.000    0.000    0.000    0.000 {built-in method posix.stat}
        3    0.000    0.000    0.000    0.000 {built-in method io.open_code}
        1    0.000    0.000    0.000    0.000 /Users/yupeng/Library/Python/3.9/lib/python/site-packages/scipy/stats/_distn_infrastructure.py:632(__init__)
        1    0.000    0.000    0.000    0.000 /Users/yupeng/Library/Python/3.9/lib/python/site-packages/scipy/_lib/_util.py:296(getfullargspec_no_self)
        1    0.000    0.000    0.000    0.000 /Applications/Xcode.app/Contents/Developer/Library/Frameworks/Python3.framework/Versions/3.9/lib/python3.9/sre_parse.py:937(parse)
        1    0.000    0.000    0.000    0.000 /Applications/Xcode.app/Contents/Developer/Library/Frameworks/Python3.framework/Versions/3.9/lib/python3.9/sre_compile.py:598(_code)
        1    0.000    0.000    0.000    0.000 /Users/yupeng/Library/Python/3.9/lib/python/site-packages/scipy/stats/_distn_infrastructure.py:559(argsreduce)
        1    0.000    0.000    0.000    0.000 /Applications/Xcode.app/Contents/Developer/Library/Frameworks/Python3.framework/Versions/3.9/lib/python3.9/sre_parse.py:435(_parse_sub)
        3    0.000    0.000    0.000    0.000 <frozen importlib._bootstrap>:558(module_from_spec)
        1    0.000    0.000    0.000    0.000 /Applications/Xcode.app/Contents/Developer/Library/Frameworks/Python3.framework/Versions/3.9/lib/python3.9/sre_parse.py:493(_parse)
        1    0.000    0.000    0.000    0.000 /Applications/Xcode.app/Contents/Developer/Library/Frameworks/Python3.framework/Versions/3.9/lib/python3.9/inspect.py:3128(signature)
       64    0.000    0.000    0.000    0.000 {method 'splitlines' of 'str' objects}
        3    0.000    0.000    0.000    0.000 <frozen importlib._bootstrap>:486(_init_module_attrs)
        1    0.000    0.000    0.000    0.000 /Applications/Xcode.app/Contents/Developer/Library/Frameworks/Python3.framework/Versions/3.9/lib/python3.9/inspect.py:2876(from_callable)
      2/1    0.000    0.000    0.000    0.000 /Applications/Xcode.app/Contents/Developer/Library/Frameworks/Python3.framework/Versions/3.9/lib/python3.9/inspect.py:2244(_signature_from_callable)
       64    0.000    0.000    0.000    0.000 {method 'expandtabs' of 'str' objects}
      2/1    0.000    0.000    0.000    0.000 /Applications/Xcode.app/Contents/Developer/Library/Frameworks/Python3.framework/Versions/3.9/lib/python3.9/sre_compile.py:71(_compile)
        6    0.000    0.000    0.000    0.000 <frozen importlib._bootstrap_external>:361(cache_from_source)
        1    0.000    0.000    0.000    0.000 /Users/yupeng/Library/Python/3.9/lib/python/site-packages/numpy/lib/stride_tricks.py:480(broadcast_arrays)
        1    0.000    0.000    0.000    0.000 <frozen importlib._bootstrap_external>:1556(_fill_cache)
        3    0.000    0.000    0.000    0.000 <frozen importlib._bootstrap_external>:645(_compile_bytecode)
       34    0.000    0.000    0.000    0.000 <frozen importlib._bootstrap_external>:121(_path_join)
        6    0.000    0.000    0.000    0.000 <frozen importlib._bootstrap>:385(cached)
        1    0.000    0.000    0.000    0.000 /Users/yupeng/Library/Python/3.9/lib/python/site-packages/ndarray_listener/_ndl.py:1(<module>)
        1    0.000    0.000    0.000    0.000 {built-in method posix.listdir}
        3    0.000    0.000    0.000    0.000 {built-in method marshal.loads}
        3    0.000    0.000    0.000    0.000 <frozen importlib._bootstrap_external>:491(_get_cached)
        7    0.000    0.000    0.000    0.000 <frozen importlib._bootstrap_external>:145(_path_is_mode_type)
        2    0.000    0.000    0.000    0.000 /Applications/Xcode.app/Contents/Developer/Library/Frameworks/Python3.framework/Versions/3.9/lib/python3.9/sre_compile.py:276(_optimize_charset)
        2    0.000    0.000    0.000    0.000 {built-in method builtins.__build_class__}
        1    0.000    0.000    0.000    0.000 /Users/yupeng/Library/Python/3.9/lib/python/site-packages/numpy/lib/stride_tricks.py:546(<listcomp>)
        6    0.000    0.000    0.000    0.000 <frozen importlib._bootstrap_external>:154(_path_isfile)
        3    0.000    0.000    0.000    0.000 /Users/yupeng/Library/Python/3.9/lib/python/site-packages/numpy/lib/stride_tricks.py:340(_broadcast_to)
        7    0.000    0.000    0.000    0.000 <frozen importlib._bootstrap_external>:1337(_path_importer_cache)
        1    0.000    0.000    0.000    0.000 /Applications/Xcode.app/Contents/Developer/Library/Frameworks/Python3.framework/Versions/3.9/lib/python3.9/inspect.py:2150(_signature_from_function)
        3    0.000    0.000    0.000    0.000 <frozen importlib._bootstrap>:156(__enter__)
        1    0.000    0.000    0.000    0.000 /Users/yupeng/Library/Python/3.9/lib/python/site-packages/tqdm/utils.py:332(_screen_shape_linux)
        1    0.000    0.000    0.000    0.000 /Users/yupeng/Library/Python/3.9/lib/python/site-packages/scipy/stats/_distn_infrastructure.py:980(_open_support_mask)
        1    0.000    0.000    0.000    0.000 /Users/yupeng/Library/Python/3.9/lib/python/site-packages/numpy/core/function_base.py:24(linspace)
        1    0.000    0.000    0.000    0.000 <frozen importlib._bootstrap_external>:1324(_path_hooks)
      105    0.000    0.000    0.000    0.000 {method 'join' of 'str' objects}
        1    0.000    0.000    0.000    0.000 /Users/yupeng/Library/Python/3.9/lib/python/site-packages/tqdm/std.py:689(_decr_instances)
        2    0.000    0.000    0.000    0.000 /Users/yupeng/Library/Python/3.9/lib/python/site-packages/numpy/core/fromnumeric.py:2100(clip)
        2    0.000    0.000    0.000    0.000 /Users/yupeng/Library/Python/3.9/lib/python/site-packages/numpy/core/fromnumeric.py:53(_wrapfunc)
       34    0.000    0.000    0.000    0.000 <frozen importlib._bootstrap_external>:123(<listcomp>)
       20    0.000    0.000    0.000    0.000 {method 'startswith' of 'str' objects}
        1    0.000    0.000    0.000    0.000 /Users/yupeng/Library/Python/3.9/lib/python/site-packages/scipy/linalg/lapack.py:881(get_lapack_funcs)
        3    0.000    0.000    0.000    0.000 <frozen importlib._bootstrap>:166(_get_module_lock)
      165    0.000    0.000    0.000    0.000 {method 'lstrip' of 'str' objects}
        3    0.000    0.000    0.000    0.000 <frozen importlib._bootstrap_external>:1077(path_stats)
        3    0.000    0.000    0.000    0.000 {method 'read' of '_io.BufferedReader' objects}
        6    0.000    0.000    0.000    0.000 <frozen importlib._bootstrap_external>:127(_path_split)
        1    0.000    0.000    0.000    0.000 /Users/yupeng/Library/Python/3.9/lib/python/site-packages/scipy/linalg/blas.py:326(_get_funcs)
        4    0.000    0.000    0.000    0.000 /Users/yupeng/Library/Python/3.9/lib/python/site-packages/numpy/lib/function_base.py:2285(__init__)
        1    0.000    0.000    0.000    0.000 <frozen importlib._bootstrap_external>:1597(path_hook_for_FileFinder)
        2    0.000    0.000    0.000    0.000 {method 'clip' of 'numpy.ndarray' objects}
        2    0.000    0.000    0.000    0.000 /Users/yupeng/Library/Python/3.9/lib/python/site-packages/glimix_core/lmm/_lmm.py:235(v0)
        1    0.000    0.000    0.000    0.000 /Applications/Xcode.app/Contents/Developer/Library/Frameworks/Python3.framework/Versions/3.9/lib/python3.9/sre_compile.py:536(_compile_info)
        3    0.000    0.000    0.000    0.000 <frozen importlib._bootstrap_external>:1500(_get_spec)
        2    0.000    0.000    0.000    0.000 /Users/yupeng/Library/Python/3.9/lib/python/site-packages/numpy/core/_methods.py:90(_clip)
        1    0.000    0.000    0.000    0.000 {built-in method fcntl.ioctl}
        2    0.000    0.000    0.000    0.000 /Users/yupeng/Library/Python/3.9/lib/python/site-packages/numpy/core/_ufunc_config.py:33(seterr)
       19    0.000    0.000    0.000    0.000 /Applications/Xcode.app/Contents/Developer/Library/Frameworks/Python3.framework/Versions/3.9/lib/python3.9/sre_parse.py:254(get)
        2    0.000    0.000    0.000    0.000 /Applications/Xcode.app/Contents/Developer/Library/Frameworks/Python3.framework/Versions/3.9/lib/python3.9/sre_compile.py:411(_mk_bitmap)
        1    0.000    0.000    0.000    0.000 /Applications/Xcode.app/Contents/Developer/Library/Frameworks/Python3.framework/Versions/3.9/lib/python3.9/inspect.py:1838(_signature_bound_method)
        1    0.000    0.000    0.000    0.000 /Users/yupeng/Library/Python/3.9/lib/python/site-packages/numpy/core/_ufunc_config.py:430(__enter__)
        3    0.000    0.000    0.000    0.000 {method 'replace' of 'str' objects}
        3    0.000    0.000    0.000    0.000 {method '__exit__' of '_io._IOBase' objects}
        2    0.000    0.000    0.000    0.000 /Applications/Xcode.app/Contents/Developer/Library/Frameworks/Python3.framework/Versions/3.9/lib/python3.9/inspect.py:2515(__init__)
        1    0.000    0.000    0.000    0.000 /Users/yupeng/Library/Python/3.9/lib/python/site-packages/numpy/core/fromnumeric.py:2322(any)
        3    0.000    0.000    0.000    0.000 /Users/yupeng/Library/Python/3.9/lib/python/site-packages/numpy/lib/function_base.py:1917(place)
        1    0.000    0.000    0.000    0.000 <frozen zipimport>:63(__init__)
        2    0.000    0.000    0.000    0.000 /Applications/Xcode.app/Contents/Developer/Library/Frameworks/Python3.framework/Versions/3.9/lib/python3.9/inspect.py:2798(__init__)
       25    0.000    0.000    0.000    0.000 /Applications/Xcode.app/Contents/Developer/Library/Frameworks/Python3.framework/Versions/3.9/lib/python3.9/sre_parse.py:233(__next)
        3    0.000    0.000    0.000    0.000 <frozen importlib._bootstrap_external>:560(_classify_pyc)
        1    0.000    0.000    0.000    0.000 <frozen importlib._bootstrap_external>:1466(__init__)
        3    0.000    0.000    0.000    0.000 <frozen importlib._bootstrap_external>:696(spec_from_file_location)
        3    0.000    0.000    0.000    0.000 <frozen importlib._bootstrap>:87(acquire)
        1    0.000    0.000    0.000    0.000 /Users/yupeng/Library/Python/3.9/lib/python/site-packages/scipy/stats/_distn_infrastructure.py:941(_argcheck)
       11    0.000    0.000    0.000    0.000 /Users/yupeng/Library/Python/3.9/lib/python/site-packages/numpy/linalg/linalg.py:203(_assert_stacked_2d)
        1    0.000    0.000    0.000    0.000 /Users/yupeng/Library/Python/3.9/lib/python/site-packages/tqdm/utils.py:265(_supports_unicode)
        1    0.000    0.000    0.000    0.000 /Users/yupeng/Library/Python/3.9/lib/python/site-packages/tqdm/std.py:441(status_printer)
        3    0.000    0.000    0.000    0.000 {built-in method numpy.core._multiarray_umath._place}
        3    0.000    0.000    0.000    0.000 <frozen importlib._bootstrap>:160(__exit__)
        1    0.000    0.000    0.000    0.000 {built-in method utcfromtimestamp}
        9    0.000    0.000    0.000    0.000 <frozen importlib._bootstrap_external>:79(_unpack_uint32)
        3    0.000    0.000    0.000    0.000 <frozen importlib._bootstrap>:58(__init__)
        2    0.000    0.000    0.000    0.000 /Users/yupeng/Library/Python/3.9/lib/python/site-packages/tqdm/std.py:1287(fp_write)
        1    0.000    0.000    0.000    0.000 /Applications/Xcode.app/Contents/Developer/Library/Frameworks/Python3.framework/Versions/3.9/lib/python3.9/enum.py:977(__and__)
        2    0.000    0.000    0.000    0.000 /Applications/Xcode.app/Contents/Developer/Library/Frameworks/Python3.framework/Versions/3.9/lib/python3.9/sre_compile.py:413(<listcomp>)
       11    0.000    0.000    0.000    0.000 /Applications/Xcode.app/Contents/Developer/Library/Frameworks/Python3.framework/Versions/3.9/lib/python3.9/sre_parse.py:164(__getitem__)
      2/1    0.000    0.000    0.000    0.000 /Applications/Xcode.app/Contents/Developer/Library/Frameworks/Python3.framework/Versions/3.9/lib/python3.9/sre_parse.py:174(getwidth)
        1    0.000    0.000    0.000    0.000 /Users/yupeng/Library/Python/3.9/lib/python/site-packages/numpy/core/fromnumeric.py:2421(all)
        3    0.000    0.000    0.000    0.000 <frozen importlib._bootstrap_external>:593(_validate_timestamp_pyc)
        4    0.000    0.000    0.000    0.000 /Applications/Xcode.app/Contents/Developer/Library/Frameworks/Python3.framework/Versions/3.9/lib/python3.9/enum.py:358(__call__)
       74    0.000    0.000    0.000    0.000 {method 'rstrip' of 'str' objects}
        3    0.000    0.000    0.000    0.000 <frozen importlib._bootstrap>:112(release)
        1    0.000    0.000    0.000    0.000 /Users/yupeng/Library/Python/3.9/lib/python/site-packages/tqdm/utils.py:251(_is_utf)
        1    0.000    0.000    0.000    0.000 {method 'flatten' of 'numpy.ndarray' objects}
        1    0.000    0.000    0.000    0.000 /Users/yupeng/Library/Python/3.9/lib/python/site-packages/numpy/core/_ufunc_config.py:435(__exit__)
        1    0.000    0.000    0.000    0.000 /Users/yupeng/Library/Python/3.9/lib/python/site-packages/numpy/core/shape_base.py:23(atleast_1d)
       12    0.000    0.000    0.000    0.000 <frozen importlib._bootstrap_external>:129(<genexpr>)
       32    0.000    0.000    0.000    0.000 <frozen importlib._bootstrap>:231(_verbose_message)
        1    0.000    0.000    0.000    0.000 /Users/yupeng/Library/Python/3.9/lib/python/site-packages/glimix_core/lmm/_lmm.py:247(v1)
        1    0.000    0.000    0.000    0.000 <frozen importlib._bootstrap_external>:159(_path_isdir)
        2    0.000    0.000    0.000    0.000 /Applications/Xcode.app/Contents/Developer/Library/Frameworks/Python3.framework/Versions/3.9/lib/python3.9/sre_parse.py:432(_uniq)
        1    0.000    0.000    0.000    0.000 /Applications/Xcode.app/Contents/Developer/Library/Frameworks/Python3.framework/Versions/3.9/lib/python3.9/inspect.py:494(unwrap)
        1    0.000    0.000    0.000    0.000 /Users/yupeng/Library/Python/3.9/lib/python/site-packages/numpy/lib/stride_tricks.py:416(_broadcast_shape)
       11    0.000    0.000    0.000    0.000 /Applications/Xcode.app/Contents/Developer/Library/Frameworks/Python3.framework/Versions/3.9/lib/python3.9/sre_parse.py:249(match)
        1    0.000    0.000    0.000    0.000 /Applications/Xcode.app/Contents/Developer/Library/Frameworks/Python3.framework/Versions/3.9/lib/python3.9/inspect.py:2890(replace)
        1    0.000    0.000    0.000    0.000 /Users/yupeng/Library/Python/3.9/lib/python/site-packages/scipy/linalg/blas.py:259(find_best_blas_type)
        5    0.000    0.000    0.000    0.000 {method 'extend' of 'list' objects}
        1    0.000    0.000    0.000    0.000 /Users/yupeng/Desktop/Internship/Garvan/CellRegMap/cellregmap/_cellregmap.py:280(<dictcomp>)
        1    0.000    0.000    0.000    0.000 /Users/yupeng/Library/Python/3.9/lib/python/site-packages/scipy/stats/_distn_infrastructure.py:1879(_updated_ctor_param)
        2    0.000    0.000    0.000    0.000 /Users/yupeng/Library/Python/3.9/lib/python/site-packages/numpy/core/_ufunc_config.py:132(geterr)
       19    0.000    0.000    0.000    0.000 {method 'rpartition' of 'str' objects}
        7    0.000    0.000    0.000    0.000 <frozen importlib._bootstrap_external>:175(_path_isabs)
        3    0.000    0.000    0.000    0.000 <frozen importlib._bootstrap>:185(cb)
        2    0.000    0.000    0.000    0.000 /Applications/Xcode.app/Contents/Developer/Library/Frameworks/Python3.framework/Versions/3.9/lib/python3.9/sre_compile.py:249(_compile_charset)
        6    0.000    0.000    0.000    0.000 <frozen importlib._bootstrap_external>:64(_relax_case)
        9    0.000    0.000    0.000    0.000 <frozen importlib._bootstrap>:878(__exit__)
        1    0.000    0.000    0.000    0.000 /Users/yupeng/Library/Python/3.9/lib/python/site-packages/scipy/stats/_distn_infrastructure.py:604(<listcomp>)
       10    0.000    0.000    0.000    0.000 {method 'find' of 'bytearray' objects}
        1    0.000    0.000    0.000    0.000 /Applications/Xcode.app/Contents/Developer/Library/Frameworks/Python3.framework/Versions/3.9/lib/python3.9/sre_parse.py:224(__init__)
        9    0.000    0.000    0.000    0.000 <frozen importlib._bootstrap>:874(__enter__)
        3    0.000    0.000    0.000    0.000 <frozen importlib._bootstrap_external>:523(_check_name_wrapper)
        1    0.000    0.000    0.000    0.000 <frozen importlib._bootstrap_external>:1585(<setcomp>)
        1    0.000    0.000    0.000    0.000 /Users/yupeng/Library/Python/3.9/lib/python/site-packages/xarray/core/dataarray.py:762(values)
        3    0.000    0.000    0.000    0.000 /Users/yupeng/Library/Python/3.9/lib/python/site-packages/tqdm/std.py:226(__init__)
        3    0.000    0.000    0.000    0.000 {built-in method builtins.any}
        2    0.000    0.000    0.000    0.000 {method 'copy' of 'dict' objects}
        1    0.000    0.000    0.000    0.000 /Applications/Xcode.app/Contents/Developer/Library/Frameworks/Python3.framework/Versions/3.9/lib/python3.9/sre_compile.py:423(_simple)
        3    0.000    0.000    0.000    0.000 <frozen importlib._bootstrap>:811(find_spec)
        2    0.000    0.000    0.000    0.000 {method 'reshape' of 'numpy.ndarray' objects}
       11    0.000    0.000    0.000    0.000 /Users/yupeng/Library/Python/3.9/lib/python/site-packages/numpy/linalg/linalg.py:1495(_svd_dispatcher)
        4    0.000    0.000    0.000    0.000 /Applications/Xcode.app/Contents/Developer/Library/Frameworks/Python3.framework/Versions/3.9/lib/python3.9/sre_parse.py:286(tell)
        1    0.000    0.000    0.000    0.000 {method 'match' of 're.Pattern' objects}
        3    0.000    0.000    0.000    0.000 <frozen importlib._bootstrap>:736(find_spec)
        4    0.000    0.000    0.000    0.000 /Applications/Xcode.app/Contents/Developer/Library/Frameworks/Python3.framework/Versions/3.9/lib/python3.9/sre_parse.py:172(append)
        1    0.000    0.000    0.000    0.000 /Users/yupeng/Library/Python/3.9/lib/python/site-packages/scipy/_lib/_util.py:318(<listcomp>)
        3    0.000    0.000    0.000    0.000 <frozen importlib._bootstrap>:35(_new_module)
        5    0.000    0.000    0.000    0.000 {built-in method builtins.setattr}
        5    0.000    0.000    0.000    0.000 <frozen importlib._bootstrap>:398(parent)
       15    0.000    0.000    0.000    0.000 {built-in method _imp.acquire_lock}
        3    0.000    0.000    0.000    0.000 {method 'endswith' of 'str' objects}
        6    0.000    0.000    0.000    0.000 {built-in method _thread.allocate_lock}
        1    0.000    0.000    0.000    0.000 /Users/yupeng/Library/Python/3.9/lib/python/site-packages/xarray/core/variable.py:553(values)
        4    0.000    0.000    0.000    0.000 /Applications/Xcode.app/Contents/Developer/Library/Frameworks/Python3.framework/Versions/3.9/lib/python3.9/enum.py:670(__new__)
        3    0.000    0.000    0.000    0.000 <frozen importlib._bootstrap>:351(__init__)
        3    0.000    0.000    0.000    0.000 /Applications/Xcode.app/Contents/Developer/Library/Frameworks/Python3.framework/Versions/3.9/lib/python3.9/inspect.py:2847(<genexpr>)
       15    0.000    0.000    0.000    0.000 {built-in method _imp.release_lock}
        4    0.000    0.000    0.000    0.000 /Applications/Xcode.app/Contents/Developer/Library/Frameworks/Python3.framework/Versions/3.9/lib/python3.9/sre_parse.py:160(__len__)
        3    0.000    0.000    0.000    0.000 <frozen importlib._bootstrap>:152(__init__)
        1    0.000    0.000    0.000    0.000 /Users/yupeng/Library/Python/3.9/lib/python/site-packages/numpy/lib/stride_tricks.py:538(<listcomp>)
        6    0.000    0.000    0.000    0.000 {method 'rfind' of 'str' objects}
        8    0.000    0.000    0.000    0.000 {method 'values' of 'mappingproxy' objects}
        2    0.000    0.000    0.000    0.000 /Users/yupeng/Library/Python/3.9/lib/python/site-packages/tqdm/utils.py:221(__eq__)
        3    0.000    0.000    0.000    0.000 /Users/yupeng/Library/Python/3.9/lib/python/site-packages/numpy/lib/function_base.py:348(iterable)
        1    0.000    0.000    0.000    0.000 /Users/yupeng/Library/Python/3.9/lib/python/site-packages/xarray/core/variable.py:292(_as_array_or_item)
        2    0.000    0.000    0.000    0.000 /Users/yupeng/Library/Python/3.9/lib/python/site-packages/scipy/stats/_distn_infrastructure.py:787(<genexpr>)
        2    0.000    0.000    0.000    0.000 {built-in method numpy.seterrobj}
        3    0.000    0.000    0.000    0.000 <frozen importlib._bootstrap_external>:1006(__init__)
        1    0.000    0.000    0.000    0.000 /Applications/Xcode.app/Contents/Developer/Library/Frameworks/Python3.framework/Versions/3.9/lib/python3.9/sre_compile.py:461(_get_literal_prefix)
        9    0.000    0.000    0.000    0.000 {built-in method from_bytes}
        1    0.000    0.000    0.000    0.000 {built-in method numpy.arange}
        2    0.000    0.000    0.000    0.000 /Applications/Xcode.app/Contents/Developer/Library/Frameworks/Python3.framework/Versions/3.9/lib/python3.9/sre_parse.py:111(__init__)
        1    0.000    0.000    0.000    0.000 /Users/yupeng/Library/Python/3.9/lib/python/site-packages/scipy/_lib/_util.py:164(check_random_state)
        1    0.000    0.000    0.000    0.000 {built-in method builtins.all}
        2    0.000    0.000    0.000    0.000 /Users/yupeng/Library/Python/3.9/lib/python/site-packages/tqdm/utils.py:138(__getattr__)
        1    0.000    0.000    0.000    0.000 /Users/yupeng/Library/Python/3.9/lib/python/site-packages/scipy/_lib/_util.py:333(<genexpr>)
        8    0.000    0.000    0.000    0.000 <frozen importlib._bootstrap_external>:1472(<genexpr>)
        2    0.000    0.000    0.000    0.000 /Applications/Xcode.app/Contents/Developer/Library/Frameworks/Python3.framework/Versions/3.9/lib/python3.9/sre_compile.py:595(isstring)
        2    0.000    0.000    0.000    0.000 {built-in method fromkeys}
        1    0.000    0.000    0.000    0.000 /Users/yupeng/Library/Python/3.9/lib/python/site-packages/ndarray_listener/_ndl.py:33(ndl)
        1    0.000    0.000    0.000    0.000 {built-in method _sre.compile}
        9    0.000    0.000    0.000    0.000 /Applications/Xcode.app/Contents/Developer/Library/Frameworks/Python3.framework/Versions/3.9/lib/python3.9/inspect.py:2577(kind)
        1    0.000    0.000    0.000    0.000 /Applications/Xcode.app/Contents/Developer/Library/Frameworks/Python3.framework/Versions/3.9/lib/python3.9/sre_parse.py:921(fix_flags)
        1    0.000    0.000    0.000    0.000 <string>:1(<lambda>)
        3    0.000    0.000    0.000    0.000 /Users/yupeng/Library/Python/3.9/lib/python/site-packages/numpy/lib/stride_tricks.py:542(<genexpr>)
        1    0.000    0.000    0.000    0.000 /Applications/Xcode.app/Contents/Developer/Library/Frameworks/Python3.framework/Versions/3.9/lib/python3.9/sre_compile.py:492(_get_charset_prefix)
        3    0.000    0.000    0.000    0.000 /Users/yupeng/Library/Python/3.9/lib/python/site-packages/scipy/stats/_distn_infrastructure.py:953(_get_support)
        6    0.000    0.000    0.000    0.000 /Users/yupeng/Library/Python/3.9/lib/python/site-packages/numpy/lib/stride_tricks.py:345(<genexpr>)
        1    0.000    0.000    0.000    0.000 {built-in method numpy.promote_types}
        1    0.000    0.000    0.000    0.000 /Users/yupeng/Library/Python/3.9/lib/python/site-packages/scipy/_lib/_util.py:345(<dictcomp>)
        8    0.000    0.000    0.000    0.000 /Applications/Xcode.app/Contents/Developer/Library/Frameworks/Python3.framework/Versions/3.9/lib/python3.9/inspect.py:2882(parameters)
        1    0.000    0.000    0.000    0.000 /Users/yupeng/Library/Python/3.9/lib/python/site-packages/numpy/core/numeric.py:1855(isscalar)
        6    0.000    0.000    0.000    0.000 {method '__exit__' of '_thread.lock' objects}
        9    0.000    0.000    0.000    0.000 {built-in method posix.fspath}
        1    0.000    0.000    0.000    0.000 /Applications/Xcode.app/Contents/Developer/Library/Frameworks/Python3.framework/Versions/3.9/lib/python3.9/sre_parse.py:76(__init__)
        1    0.000    0.000    0.000    0.000 /Users/yupeng/Library/Python/3.9/lib/python/site-packages/scipy/_lib/_util.py:338(<listcomp>)
        2    0.000    0.000    0.000    0.000 /Applications/Xcode.app/Contents/Developer/Library/Frameworks/Python3.framework/Versions/3.9/lib/python3.9/inspect.py:159(isfunction)
        1    0.000    0.000    0.000    0.000 /Users/yupeng/Library/Python/3.9/lib/python/site-packages/scipy/_lib/_util.py:342(<dictcomp>)
        1    0.000    0.000    0.000    0.000 {method 'encode' of 'str' objects}
        1    0.000    0.000    0.000    0.000 /Users/yupeng/Library/Python/3.9/lib/python/site-packages/numpy/core/_ufunc_config.py:426(__init__)
        3    0.000    0.000    0.000    0.000 {built-in method _imp.is_frozen}
        2    0.000    0.000    0.000    0.000 {method 'translate' of 'bytearray' objects}
        6    0.000    0.000    0.000    0.000 {built-in method _thread.get_ident}
        3    0.000    0.000    0.000    0.000 /Users/yupeng/Library/Python/3.9/lib/python/site-packages/numpy/lib/stride_tricks.py:25(_maybe_view_as_subclass)
        2    0.000    0.000    0.000    0.000 /Applications/Xcode.app/Contents/Developer/Library/Frameworks/Python3.framework/Versions/3.9/lib/python3.9/sre_parse.py:81(groups)
        1    0.000    0.000    0.000    0.000 /Users/yupeng/Library/Python/3.9/lib/python/site-packages/scipy/_lib/_util.py:323(<listcomp>)
        1    0.000    0.000    0.000    0.000 <string>:2(<module>)
        1    0.000    0.000    0.000    0.000 /Applications/Xcode.app/Contents/Developer/Library/Frameworks/Python3.framework/Versions/3.9/lib/python3.9/inspect.py:514(_is_wrapper)
        1    0.000    0.000    0.000    0.000 {built-in method _imp.is_builtin}
        6    0.000    0.000    0.000    0.000 {built-in method builtins.callable}
        4    0.000    0.000    0.000    0.000 {built-in method numpy.geterrobj}
        1    0.000    0.000    0.000    0.000 /Users/yupeng/Library/Python/3.9/lib/python/site-packages/scipy/_lib/_util.py:328(<listcomp>)
        4    0.000    0.000    0.000    0.000 {method 'lower' of 'str' objects}
        3    0.000    0.000    0.000    0.000 {method '__exit__' of 'numpy.nditer' objects}
        3    0.000    0.000    0.000    0.000 {built-in method _imp._fix_co_filename}
        4    0.000    0.000    0.000    0.000 /Applications/Xcode.app/Contents/Developer/Library/Frameworks/Python3.framework/Versions/3.9/lib/python3.9/inspect.py:2565(name)
        3    0.000    0.000    0.000    0.000 /Users/yupeng/Library/Python/3.9/lib/python/site-packages/numpy/lib/function_base.py:1913(_place_dispatcher)
        3    0.000    0.000    0.000    0.000 {method 'pop' of 'dict' objects}
        2    0.000    0.000    0.000    0.000 /Users/yupeng/Library/Python/3.9/lib/python/site-packages/numpy/core/fromnumeric.py:2096(_clip_dispatcher)
        1    0.000    0.000    0.000    0.000 {method 'disable' of '_lsprof.Profiler' objects}
        2    0.000    0.000    0.000    0.000 {method 'isidentifier' of 'str' objects}
        1    0.000    0.000    0.000    0.000 /Users/yupeng/Library/Python/3.9/lib/python/site-packages/numpy/core/fromnumeric.py:1980(shape)
        1    0.000    0.000    0.000    0.000 {method 'split' of 'str' objects}
        1    0.000    0.000    0.000    0.000 /Users/yupeng/Library/Python/3.9/lib/python/site-packages/ndarray_listener/_ndl.py:6(float64)
        2    0.000    0.000    0.000    0.000 /Applications/Xcode.app/Contents/Developer/Library/Frameworks/Python3.framework/Versions/3.9/lib/python3.9/sre_compile.py:453(_get_iscased)
        3    0.000    0.000    0.000    0.000 <frozen importlib._bootstrap>:406(has_location)
        1    0.000    0.000    0.000    0.000 /Users/yupeng/Library/Python/3.9/lib/python/site-packages/numpy/core/fromnumeric.py:3176(ndim)
        2    0.000    0.000    0.000    0.000 <string>:2(_parse_args)
        1    0.000    0.000    0.000    0.000 /Users/yupeng/Library/Python/3.9/lib/python/site-packages/tqdm/utils.py:281(_screen_shape_wrapper)
        3    0.000    0.000    0.000    0.000 <frozen importlib._bootstrap_external>:1031(get_filename)
        1    0.000    0.000    0.000    0.000 {method '__contains__' of 'frozenset' objects}
        1    0.000    0.000    0.000    0.000 /Applications/Xcode.app/Contents/Developer/Library/Frameworks/Python3.framework/Versions/3.9/lib/python3.9/sre_parse.py:168(__setitem__)
        1    0.000    0.000    0.000    0.000 {built-in method sys.getrecursionlimit}
        3    0.000    0.000    0.000    0.000 <frozen importlib._bootstrap_external>:841(create_module)
        2    0.000    0.000    0.000    0.000 /Applications/Xcode.app/Contents/Developer/Library/Frameworks/Python3.framework/Versions/3.9/lib/python3.9/inspect.py:2569(default)
        1    0.000    0.000    0.000    0.000 /Users/yupeng/Library/Python/3.9/lib/python/site-packages/ndarray_listener/_testit.py:1(<module>)
        1    0.000    0.000    0.000    0.000 /Users/yupeng/Desktop/Internship/Garvan/CellRegMap/cellregmap/_cellregmap.py:79(<genexpr>)
        1    0.000    0.000    0.000    0.000 /Applications/Xcode.app/Contents/Developer/Library/Frameworks/Python3.framework/Versions/3.9/lib/python3.9/inspect.py:2573(annotation)
        1    0.000    0.000    0.000    0.000 /Users/yupeng/Library/Python/3.9/lib/python/site-packages/tqdm/std.py:1302(<lambda>)
        1    0.000    0.000    0.000    0.000 /Users/yupeng/Library/Python/3.9/lib/python/site-packages/numpy/core/fromnumeric.py:1976(_shape_dispatcher)
        1    0.000    0.000    0.000    0.000 /Users/yupeng/Library/Python/3.9/lib/python/site-packages/numpy/core/shape_base.py:19(_atleast_1d_dispatcher)
        1    0.000    0.000    0.000    0.000 /Users/yupeng/Library/Python/3.9/lib/python/site-packages/numpy/core/fromnumeric.py:2416(_all_dispatcher)
        1    0.000    0.000    0.000    0.000 /Users/yupeng/Library/Python/3.9/lib/python/site-packages/numpy/lib/stride_tricks.py:476(_broadcast_arrays_dispatcher)
        1    0.000    0.000    0.000    0.000 {built-in method _operator.index}
        1    0.000    0.000    0.000    0.000 /Users/yupeng/Library/Python/3.9/lib/python/site-packages/xarray/core/dataarray.py:679(variable)
        1    0.000    0.000    0.000    0.000 /Users/yupeng/Library/Python/3.9/lib/python/site-packages/numpy/core/fromnumeric.py:2317(_any_dispatcher)
        1    0.000    0.000    0.000    0.000 /Users/yupeng/Library/Python/3.9/lib/python/site-packages/numpy/core/function_base.py:19(_linspace_dispatcher)
        1    0.000    0.000    0.000    0.000 /Users/yupeng/Library/Python/3.9/lib/python/site-packages/numpy/core/multiarray.py:669(result_type)
        1    0.000    0.000    0.000    0.000 /Users/yupeng/Library/Python/3.9/lib/python/site-packages/numpy/core/fromnumeric.py:3172(_ndim_dispatcher)


