         8980890 function calls (8978862 primitive calls) in 572.933 seconds

   Ordered by: cumulative time

   ncalls  tottime  percall  cumtime  percall filename:lineno(function)
        1    0.003    0.003  572.933  572.933 /Users/yupeng/Desktop/Internship/Garvan/CellRegMap/cellregmap/_cellregmap.py:471(run_association)
        1    0.671    0.671  572.563  572.563 /Users/yupeng/Desktop/Internship/Garvan/CellRegMap/cellregmap/_cellregmap.py:246(scan_association)
     2011    0.016    0.000  565.937    0.281 /Users/yupeng/Library/Python/3.9/lib/python/site-packages/glimix_core/lmm/_lmm.py:259(fit)
     2011    0.008    0.000  543.488    0.270 /Users/yupeng/Library/Python/3.9/lib/python/site-packages/optimix/_function.py:66(_maximize_scalar)
     2011    0.053    0.000  543.480    0.270 /Users/yupeng/Library/Python/3.9/lib/python/site-packages/optimix/_function.py:23(_minimize_scalar)
     2011    0.015    0.000  540.801    0.269 /Users/yupeng/Library/Python/3.9/lib/python/site-packages/brent_search/_optimize.py:11(minimize)
    48251    0.111    0.000  540.368    0.011 /Users/yupeng/Library/Python/3.9/lib/python/site-packages/brent_search/_optimize.py:50(func)
    48251    0.234    0.000  540.258    0.011 /Users/yupeng/Library/Python/3.9/lib/python/site-packages/optimix/_function.py:45(func)
    48251    0.253    0.000  538.414    0.011 /Users/yupeng/Library/Python/3.9/lib/python/site-packages/glimix_core/lmm/_lmm.py:292(value)
   201048  497.979    0.002  498.381    0.002 /Users/yupeng/Library/Python/3.9/lib/python/site-packages/glimix_core/lmm/_b.py:69(dot)
    50262    0.550    0.000  409.543    0.008 /Users/yupeng/Library/Python/3.9/lib/python/site-packages/glimix_core/lmm/_lmm.py:540(_update_beta)
     2011    0.151    0.000  359.367    0.179 /Users/yupeng/Library/Python/3.9/lib/python/site-packages/brent_search/_bracket.py:8(bracket)
    50262    9.407    0.000  295.834    0.006 /Users/yupeng/Library/Python/3.9/lib/python/site-packages/glimix_core/lmm/_lmm.py:580(_tXTBtX)
   100524   38.837    0.000  207.568    0.002 /Users/yupeng/Library/Python/3.9/lib/python/site-packages/glimix_core/lmm/_lmm.py:576(_yTBtX)
     2011    0.158    0.000  181.420    0.090 /Users/yupeng/Library/Python/3.9/lib/python/site-packages/brent_search/_brent.py:9(brent)
    50262    0.316    0.000  147.544    0.003 /Users/yupeng/Library/Python/3.9/lib/python/site-packages/glimix_core/lmm/_lmm.py:549(_update_scale)
    50262    0.925    0.000  147.142    0.003 /Users/yupeng/Library/Python/3.9/lib/python/site-packages/glimix_core/lmm/_lmm.py:533(_optimal_scale_using_optimal_beta)
    50262    0.950    0.000   44.267    0.001 /Users/yupeng/Library/Python/3.9/lib/python/site-packages/glimix_core/lmm/_lmm.py:572(_yTBy)
    50262    0.376    0.000    7.281    0.000 /Users/yupeng/Library/Python/3.9/lib/python/site-packages/glimix_core/_util/solve.py:54(rsolve)
    50262    0.667    0.000    6.736    0.000 /Users/yupeng/Library/Python/3.9/lib/python/site-packages/numpy_sugar/linalg/solve.py:140(rsolve)
    50262    4.075    0.000    5.310    0.000 /Users/yupeng/Library/Python/3.9/lib/python/site-packages/numpy/linalg/linalg.py:2191(lstsq)
     2011    0.068    0.000    4.874    0.002 /Users/yupeng/Library/Python/3.9/lib/python/site-packages/glimix_core/lmm/_lmm.py:98(__init__)
    50271    0.193    0.000    3.645    0.000 /Users/yupeng/Library/Python/3.9/lib/python/site-packages/glimix_core/lmm/_lmm.py:324(lml)
    50271    0.485    0.000    3.407    0.000 /Users/yupeng/Library/Python/3.9/lib/python/site-packages/glimix_core/lmm/_lmm.py:489(_lml_optimal_scale)
     2011    2.990    0.001    2.992    0.001 /Users/yupeng/Library/Python/3.9/lib/python/site-packages/glimix_core/lmm/_b.py:28(__init__)
    50271    1.002    0.000    2.804    0.000 /Users/yupeng/Library/Python/3.9/lib/python/site-packages/glimix_core/lmm/_lmm.py:561(_logdetD)
     2012    0.023    0.000    2.441    0.001 /Users/yupeng/Library/Python/3.9/lib/python/site-packages/tqdm/std.py:953(__init__)
     2012    2.287    0.001    2.340    0.001 /Users/yupeng/Library/Python/3.9/lib/python/site-packages/tqdm/utils.py:212(__init__)
66350/64339    0.347    0.000    1.742    0.000 /Users/yupeng/Library/Python/3.9/lib/python/site-packages/optimix/_types.py:108(__setattr__)
   102547    0.894    0.000    1.587    0.000 /Users/yupeng/Library/Python/3.9/lib/python/site-packages/glimix_core/lmm/_lmm.py:375(delta)
     2011    0.015    0.000    1.387    0.001 /Users/yupeng/Library/Python/3.9/lib/python/site-packages/glimix_core/_util/_svd.py:19(__init__)
    52273    0.258    0.000    1.292    0.000 /Users/yupeng/Library/Python/3.9/lib/python/site-packages/ndarray_listener/_ndl.py:170(itemset)
     2011    0.092    0.000    1.252    0.001 /Users/yupeng/Library/Python/3.9/lib/python/site-packages/numpy_sugar/linalg/svd.py:4(economic_svd)
     2011    1.085    0.001    1.156    0.001 /Users/yupeng/Library/Python/3.9/lib/python/site-packages/scipy/linalg/_decomp_svd.py:13(svd)
    56268    0.762    0.000    1.127    0.000 {built-in method builtins.sum}
   540844    0.715    0.000    1.043    0.000 <frozen importlib._bootstrap>:1033(_handle_fromlist)
    52273    0.194    0.000    0.983    0.000 /Users/yupeng/Library/Python/3.9/lib/python/site-packages/ndarray_listener/_ndl.py:155(__notify)
    50251    0.054    0.000    0.946    0.000 /Users/yupeng/Library/Python/3.9/lib/python/site-packages/tqdm/std.py:1199(update)
     2001    0.011    0.000    0.932    0.000 /Users/yupeng/Library/Python/3.9/lib/python/site-packages/tqdm/std.py:1161(__iter__)
     2001    0.010    0.000    0.876    0.000 /Users/yupeng/Library/Python/3.9/lib/python/site-packages/tqdm/std.py:1326(refresh)
     2002    0.010    0.000    0.821    0.000 /Users/yupeng/Library/Python/3.9/lib/python/site-packages/tqdm/std.py:1465(display)
    50271    0.104    0.000    0.620    0.000 {method 'sum' of 'numpy.ndarray' objects}
    52273    0.120    0.000    0.593    0.000 /Users/yupeng/Library/Python/3.9/lib/python/site-packages/glimix_core/lmm/_lmm.py:459(_delta_update)
    54295    0.556    0.000    0.556    0.000 {method 'reduce' of 'numpy.ufunc' objects}
     2002    0.017    0.000    0.519    0.000 /Users/yupeng/Library/Python/3.9/lib/python/site-packages/tqdm/std.py:1151(__str__)
    50271    0.048    0.000    0.516    0.000 /Users/yupeng/Library/Python/3.9/lib/python/site-packages/numpy/core/_methods.py:47(_sum)
     6006    0.007    0.000    0.512    0.000 /Users/yupeng/Library/Python/3.9/lib/python/site-packages/tqdm/utils.py:377(disp_len)
     6006    0.010    0.000    0.495    0.000 /Users/yupeng/Library/Python/3.9/lib/python/site-packages/tqdm/utils.py:373(_text_width)
     2002    0.072    0.000    0.483    0.000 /Users/yupeng/Library/Python/3.9/lib/python/site-packages/tqdm/std.py:467(format_meter)
    50273    0.237    0.000    0.431    0.000 /Users/yupeng/Library/Python/3.9/lib/python/site-packages/numpy/linalg/linalg.py:159(_commonType)
        1    0.080    0.080    0.367    0.367 /Users/yupeng/Desktop/Internship/Garvan/CellRegMap/cellregmap/_cellregmap.py:63(__init__)
   955838    0.252    0.000    0.365    0.000 /Users/yupeng/Library/Python/3.9/lib/python/site-packages/tqdm/utils.py:374(<genexpr>)
   150804    0.127    0.000    0.307    0.000 /Users/yupeng/Library/Python/3.9/lib/python/site-packages/glimix_core/lmm/_lmm.py:524(_df)
     2002    0.007    0.000    0.291    0.000 /Users/yupeng/Library/Python/3.9/lib/python/site-packages/tqdm/std.py:460(print_status)
       11    0.000    0.000    0.287    0.026 /Users/yupeng/Library/Python/3.9/lib/python/site-packages/numpy_sugar/linalg/qs.py:39(economic_qs_linear)
       11    0.000    0.000    0.287    0.026 /Users/yupeng/Library/Python/3.9/lib/python/site-packages/numpy_sugar/linalg/qs.py:74(_economic_qs_linear_noq1)
       11    0.287    0.026    0.287    0.026 /Users/yupeng/Library/Python/3.9/lib/python/site-packages/numpy/linalg/linalg.py:1499(svd)
   102547    0.232    0.000    0.232    0.000 /Users/yupeng/Library/Python/3.9/lib/python/site-packages/optimix/_types.py:120(__getattr__)
     2002    0.004    0.000    0.227    0.000 /Users/yupeng/Library/Python/3.9/lib/python/site-packages/tqdm/utils.py:385(disp_trim)
    52273    0.196    0.000    0.196    0.000 /Applications/Xcode.app/Contents/Developer/Library/Frameworks/Python3.framework/Versions/3.9/lib/python3.9/weakref.py:69(__call__)
   100535    0.136    0.000    0.193    0.000 /Users/yupeng/Library/Python/3.9/lib/python/site-packages/numpy/linalg/linalg.py:135(_makearray)
    52279    0.192    0.000    0.192    0.000 {built-in method numpy.array}
   150804    0.114    0.000    0.180    0.000 /Users/yupeng/Library/Python/3.9/lib/python/site-packages/glimix_core/lmm/_lmm.py:310(nsamples)
   560951    0.173    0.000    0.173    0.000 {built-in method builtins.hasattr}
   150820    0.170    0.000    0.170    0.000 {method 'astype' of 'numpy.ndarray' objects}
   560985    0.164    0.000    0.164    0.000 {built-in method builtins.isinstance}
     4022    0.023    0.000    0.143    0.000 /Users/yupeng/Library/Python/3.9/lib/python/site-packages/numpy_sugar/_array.py:50(is_all_finite)
   140745    0.140    0.000    0.140    0.000 {built-in method builtins.max}
   225215    0.134    0.000    0.134    0.000 {built-in method numpy.asarray}
   150808    0.085    0.000    0.130    0.000 /Users/yupeng/Library/Python/3.9/lib/python/site-packages/numpy/linalg/linalg.py:153(_realType)
     4022    0.011    0.000    0.117    0.000 /Users/yupeng/Library/Python/3.9/lib/python/site-packages/numpy/core/fromnumeric.py:2177(sum)
     2011    0.067    0.000    0.115    0.000 /Users/yupeng/Library/Python/3.9/lib/python/site-packages/numpy_sugar/linalg/dot.py:29(ddot)
   949832    0.113    0.000    0.113    0.000 {built-in method unicodedata.east_asian_width}
     2011    0.044    0.000    0.111    0.000 /Users/yupeng/Library/Python/3.9/lib/python/site-packages/optimix/_types.py:26(__init__)
     4024    0.012    0.000    0.104    0.000 /Users/yupeng/Library/Python/3.9/lib/python/site-packages/numpy/core/fromnumeric.py:71(_wrapreduction)
   201048    0.095    0.000    0.095    0.000 /Users/yupeng/Library/Python/3.9/lib/python/site-packages/glimix_core/_util/_svd.py:44(US)
    50273    0.091    0.000    0.091    0.000 /Users/yupeng/Library/Python/3.9/lib/python/site-packages/numpy/linalg/linalg.py:130(get_linalg_error_extobj)
   102547    0.087    0.000    0.087    0.000 {built-in method math.exp}
229502/229500    0.084    0.000    0.084    0.000 {built-in method builtins.len}
   150808    0.058    0.000    0.081    0.000 /Users/yupeng/Library/Python/3.9/lib/python/site-packages/numpy/linalg/linalg.py:140(isComplexType)
     2011    0.019    0.000    0.079    0.000 /Users/yupeng/Library/Python/3.9/lib/python/site-packages/glimix_core/lmm/_lmm.py:392(delta)
    50262    0.078    0.000    0.078    0.000 {method 'squeeze' of 'numpy.ndarray' objects}
    52273    0.068    0.000    0.068    0.000 /Users/yupeng/Library/Python/3.9/lib/python/site-packages/glimix_core/lmm/_b.py:59(set_variances)
     2002    0.006    0.000    0.067    0.000 /Users/yupeng/Library/Python/3.9/lib/python/site-packages/tqdm/std.py:454(fp_write)
     2012    0.016    0.000    0.066    0.000 /Users/yupeng/Library/Python/3.9/lib/python/site-packages/tqdm/std.py:666(__new__)
   140881    0.063    0.000    0.063    0.000 {built-in method builtins.min}
     4006    0.003    0.000    0.061    0.000 /Users/yupeng/Library/Python/3.9/lib/python/site-packages/tqdm/utils.py:193(inner)
     6027    0.015    0.000    0.057    0.000 /Users/yupeng/Library/Python/3.9/lib/python/site-packages/tqdm/std.py:102(acquire)
     2004    0.056    0.000    0.056    0.000 {method 'write' of '_io.TextIOWrapper' objects}
   251343    0.055    0.000    0.055    0.000 {built-in method builtins.issubclass}
    14011    0.041    0.000    0.055    0.000 {method 'format' of 'str' objects}
    52273    0.051    0.000    0.051    0.000 {function ndl.itemset at 0x1549c2e50}
   156858    0.049    0.000    0.049    0.000 {method 'get' of 'dict' objects}
    28155    0.022    0.000    0.048    0.000 /Users/yupeng/Library/Python/3.9/lib/python/site-packages/brent_search/_bracket.py:134(_ensure_boundary)
   112637    0.045    0.000    0.045    0.000 {built-in method builtins.getattr}
     2012    0.012    0.000    0.043    0.000 /Users/yupeng/Library/Python/3.9/lib/python/site-packages/tqdm/std.py:682(_get_free_pos)
     2011    0.002    0.000    0.042    0.000 /Users/yupeng/Library/Python/3.9/lib/python/site-packages/numpy/lib/function_base.py:873(copy)
     4024    0.026    0.000    0.041    0.000 /Users/yupeng/Library/Python/3.9/lib/python/site-packages/tqdm/utils.py:186(disable_on_exception)
     6027    0.037    0.000    0.037    0.000 {method 'acquire' of '_multiprocessing.SemLock' objects}
     2011    0.013    0.000    0.036    0.000 /Users/yupeng/Library/Python/3.9/lib/python/site-packages/optimix/_function.py:170(__init__)
   100546    0.036    0.000    0.036    0.000 {method '__array_prepare__' of 'numpy.ndarray' objects}
     2011    0.022    0.000    0.036    0.000 /Users/yupeng/Library/Python/3.9/lib/python/site-packages/scipy/linalg/lapack.py:979(_compute_lwork)
    50262    0.036    0.000    0.036    0.000 /Users/yupeng/Library/Python/3.9/lib/python/site-packages/numpy/linalg/linalg.py:197(_assert_2d)
     2011    0.006    0.000    0.032    0.000 /Users/yupeng/Library/Python/3.9/lib/python/site-packages/ndarray_listener/_ndl.py:112(__new__)
     6027    0.013    0.000    0.031    0.000 /Users/yupeng/Library/Python/3.9/lib/python/site-packages/tqdm/std.py:106(release)
     4026    0.004    0.000    0.030    0.000 /Users/yupeng/Library/Python/3.9/lib/python/site-packages/tqdm/std.py:110(__enter__)
     2012    0.006    0.000    0.028    0.000 /Users/yupeng/Library/Python/3.9/lib/python/site-packages/tqdm/std.py:685(<setcomp>)
   128588    0.027    0.000    0.027    0.000 {built-in method builtins.abs}
     4003    0.009    0.000    0.026    0.000 /Users/yupeng/Library/Python/3.9/lib/python/site-packages/tqdm/std.py:400(format_interval)
     2011    0.021    0.000    0.024    0.000 /Applications/Xcode.app/Contents/Developer/Library/Frameworks/Python3.framework/Versions/3.9/lib/python3.9/functools.py:949(__get__)
     2011    0.003    0.000    0.023    0.000 /Users/yupeng/Library/Python/3.9/lib/python/site-packages/optimix/_types.py:97(listen)
     2011    0.019    0.000    0.023    0.000 /Users/yupeng/Library/Python/3.9/lib/python/site-packages/scipy/_lib/_util.py:194(_asarray_validated)
     2011    0.007    0.000    0.023    0.000 /Users/yupeng/Library/Python/3.9/lib/python/site-packages/optimix/_variables.py:22(select)
     6025    0.009    0.000    0.021    0.000 /Applications/Xcode.app/Contents/Developer/Library/Frameworks/Python3.framework/Versions/3.9/lib/python3.9/_weakrefset.py:59(__iter__)
    50271    0.021    0.000    0.021    0.000 /Users/yupeng/Library/Python/3.9/lib/python/site-packages/glimix_core/lmm/_lmm.py:478(_logdetH)
    50262    0.021    0.000    0.021    0.000 /Users/yupeng/Library/Python/3.9/lib/python/site-packages/numpy/linalg/linalg.py:2187(_lstsq_dispatcher)
     2011    0.004    0.000    0.020    0.000 /Users/yupeng/Library/Python/3.9/lib/python/site-packages/ndarray_listener/_ndl.py:152(talk_to)
     4026    0.003    0.000    0.020    0.000 /Users/yupeng/Library/Python/3.9/lib/python/site-packages/tqdm/std.py:113(__exit__)
    12001    0.020    0.000    0.020    0.000 /Users/yupeng/Library/Python/3.9/lib/python/site-packages/tqdm/std.py:231(__call__)
     2002    0.015    0.000    0.020    0.000 /Users/yupeng/Library/Python/3.9/lib/python/site-packages/tqdm/std.py:1447(format_dict)
     4004    0.013    0.000    0.019    0.000 /Users/yupeng/Library/Python/3.9/lib/python/site-packages/tqdm/utils.py:272(_is_ascii)
     2011    0.010    0.000    0.019    0.000 /Users/yupeng/Library/Python/3.9/lib/python/site-packages/brent_search/_bracket.py:142(_initialize_interval)
     2011    0.004    0.000    0.019    0.000 {method 'view' of 'numpy.ndarray' objects}
     6027    0.016    0.000    0.016    0.000 {method 'release' of '_multiprocessing.SemLock' objects}
    50274    0.016    0.000    0.016    0.000 /Users/yupeng/Library/Python/3.9/lib/python/site-packages/glimix_core/lmm/_lmm.py:401(scale)
     2011    0.006    0.000    0.016    0.000 /Users/yupeng/Library/Python/3.9/lib/python/site-packages/ndarray_listener/_ndl.py:174(_create_callback)
     2011    0.004    0.000    0.015    0.000 /Users/yupeng/Library/Python/3.9/lib/python/site-packages/ndarray_listener/_ndl.py:122(__array_finalize__)
     2012    0.002    0.000    0.014    0.000 /Applications/Xcode.app/Contents/Developer/Library/Frameworks/Python3.framework/Versions/3.9/lib/python3.9/_weakrefset.py:107(remove)
     4024    0.014    0.000    0.014    0.000 {built-in method _weakref.proxy}
    26144    0.014    0.000    0.014    0.000 /Users/yupeng/Library/Python/3.9/lib/python/site-packages/brent_search/_bracket.py:130(_boundary_inside)
     4022    0.008    0.000    0.014    0.000 /Users/yupeng/Library/Python/3.9/lib/python/site-packages/optimix/_variables.py:29(names)
     2011    0.006    0.000    0.013    0.000 /Users/yupeng/Library/Python/3.9/lib/python/site-packages/optimix/_function.py:13(__init__)
     4025    0.005    0.000    0.013    0.000 {method 'remove' of 'set' objects}
     4022    0.012    0.000    0.013    0.000 /Users/yupeng/Library/Python/3.9/lib/python/site-packages/ndarray_listener/_ndl.py:131(__setattr__)
     2002    0.011    0.000    0.013    0.000 /Users/yupeng/Library/Python/3.9/lib/python/site-packages/tqdm/std.py:186(__format__)
     2001    0.012    0.000    0.012    0.000 {built-in method now}
     2012    0.006    0.000    0.011    0.000 /Applications/Xcode.app/Contents/Developer/Library/Frameworks/Python3.framework/Versions/3.9/lib/python3.9/_weakrefset.py:82(add)
     6006    0.011    0.000    0.011    0.000 {method 'sub' of 're.Pattern' objects}
     2011    0.008    0.000    0.010    0.000 /Users/yupeng/Library/Python/3.9/lib/python/site-packages/optimix/_variables.py:60(merge_variables)
     2011    0.007    0.000    0.010    0.000 /Users/yupeng/Library/Python/3.9/lib/python/site-packages/scipy/linalg/blas.py:384(getter)
     2011    0.010    0.000    0.010    0.000 /Users/yupeng/Library/Python/3.9/lib/python/site-packages/scipy/linalg/lapack.py:1014(_check_work_float)
     2011    0.008    0.000    0.010    0.000 /Applications/Xcode.app/Contents/Developer/Library/Frameworks/Python3.framework/Versions/3.9/lib/python3.9/weakref.py:47(__new__)
     2012    0.008    0.000    0.009    0.000 /Applications/Xcode.app/Contents/Developer/Library/Frameworks/Python3.framework/Versions/3.9/lib/python3.9/functools.py:392(__get__)
     6033    0.007    0.000    0.007    0.000 {built-in method builtins.sorted}
     2011    0.006    0.000    0.007    0.000 /Users/yupeng/Library/Python/3.9/lib/python/site-packages/numpy/core/shape_base.py:81(atleast_2d)
     2002    0.006    0.000    0.007    0.000 /Users/yupeng/Library/Python/3.9/lib/python/site-packages/tqdm/std.py:153(__init__)
     4025    0.004    0.000    0.006    0.000 {method 'add' of 'set' objects}
     2012    0.003    0.000    0.006    0.000 /Users/yupeng/Library/Python/3.9/lib/python/site-packages/tqdm/utils.py:124(__eq__)
     2011    0.002    0.000    0.006    0.000 /Users/yupeng/Library/Python/3.9/lib/python/site-packages/optimix/_types.py:41(bounds)
     2013    0.004    0.000    0.006    0.000 /Applications/Xcode.app/Contents/Developer/Library/Frameworks/Python3.framework/Versions/3.9/lib/python3.9/_weakrefset.py:27(__exit__)
     2012    0.002    0.000    0.006    0.000 /Users/yupeng/Library/Python/3.9/lib/python/site-packages/tqdm/utils.py:155(__init__)
    42054    0.006    0.000    0.006    0.000 {built-in method builtins.ord}
     6036    0.006    0.000    0.006    0.000 /Users/yupeng/Library/Python/3.9/lib/python/site-packages/tqdm/utils.py:151(wrapper_setattr)
     4023    0.006    0.000    0.006    0.000 {built-in method numpy.zeros}
     2011    0.004    0.000    0.006    0.000 /Users/yupeng/Library/Python/3.9/lib/python/site-packages/optimix/_function.py:225(_isfixed)
     2012    0.004    0.000    0.005    0.000 /Users/yupeng/Library/Python/3.9/lib/python/site-packages/tqdm/_monitor.py:94(report)
     6027    0.005    0.000    0.005    0.000 {method 'acquire' of '_thread.RLock' objects}
     4022    0.004    0.000    0.004    0.000 /Users/yupeng/Library/Python/3.9/lib/python/site-packages/brent_search/_bracket.py:138(_tol)
     8002    0.004    0.000    0.004    0.000 {built-in method time.time}
     2013    0.003    0.000    0.004    0.000 /Applications/Xcode.app/Contents/Developer/Library/Frameworks/Python3.framework/Versions/3.9/lib/python3.9/_weakrefset.py:21(__enter__)
     4024    0.002    0.000    0.004    0.000 /Users/yupeng/Library/Python/3.9/lib/python/site-packages/tqdm/std.py:1154(_comparable)
     4024    0.002    0.000    0.004    0.000 /Users/yupeng/Library/Python/3.9/lib/python/site-packages/tqdm/std.py:1158(__hash__)
     2011    0.003    0.000    0.004    0.000 /Users/yupeng/Library/Python/3.9/lib/python/site-packages/optimix/_variables.py:26(<listcomp>)
    10008    0.003    0.000    0.003    0.000 {built-in method builtins.divmod}
     4024    0.003    0.000    0.003    0.000 /Users/yupeng/Library/Python/3.9/lib/python/site-packages/numpy/core/fromnumeric.py:72(<dictcomp>)
     4035    0.003    0.000    0.003    0.000 {built-in method __new__ of type object at 0x10864ba38}
     2011    0.002    0.000    0.002    0.000 /Users/yupeng/Library/Python/3.9/lib/python/site-packages/scipy/sparse/_base.py:1461(issparse)
     2013    0.002    0.000    0.002    0.000 /Applications/Xcode.app/Contents/Developer/Library/Frameworks/Python3.framework/Versions/3.9/lib/python3.9/_weakrefset.py:17(__init__)
     2013    0.002    0.000    0.002    0.000 {method 'ravel' of 'numpy.ndarray' objects}
        1    0.000    0.000    0.002    0.002 /Users/yupeng/Desktop/Internship/Garvan/CellRegMap/cellregmap/_cellregmap.py:443(lrt_pvalues)
     6027    0.002    0.000    0.002    0.000 {method 'release' of '_thread.RLock' objects}
     4019    0.002    0.000    0.002    0.000 /Users/yupeng/Library/Python/3.9/lib/python/site-packages/tqdm/std.py:1266(close)
     6587    0.002    0.000    0.002    0.000 {method 'append' of 'list' objects}
     2002    0.002    0.000    0.002    0.000 {method 'update' of 'dict' objects}
     2012    0.001    0.000    0.002    0.000 /Users/yupeng/Library/Python/3.9/lib/python/site-packages/tqdm/std.py:763(get_lock)
     2011    0.002    0.000    0.002    0.000 /Users/yupeng/Library/Python/3.9/lib/python/site-packages/numpy/ma/core.py:6485(isMaskedArray)
     2002    0.002    0.000    0.002    0.000 /Users/yupeng/Library/Python/3.9/lib/python/site-packages/tqdm/utils.py:107(__init__)
     8050    0.002    0.000    0.002    0.000 {method 'items' of 'dict' objects}
     2004    0.002    0.000    0.002    0.000 {method 'flush' of '_io.TextIOWrapper' objects}
     4022    0.002    0.000    0.002    0.000 /Users/yupeng/Library/Python/3.9/lib/python/site-packages/optimix/_types.py:78(isfixed)
     4025    0.002    0.000    0.002    0.000 {built-in method builtins.id}
     2011    0.002    0.000    0.002    0.000 /Users/yupeng/Library/Python/3.9/lib/python/site-packages/brent_search/_bracket.py:119(_sort)
     4022    0.001    0.000    0.001    0.000 /Users/yupeng/Library/Python/3.9/lib/python/site-packages/optimix/_types.py:37(bounds)
     2007    0.001    0.000    0.001    0.000 /Users/yupeng/Library/Python/3.9/lib/python/site-packages/tqdm/std.py:1148(__del__)
     2002    0.001    0.000    0.001    0.000 /Users/yupeng/Library/Python/3.9/lib/python/site-packages/tqdm/utils.py:111(__format__)
     2012    0.001    0.000    0.001    0.000 {method 'difference' of 'set' objects}
        1    0.000    0.000    0.001    0.001 /Users/yupeng/Library/Python/3.9/lib/python/site-packages/scipy/stats/_distn_infrastructure.py:848(__call__)
        1    0.000    0.000    0.001    0.001 /Users/yupeng/Library/Python/3.9/lib/python/site-packages/scipy/stats/_distn_infrastructure.py:828(freeze)
        1    0.000    0.000    0.001    0.001 /Users/yupeng/Library/Python/3.9/lib/python/site-packages/scipy/stats/_distn_infrastructure.py:458(__init__)
     2013    0.001    0.000    0.001    0.000 /Applications/Xcode.app/Contents/Developer/Library/Frameworks/Python3.framework/Versions/3.9/lib/python3.9/_weakrefset.py:53(_commit_removals)
        1    0.000    0.000    0.001    0.001 /Users/yupeng/Library/Python/3.9/lib/python/site-packages/scipy/stats/_distn_infrastructure.py:1797(__init__)
     4022    0.001    0.000    0.001    0.000 /Users/yupeng/Library/Python/3.9/lib/python/site-packages/numpy/core/fromnumeric.py:2172(_sum_dispatcher)
     2011    0.001    0.000    0.001    0.000 /Users/yupeng/Library/Python/3.9/lib/python/site-packages/brent_search/_bracket.py:143(<listcomp>)
     4025    0.001    0.000    0.001    0.000 {built-in method builtins.iter}
      3/1    0.000    0.000    0.001    0.001 <frozen importlib._bootstrap>:1002(_find_and_load)
     2011    0.001    0.000    0.001    0.000 /Users/yupeng/Library/Python/3.9/lib/python/site-packages/brent_search/_bracket.py:126(_boundary_equal)
      3/1    0.000    0.000    0.001    0.001 <frozen importlib._bootstrap>:967(_find_and_load_unlocked)
     2011    0.001    0.000    0.001    0.000 /Users/yupeng/Library/Python/3.9/lib/python/site-packages/glimix_core/lmm/_lmm.py:465(_logdetXX)
     4022    0.001    0.000    0.001    0.000 {staticmethod object at 0x135d14ca0}
     2011    0.001    0.000    0.001    0.000 /Users/yupeng/Library/Python/3.9/lib/python/site-packages/optimix/_variables.py:27(<dictcomp>)
     2002    0.001    0.000    0.001    0.000 /Users/yupeng/Library/Python/3.9/lib/python/site-packages/tqdm/std.py:167(colour)
     2011    0.001    0.000    0.001    0.000 {method '__exit__' of '_thread.RLock' objects}
        1    0.000    0.000    0.001    0.001 /Users/yupeng/Library/Python/3.9/lib/python/site-packages/scipy/stats/_distn_infrastructure.py:493(sf)
        1    0.000    0.000    0.001    0.001 /Users/yupeng/Library/Python/3.9/lib/python/site-packages/scipy/stats/_distn_infrastructure.py:2123(sf)
     2012    0.001    0.000    0.001    0.000 /Applications/Xcode.app/Contents/Developer/Library/Frameworks/Python3.framework/Versions/3.9/lib/python3.9/threading.py:529(is_set)
      3/1    0.000    0.000    0.001    0.001 <frozen importlib._bootstrap>:659(_load_unlocked)
     2011    0.001    0.000    0.001    0.000 /Users/yupeng/Library/Python/3.9/lib/python/site-packages/glimix_core/_util/_svd.py:58(rank)
      3/1    0.000    0.000    0.001    0.001 <frozen importlib._bootstrap_external>:844(exec_module)
      4/2    0.000    0.000    0.001    0.000 {built-in method builtins.exec}
     2011    0.001    0.000    0.001    0.000 /Users/yupeng/Library/Python/3.9/lib/python/site-packages/numpy/core/multiarray.py:153(concatenate)
     2011    0.001    0.000    0.001    0.000 /Users/yupeng/Library/Python/3.9/lib/python/site-packages/numpy/lib/function_base.py:869(_copy_dispatcher)
     2011    0.001    0.000    0.001    0.000 /Users/yupeng/Library/Python/3.9/lib/python/site-packages/scipy/linalg/_misc.py:181(_datacopied)
      3/1    0.000    0.000    0.001    0.001 <frozen importlib._bootstrap>:220(_call_with_frames_removed)
        1    0.000    0.000    0.001    0.001 /Users/yupeng/Library/Python/3.9/lib/python/site-packages/ndarray_listener/__init__.py:1(<module>)
        1    0.001    0.001    0.001    0.001 /Users/yupeng/Library/Python/3.9/lib/python/site-packages/scipy/stats/_continuous_distns.py:1489(_sf)
     2002    0.001    0.000    0.001    0.000 /Users/yupeng/Library/Python/3.9/lib/python/site-packages/tqdm/std.py:163(colour)
     2015    0.001    0.000    0.001    0.000 {built-in method numpy.asanyarray}
     2006    0.001    0.000    0.001    0.000 /Applications/Xcode.app/Contents/Developer/Library/Frameworks/Python3.framework/Versions/3.9/lib/python3.9/weakref.py:54(_cb)
        1    0.000    0.000    0.001    0.001 /Users/yupeng/Library/Python/3.9/lib/python/site-packages/scipy/stats/_distn_infrastructure.py:779(_construct_doc)
     2011    0.001    0.000    0.001    0.000 /Users/yupeng/Library/Python/3.9/lib/python/site-packages/numpy/core/shape_base.py:77(_atleast_2d_dispatcher)
        2    0.000    0.000    0.001    0.000 /Users/yupeng/Library/Python/3.9/lib/python/site-packages/scipy/_lib/doccer.py:13(docformat)
        3    0.000    0.000    0.000    0.000 <frozen importlib._bootstrap>:901(_find_spec)
        3    0.000    0.000    0.000    0.000 <frozen importlib._bootstrap_external>:916(get_code)
        3    0.000    0.000    0.000    0.000 <frozen importlib._bootstrap_external>:1406(find_spec)
        3    0.000    0.000    0.000    0.000 <frozen importlib._bootstrap_external>:1374(_get_spec)
        6    0.000    0.000    0.000    0.000 <frozen importlib._bootstrap_external>:1505(find_spec)
        1    0.000    0.000    0.000    0.000 /Users/yupeng/Library/Python/3.9/lib/python/site-packages/scipy/stats/_distn_infrastructure.py:698(_construct_argparser)
        3    0.000    0.000    0.000    0.000 <frozen importlib._bootstrap_external>:1036(get_data)
        1    0.000    0.000    0.000    0.000 /Applications/Xcode.app/Contents/Developer/Library/Frameworks/Python3.framework/Versions/3.9/lib/python3.9/re.py:188(match)
        1    0.000    0.000    0.000    0.000 /Applications/Xcode.app/Contents/Developer/Library/Frameworks/Python3.framework/Versions/3.9/lib/python3.9/re.py:289(_compile)
        1    0.000    0.000    0.000    0.000 /Users/yupeng/Library/Python/3.9/lib/python/site-packages/scipy/stats/_distn_infrastructure.py:1857(_attach_methods)
        1    0.000    0.000    0.000    0.000 /Applications/Xcode.app/Contents/Developer/Library/Frameworks/Python3.framework/Versions/3.9/lib/python3.9/sre_compile.py:759(compile)
        3    0.000    0.000    0.000    0.000 {built-in method io.open_code}
        1    0.000    0.000    0.000    0.000 /Users/yupeng/Library/Python/3.9/lib/python/site-packages/scipy/stats/_distn_infrastructure.py:684(_attach_argparser_methods)
       17    0.000    0.000    0.000    0.000 <frozen importlib._bootstrap_external>:135(_path_stat)
       17    0.000    0.000    0.000    0.000 {built-in method posix.stat}
        2    0.000    0.000    0.000    0.000 /Users/yupeng/Library/Python/3.9/lib/python/site-packages/scipy/_lib/doccer.py:180(indentcount_lines)
        1    0.000    0.000    0.000    0.000 /Users/yupeng/Library/Python/3.9/lib/python/site-packages/scipy/stats/_distn_infrastructure.py:632(__init__)
        1    0.000    0.000    0.000    0.000 /Users/yupeng/Library/Python/3.9/lib/python/site-packages/scipy/_lib/_util.py:296(getfullargspec_no_self)
        3    0.000    0.000    0.000    0.000 <frozen importlib._bootstrap>:558(module_from_spec)
        1    0.000    0.000    0.000    0.000 /Applications/Xcode.app/Contents/Developer/Library/Frameworks/Python3.framework/Versions/3.9/lib/python3.9/sre_parse.py:937(parse)
        1    0.000    0.000    0.000    0.000 /Users/yupeng/Library/Python/3.9/lib/python/site-packages/scipy/stats/_distn_infrastructure.py:559(argsreduce)
        1    0.000    0.000    0.000    0.000 /Applications/Xcode.app/Contents/Developer/Library/Frameworks/Python3.framework/Versions/3.9/lib/python3.9/inspect.py:3128(signature)
        1    0.000    0.000    0.000    0.000 /Applications/Xcode.app/Contents/Developer/Library/Frameworks/Python3.framework/Versions/3.9/lib/python3.9/inspect.py:2876(from_callable)
      2/1    0.000    0.000    0.000    0.000 /Applications/Xcode.app/Contents/Developer/Library/Frameworks/Python3.framework/Versions/3.9/lib/python3.9/inspect.py:2244(_signature_from_callable)
        1    0.000    0.000    0.000    0.000 /Applications/Xcode.app/Contents/Developer/Library/Frameworks/Python3.framework/Versions/3.9/lib/python3.9/sre_compile.py:598(_code)
        3    0.000    0.000    0.000    0.000 <frozen importlib._bootstrap>:486(_init_module_attrs)
        1    0.000    0.000    0.000    0.000 /Applications/Xcode.app/Contents/Developer/Library/Frameworks/Python3.framework/Versions/3.9/lib/python3.9/sre_parse.py:435(_parse_sub)
        1    0.000    0.000    0.000    0.000 /Applications/Xcode.app/Contents/Developer/Library/Frameworks/Python3.framework/Versions/3.9/lib/python3.9/sre_parse.py:493(_parse)
       64    0.000    0.000    0.000    0.000 {method 'splitlines' of 'str' objects}
        6    0.000    0.000    0.000    0.000 <frozen importlib._bootstrap_external>:361(cache_from_source)
       64    0.000    0.000    0.000    0.000 {method 'expandtabs' of 'str' objects}
        1    0.000    0.000    0.000    0.000 <frozen importlib._bootstrap_external>:1556(_fill_cache)
      2/1    0.000    0.000    0.000    0.000 /Applications/Xcode.app/Contents/Developer/Library/Frameworks/Python3.framework/Versions/3.9/lib/python3.9/sre_compile.py:71(_compile)
        3    0.000    0.000    0.000    0.000 <frozen importlib._bootstrap_external>:645(_compile_bytecode)
        1    0.000    0.000    0.000    0.000 /Users/yupeng/Library/Python/3.9/lib/python/site-packages/numpy/lib/stride_tricks.py:480(broadcast_arrays)
       34    0.000    0.000    0.000    0.000 <frozen importlib._bootstrap_external>:121(_path_join)
        1    0.000    0.000    0.000    0.000 /Users/yupeng/Library/Python/3.9/lib/python/site-packages/ndarray_listener/_ndl.py:1(<module>)
        6    0.000    0.000    0.000    0.000 <frozen importlib._bootstrap>:385(cached)
        1    0.000    0.000    0.000    0.000 {built-in method posix.listdir}
        3    0.000    0.000    0.000    0.000 {built-in method marshal.loads}
        1    0.000    0.000    0.000    0.000 /Applications/Xcode.app/Contents/Developer/Library/Frameworks/Python3.framework/Versions/3.9/lib/python3.9/inspect.py:2150(_signature_from_function)
        1    0.000    0.000    0.000    0.000 /Users/yupeng/Library/Python/3.9/lib/python/site-packages/tqdm/utils.py:332(_screen_shape_linux)
        3    0.000    0.000    0.000    0.000 <frozen importlib._bootstrap_external>:491(_get_cached)
        2    0.000    0.000    0.000    0.000 {built-in method builtins.__build_class__}
        7    0.000    0.000    0.000    0.000 <frozen importlib._bootstrap_external>:145(_path_is_mode_type)
        6    0.000    0.000    0.000    0.000 <frozen importlib._bootstrap_external>:154(_path_isfile)
        1    0.000    0.000    0.000    0.000 /Users/yupeng/Library/Python/3.9/lib/python/site-packages/numpy/core/function_base.py:24(linspace)
        7    0.000    0.000    0.000    0.000 <frozen importlib._bootstrap_external>:1337(_path_importer_cache)
        1    0.000    0.000    0.000    0.000 /Users/yupeng/Library/Python/3.9/lib/python/site-packages/numpy/lib/stride_tricks.py:546(<listcomp>)
        3    0.000    0.000    0.000    0.000 <frozen importlib._bootstrap>:156(__enter__)
        2    0.000    0.000    0.000    0.000 /Applications/Xcode.app/Contents/Developer/Library/Frameworks/Python3.framework/Versions/3.9/lib/python3.9/sre_compile.py:276(_optimize_charset)
        3    0.000    0.000    0.000    0.000 /Users/yupeng/Library/Python/3.9/lib/python/site-packages/numpy/lib/stride_tricks.py:340(_broadcast_to)
        1    0.000    0.000    0.000    0.000 <frozen importlib._bootstrap_external>:1324(_path_hooks)
        1    0.000    0.000    0.000    0.000 /Users/yupeng/Library/Python/3.9/lib/python/site-packages/tqdm/std.py:689(_decr_instances)
        1    0.000    0.000    0.000    0.000 /Users/yupeng/Library/Python/3.9/lib/python/site-packages/scipy/stats/_distn_infrastructure.py:980(_open_support_mask)
      105    0.000    0.000    0.000    0.000 {method 'join' of 'str' objects}
        2    0.000    0.000    0.000    0.000 /Users/yupeng/Library/Python/3.9/lib/python/site-packages/numpy/core/fromnumeric.py:2100(clip)
        2    0.000    0.000    0.000    0.000 /Applications/Xcode.app/Contents/Developer/Library/Frameworks/Python3.framework/Versions/3.9/lib/python3.9/inspect.py:2515(__init__)
       34    0.000    0.000    0.000    0.000 <frozen importlib._bootstrap_external>:123(<listcomp>)
        2    0.000    0.000    0.000    0.000 /Users/yupeng/Library/Python/3.9/lib/python/site-packages/numpy/core/fromnumeric.py:53(_wrapfunc)
        1    0.000    0.000    0.000    0.000 /Users/yupeng/Library/Python/3.9/lib/python/site-packages/scipy/linalg/lapack.py:881(get_lapack_funcs)
        3    0.000    0.000    0.000    0.000 <frozen importlib._bootstrap>:166(_get_module_lock)
        1    0.000    0.000    0.000    0.000 /Users/yupeng/Library/Python/3.9/lib/python/site-packages/scipy/linalg/blas.py:326(_get_funcs)
        3    0.000    0.000    0.000    0.000 <frozen importlib._bootstrap_external>:1077(path_stats)
        3    0.000    0.000    0.000    0.000 {method 'read' of '_io.BufferedReader' objects}
        6    0.000    0.000    0.000    0.000 <frozen importlib._bootstrap_external>:127(_path_split)
       20    0.000    0.000    0.000    0.000 {method 'startswith' of 'str' objects}
        2    0.000    0.000    0.000    0.000 {method 'clip' of 'numpy.ndarray' objects}
      165    0.000    0.000    0.000    0.000 {method 'lstrip' of 'str' objects}
        1    0.000    0.000    0.000    0.000 <frozen importlib._bootstrap_external>:1597(path_hook_for_FileFinder)
        1    0.000    0.000    0.000    0.000 {built-in method fcntl.ioctl}
        2    0.000    0.000    0.000    0.000 /Users/yupeng/Library/Python/3.9/lib/python/site-packages/numpy/core/_methods.py:90(_clip)
        3    0.000    0.000    0.000    0.000 <frozen importlib._bootstrap_external>:1500(_get_spec)
        1    0.000    0.000    0.000    0.000 /Applications/Xcode.app/Contents/Developer/Library/Frameworks/Python3.framework/Versions/3.9/lib/python3.9/sre_compile.py:536(_compile_info)
        2    0.000    0.000    0.000    0.000 /Users/yupeng/Library/Python/3.9/lib/python/site-packages/glimix_core/lmm/_lmm.py:235(v0)
        4    0.000    0.000    0.000    0.000 /Users/yupeng/Library/Python/3.9/lib/python/site-packages/numpy/lib/function_base.py:2285(__init__)
        2    0.000    0.000    0.000    0.000 /Users/yupeng/Library/Python/3.9/lib/python/site-packages/numpy/core/_ufunc_config.py:33(seterr)
        3    0.000    0.000    0.000    0.000 /Users/yupeng/Library/Python/3.9/lib/python/site-packages/numpy/lib/function_base.py:1917(place)
       19    0.000    0.000    0.000    0.000 /Applications/Xcode.app/Contents/Developer/Library/Frameworks/Python3.framework/Versions/3.9/lib/python3.9/sre_parse.py:254(get)
        1    0.000    0.000    0.000    0.000 /Applications/Xcode.app/Contents/Developer/Library/Frameworks/Python3.framework/Versions/3.9/lib/python3.9/inspect.py:1838(_signature_bound_method)
        2    0.000    0.000    0.000    0.000 /Applications/Xcode.app/Contents/Developer/Library/Frameworks/Python3.framework/Versions/3.9/lib/python3.9/sre_compile.py:411(_mk_bitmap)
        1    0.000    0.000    0.000    0.000 /Users/yupeng/Library/Python/3.9/lib/python/site-packages/tqdm/std.py:441(status_printer)
        3    0.000    0.000    0.000    0.000 {method '__exit__' of '_io._IOBase' objects}
        1    0.000    0.000    0.000    0.000 <frozen zipimport>:63(__init__)
       11    0.000    0.000    0.000    0.000 /Users/yupeng/Library/Python/3.9/lib/python/site-packages/numpy/linalg/linalg.py:203(_assert_stacked_2d)
        1    0.000    0.000    0.000    0.000 /Users/yupeng/Library/Python/3.9/lib/python/site-packages/numpy/core/_ufunc_config.py:430(__enter__)
        3    0.000    0.000    0.000    0.000 <frozen importlib._bootstrap_external>:560(_classify_pyc)
        1    0.000    0.000    0.000    0.000 /Users/yupeng/Library/Python/3.9/lib/python/site-packages/numpy/core/fromnumeric.py:2322(any)
        3    0.000    0.000    0.000    0.000 {built-in method numpy.core._multiarray_umath._place}
        3    0.000    0.000    0.000    0.000 {method 'replace' of 'str' objects}
        3    0.000    0.000    0.000    0.000 <frozen importlib._bootstrap>:87(acquire)
        3    0.000    0.000    0.000    0.000 <frozen importlib._bootstrap_external>:696(spec_from_file_location)
       25    0.000    0.000    0.000    0.000 /Applications/Xcode.app/Contents/Developer/Library/Frameworks/Python3.framework/Versions/3.9/lib/python3.9/sre_parse.py:233(__next)
        1    0.000    0.000    0.000    0.000 <frozen importlib._bootstrap_external>:1466(__init__)
        1    0.000    0.000    0.000    0.000 /Users/yupeng/Library/Python/3.9/lib/python/site-packages/tqdm/utils.py:265(_supports_unicode)
        1    0.000    0.000    0.000    0.000 /Users/yupeng/Library/Python/3.9/lib/python/site-packages/scipy/stats/_distn_infrastructure.py:941(_argcheck)
        2    0.000    0.000    0.000    0.000 /Applications/Xcode.app/Contents/Developer/Library/Frameworks/Python3.framework/Versions/3.9/lib/python3.9/inspect.py:2798(__init__)
        3    0.000    0.000    0.000    0.000 <frozen importlib._bootstrap>:160(__exit__)
        9    0.000    0.000    0.000    0.000 <frozen importlib._bootstrap_external>:79(_unpack_uint32)
        1    0.000    0.000    0.000    0.000 {built-in method utcfromtimestamp}
        3    0.000    0.000    0.000    0.000 <frozen importlib._bootstrap>:58(__init__)
        1    0.000    0.000    0.000    0.000 {method 'flatten' of 'numpy.ndarray' objects}
        3    0.000    0.000    0.000    0.000 <frozen importlib._bootstrap_external>:593(_validate_timestamp_pyc)
        2    0.000    0.000    0.000    0.000 /Users/yupeng/Library/Python/3.9/lib/python/site-packages/tqdm/std.py:1287(fp_write)
        3    0.000    0.000    0.000    0.000 <frozen importlib._bootstrap>:112(release)
        1    0.000    0.000    0.000    0.000 /Users/yupeng/Library/Python/3.9/lib/python/site-packages/numpy/core/fromnumeric.py:2421(all)
        1    0.000    0.000    0.000    0.000 /Users/yupeng/Library/Python/3.9/lib/python/site-packages/tqdm/utils.py:251(_is_utf)
       74    0.000    0.000    0.000    0.000 {method 'rstrip' of 'str' objects}
        2    0.000    0.000    0.000    0.000 /Applications/Xcode.app/Contents/Developer/Library/Frameworks/Python3.framework/Versions/3.9/lib/python3.9/sre_compile.py:413(<listcomp>)
       32    0.000    0.000    0.000    0.000 <frozen importlib._bootstrap>:231(_verbose_message)
      2/1    0.000    0.000    0.000    0.000 /Applications/Xcode.app/Contents/Developer/Library/Frameworks/Python3.framework/Versions/3.9/lib/python3.9/sre_parse.py:174(getwidth)
        4    0.000    0.000    0.000    0.000 /Applications/Xcode.app/Contents/Developer/Library/Frameworks/Python3.framework/Versions/3.9/lib/python3.9/enum.py:358(__call__)
       12    0.000    0.000    0.000    0.000 <frozen importlib._bootstrap_external>:129(<genexpr>)
       11    0.000    0.000    0.000    0.000 /Applications/Xcode.app/Contents/Developer/Library/Frameworks/Python3.framework/Versions/3.9/lib/python3.9/sre_parse.py:164(__getitem__)
        1    0.000    0.000    0.000    0.000 /Applications/Xcode.app/Contents/Developer/Library/Frameworks/Python3.framework/Versions/3.9/lib/python3.9/enum.py:977(__and__)
        1    0.000    0.000    0.000    0.000 /Users/yupeng/Library/Python/3.9/lib/python/site-packages/numpy/core/shape_base.py:23(atleast_1d)
        1    0.000    0.000    0.000    0.000 <frozen importlib._bootstrap_external>:159(_path_isdir)
        1    0.000    0.000    0.000    0.000 /Users/yupeng/Library/Python/3.9/lib/python/site-packages/numpy/core/_ufunc_config.py:435(__exit__)
        1    0.000    0.000    0.000    0.000 /Users/yupeng/Library/Python/3.9/lib/python/site-packages/scipy/linalg/blas.py:259(find_best_blas_type)
        1    0.000    0.000    0.000    0.000 /Users/yupeng/Library/Python/3.9/lib/python/site-packages/glimix_core/lmm/_lmm.py:247(v1)
        1    0.000    0.000    0.000    0.000 /Applications/Xcode.app/Contents/Developer/Library/Frameworks/Python3.framework/Versions/3.9/lib/python3.9/inspect.py:494(unwrap)
        5    0.000    0.000    0.000    0.000 {method 'extend' of 'list' objects}
        7    0.000    0.000    0.000    0.000 <frozen importlib._bootstrap_external>:175(_path_isabs)
        1    0.000    0.000    0.000    0.000 /Users/yupeng/Library/Python/3.9/lib/python/site-packages/numpy/lib/stride_tricks.py:416(_broadcast_shape)
       19    0.000    0.000    0.000    0.000 {method 'rpartition' of 'str' objects}
        1    0.000    0.000    0.000    0.000 /Applications/Xcode.app/Contents/Developer/Library/Frameworks/Python3.framework/Versions/3.9/lib/python3.9/inspect.py:2890(replace)
        1    0.000    0.000    0.000    0.000 /Users/yupeng/Library/Python/3.9/lib/python/site-packages/scipy/stats/_distn_infrastructure.py:1879(_updated_ctor_param)
        2    0.000    0.000    0.000    0.000 /Applications/Xcode.app/Contents/Developer/Library/Frameworks/Python3.framework/Versions/3.9/lib/python3.9/sre_parse.py:432(_uniq)
       11    0.000    0.000    0.000    0.000 /Applications/Xcode.app/Contents/Developer/Library/Frameworks/Python3.framework/Versions/3.9/lib/python3.9/sre_parse.py:249(match)
        1    0.000    0.000    0.000    0.000 /Users/yupeng/Library/Python/3.9/lib/python/site-packages/xarray/core/dataarray.py:762(values)
        1    0.000    0.000    0.000    0.000 /Users/yupeng/Desktop/Internship/Garvan/CellRegMap/cellregmap/_cellregmap.py:280(<dictcomp>)
        2    0.000    0.000    0.000    0.000 /Users/yupeng/Library/Python/3.9/lib/python/site-packages/numpy/core/_ufunc_config.py:132(geterr)
        3    0.000    0.000    0.000    0.000 <frozen importlib._bootstrap>:185(cb)
        9    0.000    0.000    0.000    0.000 <frozen importlib._bootstrap>:878(__exit__)
        1    0.000    0.000    0.000    0.000 /Users/yupeng/Library/Python/3.9/lib/python/site-packages/scipy/stats/_distn_infrastructure.py:604(<listcomp>)
        3    0.000    0.000    0.000    0.000 /Users/yupeng/Library/Python/3.9/lib/python/site-packages/tqdm/std.py:226(__init__)
        6    0.000    0.000    0.000    0.000 <frozen importlib._bootstrap_external>:64(_relax_case)
        9    0.000    0.000    0.000    0.000 <frozen importlib._bootstrap>:874(__enter__)
        1    0.000    0.000    0.000    0.000 /Applications/Xcode.app/Contents/Developer/Library/Frameworks/Python3.framework/Versions/3.9/lib/python3.9/sre_parse.py:224(__init__)
        2    0.000    0.000    0.000    0.000 /Applications/Xcode.app/Contents/Developer/Library/Frameworks/Python3.framework/Versions/3.9/lib/python3.9/sre_compile.py:249(_compile_charset)
        3    0.000    0.000    0.000    0.000 <frozen importlib._bootstrap_external>:523(_check_name_wrapper)
        1    0.000    0.000    0.000    0.000 /Users/yupeng/Library/Python/3.9/lib/python/site-packages/xarray/core/variable.py:553(values)
       10    0.000    0.000    0.000    0.000 {method 'find' of 'bytearray' objects}
        1    0.000    0.000    0.000    0.000 <frozen importlib._bootstrap_external>:1585(<setcomp>)
       11    0.000    0.000    0.000    0.000 /Users/yupeng/Library/Python/3.9/lib/python/site-packages/numpy/linalg/linalg.py:1495(_svd_dispatcher)
        3    0.000    0.000    0.000    0.000 <frozen importlib._bootstrap>:811(find_spec)
        3    0.000    0.000    0.000    0.000 {built-in method builtins.any}
        1    0.000    0.000    0.000    0.000 /Users/yupeng/Library/Python/3.9/lib/python/site-packages/xarray/core/variable.py:292(_as_array_or_item)
        2    0.000    0.000    0.000    0.000 {method 'reshape' of 'numpy.ndarray' objects}
        3    0.000    0.000    0.000    0.000 <frozen importlib._bootstrap>:35(_new_module)
        1    0.000    0.000    0.000    0.000 /Applications/Xcode.app/Contents/Developer/Library/Frameworks/Python3.framework/Versions/3.9/lib/python3.9/sre_compile.py:423(_simple)
        4    0.000    0.000    0.000    0.000 /Applications/Xcode.app/Contents/Developer/Library/Frameworks/Python3.framework/Versions/3.9/lib/python3.9/sre_parse.py:286(tell)
        1    0.000    0.000    0.000    0.000 /Users/yupeng/Library/Python/3.9/lib/python/site-packages/scipy/_lib/_util.py:318(<listcomp>)
        3    0.000    0.000    0.000    0.000 <frozen importlib._bootstrap>:351(__init__)
        3    0.000    0.000    0.000    0.000 <frozen importlib._bootstrap>:736(find_spec)
       15    0.000    0.000    0.000    0.000 {built-in method _imp.acquire_lock}
        6    0.000    0.000    0.000    0.000 {built-in method _thread.allocate_lock}
        5    0.000    0.000    0.000    0.000 <frozen importlib._bootstrap>:398(parent)
        1    0.000    0.000    0.000    0.000 {method 'match' of 're.Pattern' objects}
        2    0.000    0.000    0.000    0.000 /Users/yupeng/Library/Python/3.9/lib/python/site-packages/tqdm/utils.py:221(__eq__)
        5    0.000    0.000    0.000    0.000 {built-in method builtins.setattr}
        6    0.000    0.000    0.000    0.000 {method 'rfind' of 'str' objects}
       15    0.000    0.000    0.000    0.000 {built-in method _imp.release_lock}
        3    0.000    0.000    0.000    0.000 {method 'endswith' of 'str' objects}
        1    0.000    0.000    0.000    0.000 {built-in method numpy.arange}
        1    0.000    0.000    0.000    0.000 /Users/yupeng/Library/Python/3.9/lib/python/site-packages/numpy/lib/stride_tricks.py:538(<listcomp>)
        3    0.000    0.000    0.000    0.000 /Applications/Xcode.app/Contents/Developer/Library/Frameworks/Python3.framework/Versions/3.9/lib/python3.9/inspect.py:2847(<genexpr>)
        3    0.000    0.000    0.000    0.000 /Users/yupeng/Library/Python/3.9/lib/python/site-packages/numpy/lib/function_base.py:348(iterable)
        1    0.000    0.000    0.000    0.000 /Applications/Xcode.app/Contents/Developer/Library/Frameworks/Python3.framework/Versions/3.9/lib/python3.9/sre_compile.py:461(_get_literal_prefix)
        4    0.000    0.000    0.000    0.000 /Applications/Xcode.app/Contents/Developer/Library/Frameworks/Python3.framework/Versions/3.9/lib/python3.9/enum.py:670(__new__)
        4    0.000    0.000    0.000    0.000 /Applications/Xcode.app/Contents/Developer/Library/Frameworks/Python3.framework/Versions/3.9/lib/python3.9/sre_parse.py:172(append)
        2    0.000    0.000    0.000    0.000 /Users/yupeng/Library/Python/3.9/lib/python/site-packages/tqdm/utils.py:138(__getattr__)
        8    0.000    0.000    0.000    0.000 {method 'values' of 'mappingproxy' objects}
        2    0.000    0.000    0.000    0.000 /Users/yupeng/Library/Python/3.9/lib/python/site-packages/scipy/stats/_distn_infrastructure.py:787(<genexpr>)
        9    0.000    0.000    0.000    0.000 {built-in method from_bytes}
        3    0.000    0.000    0.000    0.000 <frozen importlib._bootstrap>:152(__init__)
        2    0.000    0.000    0.000    0.000 {built-in method numpy.seterrobj}
        1    0.000    0.000    0.000    0.000 /Users/yupeng/Library/Python/3.9/lib/python/site-packages/scipy/_lib/_util.py:164(check_random_state)
        4    0.000    0.000    0.000    0.000 /Applications/Xcode.app/Contents/Developer/Library/Frameworks/Python3.framework/Versions/3.9/lib/python3.9/sre_parse.py:160(__len__)
        2    0.000    0.000    0.000    0.000 {method 'copy' of 'dict' objects}
        1    0.000    0.000    0.000    0.000 {built-in method builtins.all}
        3    0.000    0.000    0.000    0.000 <frozen importlib._bootstrap_external>:1006(__init__)
        2    0.000    0.000    0.000    0.000 /Applications/Xcode.app/Contents/Developer/Library/Frameworks/Python3.framework/Versions/3.9/lib/python3.9/sre_parse.py:111(__init__)
        1    0.000    0.000    0.000    0.000 /Users/yupeng/Library/Python/3.9/lib/python/site-packages/ndarray_listener/_ndl.py:33(ndl)
        9    0.000    0.000    0.000    0.000 /Applications/Xcode.app/Contents/Developer/Library/Frameworks/Python3.framework/Versions/3.9/lib/python3.9/inspect.py:2577(kind)
        1    0.000    0.000    0.000    0.000 /Users/yupeng/Library/Python/3.9/lib/python/site-packages/numpy/core/numeric.py:1855(isscalar)
        1    0.000    0.000    0.000    0.000 /Applications/Xcode.app/Contents/Developer/Library/Frameworks/Python3.framework/Versions/3.9/lib/python3.9/sre_parse.py:921(fix_flags)
        6    0.000    0.000    0.000    0.000 {method '__exit__' of '_thread.lock' objects}
        1    0.000    0.000    0.000    0.000 <string>:1(<lambda>)
        9    0.000    0.000    0.000    0.000 {built-in method posix.fspath}
        8    0.000    0.000    0.000    0.000 <frozen importlib._bootstrap_external>:1472(<genexpr>)
        2    0.000    0.000    0.000    0.000 /Applications/Xcode.app/Contents/Developer/Library/Frameworks/Python3.framework/Versions/3.9/lib/python3.9/sre_compile.py:595(isstring)
        2    0.000    0.000    0.000    0.000 {built-in method fromkeys}
        3    0.000    0.000    0.000    0.000 /Users/yupeng/Library/Python/3.9/lib/python/site-packages/numpy/lib/stride_tricks.py:542(<genexpr>)
        1    0.000    0.000    0.000    0.000 {built-in method _sre.compile}
        1    0.000    0.000    0.000    0.000 /Users/yupeng/Library/Python/3.9/lib/python/site-packages/scipy/_lib/_util.py:333(<genexpr>)
        1    0.000    0.000    0.000    0.000 {method 'encode' of 'str' objects}
        1    0.000    0.000    0.000    0.000 {built-in method numpy.promote_types}
        2    0.000    0.000    0.000    0.000 /Applications/Xcode.app/Contents/Developer/Library/Frameworks/Python3.framework/Versions/3.9/lib/python3.9/inspect.py:159(isfunction)
        1    0.000    0.000    0.000    0.000 /Applications/Xcode.app/Contents/Developer/Library/Frameworks/Python3.framework/Versions/3.9/lib/python3.9/sre_compile.py:492(_get_charset_prefix)
        2    0.000    0.000    0.000    0.000 {method 'translate' of 'bytearray' objects}
        1    0.000    0.000    0.000    0.000 /Users/yupeng/Library/Python/3.9/lib/python/site-packages/numpy/core/fromnumeric.py:3176(ndim)
        6    0.000    0.000    0.000    0.000 {built-in method _thread.get_ident}
        6    0.000    0.000    0.000    0.000 /Users/yupeng/Library/Python/3.9/lib/python/site-packages/numpy/lib/stride_tricks.py:345(<genexpr>)
        3    0.000    0.000    0.000    0.000 /Users/yupeng/Library/Python/3.9/lib/python/site-packages/numpy/lib/stride_tricks.py:25(_maybe_view_as_subclass)
        1    0.000    0.000    0.000    0.000 /Users/yupeng/Library/Python/3.9/lib/python/site-packages/scipy/_lib/_util.py:345(<dictcomp>)
        1    0.000    0.000    0.000    0.000 /Users/yupeng/Library/Python/3.9/lib/python/site-packages/scipy/_lib/_util.py:323(<listcomp>)
        3    0.000    0.000    0.000    0.000 {built-in method _imp.is_frozen}
        8    0.000    0.000    0.000    0.000 /Applications/Xcode.app/Contents/Developer/Library/Frameworks/Python3.framework/Versions/3.9/lib/python3.9/inspect.py:2882(parameters)
        3    0.000    0.000    0.000    0.000 /Users/yupeng/Library/Python/3.9/lib/python/site-packages/scipy/stats/_distn_infrastructure.py:953(_get_support)
        6    0.000    0.000    0.000    0.000 {built-in method builtins.callable}
        2    0.000    0.000    0.000    0.000 /Applications/Xcode.app/Contents/Developer/Library/Frameworks/Python3.framework/Versions/3.9/lib/python3.9/sre_parse.py:81(groups)
        1    0.000    0.000    0.000    0.000 /Applications/Xcode.app/Contents/Developer/Library/Frameworks/Python3.framework/Versions/3.9/lib/python3.9/sre_parse.py:76(__init__)
        3    0.000    0.000    0.000    0.000 {method '__exit__' of 'numpy.nditer' objects}
        4    0.000    0.000    0.000    0.000 {built-in method numpy.geterrobj}
        1    0.000    0.000    0.000    0.000 /Users/yupeng/Library/Python/3.9/lib/python/site-packages/ndarray_listener/_ndl.py:6(float64)
        1    0.000    0.000    0.000    0.000 <string>:2(<module>)
        1    0.000    0.000    0.000    0.000 /Users/yupeng/Library/Python/3.9/lib/python/site-packages/scipy/_lib/_util.py:338(<listcomp>)
        3    0.000    0.000    0.000    0.000 {built-in method _imp._fix_co_filename}
        1    0.000    0.000    0.000    0.000 /Users/yupeng/Library/Python/3.9/lib/python/site-packages/scipy/_lib/_util.py:342(<dictcomp>)
        3    0.000    0.000    0.000    0.000 {method 'pop' of 'dict' objects}
        1    0.000    0.000    0.000    0.000 /Applications/Xcode.app/Contents/Developer/Library/Frameworks/Python3.framework/Versions/3.9/lib/python3.9/inspect.py:514(_is_wrapper)
        1    0.000    0.000    0.000    0.000 /Users/yupeng/Library/Python/3.9/lib/python/site-packages/scipy/_lib/_util.py:328(<listcomp>)
        1    0.000    0.000    0.000    0.000 {built-in method _imp.is_builtin}
        1    0.000    0.000    0.000    0.000 /Users/yupeng/Library/Python/3.9/lib/python/site-packages/numpy/core/_ufunc_config.py:426(__init__)
        2    0.000    0.000    0.000    0.000 {method 'isidentifier' of 'str' objects}
        3    0.000    0.000    0.000    0.000 /Users/yupeng/Library/Python/3.9/lib/python/site-packages/numpy/lib/function_base.py:1913(_place_dispatcher)
        4    0.000    0.000    0.000    0.000 /Applications/Xcode.app/Contents/Developer/Library/Frameworks/Python3.framework/Versions/3.9/lib/python3.9/inspect.py:2565(name)
        4    0.000    0.000    0.000    0.000 {method 'lower' of 'str' objects}
        1    0.000    0.000    0.000    0.000 /Users/yupeng/Library/Python/3.9/lib/python/site-packages/tqdm/utils.py:281(_screen_shape_wrapper)
        1    0.000    0.000    0.000    0.000 /Users/yupeng/Library/Python/3.9/lib/python/site-packages/numpy/core/fromnumeric.py:1980(shape)
        1    0.000    0.000    0.000    0.000 {method 'split' of 'str' objects}
        2    0.000    0.000    0.000    0.000 /Users/yupeng/Library/Python/3.9/lib/python/site-packages/numpy/core/fromnumeric.py:2096(_clip_dispatcher)
        2    0.000    0.000    0.000    0.000 /Applications/Xcode.app/Contents/Developer/Library/Frameworks/Python3.framework/Versions/3.9/lib/python3.9/sre_compile.py:453(_get_iscased)
        2    0.000    0.000    0.000    0.000 <string>:2(_parse_args)
        1    0.000    0.000    0.000    0.000 {method 'disable' of '_lsprof.Profiler' objects}
        3    0.000    0.000    0.000    0.000 <frozen importlib._bootstrap_external>:1031(get_filename)
        1    0.000    0.000    0.000    0.000 /Users/yupeng/Library/Python/3.9/lib/python/site-packages/ndarray_listener/_testit.py:1(<module>)
        3    0.000    0.000    0.000    0.000 <frozen importlib._bootstrap>:406(has_location)
        1    0.000    0.000    0.000    0.000 {built-in method sys.getrecursionlimit}
        3    0.000    0.000    0.000    0.000 <frozen importlib._bootstrap_external>:841(create_module)
        1    0.000    0.000    0.000    0.000 /Applications/Xcode.app/Contents/Developer/Library/Frameworks/Python3.framework/Versions/3.9/lib/python3.9/sre_parse.py:168(__setitem__)
        1    0.000    0.000    0.000    0.000 {method '__contains__' of 'frozenset' objects}
        1    0.000    0.000    0.000    0.000 /Users/yupeng/Library/Python/3.9/lib/python/site-packages/tqdm/std.py:1302(<lambda>)
        1    0.000    0.000    0.000    0.000 /Users/yupeng/Desktop/Internship/Garvan/CellRegMap/cellregmap/_cellregmap.py:79(<genexpr>)
        1    0.000    0.000    0.000    0.000 /Users/yupeng/Library/Python/3.9/lib/python/site-packages/numpy/core/fromnumeric.py:1976(_shape_dispatcher)
        1    0.000    0.000    0.000    0.000 /Users/yupeng/Library/Python/3.9/lib/python/site-packages/xarray/core/dataarray.py:679(variable)
        2    0.000    0.000    0.000    0.000 /Applications/Xcode.app/Contents/Developer/Library/Frameworks/Python3.framework/Versions/3.9/lib/python3.9/inspect.py:2569(default)
        1    0.000    0.000    0.000    0.000 /Users/yupeng/Library/Python/3.9/lib/python/site-packages/numpy/core/fromnumeric.py:2416(_all_dispatcher)
        1    0.000    0.000    0.000    0.000 /Users/yupeng/Library/Python/3.9/lib/python/site-packages/numpy/core/fromnumeric.py:2317(_any_dispatcher)
        1    0.000    0.000    0.000    0.000 /Users/yupeng/Library/Python/3.9/lib/python/site-packages/numpy/core/fromnumeric.py:3172(_ndim_dispatcher)
        1    0.000    0.000    0.000    0.000 {built-in method _operator.index}
        1    0.000    0.000    0.000    0.000 /Applications/Xcode.app/Contents/Developer/Library/Frameworks/Python3.framework/Versions/3.9/lib/python3.9/inspect.py:2573(annotation)
        1    0.000    0.000    0.000    0.000 /Users/yupeng/Library/Python/3.9/lib/python/site-packages/numpy/core/shape_base.py:19(_atleast_1d_dispatcher)
        1    0.000    0.000    0.000    0.000 /Users/yupeng/Library/Python/3.9/lib/python/site-packages/numpy/core/function_base.py:19(_linspace_dispatcher)
        1    0.000    0.000    0.000    0.000 /Users/yupeng/Library/Python/3.9/lib/python/site-packages/numpy/lib/stride_tricks.py:476(_broadcast_arrays_dispatcher)
        1    0.000    0.000    0.000    0.000 /Users/yupeng/Library/Python/3.9/lib/python/site-packages/numpy/core/multiarray.py:669(result_type)


